2022-02-18 16:12:59.870 [DEBU] swagger ui is serving at address: http://127.0.0.1:8201/swagger/ 
2022-02-18 16:12:59.874 [DEBU] openapi specification is serving at address: http://127.0.0.1:8201/api.json 

  ADDRESS | METHOD |   ROUTE    |                                 HANDLER                                  |           MIDDLEWARE             
----------|--------|------------|--------------------------------------------------------------------------|----------------------------------
  :8201   | ALL    | /*         | github.com/gogf/gf/v2/net/ghttp.internalMiddlewareServerTracing          | GLOBAL MIDDLEWARE                
----------|--------|------------|--------------------------------------------------------------------------|----------------------------------
  :8201   | ALL    | /api.json  | github.com/gogf/gf/v2/net/ghttp.(*Server).openapiSpec                    |                                  
----------|--------|------------|--------------------------------------------------------------------------|----------------------------------
  :8201   | GET    | /hello     | github.com/tiger1103/gfast/v3/internal/system/controller.(*cHello).Hello | ghttp.MiddlewareHandlerResponse  
----------|--------|------------|--------------------------------------------------------------------------|----------------------------------
  :8201   | ALL    | /swagger/* | github.com/gogf/gf/v2/net/ghttp.(*Server).swaggerUI                      | HOOK_BEFORE_SERVE                
----------|--------|------------|--------------------------------------------------------------------------|----------------------------------
 
2022-02-18 16:12:59.888 5976: http server started listening on [:8201] 
2022-02-18 16:13:53.432 [DEBU] swagger ui is serving at address: http://127.0.0.1:8201/swagger/ 
2022-02-18 16:13:53.437 [DEBU] openapi specification is serving at address: http://127.0.0.1:8201/api.json 

  ADDRESS | METHOD |   ROUTE    |                                 HANDLER                                  |           MIDDLEWARE             
----------|--------|------------|--------------------------------------------------------------------------|----------------------------------
  :8201   | ALL    | /*         | github.com/gogf/gf/v2/net/ghttp.internalMiddlewareServerTracing          | GLOBAL MIDDLEWARE                
----------|--------|------------|--------------------------------------------------------------------------|----------------------------------
  :8201   | ALL    | /api.json  | github.com/gogf/gf/v2/net/ghttp.(*Server).openapiSpec                    |                                  
----------|--------|------------|--------------------------------------------------------------------------|----------------------------------
  :8201   | GET    | /hello     | github.com/tiger1103/gfast/v3/internal/system/controller.(*cHello).Hello | ghttp.MiddlewareHandlerResponse  
----------|--------|------------|--------------------------------------------------------------------------|----------------------------------
  :8201   | ALL    | /swagger/* | github.com/gogf/gf/v2/net/ghttp.(*Server).swaggerUI                      | HOOK_BEFORE_SERVE                
----------|--------|------------|--------------------------------------------------------------------------|----------------------------------
 
2022-02-18 16:13:53.451 36928: http server started listening on [:8201] 
2022-02-18 16:15:00.499 [DEBU] swagger ui is serving at address: http://127.0.0.1:8201/swagger/ 
2022-02-18 16:15:00.502 [DEBU] openapi specification is serving at address: http://127.0.0.1:8201/api.json 

  ADDRESS | METHOD |   ROUTE    |                                 HANDLER                                  |           MIDDLEWARE             
----------|--------|------------|--------------------------------------------------------------------------|----------------------------------
  :8201   | ALL    | /*         | github.com/gogf/gf/v2/net/ghttp.internalMiddlewareServerTracing          | GLOBAL MIDDLEWARE                
----------|--------|------------|--------------------------------------------------------------------------|----------------------------------
  :8201   | ALL    | /api.json  | github.com/gogf/gf/v2/net/ghttp.(*Server).openapiSpec                    |                                  
----------|--------|------------|--------------------------------------------------------------------------|----------------------------------
  :8201   | GET    | /hello     | github.com/tiger1103/gfast/v3/internal/system/controller.(*cHello).Hello | ghttp.MiddlewareHandlerResponse  
----------|--------|------------|--------------------------------------------------------------------------|----------------------------------
  :8201   | ALL    | /swagger/* | github.com/gogf/gf/v2/net/ghttp.(*Server).swaggerUI                      | HOOK_BEFORE_SERVE                
----------|--------|------------|--------------------------------------------------------------------------|----------------------------------
 
2022-02-18 16:15:00.516 37112: http server started listening on [:8201] 
2022-02-18 17:25:44.356 [DEBU] swagger ui is serving at address: http://127.0.0.1:8201/swagger/ 
2022-02-18 17:25:44.359 [DEBU] openapi specification is serving at address: http://127.0.0.1:8201/api.json 

  ADDRESS | METHOD |   ROUTE    |                                 HANDLER                                  |           MIDDLEWARE             
----------|--------|------------|--------------------------------------------------------------------------|----------------------------------
  :8201   | ALL    | /*         | github.com/gogf/gf/v2/net/ghttp.internalMiddlewareServerTracing          | GLOBAL MIDDLEWARE                
----------|--------|------------|--------------------------------------------------------------------------|----------------------------------
  :8201   | ALL    | /api.json  | github.com/gogf/gf/v2/net/ghttp.(*Server).openapiSpec                    |                                  
----------|--------|------------|--------------------------------------------------------------------------|----------------------------------
  :8201   | GET    | /hello     | github.com/tiger1103/gfast/v3/internal/system/controller.(*cHello).Hello | ghttp.MiddlewareHandlerResponse  
----------|--------|------------|--------------------------------------------------------------------------|----------------------------------
  :8201   | ALL    | /swagger/* | github.com/gogf/gf/v2/net/ghttp.(*Server).swaggerUI                      | HOOK_BEFORE_SERVE                
----------|--------|------------|--------------------------------------------------------------------------|----------------------------------
 
2022-02-18 17:25:44.374 39496: http server started listening on [:8201] 
2022-02-18 17:27:07.808 [DEBU] swagger ui is serving at address: http://127.0.0.1:8201/swagger/ 
2022-02-18 17:27:07.818 [DEBU] openapi specification is serving at address: http://127.0.0.1:8201/api.json 

  ADDRESS | METHOD |   ROUTE    |                                 HANDLER                                  |           MIDDLEWARE             
----------|--------|------------|--------------------------------------------------------------------------|----------------------------------
  :8201   | ALL    | /*         | github.com/gogf/gf/v2/net/ghttp.internalMiddlewareServerTracing          | GLOBAL MIDDLEWARE                
----------|--------|------------|--------------------------------------------------------------------------|----------------------------------
  :8201   | ALL    | /api.json  | github.com/gogf/gf/v2/net/ghttp.(*Server).openapiSpec                    |                                  
----------|--------|------------|--------------------------------------------------------------------------|----------------------------------
  :8201   | GET    | /hello     | github.com/tiger1103/gfast/v3/internal/system/controller.(*cHello).Hello | ghttp.MiddlewareHandlerResponse  
----------|--------|------------|--------------------------------------------------------------------------|----------------------------------
  :8201   | ALL    | /swagger/* | github.com/gogf/gf/v2/net/ghttp.(*Server).swaggerUI                      | HOOK_BEFORE_SERVE                
----------|--------|------------|--------------------------------------------------------------------------|----------------------------------
 
2022-02-18 17:27:07.832 39608: http server started listening on [:8201] 
2022-02-18 17:28:36.483 [DEBU] swagger ui is serving at address: http://127.0.0.1:8201/swagger/ 
2022-02-18 17:28:36.486 [DEBU] openapi specification is serving at address: http://127.0.0.1:8201/api.json 

  ADDRESS | METHOD |   ROUTE    |                                 HANDLER                                  |           MIDDLEWARE             
----------|--------|------------|--------------------------------------------------------------------------|----------------------------------
  :8201   | ALL    | /*         | github.com/gogf/gf/v2/net/ghttp.internalMiddlewareServerTracing          | GLOBAL MIDDLEWARE                
----------|--------|------------|--------------------------------------------------------------------------|----------------------------------
  :8201   | ALL    | /api.json  | github.com/gogf/gf/v2/net/ghttp.(*Server).openapiSpec                    |                                  
----------|--------|------------|--------------------------------------------------------------------------|----------------------------------
  :8201   | GET    | /hello     | github.com/tiger1103/gfast/v3/internal/system/controller.(*cHello).Hello | ghttp.MiddlewareHandlerResponse  
----------|--------|------------|--------------------------------------------------------------------------|----------------------------------
  :8201   | ALL    | /swagger/* | github.com/gogf/gf/v2/net/ghttp.(*Server).swaggerUI                      | HOOK_BEFORE_SERVE                
----------|--------|------------|--------------------------------------------------------------------------|----------------------------------
 
2022-02-18 17:28:36.498 39748: http server started listening on [:8201] 
2022-02-18 17:30:18.150 [DEBU] swagger ui is serving at address: http://127.0.0.1:8201/swagger/ 
2022-02-18 17:30:18.153 [DEBU] openapi specification is serving at address: http://127.0.0.1:8201/api.json 

  ADDRESS | METHOD |   ROUTE    |                                 HANDLER                                  |           MIDDLEWARE             
----------|--------|------------|--------------------------------------------------------------------------|----------------------------------
  :8201   | ALL    | /*         | github.com/gogf/gf/v2/net/ghttp.internalMiddlewareServerTracing          | GLOBAL MIDDLEWARE                
----------|--------|------------|--------------------------------------------------------------------------|----------------------------------
  :8201   | ALL    | /api.json  | github.com/gogf/gf/v2/net/ghttp.(*Server).openapiSpec                    |                                  
----------|--------|------------|--------------------------------------------------------------------------|----------------------------------
  :8201   | GET    | /hello     | github.com/tiger1103/gfast/v3/internal/system/controller.(*cHello).Hello | ghttp.MiddlewareHandlerResponse  
----------|--------|------------|--------------------------------------------------------------------------|----------------------------------
  :8201   | ALL    | /swagger/* | github.com/gogf/gf/v2/net/ghttp.(*Server).swaggerUI                      | HOOK_BEFORE_SERVE                
----------|--------|------------|--------------------------------------------------------------------------|----------------------------------
 
2022-02-18 17:30:18.166 36144: http server started listening on [:8201] 
