2022-02-18 16:13:57.898 {ac125c8140d3d41611e6f8564e48fd2b} 200 "GET http localhost:8201 /hello HTTP/1.1" 0.000, ::1, "", "Mozilla/5.0 (Windows NT 10.0; Win64; x64) AppleWebKit/537.36 (KHTML, like Gecko) Chrome/97.0.4692.99 Safari/537.36" 
2022-02-18 16:14:42.427 {e88d7ddf4ad3d41612e6f8562561fd30} 200 "GET http localhost:8201 /hello HTTP/1.1" 0.000, ::1, "", "Mozilla/5.0 (Windows NT 10.0; Win64; x64) AppleWebKit/537.36 (KHTML, like Gecko) Chrome/97.0.4692.99 Safari/537.36" 
2022-02-18 16:14:42.456 {fc653ae14ad3d41613e6f8560219da48} 404 "GET http localhost:8201 /favicon.ico HTTP/1.1" 0.000, ::1, "http://localhost:8201/hello", "Mozilla/5.0 (Windows NT 10.0; Win64; x64) AppleWebKit/537.36 (KHTML, like Gecko) Chrome/97.0.4692.99 Safari/537.36" 
2022-02-18 16:14:42.864 {c82677f94ad3d41614e6f85661a4b296} 200 "GET http localhost:8201 /hello HTTP/1.1" 0.001, ::1, "", "Mozilla/5.0 (Windows NT 10.0; Win64; x64) AppleWebKit/537.36 (KHTML, like Gecko) Chrome/97.0.4692.99 Safari/537.36" 
2022-02-18 16:14:42.909 {b49a3cfc4ad3d41615e6f856e97eb67d} 404 "GET http localhost:8201 /favicon.ico HTTP/1.1" 0.000, ::1, "http://localhost:8201/hello", "Mozilla/5.0 (Windows NT 10.0; Win64; x64) AppleWebKit/537.36 (KHTML, like Gecko) Chrome/97.0.4692.99 Safari/537.36" 
2022-02-18 16:14:43.037 {8815d7034bd3d41616e6f856dddbc2e6} 200 "GET http localhost:8201 /hello HTTP/1.1" 0.000, ::1, "", "Mozilla/5.0 (Windows NT 10.0; Win64; x64) AppleWebKit/537.36 (KHTML, like Gecko) Chrome/97.0.4692.99 Safari/537.36" 
2022-02-18 16:14:43.073 {9418f8054bd3d41617e6f85663a21e29} 404 "GET http localhost:8201 /favicon.ico HTTP/1.1" 0.001, ::1, "http://localhost:8201/hello", "Mozilla/5.0 (Windows NT 10.0; Win64; x64) AppleWebKit/537.36 (KHTML, like Gecko) Chrome/97.0.4692.99 Safari/537.36" 
2022-02-18 16:14:43.206 {444cee0d4bd3d41618e6f856e78b826f} 200 "GET http localhost:8201 /hello HTTP/1.1" 0.000, ::1, "", "Mozilla/5.0 (Windows NT 10.0; Win64; x64) AppleWebKit/537.36 (KHTML, like Gecko) Chrome/97.0.4692.99 Safari/537.36" 
2022-02-18 16:14:43.237 {a029bd0f4bd3d41619e6f8569cab1330} 404 "GET http localhost:8201 /favicon.ico HTTP/1.1" 0.001, ::1, "http://localhost:8201/hello", "Mozilla/5.0 (Windows NT 10.0; Win64; x64) AppleWebKit/537.36 (KHTML, like Gecko) Chrome/97.0.4692.99 Safari/537.36" 
2022-02-18 16:15:07.869 {f4a0eecb50d3d4165927ee2ecd5df0a1} 200 "GET http localhost:8201 /hello HTTP/1.1" 0.001, ::1, "", "Mozilla/5.0 (Windows NT 10.0; Win64; x64) AppleWebKit/537.36 (KHTML, like Gecko) Chrome/97.0.4692.99 Safari/537.36" 
2022-02-18 16:15:08.315 {50e682e650d3d4165a27ee2eb6ab29f3} 200 "GET http localhost:8201 /hello HTTP/1.1" 0.000, ::1, "", "Mozilla/5.0 (Windows NT 10.0; Win64; x64) AppleWebKit/537.36 (KHTML, like Gecko) Chrome/97.0.4692.99 Safari/537.36" 
2022-02-18 16:15:54.581 {9cd328ac5bd3d4165b27ee2e41d1a277} 200 "GET http localhost:8201 /hello HTTP/1.1" 0.001, ::1, "", "Mozilla/5.0 (Windows NT 10.0; Win64; x64) AppleWebKit/537.36 (KHTML, like Gecko) Chrome/97.0.4692.99 Safari/537.36" 
2022-02-18 16:15:54.635 {601769af5bd3d4165c27ee2e79e2318f} 404 "GET http localhost:8201 /favicon.ico HTTP/1.1" 0.001, ::1, "http://localhost:8201/hello", "Mozilla/5.0 (Windows NT 10.0; Win64; x64) AppleWebKit/537.36 (KHTML, like Gecko) Chrome/97.0.4692.99 Safari/537.36" 
2022-02-18 16:16:04.156 {fc8fede65dd3d4165d27ee2eb3fe7b40} 200 "GET http localhost:8201 /hello HTTP/1.1" 0.000, ::1, "", "Mozilla/5.0 (Windows NT 10.0; Win64; x64) AppleWebKit/537.36 (KHTML, like Gecko) Chrome/97.0.4692.99 Safari/537.36" 
2022-02-18 17:22:13.463 {e4f80114fad6d4165e27ee2e1fef28b2} 301 "GET http localhost:8201 /swagger HTTP/1.1" 0.001, ::1, "", "Mozilla/5.0 (Windows NT 10.0; Win64; x64) AppleWebKit/537.36 (KHTML, like Gecko) Chrome/97.0.4692.99 Safari/537.36" 
2022-02-18 17:22:13.651 {e4e63f1ffad6d4165f27ee2e2dd53efc} 200 "GET http localhost:8201 /swagger HTTP/1.1" 0.000, ::1, "", "Mozilla/5.0 (Windows NT 10.0; Win64; x64) AppleWebKit/537.36 (KHTML, like Gecko) Chrome/97.0.4692.99 Safari/537.36" 
2022-02-18 17:22:13.886 {ec511b21fad6d4166027ee2e36c97e05} 200 "GET http localhost:8201 /swagger/swagger-ui.css HTTP/1.1" 0.202, ::1, "http://localhost:8201/swagger/", "Mozilla/5.0 (Windows NT 10.0; Win64; x64) AppleWebKit/537.36 (KHTML, like Gecko) Chrome/97.0.4692.99 Safari/537.36" 
2022-02-18 17:22:13.890 {a4ce3621fad6d4166227ee2e91c05d36} 200 "GET http localhost:8201 /swagger/swagger-ui-standalone-preset.js HTTP/1.1" 0.206, ::1, "http://localhost:8201/swagger/", "Mozilla/5.0 (Windows NT 10.0; Win64; x64) AppleWebKit/537.36 (KHTML, like Gecko) Chrome/97.0.4692.99 Safari/537.36" 
2022-02-18 17:22:13.906 {f8103221fad6d4166127ee2e065e7cf3} 200 "GET http localhost:8201 /swagger/swagger-ui-bundle.js HTTP/1.1" 0.222, ::1, "http://localhost:8201/swagger/", "Mozilla/5.0 (Windows NT 10.0; Win64; x64) AppleWebKit/537.36 (KHTML, like Gecko) Chrome/97.0.4692.99 Safari/537.36" 
2022-02-18 17:22:14.071 {4ced3038fad6d4166327ee2e08fbc88f} 200 "GET http localhost:8201 /api.json HTTP/1.1" 0.003, ::1, "http://localhost:8201/swagger/", "Mozilla/5.0 (Windows NT 10.0; Win64; x64) AppleWebKit/537.36 (KHTML, like Gecko) Chrome/97.0.4692.99 Safari/537.36" 
2022-02-18 17:22:14.139 {a80d513cfad6d4166427ee2e9bcb6378} 200 "GET http localhost:8201 /swagger/favicon-32x32.png HTTP/1.1" 0.000, ::1, "http://localhost:8201/swagger/", "Mozilla/5.0 (Windows NT 10.0; Win64; x64) AppleWebKit/537.36 (KHTML, like Gecko) Chrome/97.0.4692.99 Safari/537.36" 
2022-02-18 17:26:43.417 {a8a487ee38d7d4163a182f34454fc4e4} 200 "GET http localhost:8201 /swagger HTTP/1.1" 0.000, ::1, "", "Mozilla/5.0 (Windows NT 10.0; Win64; x64) AppleWebKit/537.36 (KHTML, like Gecko) Chrome/97.0.4692.99 Safari/537.36" 
2022-02-18 17:26:43.506 {6082c4f338d7d4163b182f34fac58e14} 200 "GET http localhost:8201 /api.json HTTP/1.1" 0.002, ::1, "http://localhost:8201/swagger/", "Mozilla/5.0 (Windows NT 10.0; Win64; x64) AppleWebKit/537.36 (KHTML, like Gecko) Chrome/97.0.4692.99 Safari/537.36" 
2022-02-18 17:26:45.356 {e8bd0f6239d7d4163c182f34286d61d5} 200 "GET http localhost:8201 /swagger HTTP/1.1" 0.001, ::1, "", "Mozilla/5.0 (Windows NT 10.0; Win64; x64) AppleWebKit/537.36 (KHTML, like Gecko) Chrome/97.0.4692.99 Safari/537.36" 
2022-02-18 17:26:45.492 {20c7396a39d7d4163d182f34ec50cbd4} 200 "GET http localhost:8201 /api.json HTTP/1.1" 0.001, ::1, "http://localhost:8201/swagger/", "Mozilla/5.0 (Windows NT 10.0; Win64; x64) AppleWebKit/537.36 (KHTML, like Gecko) Chrome/97.0.4692.99 Safari/537.36" 
2022-02-18 17:27:09.762 {28facf103fd7d416bfba7b3fbc542730} 200 "GET http localhost:8201 /swagger HTTP/1.1" 0.000, ::1, "", "Mozilla/5.0 (Windows NT 10.0; Win64; x64) AppleWebKit/537.36 (KHTML, like Gecko) Chrome/97.0.4692.99 Safari/537.36" 
2022-02-18 17:27:09.869 {48ec2f173fd7d416c0ba7b3f04e7117c} 200 "GET http localhost:8201 /api.json HTTP/1.1" 0.000, ::1, "http://localhost:8201/swagger/", "Mozilla/5.0 (Windows NT 10.0; Win64; x64) AppleWebKit/537.36 (KHTML, like Gecko) Chrome/97.0.4692.99 Safari/537.36" 
2022-02-18 17:28:39.173 {e8191ee253d7d416d80ed07c842096bc} 200 "GET http localhost:8201 /swagger HTTP/1.1" 0.001, ::1, "", "Mozilla/5.0 (Windows NT 10.0; Win64; x64) AppleWebKit/537.36 (KHTML, like Gecko) Chrome/97.0.4692.99 Safari/537.36" 
2022-02-18 17:28:39.274 {08bb1ae853d7d416d90ed07c6dbf3fa2} 200 "GET http localhost:8201 /api.json HTTP/1.1" 0.002, ::1, "http://localhost:8201/swagger/", "Mozilla/5.0 (Windows NT 10.0; Win64; x64) AppleWebKit/537.36 (KHTML, like Gecko) Chrome/97.0.4692.99 Safari/537.36" 
2022-02-18 17:30:23.362 {f02d48246cd7d416daa9f816c1b72482} 200 "GET http localhost:8201 /swagger HTTP/1.1" 0.000, ::1, "", "Mozilla/5.0 (Windows NT 10.0; Win64; x64) AppleWebKit/537.36 (KHTML, like Gecko) Chrome/97.0.4692.99 Safari/537.36" 
2022-02-18 17:30:23.489 {90dbd42b6cd7d416dba9f816c212c811} 200 "GET http localhost:8201 /api.json HTTP/1.1" 0.001, ::1, "http://localhost:8201/swagger/", "Mozilla/5.0 (Windows NT 10.0; Win64; x64) AppleWebKit/537.36 (KHTML, like Gecko) Chrome/97.0.4692.99 Safari/537.36" 
