2020-12-05 00:00:05.255 [DEBU] [  5 ms] [default] SELECT COUNT(1) FROM `user_online`
2020-12-05 00:00:05.261 [DEBU] [  1 ms] [default] SELECT * FROM `user_online` ORDER BY `create_time` DESC LIMIT 0,50
2020-12-05 00:10:05.256 [DEBU] [  5 ms] [default] SELECT COUNT(1) FROM `user_online`
2020-12-05 00:10:05.259 [DEBU] [  1 ms] [default] SELECT * FROM `user_online` ORDER BY `create_time` DESC LIMIT 0,50
2020-12-05 00:20:05.253 [DEBU] [  5 ms] [default] SELECT COUNT(1) FROM `user_online`
2020-12-05 00:20:05.256 [DEBU] [  1 ms] [default] SELECT * FROM `user_online` ORDER BY `create_time` DESC LIMIT 0,50
2020-12-05 00:30:05.253 [DEBU] [  5 ms] [default] SELECT COUNT(1) FROM `user_online`
2020-12-05 00:30:05.256 [DEBU] [  1 ms] [default] SELECT * FROM `user_online` ORDER BY `create_time` DESC LIMIT 0,50
2020-12-05 00:40:05.256 [DEBU] [  6 ms] [default] SELECT COUNT(1) FROM `user_online`
2020-12-05 00:40:05.259 [DEBU] [  1 ms] [default] SELECT * FROM `user_online` ORDER BY `create_time` DESC LIMIT 0,50
2020-12-05 00:50:05.253 [DEBU] [  5 ms] [default] SELECT COUNT(1) FROM `user_online`
2020-12-05 00:50:05.257 [DEBU] [  1 ms] [default] SELECT * FROM `user_online` ORDER BY `create_time` DESC LIMIT 0,50
2020-12-05 01:00:05.251 [DEBU] [  3 ms] [default] SELECT COUNT(1) FROM `user_online`
2020-12-05 01:00:05.253 [DEBU] [  0 ms] [default] SELECT * FROM `user_online` ORDER BY `create_time` DESC LIMIT 0,50
2020-12-05 01:10:05.250 [DEBU] [  2 ms] [default] SELECT COUNT(1) FROM `user_online`
2020-12-05 01:10:05.251 [DEBU] [  1 ms] [default] SELECT * FROM `user_online` ORDER BY `create_time` DESC LIMIT 0,50
2020-12-05 01:20:05.251 [DEBU] [  3 ms] [default] SELECT COUNT(1) FROM `user_online`
2020-12-05 01:20:05.253 [DEBU] [  0 ms] [default] SELECT * FROM `user_online` ORDER BY `create_time` DESC LIMIT 0,50
2020-12-05 01:30:05.252 [DEBU] [  4 ms] [default] SELECT COUNT(1) FROM `user_online`
2020-12-05 01:30:05.254 [DEBU] [  1 ms] [default] SELECT * FROM `user_online` ORDER BY `create_time` DESC LIMIT 0,50
2020-12-05 01:40:05.254 [DEBU] [  5 ms] [default] SELECT COUNT(1) FROM `user_online`
2020-12-05 01:40:05.257 [DEBU] [  1 ms] [default] SELECT * FROM `user_online` ORDER BY `create_time` DESC LIMIT 0,50
2020-12-05 01:50:05.255 [DEBU] [  5 ms] [default] SELECT COUNT(1) FROM `user_online`
2020-12-05 01:50:05.258 [DEBU] [  1 ms] [default] SELECT * FROM `user_online` ORDER BY `create_time` DESC LIMIT 0,50
2020-12-05 02:00:05.253 [DEBU] [  5 ms] [default] SELECT COUNT(1) FROM `user_online`
2020-12-05 02:00:05.257 [DEBU] [  1 ms] [default] SELECT * FROM `user_online` ORDER BY `create_time` DESC LIMIT 0,50
2020-12-05 02:10:05.254 [DEBU] [  4 ms] [default] SELECT COUNT(1) FROM `user_online`
2020-12-05 02:10:05.257 [DEBU] [  1 ms] [default] SELECT * FROM `user_online` ORDER BY `create_time` DESC LIMIT 0,50
2020-12-05 02:20:05.250 [DEBU] [  2 ms] [default] SELECT COUNT(1) FROM `user_online`
2020-12-05 02:20:05.252 [DEBU] [  1 ms] [default] SELECT * FROM `user_online` ORDER BY `create_time` DESC LIMIT 0,50
2020-12-05 02:30:05.253 [DEBU] [  5 ms] [default] SELECT COUNT(1) FROM `user_online`
2020-12-05 02:30:05.257 [DEBU] [  1 ms] [default] SELECT * FROM `user_online` ORDER BY `create_time` DESC LIMIT 0,50
2020-12-05 02:40:05.253 [DEBU] [  5 ms] [default] SELECT COUNT(1) FROM `user_online`
2020-12-05 02:40:05.257 [DEBU] [  1 ms] [default] SELECT * FROM `user_online` ORDER BY `create_time` DESC LIMIT 0,50
2020-12-05 02:50:05.254 [DEBU] [  6 ms] [default] SELECT COUNT(1) FROM `user_online`
2020-12-05 02:50:05.257 [DEBU] [  1 ms] [default] SELECT * FROM `user_online` ORDER BY `create_time` DESC LIMIT 0,50
2020-12-05 03:00:05.254 [DEBU] [  5 ms] [default] SELECT COUNT(1) FROM `user_online`
2020-12-05 03:00:05.257 [DEBU] [  1 ms] [default] SELECT * FROM `user_online` ORDER BY `create_time` DESC LIMIT 0,50
2020-12-05 03:10:05.253 [DEBU] [  5 ms] [default] SELECT COUNT(1) FROM `user_online`
2020-12-05 03:10:05.256 [DEBU] [  1 ms] [default] SELECT * FROM `user_online` ORDER BY `create_time` DESC LIMIT 0,50
2020-12-05 03:20:05.254 [DEBU] [  6 ms] [default] SELECT COUNT(1) FROM `user_online`
2020-12-05 03:20:05.257 [DEBU] [  1 ms] [default] SELECT * FROM `user_online` ORDER BY `create_time` DESC LIMIT 0,50
2020-12-05 03:30:05.253 [DEBU] [  5 ms] [default] SELECT COUNT(1) FROM `user_online`
2020-12-05 03:30:05.256 [DEBU] [  1 ms] [default] SELECT * FROM `user_online` ORDER BY `create_time` DESC LIMIT 0,50
2020-12-05 03:40:05.253 [DEBU] [  5 ms] [default] SELECT COUNT(1) FROM `user_online`
2020-12-05 03:40:05.256 [DEBU] [  1 ms] [default] SELECT * FROM `user_online` ORDER BY `create_time` DESC LIMIT 0,50
2020-12-05 03:50:05.253 [DEBU] [  5 ms] [default] SELECT COUNT(1) FROM `user_online`
2020-12-05 03:50:05.256 [DEBU] [  1 ms] [default] SELECT * FROM `user_online` ORDER BY `create_time` DESC LIMIT 0,50
2020-12-05 04:00:05.254 [DEBU] [  5 ms] [default] SELECT COUNT(1) FROM `user_online`
2020-12-05 04:00:05.257 [DEBU] [  1 ms] [default] SELECT * FROM `user_online` ORDER BY `create_time` DESC LIMIT 0,50
2020-12-05 04:10:05.254 [DEBU] [  4 ms] [default] SELECT COUNT(1) FROM `user_online`
2020-12-05 04:10:05.257 [DEBU] [  1 ms] [default] SELECT * FROM `user_online` ORDER BY `create_time` DESC LIMIT 0,50
2020-12-05 04:20:05.253 [DEBU] [  5 ms] [default] SELECT COUNT(1) FROM `user_online`
2020-12-05 04:20:05.257 [DEBU] [  1 ms] [default] SELECT * FROM `user_online` ORDER BY `create_time` DESC LIMIT 0,50
2020-12-05 04:30:05.254 [DEBU] [  6 ms] [default] SELECT COUNT(1) FROM `user_online`
2020-12-05 04:30:05.258 [DEBU] [  1 ms] [default] SELECT * FROM `user_online` ORDER BY `create_time` DESC LIMIT 0,50
2020-12-05 04:40:05.253 [DEBU] [  4 ms] [default] SELECT COUNT(1) FROM `user_online`
2020-12-05 04:40:05.257 [DEBU] [  1 ms] [default] SELECT * FROM `user_online` ORDER BY `create_time` DESC LIMIT 0,50
2020-12-05 04:50:05.254 [DEBU] [  6 ms] [default] SELECT COUNT(1) FROM `user_online`
2020-12-05 04:50:05.257 [DEBU] [  1 ms] [default] SELECT * FROM `user_online` ORDER BY `create_time` DESC LIMIT 0,50
2020-12-05 05:00:05.254 [DEBU] [  5 ms] [default] SELECT COUNT(1) FROM `user_online`
2020-12-05 05:00:05.257 [DEBU] [  1 ms] [default] SELECT * FROM `user_online` ORDER BY `create_time` DESC LIMIT 0,50
2020-12-05 05:10:05.254 [DEBU] [  6 ms] [default] SELECT COUNT(1) FROM `user_online`
2020-12-05 05:10:05.257 [DEBU] [  1 ms] [default] SELECT * FROM `user_online` ORDER BY `create_time` DESC LIMIT 0,50
2020-12-05 05:20:05.254 [DEBU] [  5 ms] [default] SELECT COUNT(1) FROM `user_online`
2020-12-05 05:20:05.257 [DEBU] [  1 ms] [default] SELECT * FROM `user_online` ORDER BY `create_time` DESC LIMIT 0,50
2020-12-05 05:30:05.251 [DEBU] [  3 ms] [default] SELECT COUNT(1) FROM `user_online`
2020-12-05 05:30:05.253 [DEBU] [  0 ms] [default] SELECT * FROM `user_online` ORDER BY `create_time` DESC LIMIT 0,50
2020-12-05 05:40:05.254 [DEBU] [  5 ms] [default] SELECT COUNT(1) FROM `user_online`
2020-12-05 05:40:05.257 [DEBU] [  1 ms] [default] SELECT * FROM `user_online` ORDER BY `create_time` DESC LIMIT 0,50
2020-12-05 05:50:05.254 [DEBU] [  5 ms] [default] SELECT COUNT(1) FROM `user_online`
2020-12-05 05:50:05.257 [DEBU] [  1 ms] [default] SELECT * FROM `user_online` ORDER BY `create_time` DESC LIMIT 0,50
2020-12-05 06:00:05.253 [DEBU] [  5 ms] [default] SELECT COUNT(1) FROM `user_online`
2020-12-05 06:00:05.257 [DEBU] [  1 ms] [default] SELECT * FROM `user_online` ORDER BY `create_time` DESC LIMIT 0,50
2020-12-05 06:10:05.252 [DEBU] [  3 ms] [default] SELECT COUNT(1) FROM `user_online`
2020-12-05 06:10:05.254 [DEBU] [  1 ms] [default] SELECT * FROM `user_online` ORDER BY `create_time` DESC LIMIT 0,50
2020-12-05 06:20:05.250 [DEBU] [  2 ms] [default] SELECT COUNT(1) FROM `user_online`
2020-12-05 06:20:05.251 [DEBU] [  0 ms] [default] SELECT * FROM `user_online` ORDER BY `create_time` DESC LIMIT 0,50
2020-12-05 06:30:05.251 [DEBU] [  3 ms] [default] SELECT COUNT(1) FROM `user_online`
2020-12-05 06:30:05.253 [DEBU] [  1 ms] [default] SELECT * FROM `user_online` ORDER BY `create_time` DESC LIMIT 0,50
2020-12-05 06:40:05.251 [DEBU] [  3 ms] [default] SELECT COUNT(1) FROM `user_online`
2020-12-05 06:40:05.253 [DEBU] [  0 ms] [default] SELECT * FROM `user_online` ORDER BY `create_time` DESC LIMIT 0,50
2020-12-05 06:50:05.254 [DEBU] [  6 ms] [default] SELECT COUNT(1) FROM `user_online`
2020-12-05 06:50:05.257 [DEBU] [  1 ms] [default] SELECT * FROM `user_online` ORDER BY `create_time` DESC LIMIT 0,50
2020-12-05 07:00:05.253 [DEBU] [  4 ms] [default] SELECT COUNT(1) FROM `user_online`
2020-12-05 07:00:05.256 [DEBU] [  1 ms] [default] SELECT * FROM `user_online` ORDER BY `create_time` DESC LIMIT 0,50
2020-12-05 07:10:05.254 [DEBU] [  4 ms] [default] SELECT COUNT(1) FROM `user_online`
2020-12-05 07:10:05.257 [DEBU] [  1 ms] [default] SELECT * FROM `user_online` ORDER BY `create_time` DESC LIMIT 0,50
2020-12-05 07:20:05.253 [DEBU] [  5 ms] [default] SELECT COUNT(1) FROM `user_online`
2020-12-05 07:20:05.256 [DEBU] [  1 ms] [default] SELECT * FROM `user_online` ORDER BY `create_time` DESC LIMIT 0,50
2020-12-05 07:30:05.254 [DEBU] [  6 ms] [default] SELECT COUNT(1) FROM `user_online`
2020-12-05 07:30:05.257 [DEBU] [  1 ms] [default] SELECT * FROM `user_online` ORDER BY `create_time` DESC LIMIT 0,50
2020-12-05 07:40:05.254 [DEBU] [  6 ms] [default] SELECT COUNT(1) FROM `user_online`
2020-12-05 07:40:05.257 [DEBU] [  1 ms] [default] SELECT * FROM `user_online` ORDER BY `create_time` DESC LIMIT 0,50
2020-12-05 07:50:05.254 [DEBU] [  6 ms] [default] SELECT COUNT(1) FROM `user_online`
2020-12-05 07:50:05.257 [DEBU] [  1 ms] [default] SELECT * FROM `user_online` ORDER BY `create_time` DESC LIMIT 0,50
2020-12-05 08:00:05.251 [DEBU] [  3 ms] [default] SELECT COUNT(1) FROM `user_online`
2020-12-05 08:00:05.253 [DEBU] [  0 ms] [default] SELECT * FROM `user_online` ORDER BY `create_time` DESC LIMIT 0,50
2020-12-05 08:10:05.253 [DEBU] [  3 ms] [default] SELECT COUNT(1) FROM `user_online`
2020-12-05 08:10:05.255 [DEBU] [  0 ms] [default] SELECT * FROM `user_online` ORDER BY `create_time` DESC LIMIT 0,50
2020-12-05 08:20:05.254 [DEBU] [  5 ms] [default] SELECT COUNT(1) FROM `user_online`
2020-12-05 08:20:05.257 [DEBU] [  1 ms] [default] SELECT * FROM `user_online` ORDER BY `create_time` DESC LIMIT 0,50
2020-12-05 08:30:05.254 [DEBU] [  4 ms] [default] SELECT COUNT(1) FROM `user_online`
2020-12-05 08:30:05.256 [DEBU] [  1 ms] [default] SELECT * FROM `user_online` ORDER BY `create_time` DESC LIMIT 0,50
2020-12-05 08:40:05.251 [DEBU] [  3 ms] [default] SELECT COUNT(1) FROM `user_online`
2020-12-05 08:40:05.253 [DEBU] [  0 ms] [default] SELECT * FROM `user_online` ORDER BY `create_time` DESC LIMIT 0,50
2020-12-05 08:50:05.251 [DEBU] [  3 ms] [default] SELECT COUNT(1) FROM `user_online`
2020-12-05 08:50:05.253 [DEBU] [  0 ms] [default] SELECT * FROM `user_online` ORDER BY `create_time` DESC LIMIT 0,50
2020-12-05 09:00:05.254 [DEBU] [  6 ms] [default] SELECT COUNT(1) FROM `user_online`
2020-12-05 09:00:05.258 [DEBU] [  1 ms] [default] SELECT * FROM `user_online` ORDER BY `create_time` DESC LIMIT 0,50
2020-12-05 09:10:05.253 [DEBU] [  5 ms] [default] SELECT COUNT(1) FROM `user_online`
2020-12-05 09:10:05.256 [DEBU] [  1 ms] [default] SELECT * FROM `user_online` ORDER BY `create_time` DESC LIMIT 0,50
2020-12-05 09:20:05.254 [DEBU] [  6 ms] [default] SELECT COUNT(1) FROM `user_online`
2020-12-05 09:20:05.257 [DEBU] [  1 ms] [default] SELECT * FROM `user_online` ORDER BY `create_time` DESC LIMIT 0,50
2020-12-05 09:30:05.254 [DEBU] [  5 ms] [default] SELECT COUNT(1) FROM `user_online`
2020-12-05 09:30:05.257 [DEBU] [  1 ms] [default] SELECT * FROM `user_online` ORDER BY `create_time` DESC LIMIT 0,50
2020-12-05 09:40:05.254 [DEBU] [  6 ms] [default] SELECT COUNT(1) FROM `user_online`
2020-12-05 09:40:05.258 [DEBU] [  2 ms] [default] SELECT * FROM `user_online` ORDER BY `create_time` DESC LIMIT 0,50
2020-12-05 09:50:05.255 [DEBU] [  6 ms] [default] SELECT COUNT(1) FROM `user_online`
2020-12-05 09:50:05.257 [DEBU] [  0 ms] [default] SELECT * FROM `user_online` ORDER BY `create_time` DESC LIMIT 0,50
2020-12-05 10:00:05.251 [DEBU] [  3 ms] [default] SELECT COUNT(1) FROM `user_online`
2020-12-05 10:00:05.253 [DEBU] [  1 ms] [default] SELECT * FROM `user_online` ORDER BY `create_time` DESC LIMIT 0,50
2020-12-05 10:10:05.253 [DEBU] [  5 ms] [default] SELECT COUNT(1) FROM `user_online`
2020-12-05 10:10:05.257 [DEBU] [  1 ms] [default] SELECT * FROM `user_online` ORDER BY `create_time` DESC LIMIT 0,50
2020-12-05 10:20:05.253 [DEBU] [  3 ms] [default] SELECT COUNT(1) FROM `user_online`
2020-12-05 10:20:05.254 [DEBU] [  0 ms] [default] SELECT * FROM `user_online` ORDER BY `create_time` DESC LIMIT 0,50
2020-12-05 10:30:05.253 [DEBU] [  5 ms] [default] SELECT COUNT(1) FROM `user_online`
2020-12-05 10:30:05.257 [DEBU] [  1 ms] [default] SELECT * FROM `user_online` ORDER BY `create_time` DESC LIMIT 0,50
2020-12-05 10:40:05.253 [DEBU] [  5 ms] [default] SELECT COUNT(1) FROM `user_online`
2020-12-05 10:40:05.256 [DEBU] [  1 ms] [default] SELECT * FROM `user_online` ORDER BY `create_time` DESC LIMIT 0,50
2020-12-05 10:50:05.250 [DEBU] [  2 ms] [default] SELECT COUNT(1) FROM `user_online`
2020-12-05 10:50:05.251 [DEBU] [  0 ms] [default] SELECT * FROM `user_online` ORDER BY `create_time` DESC LIMIT 0,50
2020-12-05 11:00:05.253 [DEBU] [  5 ms] [default] SELECT COUNT(1) FROM `user_online`
2020-12-05 11:00:05.255 [DEBU] [  0 ms] [default] SELECT * FROM `user_online` ORDER BY `create_time` DESC LIMIT 0,50
2020-12-05 11:10:05.254 [DEBU] [  3 ms] [default] SELECT COUNT(1) FROM `user_online`
2020-12-05 11:10:05.256 [DEBU] [  1 ms] [default] SELECT * FROM `user_online` ORDER BY `create_time` DESC LIMIT 0,50
2020-12-05 11:20:05.253 [DEBU] [  3 ms] [default] SELECT COUNT(1) FROM `user_online`
2020-12-05 11:20:05.255 [DEBU] [  1 ms] [default] SELECT * FROM `user_online` ORDER BY `create_time` DESC LIMIT 0,50
2020-12-05 11:30:05.256 [DEBU] [  6 ms] [default] SELECT COUNT(1) FROM `user_online`
2020-12-05 11:30:05.258 [DEBU] [  1 ms] [default] SELECT * FROM `user_online` ORDER BY `create_time` DESC LIMIT 0,50
2020-12-05 11:40:05.500 [DEBU] [  2 ms] [default] SELECT COUNT(1) FROM `user_online`
2020-12-05 11:40:05.505 [DEBU] [  4 ms] [default] SELECT * FROM `user_online` ORDER BY `create_time` DESC LIMIT 0,50
2020-12-05 11:50:05.503 [DEBU] [  5 ms] [default] SELECT COUNT(1) FROM `user_online`
2020-12-05 11:50:05.506 [DEBU] [  1 ms] [default] SELECT * FROM `user_online` ORDER BY `create_time` DESC LIMIT 0,50
2020-12-05 12:00:05.504 [DEBU] [  5 ms] [default] SELECT COUNT(1) FROM `user_online`
2020-12-05 12:00:05.507 [DEBU] [  1 ms] [default] SELECT * FROM `user_online` ORDER BY `create_time` DESC LIMIT 0,50
2020-12-05 12:10:05.503 [DEBU] [  5 ms] [default] SELECT COUNT(1) FROM `user_online`
2020-12-05 12:10:05.506 [DEBU] [  1 ms] [default] SELECT * FROM `user_online` ORDER BY `create_time` DESC LIMIT 0,50
2020-12-05 12:20:05.503 [DEBU] [  5 ms] [default] SELECT COUNT(1) FROM `user_online`
2020-12-05 12:20:05.506 [DEBU] [  1 ms] [default] SELECT * FROM `user_online` ORDER BY `create_time` DESC LIMIT 0,50
2020-12-05 12:30:05.503 [DEBU] [  5 ms] [default] SELECT COUNT(1) FROM `user_online`
2020-12-05 12:30:05.506 [DEBU] [  1 ms] [default] SELECT * FROM `user_online` ORDER BY `create_time` DESC LIMIT 0,50
2020-12-05 12:40:05.504 [DEBU] [  6 ms] [default] SELECT COUNT(1) FROM `user_online`
2020-12-05 12:40:05.507 [DEBU] [  1 ms] [default] SELECT * FROM `user_online` ORDER BY `create_time` DESC LIMIT 0,50
2020-12-05 12:50:05.504 [DEBU] [  6 ms] [default] SELECT COUNT(1) FROM `user_online`
2020-12-05 12:50:05.507 [DEBU] [  1 ms] [default] SELECT * FROM `user_online` ORDER BY `create_time` DESC LIMIT 0,50
2020-12-05 13:00:05.503 [DEBU] [  5 ms] [default] SELECT COUNT(1) FROM `user_online`
2020-12-05 13:00:05.506 [DEBU] [  1 ms] [default] SELECT * FROM `user_online` ORDER BY `create_time` DESC LIMIT 0,50
2020-12-05 13:10:05.502 [DEBU] [  3 ms] [default] SELECT COUNT(1) FROM `user_online`
2020-12-05 13:10:05.504 [DEBU] [  1 ms] [default] SELECT * FROM `user_online` ORDER BY `create_time` DESC LIMIT 0,50
2020-12-05 13:20:05.506 [DEBU] [  6 ms] [default] SELECT COUNT(1) FROM `user_online`
2020-12-05 13:20:05.509 [DEBU] [  1 ms] [default] SELECT * FROM `user_online` ORDER BY `create_time` DESC LIMIT 0,50
2020-12-05 13:30:05.500 [DEBU] [  1 ms] [default] SELECT COUNT(1) FROM `user_online`
2020-12-05 13:30:05.501 [DEBU] [  0 ms] [default] SELECT * FROM `user_online` ORDER BY `create_time` DESC LIMIT 0,50
2020-12-05 13:40:05.502 [DEBU] [  3 ms] [default] SELECT COUNT(1) FROM `user_online`
2020-12-05 13:40:05.504 [DEBU] [  1 ms] [default] SELECT * FROM `user_online` ORDER BY `create_time` DESC LIMIT 0,50
2020-12-05 13:50:05.502 [DEBU] [  3 ms] [default] SELECT COUNT(1) FROM `user_online`
2020-12-05 13:50:05.504 [DEBU] [  1 ms] [default] SELECT * FROM `user_online` ORDER BY `create_time` DESC LIMIT 0,50
2020-12-05 14:00:05.500 [DEBU] [  1 ms] [default] SELECT COUNT(1) FROM `user_online`
2020-12-05 14:00:05.501 [DEBU] [  1 ms] [default] SELECT * FROM `user_online` ORDER BY `create_time` DESC LIMIT 0,50
2020-12-05 14:10:05.500 [DEBU] [  1 ms] [default] SELECT COUNT(1) FROM `user_online`
2020-12-05 14:10:05.501 [DEBU] [  1 ms] [default] SELECT * FROM `user_online` ORDER BY `create_time` DESC LIMIT 0,50
2020-12-05 14:20:05.501 [DEBU] [  3 ms] [default] SELECT COUNT(1) FROM `user_online`
2020-12-05 14:20:05.503 [DEBU] [  0 ms] [default] SELECT * FROM `user_online` ORDER BY `create_time` DESC LIMIT 0,50
2020-12-05 14:30:05.501 [DEBU] [  3 ms] [default] SELECT COUNT(1) FROM `user_online`
2020-12-05 14:30:05.503 [DEBU] [  0 ms] [default] SELECT * FROM `user_online` ORDER BY `create_time` DESC LIMIT 0,50
2020-12-05 14:40:05.502 [DEBU] [  3 ms] [default] SELECT COUNT(1) FROM `user_online`
2020-12-05 14:40:05.504 [DEBU] [  1 ms] [default] SELECT * FROM `user_online` ORDER BY `create_time` DESC LIMIT 0,50
2020-12-05 14:50:05.504 [DEBU] [  4 ms] [default] SELECT COUNT(1) FROM `user_online`
2020-12-05 14:50:05.507 [DEBU] [  1 ms] [default] SELECT * FROM `user_online` ORDER BY `create_time` DESC LIMIT 0,50
2020-12-05 14:53:51.201 [DEBU] [  7 ms] [default] SELECT * FROM `user` WHERE user_name='yixiaohu' and user_password='9OFlt5qzzvCiZWhe7ilcLA==' LIMIT 1
2020-12-05 14:53:51.239 [DEBU] [ 34 ms] [default] INSERT INTO `user`(`user_name`,`create_time`,`user_password`,`user_status`,`dept_id`,`mobile`,`sex`,`is_admin`,`user_email`,`avatar`,`last_login_time`,`last_login_ip`,`id`,`user_nickname`,`birthday`,`remark`) VALUES('yixiaohu',0,'9OFlt5qzzvCiZWhe7ilcLA==',1,102,'13699885599',1,1,'yxh@qq.com','',1607151231,'192.168.0.198',2,'奈斯',0,'备注') ON DUPLICATE KEY UPDATE `sex`=VALUES(`sex`),`is_admin`=VALUES(`is_admin`),`mobile`=VALUES(`mobile`),`avatar`=VALUES(`avatar`),`last_login_time`=VALUES(`last_login_time`),`last_login_ip`=VALUES(`last_login_ip`),`user_email`=VALUES(`user_email`),`user_nickname`=VALUES(`user_nickname`),`birthday`=VALUES(`birthday`),`remark`=VALUES(`remark`),`id`=VALUES(`id`),`create_time`=VALUES(`create_time`),`user_password`=VALUES(`user_password`),`user_status`=VALUES(`user_status`),`dept_id`=VALUES(`dept_id`),`user_name`=VALUES(`user_name`)
2020-12-05 14:53:51.247 [DEBU] [  2 ms] [default] INSERT INTO `user_online`(`user_name`,`ip`,`explorer`,`os`,`id`,`uuid`,`token`,`create_time`) VALUES('yixiaohu','192.168.0.198','Chrome','Windows 10',0,'efa254b6ce51dca5f7a7ce48565c69ce','4AhyM5BOoJoI7BYH7RGFACpligxkD4xPNypAoXU+QRSvoyROVsmpX8HjQDUz/NnbmYgjEzYXbaGG4DV7scC827nJSOKwVa44+ASg1uSa0/pJkFkknA1M9pWeUG/4d/lGZfGWuK7rEeHpaLX0dTKa2g==',1607151231) ON DUPLICATE KEY UPDATE `create_time`=VALUES(`create_time`),`user_name`=VALUES(`user_name`),`ip`=VALUES(`ip`),`explorer`=VALUES(`explorer`),`os`=VALUES(`os`),`id`=VALUES(`id`),`uuid`=VALUES(`uuid`),`token`=VALUES(`token`)
2020-12-05 14:53:51.527 [DEBU] [  5 ms] [default] SHOW FULL COLUMNS FROM `sys_login_log`
2020-12-05 14:53:51.528 [DEBU] [  1 ms] [default] INSERT INTO `sys_login_log`(`os`,`info_id`,`browser`,`login_location`,`status`,`msg`,`login_time`,`module`,`login_name`,`ipaddr`) VALUES('Windows 10',0,'Chrome','',1,'登录成功',1607151231,'系统后台','yixiaohu','192.168.0.198') ON DUPLICATE KEY UPDATE `login_name`=VALUES(`login_name`),`ipaddr`=VALUES(`ipaddr`),`login_location`=VALUES(`login_location`),`status`=VALUES(`status`),`msg`=VALUES(`msg`),`login_time`=VALUES(`login_time`),`module`=VALUES(`module`),`info_id`=VALUES(`info_id`),`browser`=VALUES(`browser`),`os`=VALUES(`os`)
2020-12-05 14:53:51.614 [DEBU] [  1 ms] [default] SELECT * FROM `user` WHERE `id`=2 LIMIT 1
2020-12-05 14:53:51.874 [DEBU] [  1 ms] [default] INSERT INTO `sys_oper_log`(`oper_id`,`dept_name`,`json_result`,`oper_time`,`error_msg`,`title`,`business_type`,`operator_type`,`oper_name`,`method`,`status`,`oper_param`,`request_method`,`oper_url`,`oper_ip`,`oper_location`) VALUES(0,'','{"code":0,"msg":"ok"}',1607151231,'','',0,1,'yixiaohu','/system/index/getInfo',1,'{}','GET','/system/index/getInfo','192.168.0.198','') ON DUPLICATE KEY UPDATE `method`=VALUES(`method`),`status`=VALUES(`status`),`oper_ip`=VALUES(`oper_ip`),`oper_location`=VALUES(`oper_location`),`oper_param`=VALUES(`oper_param`),`request_method`=VALUES(`request_method`),`oper_url`=VALUES(`oper_url`),`json_result`=VALUES(`json_result`),`oper_time`=VALUES(`oper_time`),`oper_id`=VALUES(`oper_id`),`dept_name`=VALUES(`dept_name`),`operator_type`=VALUES(`operator_type`),`oper_name`=VALUES(`oper_name`),`error_msg`=VALUES(`error_msg`),`title`=VALUES(`title`),`business_type`=VALUES(`business_type`)
2020-12-05 14:53:51.984 [DEBU] [  1 ms] [default] INSERT INTO `sys_oper_log`(`title`,`dept_name`,`oper_time`,`oper_id`,`business_type`,`oper_ip`,`oper_param`,`request_method`,`oper_name`,`oper_url`,`status`,`error_msg`,`method`,`operator_type`,`oper_location`,`json_result`) VALUES('','',1607151231,0,0,'192.168.0.198','{}','GET','yixiaohu','/system/index/getRouters',1,'','/system/index/getRouters',1,'','{"code":0,"msg":"ok"}') ON DUPLICATE KEY UPDATE `oper_id`=VALUES(`oper_id`),`business_type`=VALUES(`business_type`),`oper_ip`=VALUES(`oper_ip`),`oper_param`=VALUES(`oper_param`),`request_method`=VALUES(`request_method`),`oper_name`=VALUES(`oper_name`),`oper_url`=VALUES(`oper_url`),`status`=VALUES(`status`),`error_msg`=VALUES(`error_msg`),`method`=VALUES(`method`),`operator_type`=VALUES(`operator_type`),`oper_location`=VALUES(`oper_location`),`json_result`=VALUES(`json_result`),`title`=VALUES(`title`),`dept_name`=VALUES(`dept_name`),`oper_time`=VALUES(`oper_time`)
2020-12-05 14:53:59.996 [DEBU] [  1 ms] [default] SELECT COUNT(1) FROM `wf_flow` WHERE `is_del`=0
2020-12-05 14:53:59.998 [DEBU] [  1 ms] [default] SELECT * FROM `wf_flow` WHERE `is_del`=0 ORDER BY `sort_order` asc,`id` asc LIMIT 0,10
2020-12-05 14:54:00.000 [DEBU] [  1 ms] [default] SELECT * FROM `wf_run` WHERE flow_id in(1,2,3,5,8) and status = 0 ORDER BY `id` asc
2020-12-05 14:54:00.153 [DEBU] [  0 ms] [default] INSERT INTO `sys_oper_log`(`oper_ip`,`status`,`method`,`request_method`,`title`,`oper_location`,`oper_param`,`error_msg`,`oper_time`,`operator_type`,`dept_name`,`oper_name`,`oper_url`,`json_result`,`oper_id`,`business_type`) VALUES('192.168.0.198',1,'/system/wf/flow/list','GET','工作流列表','','{"pageNum":"1","pageSize":"10"}','',1607151240,1,'','yixiaohu','/system/wf/flow/list?pageNum=1&pageSize=10','{"code":0,"msg":"获取列表数据成功"}',0,0) ON DUPLICATE KEY UPDATE `method`=VALUES(`method`),`request_method`=VALUES(`request_method`),`oper_ip`=VALUES(`oper_ip`),`status`=VALUES(`status`),`title`=VALUES(`title`),`error_msg`=VALUES(`error_msg`),`oper_time`=VALUES(`oper_time`),`operator_type`=VALUES(`operator_type`),`dept_name`=VALUES(`dept_name`),`oper_location`=VALUES(`oper_location`),`oper_param`=VALUES(`oper_param`),`json_result`=VALUES(`json_result`),`oper_id`=VALUES(`oper_id`),`business_type`=VALUES(`business_type`),`oper_name`=VALUES(`oper_name`),`oper_url`=VALUES(`oper_url`)
2020-12-05 14:54:00.232 [DEBU] [  0 ms] [default] INSERT INTO `sys_oper_log`(`oper_name`,`oper_ip`,`oper_param`,`title`,`operator_type`,`business_type`,`oper_time`,`request_method`,`oper_location`,`json_result`,`oper_id`,`method`,`status`,`error_msg`,`dept_name`,`oper_url`) VALUES('yixiaohu','192.168.0.198','{"dictType":"sys_normal_disable"}','',1,0,1607151240,'GET','','{"code":0,"msg":"ok"}',0,'/system/config/dict/getDicts',1,'','','/system/config/dict/getDicts?dictType=sys_normal_disable') ON DUPLICATE KEY UPDATE `oper_location`=VALUES(`oper_location`),`json_result`=VALUES(`json_result`),`oper_id`=VALUES(`oper_id`),`method`=VALUES(`method`),`request_method`=VALUES(`request_method`),`error_msg`=VALUES(`error_msg`),`dept_name`=VALUES(`dept_name`),`oper_url`=VALUES(`oper_url`),`status`=VALUES(`status`),`oper_ip`=VALUES(`oper_ip`),`oper_param`=VALUES(`oper_param`),`title`=VALUES(`title`),`operator_type`=VALUES(`operator_type`),`oper_name`=VALUES(`oper_name`),`business_type`=VALUES(`business_type`),`oper_time`=VALUES(`oper_time`)
2020-12-05 14:54:00.335 [DEBU] [  1 ms] [default] INSERT INTO `sys_oper_log`(`oper_location`,`status`,`error_msg`,`business_type`,`oper_name`,`dept_name`,`json_result`,`method`,`request_method`,`operator_type`,`title`,`oper_param`,`oper_time`,`oper_id`,`oper_url`,`oper_ip`) VALUES('',1,'',0,'yixiaohu','','{"code":0,"msg":"ok"}','/system/config/dict/getDicts','GET',1,'','{"dictType":"flow_type"}',1607151240,0,'/system/config/dict/getDicts?dictType=flow_type','192.168.0.198') ON DUPLICATE KEY UPDATE `title`=VALUES(`title`),`oper_param`=VALUES(`oper_param`),`oper_id`=VALUES(`oper_id`),`oper_url`=VALUES(`oper_url`),`oper_ip`=VALUES(`oper_ip`),`oper_time`=VALUES(`oper_time`),`status`=VALUES(`status`),`error_msg`=VALUES(`error_msg`),`business_type`=VALUES(`business_type`),`oper_name`=VALUES(`oper_name`),`dept_name`=VALUES(`dept_name`),`oper_location`=VALUES(`oper_location`),`method`=VALUES(`method`),`request_method`=VALUES(`request_method`),`operator_type`=VALUES(`operator_type`),`json_result`=VALUES(`json_result`)
2020-12-05 14:54:03.052 [DEBU] [  2 ms] [default] SELECT * FROM `wf_flow` WHERE `id`=3 LIMIT 1
2020-12-05 14:54:03.055 [DEBU] [  1 ms] [default] SELECT * FROM `wf_flow_process` WHERE (`flow_id`=3) AND (`is_del`=0) ORDER BY `id` asc
2020-12-05 14:54:03.080 [DEBU] [ 20 ms] [default] SELECT COLUMN_NAME as field_name,column_comment as field_text FROM INFORMATION_SCHEMA.COLUMNS WHERE table_name = 'wf_news' AND table_schema = 'gfast_open' 
2020-12-05 14:54:03.158 [DEBU] [  1 ms] [default] INSERT INTO `sys_oper_log`(`oper_id`,`oper_url`,`oper_ip`,`oper_location`,`title`,`operator_type`,`oper_name`,`status`,`oper_time`,`request_method`,`json_result`,`business_type`,`method`,`dept_name`,`oper_param`,`error_msg`) VALUES(0,'/system/wf/flow/designFlow?id=3','192.168.0.198','','',1,'yixiaohu',1,1607151243,'GET','{"code":0,"msg":"ok"}',0,'/system/wf/flow/designFlow','','{"id":"3"}','') ON DUPLICATE KEY UPDATE `request_method`=VALUES(`request_method`),`json_result`=VALUES(`json_result`),`business_type`=VALUES(`business_type`),`method`=VALUES(`method`),`dept_name`=VALUES(`dept_name`),`oper_param`=VALUES(`oper_param`),`error_msg`=VALUES(`error_msg`),`oper_id`=VALUES(`oper_id`),`oper_url`=VALUES(`oper_url`),`oper_ip`=VALUES(`oper_ip`),`oper_location`=VALUES(`oper_location`),`title`=VALUES(`title`),`operator_type`=VALUES(`operator_type`),`oper_name`=VALUES(`oper_name`),`status`=VALUES(`status`),`oper_time`=VALUES(`oper_time`)
2020-12-05 14:54:10.387 [DEBU] [  1 ms] [default] SELECT * FROM `wf_flow_process` WHERE `id`=17 LIMIT 1
2020-12-05 14:54:10.420 [DEBU] [ 29 ms] [default] INSERT INTO `wf_flow_process`(`style`,`auto_role_text`,`range_user_ids`,`settop`,`updatetime`,`auto_sponsor_text`,`range_user_text`,`is_back`,`out_condition`,`wf_mode`,`wf_action`,`work_sql`,`auto_sponsor_ids`,`id`,`process_type`,`auto_person`,`work_ids`,`setleft`,`is_del`,`work_text`,`is_sing`,`flow_id`,`process_name`,`work_msg`,`process_to`,`auto_role_ids`,`dateline`) VALUES('{"color":"#0e76a8","height":"auto","width":"120"}','','',224,1597979498,'主管','',1,'{}',0,'view','','3',17,'is_step',4,'1',453,0,'',1,3,'终审','','18','',0) ON DUPLICATE KEY UPDATE `wf_action`=VALUES(`wf_action`),`work_sql`=VALUES(`work_sql`),`auto_sponsor_text`=VALUES(`auto_sponsor_text`),`range_user_text`=VALUES(`range_user_text`),`is_back`=VALUES(`is_back`),`out_condition`=VALUES(`out_condition`),`wf_mode`=VALUES(`wf_mode`),`auto_sponsor_ids`=VALUES(`auto_sponsor_ids`),`is_del`=VALUES(`is_del`),`id`=VALUES(`id`),`process_type`=VALUES(`process_type`),`auto_person`=VALUES(`auto_person`),`work_ids`=VALUES(`work_ids`),`setleft`=VALUES(`setleft`),`work_text`=VALUES(`work_text`),`is_sing`=VALUES(`is_sing`),`flow_id`=VALUES(`flow_id`),`process_name`=VALUES(`process_name`),`work_msg`=VALUES(`work_msg`),`process_to`=VALUES(`process_to`),`auto_role_ids`=VALUES(`auto_role_ids`),`dateline`=VALUES(`dateline`),`style`=VALUES(`style`),`updatetime`=VALUES(`updatetime`),`auto_role_text`=VALUES(`auto_role_text`),`range_user_ids`=VALUES(`range_user_ids`),`settop`=VALUES(`settop`)
2020-12-05 14:54:10.446 [DEBU] [  1 ms] [default] SELECT * FROM `wf_flow` WHERE `id`=3 LIMIT 1
2020-12-05 14:54:10.448 [DEBU] [  1 ms] [default] SELECT * FROM `wf_flow_process` WHERE (`flow_id`=3) AND (`is_del`=0) ORDER BY `id` asc
2020-12-05 14:54:10.471 [DEBU] [ 18 ms] [default] SELECT COLUMN_NAME as field_name,column_comment as field_text FROM INFORMATION_SCHEMA.COLUMNS WHERE table_name = 'wf_news' AND table_schema = 'gfast_open' 
2020-12-05 14:54:10.505 [DEBU] [  1 ms] [default] INSERT INTO `sys_oper_log`(`method`,`operator_type`,`oper_url`,`oper_location`,`error_msg`,`oper_id`,`title`,`dept_name`,`business_type`,`oper_ip`,`status`,`request_method`,`oper_name`,`oper_param`,`json_result`,`oper_time`) VALUES('/system/wf/flow/saveAttr',1,'/system/wf/flow/saveAttr','','',0,'','',0,'192.168.0.198',1,'POST','yixiaohu','{"auto_person":"4","auto_role_ids":"","auto_role_text":"","auto_sponsor_ids":"3","auto_sponsor_text":"主管","flow_id":3,"is_back":"1","is_sing":"1","process_condition":"18","process_id":17,"process_in_set":[{"condition":null,"id":18,"prev_id":17,"process_name":"[直线]步骤","process_type":"is_step"}],"process_name":"终审","process_type":"is_step","range_user_ids":"","range_user_text":"","style_height":"auto","style_width":"120","wf_action":"view","wf_mode":"0","work_ids":"1","work_msg":"","work_sql":"","work_text":""}','{"code":0,"msg":"保存成功"}',1607151250) ON DUPLICATE KEY UPDATE `method`=VALUES(`method`),`operator_type`=VALUES(`operator_type`),`oper_url`=VALUES(`oper_url`),`oper_location`=VALUES(`oper_location`),`error_msg`=VALUES(`error_msg`),`oper_id`=VALUES(`oper_id`),`title`=VALUES(`title`),`dept_name`=VALUES(`dept_name`),`business_type`=VALUES(`business_type`),`oper_ip`=VALUES(`oper_ip`),`status`=VALUES(`status`),`request_method`=VALUES(`request_method`),`oper_name`=VALUES(`oper_name`),`oper_param`=VALUES(`oper_param`),`json_result`=VALUES(`json_result`),`oper_time`=VALUES(`oper_time`)
2020-12-05 14:54:10.560 [DEBU] [  2 ms] [default] INSERT INTO `sys_oper_log`(`method`,`oper_location`,`oper_time`,`oper_ip`,`request_method`,`operator_type`,`oper_name`,`dept_name`,`oper_url`,`json_result`,`error_msg`,`oper_id`,`title`,`business_type`,`oper_param`,`status`) VALUES('/system/wf/flow/designFlow','',1607151250,'192.168.0.198','GET',1,'yixiaohu','','/system/wf/flow/designFlow?id=3','{"code":0,"msg":"ok"}','',0,'',0,'{"id":"3"}',1) ON DUPLICATE KEY UPDATE `json_result`=VALUES(`json_result`),`error_msg`=VALUES(`error_msg`),`status`=VALUES(`status`),`oper_id`=VALUES(`oper_id`),`title`=VALUES(`title`),`business_type`=VALUES(`business_type`),`oper_param`=VALUES(`oper_param`),`method`=VALUES(`method`),`oper_location`=VALUES(`oper_location`),`oper_time`=VALUES(`oper_time`),`oper_url`=VALUES(`oper_url`),`oper_ip`=VALUES(`oper_ip`),`request_method`=VALUES(`request_method`),`operator_type`=VALUES(`operator_type`),`oper_name`=VALUES(`oper_name`),`dept_name`=VALUES(`dept_name`)
2020-12-05 14:55:53.438 [DEBU] [  2 ms] [default] SELECT * FROM `wf_flow` WHERE `id`=3 LIMIT 1
2020-12-05 14:55:53.440 [DEBU] [  0 ms] [default] SELECT * FROM `wf_flow_process` WHERE `flow_id`=3 ORDER BY `id` desc
2020-12-05 14:55:53.476 [DEBU] [ 34 ms] [default] INSERT INTO `wf_flow_process`(`work_text`,`range_user_text`,`style`,`auto_person`,`work_ids`,`out_condition`,`settop`,`is_del`,`wf_mode`,`dateline`,`work_sql`,`is_sing`,`auto_role_ids`,`wf_action`,`process_type`,`auto_sponsor_ids`,`auto_role_text`,`range_user_ids`,`is_back`,`updatetime`,`auto_sponsor_text`,`process_name`,`flow_id`,`process_to`,`setleft`,`work_msg`,`id`) VALUES('','','{"color":"#0e76a8","height":"auto","width":"120"}',4,'','',388,0,0,0,'',1,'','view','is_step','','','',1,0,'','步骤',3,'',743,'',0) ON DUPLICATE KEY UPDATE `flow_id`=VALUES(`flow_id`),`process_to`=VALUES(`process_to`),`setleft`=VALUES(`setleft`),`work_msg`=VALUES(`work_msg`),`id`=VALUES(`id`),`work_text`=VALUES(`work_text`),`range_user_text`=VALUES(`range_user_text`),`style`=VALUES(`style`),`auto_person`=VALUES(`auto_person`),`work_ids`=VALUES(`work_ids`),`out_condition`=VALUES(`out_condition`),`settop`=VALUES(`settop`),`is_del`=VALUES(`is_del`),`wf_mode`=VALUES(`wf_mode`),`dateline`=VALUES(`dateline`),`work_sql`=VALUES(`work_sql`),`is_sing`=VALUES(`is_sing`),`auto_role_ids`=VALUES(`auto_role_ids`),`wf_action`=VALUES(`wf_action`),`process_type`=VALUES(`process_type`),`auto_sponsor_ids`=VALUES(`auto_sponsor_ids`),`auto_role_text`=VALUES(`auto_role_text`),`range_user_ids`=VALUES(`range_user_ids`),`is_back`=VALUES(`is_back`),`updatetime`=VALUES(`updatetime`),`auto_sponsor_text`=VALUES(`auto_sponsor_text`),`process_name`=VALUES(`process_name`)
2020-12-05 14:55:53.502 [DEBU] [  1 ms] [default] SELECT * FROM `wf_flow` WHERE `id`=3 LIMIT 1
2020-12-05 14:55:53.503 [DEBU] [  0 ms] [default] SELECT * FROM `wf_flow_process` WHERE (`flow_id`=3) AND (`is_del`=0) ORDER BY `id` asc
2020-12-05 14:55:53.514 [DEBU] [  9 ms] [default] SELECT COLUMN_NAME as field_name,column_comment as field_text FROM INFORMATION_SCHEMA.COLUMNS WHERE table_name = 'wf_news' AND table_schema = 'gfast_open' 
2020-12-05 14:55:53.620 [DEBU] [  1 ms] [default] INSERT INTO `sys_oper_log`(`business_type`,`oper_id`,`request_method`,`operator_type`,`oper_name`,`oper_location`,`oper_param`,`json_result`,`method`,`status`,`error_msg`,`oper_ip`,`dept_name`,`oper_url`,`oper_time`,`title`) VALUES(0,0,'POST',1,'yixiaohu','','{"id":3}','{"code":0,"msg":"添加成功"}','/system/wf/flow/addProcess',1,'','192.168.0.198','','/system/wf/flow/addProcess',1607151353,'') ON DUPLICATE KEY UPDATE `error_msg`=VALUES(`error_msg`),`oper_ip`=VALUES(`oper_ip`),`status`=VALUES(`status`),`oper_url`=VALUES(`oper_url`),`oper_time`=VALUES(`oper_time`),`title`=VALUES(`title`),`dept_name`=VALUES(`dept_name`),`oper_id`=VALUES(`oper_id`),`business_type`=VALUES(`business_type`),`operator_type`=VALUES(`operator_type`),`oper_name`=VALUES(`oper_name`),`oper_location`=VALUES(`oper_location`),`oper_param`=VALUES(`oper_param`),`json_result`=VALUES(`json_result`),`method`=VALUES(`method`),`request_method`=VALUES(`request_method`)
2020-12-05 14:55:53.633 [DEBU] [  1 ms] [default] INSERT INTO `sys_oper_log`(`title`,`request_method`,`operator_type`,`dept_name`,`json_result`,`status`,`oper_id`,`business_type`,`method`,`oper_ip`,`oper_location`,`oper_name`,`oper_param`,`error_msg`,`oper_url`,`oper_time`) VALUES('','GET',1,'','{"code":0,"msg":"ok"}',1,0,0,'/system/wf/flow/designFlow','192.168.0.198','','yixiaohu','{"id":"3"}','','/system/wf/flow/designFlow?id=3',1607151353) ON DUPLICATE KEY UPDATE `method`=VALUES(`method`),`oper_ip`=VALUES(`oper_ip`),`oper_location`=VALUES(`oper_location`),`oper_id`=VALUES(`oper_id`),`business_type`=VALUES(`business_type`),`error_msg`=VALUES(`error_msg`),`oper_name`=VALUES(`oper_name`),`oper_param`=VALUES(`oper_param`),`oper_url`=VALUES(`oper_url`),`oper_time`=VALUES(`oper_time`),`operator_type`=VALUES(`operator_type`),`dept_name`=VALUES(`dept_name`),`json_result`=VALUES(`json_result`),`status`=VALUES(`status`),`title`=VALUES(`title`),`request_method`=VALUES(`request_method`)
2020-12-05 14:55:54.977 [DEBU] [  2 ms] [default] SELECT * FROM `wf_flow_process` WHERE (`flow_id`=3) AND (`is_del`=0) ORDER BY `id` asc
2020-12-05 14:55:55.069 [DEBU] [  2 ms] [default] INSERT INTO `sys_oper_log`(`oper_id`,`method`,`oper_url`,`oper_ip`,`oper_location`,`json_result`,`status`,`request_method`,`oper_param`,`oper_time`,`business_type`,`oper_name`,`dept_name`,`error_msg`,`title`,`operator_type`) VALUES(0,'/system/wf/flow/checkFlow','/system/wf/flow/checkFlow?flow_id=3','192.168.0.198','','{"code":-1,"msg":"有 3 个起始步骤，请修改！"}',0,'GET','{"flow_id":"3"}',1607151355,0,'yixiaohu','','','',1) ON DUPLICATE KEY UPDATE `business_type`=VALUES(`business_type`),`oper_name`=VALUES(`oper_name`),`dept_name`=VALUES(`dept_name`),`error_msg`=VALUES(`error_msg`),`title`=VALUES(`title`),`operator_type`=VALUES(`operator_type`),`oper_id`=VALUES(`oper_id`),`method`=VALUES(`method`),`oper_url`=VALUES(`oper_url`),`oper_ip`=VALUES(`oper_ip`),`oper_location`=VALUES(`oper_location`),`json_result`=VALUES(`json_result`),`status`=VALUES(`status`),`request_method`=VALUES(`request_method`),`oper_param`=VALUES(`oper_param`),`oper_time`=VALUES(`oper_time`)
2020-12-05 14:55:58.086 [DEBU] [ 31 ms] [default] DELETE FROM `wf_flow_process` WHERE `flow_id`=3
2020-12-05 14:55:58.106 [DEBU] [  1 ms] [default] SELECT * FROM `wf_flow` WHERE `id`=3 LIMIT 1
2020-12-05 14:55:58.109 [DEBU] [  1 ms] [default] SELECT * FROM `wf_flow_process` WHERE (`flow_id`=3) AND (`is_del`=0) ORDER BY `id` asc
2020-12-05 14:55:58.150 [DEBU] [ 41 ms] [default] SELECT COLUMN_NAME as field_name,column_comment as field_text FROM INFORMATION_SCHEMA.COLUMNS WHERE table_name = 'wf_news' AND table_schema = 'gfast_open' 
2020-12-05 14:55:58.162 [DEBU] [  1 ms] [default] INSERT INTO `sys_oper_log`(`request_method`,`operator_type`,`json_result`,`error_msg`,`oper_url`,`oper_ip`,`oper_location`,`oper_time`,`oper_id`,`status`,`title`,`business_type`,`method`,`oper_name`,`dept_name`,`oper_param`) VALUES('DELETE',1,'{"code":0,"msg":"清除成功"}','','/system/wf/flow/deleteProcessAll','192.168.0.198','',1607151358,0,1,'',0,'/system/wf/flow/deleteProcessAll','yixiaohu','','{"flow_id":3}') ON DUPLICATE KEY UPDATE `request_method`=VALUES(`request_method`),`operator_type`=VALUES(`operator_type`),`json_result`=VALUES(`json_result`),`error_msg`=VALUES(`error_msg`),`oper_url`=VALUES(`oper_url`),`oper_ip`=VALUES(`oper_ip`),`oper_location`=VALUES(`oper_location`),`oper_time`=VALUES(`oper_time`),`oper_id`=VALUES(`oper_id`),`title`=VALUES(`title`),`business_type`=VALUES(`business_type`),`method`=VALUES(`method`),`oper_name`=VALUES(`oper_name`),`dept_name`=VALUES(`dept_name`),`oper_param`=VALUES(`oper_param`),`status`=VALUES(`status`)
2020-12-05 14:55:58.231 [DEBU] [  1 ms] [default] INSERT INTO `sys_oper_log`(`title`,`oper_ip`,`error_msg`,`request_method`,`oper_param`,`status`,`oper_name`,`json_result`,`oper_time`,`oper_id`,`business_type`,`method`,`oper_location`,`operator_type`,`dept_name`,`oper_url`) VALUES('','192.168.0.198','','GET','{"id":"3"}',1,'yixiaohu','{"code":0,"msg":"ok"}',1607151358,0,0,'/system/wf/flow/designFlow','',1,'','/system/wf/flow/designFlow?id=3') ON DUPLICATE KEY UPDATE `request_method`=VALUES(`request_method`),`oper_param`=VALUES(`oper_param`),`status`=VALUES(`status`),`error_msg`=VALUES(`error_msg`),`oper_time`=VALUES(`oper_time`),`oper_id`=VALUES(`oper_id`),`business_type`=VALUES(`business_type`),`method`=VALUES(`method`),`oper_name`=VALUES(`oper_name`),`json_result`=VALUES(`json_result`),`operator_type`=VALUES(`operator_type`),`dept_name`=VALUES(`dept_name`),`oper_url`=VALUES(`oper_url`),`oper_location`=VALUES(`oper_location`),`title`=VALUES(`title`),`oper_ip`=VALUES(`oper_ip`)
2020-12-05 14:55:59.035 [DEBU] [  1 ms] [default] SELECT * FROM `wf_flow` WHERE `id`=3 LIMIT 1
2020-12-05 14:55:59.037 [DEBU] [  1 ms] [default] SELECT * FROM `wf_flow_process` WHERE (`flow_id`=3) AND (`is_del`=0) ORDER BY `id` asc
2020-12-05 14:55:59.056 [DEBU] [ 17 ms] [default] SELECT COLUMN_NAME as field_name,column_comment as field_text FROM INFORMATION_SCHEMA.COLUMNS WHERE table_name = 'wf_news' AND table_schema = 'gfast_open' 
2020-12-05 14:55:59.137 [DEBU] [  1 ms] [default] INSERT INTO `sys_oper_log`(`business_type`,`method`,`json_result`,`oper_time`,`title`,`oper_name`,`oper_url`,`error_msg`,`oper_id`,`oper_ip`,`oper_param`,`status`,`request_method`,`operator_type`,`dept_name`,`oper_location`) VALUES(0,'/system/wf/flow/designFlow','{"code":0,"msg":"ok"}',1607151359,'','yixiaohu','/system/wf/flow/designFlow?id=3','',0,'192.168.0.198','{"id":"3"}',1,'GET',1,'','') ON DUPLICATE KEY UPDATE `error_msg`=VALUES(`error_msg`),`oper_time`=VALUES(`oper_time`),`title`=VALUES(`title`),`oper_name`=VALUES(`oper_name`),`oper_url`=VALUES(`oper_url`),`status`=VALUES(`status`),`oper_id`=VALUES(`oper_id`),`oper_ip`=VALUES(`oper_ip`),`oper_param`=VALUES(`oper_param`),`oper_location`=VALUES(`oper_location`),`request_method`=VALUES(`request_method`),`operator_type`=VALUES(`operator_type`),`dept_name`=VALUES(`dept_name`),`business_type`=VALUES(`business_type`),`method`=VALUES(`method`),`json_result`=VALUES(`json_result`)
2020-12-05 14:56:00.102 [DEBU] [  1 ms] [default] SELECT * FROM `wf_flow` WHERE `id`=3 LIMIT 1
2020-12-05 14:56:00.105 [DEBU] [  2 ms] [default] SELECT * FROM `wf_flow_process` WHERE (`flow_id`=3) AND (`is_del`=0) ORDER BY `id` asc
2020-12-05 14:56:00.176 [DEBU] [ 70 ms] [default] SELECT COLUMN_NAME as field_name,column_comment as field_text FROM INFORMATION_SCHEMA.COLUMNS WHERE table_name = 'wf_news' AND table_schema = 'gfast_open' 
2020-12-05 14:56:00.260 [DEBU] [  1 ms] [default] INSERT INTO `sys_oper_log`(`title`,`business_type`,`oper_location`,`error_msg`,`oper_url`,`oper_param`,`status`,`oper_time`,`operator_type`,`dept_name`,`json_result`,`oper_name`,`oper_ip`,`oper_id`,`method`,`request_method`) VALUES('',0,'','','/system/wf/flow/designFlow?id=3','{"id":"3"}',1,1607151360,1,'','{"code":0,"msg":"ok"}','yixiaohu','192.168.0.198',0,'/system/wf/flow/designFlow','GET') ON DUPLICATE KEY UPDATE `title`=VALUES(`title`),`business_type`=VALUES(`business_type`),`oper_location`=VALUES(`oper_location`),`oper_url`=VALUES(`oper_url`),`oper_param`=VALUES(`oper_param`),`status`=VALUES(`status`),`error_msg`=VALUES(`error_msg`),`operator_type`=VALUES(`operator_type`),`dept_name`=VALUES(`dept_name`),`json_result`=VALUES(`json_result`),`oper_time`=VALUES(`oper_time`),`oper_id`=VALUES(`oper_id`),`method`=VALUES(`method`),`request_method`=VALUES(`request_method`),`oper_name`=VALUES(`oper_name`),`oper_ip`=VALUES(`oper_ip`)
2020-12-05 14:56:00.830 [DEBU] [  1 ms] [default] SELECT * FROM `wf_flow` WHERE `id`=3 LIMIT 1
2020-12-05 14:56:00.834 [DEBU] [  2 ms] [default] SELECT * FROM `wf_flow_process` WHERE (`flow_id`=3) AND (`is_del`=0) ORDER BY `id` asc
2020-12-05 14:56:00.860 [DEBU] [ 25 ms] [default] SELECT COLUMN_NAME as field_name,column_comment as field_text FROM INFORMATION_SCHEMA.COLUMNS WHERE table_name = 'wf_news' AND table_schema = 'gfast_open' 
2020-12-05 14:56:00.940 [DEBU] [  1 ms] [default] INSERT INTO `sys_oper_log`(`method`,`request_method`,`json_result`,`oper_url`,`oper_time`,`title`,`business_type`,`oper_name`,`dept_name`,`oper_ip`,`status`,`error_msg`,`oper_id`,`operator_type`,`oper_location`,`oper_param`) VALUES('/system/wf/flow/designFlow','GET','{"code":0,"msg":"ok"}','/system/wf/flow/designFlow?id=3',1607151360,'',0,'yixiaohu','','192.168.0.198',1,'',0,1,'','{"id":"3"}') ON DUPLICATE KEY UPDATE `oper_id`=VALUES(`oper_id`),`operator_type`=VALUES(`operator_type`),`oper_location`=VALUES(`oper_location`),`oper_param`=VALUES(`oper_param`),`error_msg`=VALUES(`error_msg`),`method`=VALUES(`method`),`request_method`=VALUES(`request_method`),`json_result`=VALUES(`json_result`),`title`=VALUES(`title`),`business_type`=VALUES(`business_type`),`oper_name`=VALUES(`oper_name`),`dept_name`=VALUES(`dept_name`),`oper_url`=VALUES(`oper_url`),`oper_time`=VALUES(`oper_time`),`oper_ip`=VALUES(`oper_ip`),`status`=VALUES(`status`)
2020-12-05 14:56:01.525 [DEBU] [  2 ms] [default] SELECT * FROM `wf_flow_process` WHERE (`flow_id`=3) AND (`is_del`=0) ORDER BY `id` asc
2020-12-05 14:56:01.607 [DEBU] [  2 ms] [default] INSERT INTO `sys_oper_log`(`oper_url`,`oper_ip`,`json_result`,`title`,`operator_type`,`dept_name`,`oper_name`,`oper_id`,`method`,`request_method`,`business_type`,`error_msg`,`oper_time`,`oper_location`,`oper_param`,`status`) VALUES('/system/wf/flow/checkFlow?flow_id=3','192.168.0.198','{"code":-1,"msg":"没有设置第一步骤,请修改!"}','',1,'','yixiaohu',0,'/system/wf/flow/checkFlow','GET',0,'',1607151361,'','{"flow_id":"3"}',0) ON DUPLICATE KEY UPDATE `dept_name`=VALUES(`dept_name`),`oper_url`=VALUES(`oper_url`),`oper_ip`=VALUES(`oper_ip`),`json_result`=VALUES(`json_result`),`title`=VALUES(`title`),`operator_type`=VALUES(`operator_type`),`request_method`=VALUES(`request_method`),`oper_name`=VALUES(`oper_name`),`oper_id`=VALUES(`oper_id`),`method`=VALUES(`method`),`oper_time`=VALUES(`oper_time`),`business_type`=VALUES(`business_type`),`error_msg`=VALUES(`error_msg`),`status`=VALUES(`status`),`oper_location`=VALUES(`oper_location`),`oper_param`=VALUES(`oper_param`)
2020-12-05 14:56:03.064 [DEBU] [  1 ms] [default] INSERT INTO `sys_oper_log`(`request_method`,`oper_name`,`json_result`,`oper_time`,`dept_name`,`oper_location`,`oper_param`,`status`,`error_msg`,`business_type`,`oper_ip`,`oper_id`,`title`,`method`,`operator_type`,`oper_url`) VALUES('POST','yixiaohu','{"code":-1,"msg":"保存数据失败"}',1607151363,'','','{"data":[]}',0,'',0,'192.168.0.198',0,'','/system/wf/flow/saveProcess',1,'/system/wf/flow/saveProcess') ON DUPLICATE KEY UPDATE `request_method`=VALUES(`request_method`),`oper_name`=VALUES(`oper_name`),`json_result`=VALUES(`json_result`),`oper_time`=VALUES(`oper_time`),`dept_name`=VALUES(`dept_name`),`oper_location`=VALUES(`oper_location`),`oper_param`=VALUES(`oper_param`),`status`=VALUES(`status`),`error_msg`=VALUES(`error_msg`),`business_type`=VALUES(`business_type`),`oper_ip`=VALUES(`oper_ip`),`oper_id`=VALUES(`oper_id`),`title`=VALUES(`title`),`method`=VALUES(`method`),`operator_type`=VALUES(`operator_type`),`oper_url`=VALUES(`oper_url`)
2020-12-05 14:56:03.585 [DEBU] [  1 ms] [default] SELECT * FROM `wf_flow` WHERE `id`=3 LIMIT 1
2020-12-05 14:56:03.587 [DEBU] [  1 ms] [default] SELECT * FROM `wf_flow_process` WHERE `flow_id`=3 ORDER BY `id` desc
2020-12-05 14:56:03.623 [DEBU] [ 34 ms] [default] INSERT INTO `wf_flow_process`(`wf_mode`,`id`,`process_to`,`is_sing`,`out_condition`,`auto_sponsor_ids`,`auto_role_text`,`range_user_text`,`work_sql`,`work_msg`,`flow_id`,`auto_person`,`range_user_ids`,`dateline`,`settop`,`process_name`,`auto_sponsor_text`,`work_text`,`auto_role_ids`,`is_del`,`updatetime`,`process_type`,`wf_action`,`work_ids`,`is_back`,`setleft`,`style`) VALUES(0,0,'',1,'','','','','','',3,4,'',0,100,'步骤','','','',0,0,'is_one','view','',1,100,'{"color":"#0e76a8","height":"auto","width":"120"}') ON DUPLICATE KEY UPDATE `auto_person`=VALUES(`auto_person`),`range_user_ids`=VALUES(`range_user_ids`),`dateline`=VALUES(`dateline`),`work_msg`=VALUES(`work_msg`),`flow_id`=VALUES(`flow_id`),`auto_sponsor_text`=VALUES(`auto_sponsor_text`),`work_text`=VALUES(`work_text`),`auto_role_ids`=VALUES(`auto_role_ids`),`settop`=VALUES(`settop`),`process_name`=VALUES(`process_name`),`is_del`=VALUES(`is_del`),`updatetime`=VALUES(`updatetime`),`process_type`=VALUES(`process_type`),`is_back`=VALUES(`is_back`),`setleft`=VALUES(`setleft`),`style`=VALUES(`style`),`wf_action`=VALUES(`wf_action`),`work_ids`=VALUES(`work_ids`),`wf_mode`=VALUES(`wf_mode`),`process_to`=VALUES(`process_to`),`is_sing`=VALUES(`is_sing`),`id`=VALUES(`id`),`auto_sponsor_ids`=VALUES(`auto_sponsor_ids`),`auto_role_text`=VALUES(`auto_role_text`),`range_user_text`=VALUES(`range_user_text`),`out_condition`=VALUES(`out_condition`),`work_sql`=VALUES(`work_sql`)
2020-12-05 14:56:03.643 [DEBU] [  1 ms] [default] SELECT * FROM `wf_flow` WHERE `id`=3 LIMIT 1
2020-12-05 14:56:03.645 [DEBU] [  1 ms] [default] SELECT * FROM `wf_flow_process` WHERE (`flow_id`=3) AND (`is_del`=0) ORDER BY `id` asc
2020-12-05 14:56:03.662 [DEBU] [ 16 ms] [default] SELECT COLUMN_NAME as field_name,column_comment as field_text FROM INFORMATION_SCHEMA.COLUMNS WHERE table_name = 'wf_news' AND table_schema = 'gfast_open' 
2020-12-05 14:56:03.713 [DEBU] [  1 ms] [default] INSERT INTO `sys_oper_log`(`business_type`,`oper_name`,`error_msg`,`method`,`oper_param`,`oper_time`,`dept_name`,`oper_url`,`oper_ip`,`json_result`,`oper_id`,`title`,`request_method`,`operator_type`,`oper_location`,`status`) VALUES(0,'yixiaohu','','/system/wf/flow/addProcess','{"id":3}',1607151363,'','/system/wf/flow/addProcess','192.168.0.198','{"code":0,"msg":"添加成功"}',0,'','POST',1,'',1) ON DUPLICATE KEY UPDATE `title`=VALUES(`title`),`request_method`=VALUES(`request_method`),`operator_type`=VALUES(`operator_type`),`dept_name`=VALUES(`dept_name`),`oper_url`=VALUES(`oper_url`),`oper_ip`=VALUES(`oper_ip`),`json_result`=VALUES(`json_result`),`oper_id`=VALUES(`oper_id`),`status`=VALUES(`status`),`oper_location`=VALUES(`oper_location`),`oper_name`=VALUES(`oper_name`),`error_msg`=VALUES(`error_msg`),`business_type`=VALUES(`business_type`),`oper_param`=VALUES(`oper_param`),`oper_time`=VALUES(`oper_time`),`method`=VALUES(`method`)
2020-12-05 14:56:03.741 [DEBU] [  1 ms] [default] INSERT INTO `sys_oper_log`(`business_type`,`request_method`,`operator_type`,`json_result`,`error_msg`,`oper_location`,`method`,`status`,`oper_time`,`oper_id`,`title`,`oper_name`,`dept_name`,`oper_url`,`oper_ip`,`oper_param`) VALUES(0,'GET',1,'{"code":0,"msg":"ok"}','','','/system/wf/flow/designFlow',1,1607151363,0,'','yixiaohu','','/system/wf/flow/designFlow?id=3','192.168.0.198','{"id":"3"}') ON DUPLICATE KEY UPDATE `json_result`=VALUES(`json_result`),`error_msg`=VALUES(`error_msg`),`business_type`=VALUES(`business_type`),`request_method`=VALUES(`request_method`),`operator_type`=VALUES(`operator_type`),`oper_location`=VALUES(`oper_location`),`method`=VALUES(`method`),`status`=VALUES(`status`),`oper_time`=VALUES(`oper_time`),`dept_name`=VALUES(`dept_name`),`oper_url`=VALUES(`oper_url`),`oper_ip`=VALUES(`oper_ip`),`oper_param`=VALUES(`oper_param`),`oper_id`=VALUES(`oper_id`),`title`=VALUES(`title`),`oper_name`=VALUES(`oper_name`)
2020-12-05 14:56:06.729 [DEBU] [  2 ms] [default] SELECT * FROM `sys_dict_type` WHERE `dict_type`='flow_status' AND `status`=1 LIMIT 1
2020-12-05 14:56:06.732 [DEBU] [  2 ms] [default] SELECT * FROM `sys_dict_data` WHERE `dict_type`='flow_status' ORDER BY `dict_sort` ASC,`dict_code` ASC
2020-12-05 14:56:06.738 [DEBU] [  9 ms] [default] SELECT * FROM `sys_dict_type` WHERE `status`=1 AND `dict_type`='flow_level' LIMIT 1
2020-12-05 14:56:06.740 [DEBU] [  1 ms] [default] SELECT * FROM `sys_dict_data` WHERE `dict_type`='flow_level' ORDER BY `dict_sort` ASC,`dict_code` ASC
2020-12-05 14:56:06.743 [DEBU] [ 15 ms] [default] SHOW FULL COLUMNS FROM `wf_news`
2020-12-05 14:56:06.744 [DEBU] [  1 ms] [default] SELECT COUNT(1) FROM `wf_news`
2020-12-05 14:56:06.745 [DEBU] [  0 ms] [default] SELECT * FROM `wf_news` ORDER BY `id` asc LIMIT 0,10
2020-12-05 14:56:06.748 [DEBU] [  1 ms] [default] SELECT * FROM `wf_run` WHERE `from_id`=1 AND `from_table`='wf_news' AND `is_del`=0 AND `status`=0 ORDER BY `id` desc LIMIT 1
2020-12-05 14:56:06.808 [DEBU] [ 59 ms] [default] SHOW FULL COLUMNS FROM `wf_run_process`
2020-12-05 14:56:06.811 [DEBU] [  1 ms] [default] SELECT * FROM `wf_run_process` WHERE (`run_id`=85) AND (run_flow_process in ('52')  OR FIND_IN_SET(run_flow_process,'52')) AND (`run_flow`=2) AND (`status`=0)
2020-12-05 14:56:06.812 [DEBU] [  1 ms] [default] INSERT INTO `sys_oper_log`(`oper_name`,`oper_ip`,`oper_location`,`title`,`request_method`,`operator_type`,`status`,`oper_id`,`method`,`json_result`,`business_type`,`dept_name`,`oper_url`,`oper_param`,`error_msg`,`oper_time`) VALUES('yixiaohu','192.168.0.198','','','GET',1,1,0,'/system/config/dict/getDicts','{"code":0,"msg":"ok"}',0,'','/system/config/dict/getDicts?dictType=flow_status','{"dictType":"flow_status"}','',1607151366) ON DUPLICATE KEY UPDATE `oper_id`=VALUES(`oper_id`),`method`=VALUES(`method`),`json_result`=VALUES(`json_result`),`business_type`=VALUES(`business_type`),`dept_name`=VALUES(`dept_name`),`oper_url`=VALUES(`oper_url`),`oper_param`=VALUES(`oper_param`),`error_msg`=VALUES(`error_msg`),`oper_time`=VALUES(`oper_time`),`oper_name`=VALUES(`oper_name`),`oper_ip`=VALUES(`oper_ip`),`oper_location`=VALUES(`oper_location`),`title`=VALUES(`title`),`request_method`=VALUES(`request_method`),`operator_type`=VALUES(`operator_type`),`status`=VALUES(`status`)
2020-12-05 14:56:06.812 [DEBU] [  0 ms] [default] SELECT * FROM `wf_flow` WHERE `id`=2 LIMIT 1
2020-12-05 14:56:06.814 [DEBU] [  1 ms] [default] SELECT * FROM `wf_flow_process` WHERE `id`=52 LIMIT 1
2020-12-05 14:56:06.816 [DEBU] [  1 ms] [default] SELECT * FROM `wf_flow_process` WHERE `id`=52 LIMIT 1
2020-12-05 14:56:06.819 [DEBU] [  2 ms] [default] SELECT * FROM `wf_flow_process` WHERE id in (9,8)
2020-12-05 14:56:06.822 [DEBU] [  1 ms] [default] SELECT * FROM `wf_run_process` WHERE `id`=359 LIMIT 1
2020-12-05 14:56:06.825 [DEBU] [  1 ms] [default] SELECT * FROM `wf_run_process` WHERE (id < 359) AND (`run_flow`=2) AND (`run_id`=85)
2020-12-05 14:56:06.828 [DEBU] [  1 ms] [default] SELECT * FROM `wf_flow_process` WHERE `id`=7 LIMIT 1
2020-12-05 14:56:06.829 [DEBU] [  1 ms] [default] INSERT INTO `sys_oper_log`(`oper_id`,`method`,`operator_type`,`oper_name`,`dept_name`,`error_msg`,`oper_time`,`oper_url`,`title`,`request_method`,`oper_location`,`json_result`,`status`,`business_type`,`oper_ip`,`oper_param`) VALUES(0,'/system/config/dict/getDicts',1,'yixiaohu','','',1607151366,'/system/config/dict/getDicts?dictType=flow_level','','GET','','{"code":0,"msg":"ok"}',1,0,'192.168.0.198','{"dictType":"flow_level"}') ON DUPLICATE KEY UPDATE `json_result`=VALUES(`json_result`),`status`=VALUES(`status`),`title`=VALUES(`title`),`request_method`=VALUES(`request_method`),`oper_location`=VALUES(`oper_location`),`business_type`=VALUES(`business_type`),`oper_ip`=VALUES(`oper_ip`),`oper_param`=VALUES(`oper_param`),`oper_name`=VALUES(`oper_name`),`dept_name`=VALUES(`dept_name`),`error_msg`=VALUES(`error_msg`),`oper_time`=VALUES(`oper_time`),`oper_id`=VALUES(`oper_id`),`method`=VALUES(`method`),`operator_type`=VALUES(`operator_type`),`oper_url`=VALUES(`oper_url`)
2020-12-05 14:56:06.831 [DEBU] [  1 ms] [default] SELECT * FROM `wf_run_process` WHERE (`run_id`=85) AND (run_flow_process in ('52')  OR FIND_IN_SET(run_flow_process,'52')) AND (`run_flow`=2) AND (`status`=0) LIMIT 1
2020-12-05 14:56:06.833 [DEBU] [  1 ms] [default] SELECT * FROM `wf_flow_process` WHERE `id`=52 LIMIT 1
2020-12-05 14:56:06.836 [DEBU] [  1 ms] [default] SELECT * FROM `wf_flow_process` WHERE `id`=52 LIMIT 1
2020-12-05 14:56:06.838 [DEBU] [  1 ms] [default] SELECT * FROM `wf_flow_process` WHERE id in (9,8)
2020-12-05 14:56:06.850 [DEBU] [ 10 ms] [default] SHOW FULL COLUMNS FROM `wf_run_sign`
2020-12-05 14:56:06.851 [DEBU] [  0 ms] [default] SELECT * FROM `wf_run_sign` WHERE `id`=42 LIMIT 1
2020-12-05 14:56:06.852 [DEBU] [  0 ms] [default] SELECT * FROM `user` WHERE `id`=2 LIMIT 1
2020-12-05 14:56:06.854 [DEBU] [  1 ms] [default] SELECT * FROM `wf_run` WHERE `from_id`=3 AND `from_table`='wf_news' AND `is_del`=0 AND `status`=0 ORDER BY `id` desc LIMIT 1
2020-12-05 14:56:06.857 [DEBU] [  1 ms] [default] SELECT * FROM `wf_run_process` WHERE (`run_id`=87) AND (run_flow_process in ('2')  OR FIND_IN_SET(run_flow_process,'2')) AND (`run_flow`=1) AND (`status`=0)
2020-12-05 14:56:06.859 [DEBU] [  1 ms] [default] SELECT * FROM `wf_flow` WHERE `id`=1 LIMIT 1
2020-12-05 14:56:06.860 [DEBU] [  1 ms] [default] SELECT * FROM `wf_flow_process` WHERE `id`=2 LIMIT 1
2020-12-05 14:56:06.861 [DEBU] [  0 ms] [default] SELECT * FROM `wf_flow_process` WHERE `id`=2 LIMIT 1
2020-12-05 14:56:06.862 [DEBU] [  0 ms] [default] SELECT * FROM `wf_news` WHERE (uid= '1') AND (`id`=3) LIMIT 1
2020-12-05 14:56:06.863 [DEBU] [  0 ms] [default] SELECT * FROM `wf_news` WHERE (title REGEXP  '审批' AND uid= '2') AND (`id`=3) LIMIT 1
2020-12-05 14:56:06.864 [DEBU] [  1 ms] [default] SELECT * FROM `wf_flow_process` WHERE `id`=3 LIMIT 1
2020-12-05 14:56:06.865 [DEBU] [  0 ms] [default] SELECT * FROM `wf_run_process` WHERE `id`=367 LIMIT 1
2020-12-05 14:56:06.867 [DEBU] [  1 ms] [default] SELECT * FROM `wf_run_process` WHERE (id < 367) AND (`run_flow`=1) AND (`run_id`=87)
2020-12-05 14:56:06.868 [DEBU] [  1 ms] [default] SELECT * FROM `wf_flow_process` WHERE `id`=1 LIMIT 1
2020-12-05 14:56:06.939 [DEBU] [  1 ms] [default] INSERT INTO `sys_oper_log`(`oper_name`,`oper_location`,`oper_ip`,`error_msg`,`oper_id`,`business_type`,`oper_url`,`method`,`operator_type`,`dept_name`,`json_result`,`status`,`oper_time`,`title`,`request_method`,`oper_param`) VALUES('yixiaohu','','192.168.0.198','',0,0,'/system/wf/news/list?pageNum=1&pageSize=10','/system/wf/news/list',1,'','{"code":0,"msg":"获取列表数据成功"}',1,1607151366,'','GET','{"pageNum":"1","pageSize":"10"}') ON DUPLICATE KEY UPDATE `method`=VALUES(`method`),`operator_type`=VALUES(`operator_type`),`dept_name`=VALUES(`dept_name`),`title`=VALUES(`title`),`request_method`=VALUES(`request_method`),`oper_param`=VALUES(`oper_param`),`json_result`=VALUES(`json_result`),`status`=VALUES(`status`),`oper_time`=VALUES(`oper_time`),`oper_name`=VALUES(`oper_name`),`oper_location`=VALUES(`oper_location`),`oper_id`=VALUES(`oper_id`),`business_type`=VALUES(`business_type`),`oper_url`=VALUES(`oper_url`),`oper_ip`=VALUES(`oper_ip`),`error_msg`=VALUES(`error_msg`)
2020-12-05 14:56:10.463 [DEBU] [  2 ms] [default] SELECT * FROM `wf_run` WHERE `from_id`=1 AND `from_table`='wf_news' AND `is_del`=0 AND `status`=0 ORDER BY `id` desc LIMIT 1
2020-12-05 14:56:10.467 [DEBU] [  2 ms] [default] SELECT * FROM `wf_run_process` WHERE (`run_id`=85) AND (run_flow_process in ('52')  OR FIND_IN_SET(run_flow_process,'52')) AND (`run_flow`=2) AND (`status`=0)
2020-12-05 14:56:10.471 [DEBU] [  1 ms] [default] SELECT * FROM `wf_flow` WHERE `id`=2 LIMIT 1
2020-12-05 14:56:10.473 [DEBU] [  1 ms] [default] SELECT * FROM `wf_flow_process` WHERE `id`=52 LIMIT 1
2020-12-05 14:56:10.478 [DEBU] [  2 ms] [default] SELECT * FROM `wf_flow_process` WHERE `id`=52 LIMIT 1
2020-12-05 14:56:10.482 [DEBU] [  2 ms] [default] SELECT * FROM `wf_flow_process` WHERE id in (9,8)
2020-12-05 14:56:10.487 [DEBU] [  1 ms] [default] SELECT * FROM `wf_run_process` WHERE `id`=359 LIMIT 1
2020-12-05 14:56:10.490 [DEBU] [  1 ms] [default] SELECT * FROM `wf_run_process` WHERE (id < 359) AND (`run_flow`=2) AND (`run_id`=85)
2020-12-05 14:56:10.492 [DEBU] [  1 ms] [default] SELECT * FROM `wf_flow_process` WHERE `id`=7 LIMIT 1
2020-12-05 14:56:10.496 [DEBU] [  1 ms] [default] SELECT * FROM `wf_run_process` WHERE (`run_id`=85) AND (run_flow_process in ('52')  OR FIND_IN_SET(run_flow_process,'52')) AND (`run_flow`=2) AND (`status`=0) LIMIT 1
2020-12-05 14:56:10.498 [DEBU] [  1 ms] [default] SELECT * FROM `wf_flow_process` WHERE `id`=52 LIMIT 1
2020-12-05 14:56:10.501 [DEBU] [  1 ms] [default] SELECT * FROM `wf_flow_process` WHERE `id`=52 LIMIT 1
2020-12-05 14:56:10.504 [DEBU] [  2 ms] [default] SELECT * FROM `wf_flow_process` WHERE id in (9,8)
2020-12-05 14:56:10.507 [DEBU] [  1 ms] [default] SELECT * FROM `wf_run_sign` WHERE `id`=42 LIMIT 1
2020-12-05 14:56:10.516 [DEBU] [  8 ms] [default] SHOW FULL COLUMNS FROM `wf_run_log`
2020-12-05 14:56:10.518 [DEBU] [  1 ms] [default] SELECT * FROM `wf_run_log` WHERE `from_id`=1 AND `from_table`='wf_news'
2020-12-05 14:56:10.521 [DEBU] [  1 ms] [default] SELECT * FROM `user` WHERE `id`=1 LIMIT 1
2020-12-05 14:56:10.522 [DEBU] [  1 ms] [default] SELECT * FROM `user` WHERE `id`=2 LIMIT 1
2020-12-05 14:56:10.523 [DEBU] [  0 ms] [default] SELECT * FROM `user` WHERE `id`=2 LIMIT 1
2020-12-05 14:56:10.525 [DEBU] [  1 ms] [default] SELECT * FROM `user` WHERE `id`=2 LIMIT 1
2020-12-05 14:56:10.526 [DEBU] [  1 ms] [default] SELECT * FROM `user` WHERE `id`=2 LIMIT 1
2020-12-05 14:56:10.528 [DEBU] [  1 ms] [default] SELECT * FROM `user` WHERE `id`=2 LIMIT 1
2020-12-05 14:56:10.529 [DEBU] [  1 ms] [default] SELECT * FROM `user` WHERE `id`=2 LIMIT 1
2020-12-05 14:56:10.530 [DEBU] [  0 ms] [default] SELECT * FROM `wf_news` WHERE `id`=1 LIMIT 1
2020-12-05 14:56:10.612 [DEBU] [  1 ms] [default] INSERT INTO `sys_oper_log`(`method`,`oper_ip`,`error_msg`,`business_type`,`oper_name`,`json_result`,`request_method`,`operator_type`,`oper_url`,`oper_location`,`oper_param`,`status`,`oper_time`,`oper_id`,`title`,`dept_name`) VALUES('/system/wf/flow/wfCheck','192.168.0.198','',0,'yixiaohu','{"code":0,"msg":"ok"}','GET',1,'/system/wf/flow/wfCheck?wf_type=wf_news&wf_title=2&wf_status_field=status&wf_fid=1','','{"wf_fid":"1","wf_status_field":"status","wf_title":"2","wf_type":"wf_news"}',1,1607151370,0,'','') ON DUPLICATE KEY UPDATE `request_method`=VALUES(`request_method`),`operator_type`=VALUES(`operator_type`),`oper_param`=VALUES(`oper_param`),`status`=VALUES(`status`),`oper_time`=VALUES(`oper_time`),`oper_id`=VALUES(`oper_id`),`title`=VALUES(`title`),`dept_name`=VALUES(`dept_name`),`oper_url`=VALUES(`oper_url`),`oper_location`=VALUES(`oper_location`),`method`=VALUES(`method`),`oper_ip`=VALUES(`oper_ip`),`business_type`=VALUES(`business_type`),`oper_name`=VALUES(`oper_name`),`json_result`=VALUES(`json_result`),`error_msg`=VALUES(`error_msg`)
2020-12-05 14:56:23.239 [DEBU] [  2 ms] [default] SELECT * FROM `wf_run_process` WHERE (`run_id`=85) AND (run_flow_process in ('0')  OR FIND_IN_SET(run_flow_process,'0')) LIMIT 1
2020-12-05 14:56:23.323 [DEBU] [  2 ms] [default] INSERT INTO `sys_oper_log`(`oper_param`,`oper_id`,`title`,`method`,`oper_name`,`dept_name`,`oper_ip`,`business_type`,`json_result`,`status`,`error_msg`,`request_method`,`operator_type`,`oper_url`,`oper_location`,`oper_time`) VALUES('{"backId":"0","runId":"85"}',0,'','/system/wf/flow/getBackTodo','yixiaohu','','192.168.0.198',0,'{"code":0,"msg":"ok"}',1,'','GET',1,'/system/wf/flow/getBackTodo?backId=0&runId=85','',1607151383) ON DUPLICATE KEY UPDATE `request_method`=VALUES(`request_method`),`operator_type`=VALUES(`operator_type`),`oper_url`=VALUES(`oper_url`),`oper_location`=VALUES(`oper_location`),`oper_time`=VALUES(`oper_time`),`oper_id`=VALUES(`oper_id`),`title`=VALUES(`title`),`method`=VALUES(`method`),`oper_name`=VALUES(`oper_name`),`dept_name`=VALUES(`dept_name`),`oper_param`=VALUES(`oper_param`),`oper_ip`=VALUES(`oper_ip`),`business_type`=VALUES(`business_type`),`json_result`=VALUES(`json_result`),`status`=VALUES(`status`),`error_msg`=VALUES(`error_msg`)
2020-12-05 14:56:25.195 [DEBU] [  1 ms] [default] INSERT INTO `sys_oper_log`(`request_method`,`oper_ip`,`json_result`,`oper_time`,`oper_id`,`method`,`oper_url`,`oper_location`,`status`,`operator_type`,`error_msg`,`title`,`business_type`,`oper_name`,`dept_name`,`oper_param`) VALUES('POST','192.168.0.198','{"code":-1,"msg":"该功能仅对捐赠用户开放，捐赠299即可获得完整工作流功能及配套视频。"}',1607151385,0,'/system/wf/flow/checkSave','/system/wf/flow/checkSave','',0,1,'','',0,'yixiaohu','','{"bTodo":"","btodo":"","flowId":2,"flowProcess":52,"npid":"9,8","runId":85,"runProcess":359,"singSt":1,"submitToSave":"sback","sup":"0","todo":"","wfBackFlow":"0","wfFid":1,"wfMode":0,"wfStatusField":"status","wfTitle":"2","wfType":"wf_news"}') ON DUPLICATE KEY UPDATE `oper_url`=VALUES(`oper_url`),`oper_location`=VALUES(`oper_location`),`status`=VALUES(`status`),`oper_id`=VALUES(`oper_id`),`method`=VALUES(`method`),`operator_type`=VALUES(`operator_type`),`error_msg`=VALUES(`error_msg`),`oper_name`=VALUES(`oper_name`),`dept_name`=VALUES(`dept_name`),`oper_param`=VALUES(`oper_param`),`title`=VALUES(`title`),`business_type`=VALUES(`business_type`),`json_result`=VALUES(`json_result`),`oper_time`=VALUES(`oper_time`),`request_method`=VALUES(`request_method`),`oper_ip`=VALUES(`oper_ip`)
2020-12-05 14:56:45.914 [DEBU] [  6 ms] [default] SELECT * FROM `wf_run` WHERE `status` IN (0) ORDER BY `id` asc
2020-12-05 14:56:45.918 [DEBU] [  1 ms] [default] SELECT * FROM `wf_flow` WHERE `id`=2 LIMIT 1
2020-12-05 14:56:45.922 [DEBU] [  2 ms] [default] SELECT * FROM `wf_run_process` WHERE `run_id`=85 AND `run_flow_process`='52'
2020-12-05 14:56:45.925 [DEBU] [  1 ms] [default] SELECT * FROM `wf_flow` WHERE `id`=1 LIMIT 1
2020-12-05 14:56:45.929 [DEBU] [  2 ms] [default] SELECT * FROM `wf_run_process` WHERE `run_id`=87 AND `run_flow_process`='2'
2020-12-05 14:56:45.983 [DEBU] [  2 ms] [default] INSERT INTO `sys_oper_log`(`oper_ip`,`status`,`error_msg`,`oper_time`,`oper_id`,`operator_type`,`json_result`,`method`,`oper_name`,`oper_location`,`oper_param`,`oper_url`,`title`,`business_type`,`request_method`,`dept_name`) VALUES('192.168.0.198',1,'',1607151405,0,1,'{"code":0,"msg":"ok"}','/system/config/dict/getDicts','yixiaohu','','{"dictType":"flow_level"}','/system/config/dict/getDicts?dictType=flow_level','',0,'GET','') ON DUPLICATE KEY UPDATE `oper_id`=VALUES(`oper_id`),`operator_type`=VALUES(`operator_type`),`oper_location`=VALUES(`oper_location`),`oper_param`=VALUES(`oper_param`),`json_result`=VALUES(`json_result`),`method`=VALUES(`method`),`oper_name`=VALUES(`oper_name`),`request_method`=VALUES(`request_method`),`dept_name`=VALUES(`dept_name`),`oper_url`=VALUES(`oper_url`),`title`=VALUES(`title`),`business_type`=VALUES(`business_type`),`error_msg`=VALUES(`error_msg`),`oper_time`=VALUES(`oper_time`),`oper_ip`=VALUES(`oper_ip`),`status`=VALUES(`status`)
2020-12-05 14:56:46.024 [DEBU] [  1 ms] [default] INSERT INTO `sys_oper_log`(`oper_location`,`oper_id`,`operator_type`,`dept_name`,`oper_url`,`oper_ip`,`method`,`json_result`,`oper_time`,`title`,`request_method`,`oper_param`,`status`,`error_msg`,`business_type`,`oper_name`) VALUES('',0,1,'','/system/wf/flow/monitoring','192.168.0.198','/system/wf/flow/monitoring','{"code":0,"msg":"ok"}',1607151406,'流程监控','GET','{}',1,'',0,'yixiaohu') ON DUPLICATE KEY UPDATE `title`=VALUES(`title`),`request_method`=VALUES(`request_method`),`oper_param`=VALUES(`oper_param`),`status`=VALUES(`status`),`error_msg`=VALUES(`error_msg`),`oper_time`=VALUES(`oper_time`),`business_type`=VALUES(`business_type`),`oper_name`=VALUES(`oper_name`),`oper_id`=VALUES(`oper_id`),`operator_type`=VALUES(`operator_type`),`dept_name`=VALUES(`dept_name`),`oper_url`=VALUES(`oper_url`),`oper_ip`=VALUES(`oper_ip`),`oper_location`=VALUES(`oper_location`),`method`=VALUES(`method`),`json_result`=VALUES(`json_result`)
2020-12-05 15:00:05.502 [DEBU] [  3 ms] [default] SELECT COUNT(1) FROM `user_online`
2020-12-05 15:00:05.504 [DEBU] [  1 ms] [default] SELECT * FROM `user_online` ORDER BY `create_time` DESC LIMIT 0,50
2020-12-05 15:10:05.504 [DEBU] [  5 ms] [default] SELECT COUNT(1) FROM `user_online`
2020-12-05 15:10:05.506 [DEBU] [  0 ms] [default] SELECT * FROM `user_online` ORDER BY `create_time` DESC LIMIT 0,50
2020-12-05 15:20:05.503 [DEBU] [  4 ms] [default] SELECT COUNT(1) FROM `user_online`
2020-12-05 15:20:05.507 [DEBU] [  1 ms] [default] SELECT * FROM `user_online` ORDER BY `create_time` DESC LIMIT 0,50
2020-12-05 15:30:05.502 [DEBU] [  4 ms] [default] SELECT COUNT(1) FROM `user_online`
2020-12-05 15:30:05.504 [DEBU] [  0 ms] [default] SELECT * FROM `user_online` ORDER BY `create_time` DESC LIMIT 0,50
2020-12-05 15:39:08.637 [DEBU] [  3 ms] [default] SELECT COUNT(1) FROM `sys_login_log`
2020-12-05 15:39:08.638 [DEBU] [  1 ms] [default] SELECT * FROM `sys_login_log` ORDER BY `info_id` DESC LIMIT 0,10
2020-12-05 15:39:08.653 [DEBU] [  9 ms] [default] SELECT * FROM `sys_dict_type` WHERE `dict_type`='admin_login_status' AND `status`=1 LIMIT 1
2020-12-05 15:39:08.654 [DEBU] [  1 ms] [default] SELECT * FROM `sys_dict_data` WHERE `dict_type`='admin_login_status' ORDER BY `dict_sort` ASC,`dict_code` ASC
2020-12-05 15:39:09.102 [DEBU] [  1 ms] [default] INSERT INTO `sys_oper_log`(`oper_name`,`dept_name`,`oper_location`,`oper_time`,`business_type`,`method`,`status`,`oper_param`,`json_result`,`error_msg`,`oper_url`,`oper_ip`,`request_method`,`operator_type`,`oper_id`,`title`) VALUES('yixiaohu','','',1607153949,0,'/system/monitor/loginlog/list',1,'{"beginTime":"","endTime":"","pageNum":"1","pageSize":"10"}','{"code":0,"msg":"登录日志列表"}','','/system/monitor/loginlog/list?pageNum=1&pageSize=10&beginTime=&endTime=','192.168.0.212','GET',1,0,'') ON DUPLICATE KEY UPDATE `oper_id`=VALUES(`oper_id`),`title`=VALUES(`title`),`request_method`=VALUES(`request_method`),`operator_type`=VALUES(`operator_type`),`oper_time`=VALUES(`oper_time`),`business_type`=VALUES(`business_type`),`method`=VALUES(`method`),`oper_name`=VALUES(`oper_name`),`dept_name`=VALUES(`dept_name`),`oper_location`=VALUES(`oper_location`),`status`=VALUES(`status`),`oper_url`=VALUES(`oper_url`),`oper_ip`=VALUES(`oper_ip`),`oper_param`=VALUES(`oper_param`),`json_result`=VALUES(`json_result`),`error_msg`=VALUES(`error_msg`)
2020-12-05 15:39:11.550 [DEBU] [  0 ms] [default] SELECT COUNT(1) FROM `sys_login_log`
2020-12-05 15:39:11.551 [DEBU] [  0 ms] [default] SELECT * FROM `sys_login_log` ORDER BY `info_id` DESC LIMIT 0,10
2020-12-05 15:39:11.638 [DEBU] [  5 ms] [default] INSERT INTO `sys_oper_log`(`request_method`,`dept_name`,`oper_location`,`status`,`oper_time`,`title`,`operator_type`,`oper_name`,`business_type`,`method`,`oper_url`,`oper_ip`,`oper_param`,`json_result`,`error_msg`,`oper_id`) VALUES('GET','','',1,1607153951,'',1,'yixiaohu',0,'/system/monitor/loginlog/list','/system/monitor/loginlog/list?pageNum=1&pageSize=10&beginTime=&endTime=','192.168.0.212','{"beginTime":"","endTime":"","pageNum":"1","pageSize":"10"}','{"code":0,"msg":"登录日志列表"}','',0) ON DUPLICATE KEY UPDATE `dept_name`=VALUES(`dept_name`),`oper_location`=VALUES(`oper_location`),`status`=VALUES(`status`),`oper_time`=VALUES(`oper_time`),`title`=VALUES(`title`),`request_method`=VALUES(`request_method`),`oper_name`=VALUES(`oper_name`),`business_type`=VALUES(`business_type`),`operator_type`=VALUES(`operator_type`),`oper_url`=VALUES(`oper_url`),`oper_ip`=VALUES(`oper_ip`),`oper_param`=VALUES(`oper_param`),`json_result`=VALUES(`json_result`),`error_msg`=VALUES(`error_msg`),`oper_id`=VALUES(`oper_id`),`method`=VALUES(`method`)
2020-12-05 15:39:18.588 [DEBU] [ 37 ms] [default] SHOW FULL COLUMNS FROM `cms_category`
2020-12-05 15:39:18.589 [DEBU] [  0 ms] [default] SELECT * FROM `cms_category` ORDER BY `list_order` ASC,`id` ASC
2020-12-05 15:39:18.604 [DEBU] [ 11 ms] [default] SHOW FULL COLUMNS FROM `cms_news`
2020-12-05 15:39:18.605 [DEBU] [  1 ms] [default] SELECT COUNT(1) FROM `cms_news` news LEFT JOIN `user` user ON (news.user_id=user.id)
2020-12-05 15:39:18.605 [DEBU] [  0 ms] [default] SELECT news.*,user.user_nickname FROM `cms_news` news LEFT JOIN `user` user ON (news.user_id=user.id) ORDER BY `published_time` desc,`news`.`id` desc LIMIT 0,10
2020-12-05 15:39:18.615 [DEBU] [  6 ms] [default] SHOW FULL COLUMNS FROM `cms_category_news`
2020-12-05 15:39:18.630 [DEBU] [ 14 ms] [default] SELECT * FROM `cms_category_news` WHERE `news_id`=130
2020-12-05 15:39:18.630 [DEBU] [  0 ms] [default] SELECT * FROM `cms_category_news` WHERE `news_id`=129
2020-12-05 15:39:18.631 [DEBU] [  0 ms] [default] SELECT * FROM `cms_category_news` WHERE `news_id`=128
2020-12-05 15:39:18.634 [DEBU] [  1 ms] [default] SELECT * FROM `cms_category_news` WHERE `news_id`=127
2020-12-05 15:39:18.635 [DEBU] [  1 ms] [default] SELECT * FROM `cms_category_news` WHERE `news_id`=126
2020-12-05 15:39:18.636 [DEBU] [  0 ms] [default] SELECT * FROM `cms_category_news` WHERE `news_id`=125
2020-12-05 15:39:18.636 [DEBU] [  0 ms] [default] SELECT * FROM `cms_category_news` WHERE `news_id`=124
2020-12-05 15:39:18.636 [DEBU] [  0 ms] [default] SELECT * FROM `cms_category_news` WHERE `news_id`=123
2020-12-05 15:39:18.637 [DEBU] [  0 ms] [default] SELECT * FROM `cms_category_news` WHERE `news_id`=122
2020-12-05 15:39:18.638 [DEBU] [  1 ms] [default] SELECT * FROM `cms_category_news` WHERE `news_id`=121
2020-12-05 15:39:18.639 [DEBU] [  0 ms] [default] SELECT * FROM `sys_dict_type` WHERE `dict_type`='cms_news_pub_type' AND `status`=1 LIMIT 1
2020-12-05 15:39:18.640 [DEBU] [  1 ms] [default] SELECT * FROM `sys_dict_data` WHERE `dict_type`='cms_news_pub_type' ORDER BY `dict_sort` ASC,`dict_code` ASC
2020-12-05 15:39:18.642 [DEBU] [  1 ms] [default] SELECT * FROM `sys_dict_type` WHERE `dict_type`='cms_news_attr' AND `status`=1 LIMIT 1
2020-12-05 15:39:18.643 [DEBU] [  1 ms] [default] SELECT * FROM `sys_dict_data` WHERE `dict_type`='cms_news_attr' ORDER BY `dict_sort` ASC,`dict_code` ASC
2020-12-05 15:39:18.644 [DEBU] [  0 ms] [default] SELECT * FROM `sys_dict_type` WHERE `dict_type`='cms_news_type' AND `status`=1 LIMIT 1
2020-12-05 15:39:18.645 [DEBU] [  0 ms] [default] SELECT * FROM `sys_dict_data` WHERE `dict_type`='cms_news_type' ORDER BY `dict_sort` ASC,`dict_code` ASC
2020-12-05 15:39:18.718 [DEBU] [  1 ms] [default] INSERT INTO `sys_oper_log`(`request_method`,`json_result`,`oper_time`,`dept_name`,`oper_url`,`oper_param`,`status`,`error_msg`,`oper_id`,`title`,`operator_type`,`oper_ip`,`business_type`,`method`,`oper_name`,`oper_location`) VALUES('GET','{"code":0,"msg":"信息列表"}',1607153958,'','/system/cms/news/list?pageNum=1&pageSize=10&keyWords=','{"keyWords":"","pageNum":"1","pageSize":"10"}',1,'',0,'文章管理',1,'192.168.0.212',0,'/system/cms/news/list','yixiaohu','') ON DUPLICATE KEY UPDATE `oper_param`=VALUES(`oper_param`),`status`=VALUES(`status`),`dept_name`=VALUES(`dept_name`),`oper_url`=VALUES(`oper_url`),`operator_type`=VALUES(`operator_type`),`oper_ip`=VALUES(`oper_ip`),`error_msg`=VALUES(`error_msg`),`oper_id`=VALUES(`oper_id`),`title`=VALUES(`title`),`oper_name`=VALUES(`oper_name`),`oper_location`=VALUES(`oper_location`),`business_type`=VALUES(`business_type`),`method`=VALUES(`method`),`oper_time`=VALUES(`oper_time`),`request_method`=VALUES(`request_method`),`json_result`=VALUES(`json_result`)
2020-12-05 15:39:25.272 [DEBU] [  0 ms] [default] SELECT COUNT(1) FROM `sys_oper_log`
2020-12-05 15:39:25.273 [DEBU] [  1 ms] [default] SELECT * FROM `sys_oper_log` ORDER BY `oper_id` DESC LIMIT 0,10
2020-12-05 15:39:25.275 [DEBU] [  2 ms] [default] SELECT * FROM `sys_dict_type` WHERE `dict_type`='sysCommonStatus' AND `status`=1 LIMIT 1
2020-12-05 15:39:25.280 [DEBU] [  3 ms] [default] SELECT * FROM `sys_dict_type` WHERE `dict_type`='sys_oper_log_status' AND `status`=1 LIMIT 1
2020-12-05 15:39:25.282 [DEBU] [  1 ms] [default] SELECT * FROM `sys_dict_data` WHERE `dict_type`='sys_oper_log_status' ORDER BY `dict_sort` ASC,`dict_code` ASC
2020-12-05 15:39:25.357 [DEBU] [  0 ms] [default] INSERT INTO `sys_oper_log`(`oper_id`,`method`,`oper_ip`,`oper_location`,`oper_param`,`oper_time`,`business_type`,`json_result`,`error_msg`,`request_method`,`oper_url`,`status`,`title`,`operator_type`,`oper_name`,`dept_name`) VALUES(0,'/system/config/dict/getDicts','192.168.0.212','','{"dictType":"sysCommonStatus"}',1607153965,0,'{"code":0,"msg":"ok"}','','GET','/system/config/dict/getDicts?dictType=sysCommonStatus',1,'',1,'yixiaohu','') ON DUPLICATE KEY UPDATE `title`=VALUES(`title`),`operator_type`=VALUES(`operator_type`),`oper_name`=VALUES(`oper_name`),`dept_name`=VALUES(`dept_name`),`oper_id`=VALUES(`oper_id`),`method`=VALUES(`method`),`oper_ip`=VALUES(`oper_ip`),`oper_location`=VALUES(`oper_location`),`oper_param`=VALUES(`oper_param`),`oper_time`=VALUES(`oper_time`),`business_type`=VALUES(`business_type`),`json_result`=VALUES(`json_result`),`error_msg`=VALUES(`error_msg`),`request_method`=VALUES(`request_method`),`oper_url`=VALUES(`oper_url`),`status`=VALUES(`status`)
2020-12-05 15:39:25.368 [DEBU] [  3 ms] [default] INSERT INTO `sys_oper_log`(`title`,`oper_location`,`status`,`oper_time`,`oper_id`,`request_method`,`oper_param`,`error_msg`,`business_type`,`method`,`operator_type`,`oper_name`,`dept_name`,`oper_url`,`oper_ip`,`json_result`) VALUES('','',1,1607153965,0,'GET','{"beginTime":"","endTime":"","pageNum":"1","pageSize":"10"}','',0,'/system/monitor/operlog/list',1,'yixiaohu','','/system/monitor/operlog/list?pageNum=1&pageSize=10&beginTime=&endTime=','192.168.0.212','{"code":0,"msg":"操作日志列表"}') ON DUPLICATE KEY UPDATE `oper_time`=VALUES(`oper_time`),`title`=VALUES(`title`),`oper_location`=VALUES(`oper_location`),`status`=VALUES(`status`),`error_msg`=VALUES(`error_msg`),`oper_id`=VALUES(`oper_id`),`request_method`=VALUES(`request_method`),`oper_param`=VALUES(`oper_param`),`oper_name`=VALUES(`oper_name`),`dept_name`=VALUES(`dept_name`),`business_type`=VALUES(`business_type`),`method`=VALUES(`method`),`operator_type`=VALUES(`operator_type`),`oper_url`=VALUES(`oper_url`),`oper_ip`=VALUES(`oper_ip`),`json_result`=VALUES(`json_result`)
2020-12-05 15:40:05.503 [DEBU] [  5 ms] [default] SELECT COUNT(1) FROM `user_online`
2020-12-05 15:40:05.505 [DEBU] [  1 ms] [default] SELECT * FROM `user_online` ORDER BY `create_time` DESC LIMIT 0,50
2020-12-05 15:50:05.503 [DEBU] [  5 ms] [default] SELECT COUNT(1) FROM `user_online`
2020-12-05 15:50:05.507 [DEBU] [  1 ms] [default] SELECT * FROM `user_online` ORDER BY `create_time` DESC LIMIT 0,50
2020-12-05 16:00:05.503 [DEBU] [  5 ms] [default] SELECT COUNT(1) FROM `user_online`
2020-12-05 16:00:05.507 [DEBU] [  1 ms] [default] SELECT * FROM `user_online` ORDER BY `create_time` DESC LIMIT 0,50
2020-12-05 16:10:05.503 [DEBU] [  5 ms] [default] SELECT COUNT(1) FROM `user_online`
2020-12-05 16:10:05.506 [DEBU] [  1 ms] [default] SELECT * FROM `user_online` ORDER BY `create_time` DESC LIMIT 0,50
2020-12-05 16:20:05.504 [DEBU] [  4 ms] [default] SELECT COUNT(1) FROM `user_online`
2020-12-05 16:20:05.508 [DEBU] [  1 ms] [default] SELECT * FROM `user_online` ORDER BY `create_time` DESC LIMIT 0,50
2020-12-05 16:30:05.504 [DEBU] [  4 ms] [default] SELECT COUNT(1) FROM `user_online`
2020-12-05 16:30:05.508 [DEBU] [  1 ms] [default] SELECT * FROM `user_online` ORDER BY `create_time` DESC LIMIT 0,50
2020-12-05 16:40:05.506 [DEBU] [  5 ms] [default] SELECT COUNT(1) FROM `user_online`
2020-12-05 16:40:05.508 [DEBU] [  1 ms] [default] SELECT * FROM `user_online` ORDER BY `create_time` DESC LIMIT 0,50
2020-12-05 16:50:05.504 [DEBU] [  5 ms] [default] SELECT COUNT(1) FROM `user_online`
2020-12-05 16:50:05.507 [DEBU] [  1 ms] [default] SELECT * FROM `user_online` ORDER BY `create_time` DESC LIMIT 0,50
2020-12-05 17:00:05.505 [DEBU] [  5 ms] [default] SELECT COUNT(1) FROM `user_online`
2020-12-05 17:00:05.508 [DEBU] [  0 ms] [default] SELECT * FROM `user_online` ORDER BY `create_time` DESC LIMIT 0,50
2020-12-05 17:10:05.501 [DEBU] [  2 ms] [default] SELECT COUNT(1) FROM `user_online`
2020-12-05 17:10:05.502 [DEBU] [  0 ms] [default] SELECT * FROM `user_online` ORDER BY `create_time` DESC LIMIT 0,50
2020-12-05 17:20:05.500 [DEBU] [  2 ms] [default] SELECT COUNT(1) FROM `user_online`
2020-12-05 17:20:05.501 [DEBU] [  1 ms] [default] SELECT * FROM `user_online` ORDER BY `create_time` DESC LIMIT 0,50
