2020-12-18 15:09:04.700 [DEBU] [121 ms] [default] SHOW FULL COLUMNS FROM `sys_job`
2020-12-18 15:09:04.702 [DEBU] [  1 ms] [default] SELECT * FROM `sys_job` WHERE `status`=0
2020-12-18 15:09:04.704 [DEBU] [  1 ms] [default] INSERT INTO `sys_job`(`job_id`,`remark`,`invoke_target`,`cron_expression`,`job_name`,`job_group`,`misfire_policy`,`status`,`update_time`,`job_params`,`concurrent`,`create_by`,`create_time`,`update_by`) VALUES(8,'','checkUserOnline','5 */10 * * * *','在线用户定时更新','DEFAULT',1,0,1596768044,'',0,2,1596763977,2) ON DUPLICATE KEY UPDATE `invoke_target`=VALUES(`invoke_target`),`cron_expression`=VALUES(`cron_expression`),`update_time`=VALUES(`update_time`),`job_name`=VALUES(`job_name`),`job_group`=VALUES(`job_group`),`misfire_policy`=VALUES(`misfire_policy`),`status`=VALUES(`status`),`update_by`=VALUES(`update_by`),`job_params`=VALUES(`job_params`),`concurrent`=VALUES(`concurrent`),`create_by`=VALUES(`create_by`),`create_time`=VALUES(`create_time`),`job_id`=VALUES(`job_id`),`remark`=VALUES(`remark`)
2020-12-18 15:10:05.488 [DEBU] [ 66 ms] [default] SHOW FULL COLUMNS FROM `user_online`
2020-12-18 15:10:05.491 [DEBU] [  1 ms] [default] SELECT COUNT(1) FROM `user_online`
2020-12-18 15:10:05.495 [DEBU] [  1 ms] [default] SELECT * FROM `user_online` ORDER BY `create_time` DESC LIMIT 0,50
2020-12-18 15:10:05.502 [DEBU] [  2 ms] [default] DELETE FROM `user_online` WHERE `id`=16376
2020-12-18 15:10:05.505 [DEBU] [  2 ms] [default] DELETE FROM `user_online` WHERE `id`=16371
2020-12-18 15:10:05.510 [DEBU] [  2 ms] [default] DELETE FROM `user_online` WHERE `id`=16370
2020-12-18 15:10:05.513 [DEBU] [  2 ms] [default] DELETE FROM `user_online` WHERE `id`=16368
2020-12-18 15:10:10.770 [DEBU] [ 34 ms] [default] SHOW FULL COLUMNS FROM `user`
2020-12-18 15:10:10.773 [DEBU] [  1 ms] [default] SELECT * FROM `user` WHERE user_name='demo' and user_password='9OFlt5qzzvCiZWhe7ilcLA==' LIMIT 1
2020-12-18 15:10:10.845 [DEBU] [ 71 ms] [default] INSERT INTO `user`(`last_login_time`,`user_name`,`mobile`,`user_nickname`,`birthday`,`sex`,`dept_id`,`is_admin`,`id`,`create_time`,`user_password`,`user_status`,`avatar`,`user_email`,`last_login_ip`,`remark`) VALUES(1608275410,'demo','18699888856','测试账号',0,2,109,1,31,1581314770,'9OFlt5qzzvCiZWhe7ilcLA==',1,'pub_upload/2020-09-03/c5disauti1wogasemy.jpeg','223@qq.com','[::1]','') ON DUPLICATE KEY UPDATE `user_email`=VALUES(`user_email`),`last_login_ip`=VALUES(`last_login_ip`),`remark`=VALUES(`remark`),`birthday`=VALUES(`birthday`),`sex`=VALUES(`sex`),`last_login_time`=VALUES(`last_login_time`),`user_name`=VALUES(`user_name`),`mobile`=VALUES(`mobile`),`user_nickname`=VALUES(`user_nickname`),`user_status`=VALUES(`user_status`),`avatar`=VALUES(`avatar`),`dept_id`=VALUES(`dept_id`),`is_admin`=VALUES(`is_admin`),`id`=VALUES(`id`),`create_time`=VALUES(`create_time`),`user_password`=VALUES(`user_password`)
2020-12-18 15:10:10.849 [DEBU] [  3 ms] [default] INSERT INTO `user_online`(`os`,`id`,`uuid`,`token`,`create_time`,`user_name`,`ip`,`explorer`) VALUES('Windows 10',0,'52725eb00365253d18aefce9ae1a06ba','fCLUxFpxP3QqVAezWSiqJ34BRz5YTp2qDGmH5L5jiv7IuTjnVwU1hMxIMAIJawrfJFizru+1g8PX3GH282IppCwz8ziLlk2HSvZplu7sBFGGbPxOFIC7tCXIk4IPG1K9',1608275410,'demo','[::1]','Chrome') ON DUPLICATE KEY UPDATE `token`=VALUES(`token`),`create_time`=VALUES(`create_time`),`user_name`=VALUES(`user_name`),`ip`=VALUES(`ip`),`explorer`=VALUES(`explorer`),`os`=VALUES(`os`),`id`=VALUES(`id`),`uuid`=VALUES(`uuid`)
2020-12-18 15:10:10.869 [DEBU] [  0 ms] [default] SELECT * FROM `user` WHERE `id`=31 LIMIT 1
2020-12-18 15:10:10.902 [DEBU] [ 57 ms] [default] SHOW FULL COLUMNS FROM `sys_login_log`
2020-12-18 15:10:10.918 [DEBU] [ 48 ms] [default] SHOW FULL COLUMNS FROM `role`
2020-12-18 15:10:10.919 [DEBU] [ 16 ms] [default] INSERT INTO `sys_login_log`(`login_location`,`browser`,`msg`,`login_time`,`login_name`,`ipaddr`,`status`,`module`,`info_id`,`os`) VALUES('内网IP','Chrome','登录成功',1608275410,'demo','[::1]',1,'系统后台',0,'Windows 10') ON DUPLICATE KEY UPDATE `login_time`=VALUES(`login_time`),`login_name`=VALUES(`login_name`),`ipaddr`=VALUES(`ipaddr`),`login_location`=VALUES(`login_location`),`browser`=VALUES(`browser`),`msg`=VALUES(`msg`),`info_id`=VALUES(`info_id`),`os`=VALUES(`os`),`status`=VALUES(`status`),`module`=VALUES(`module`)
2020-12-18 15:10:10.919 [DEBU] [  0 ms] [default] SELECT * FROM `role` ORDER BY `list_order` asc,`id` asc
2020-12-18 15:10:10.963 [DEBU] [ 42 ms] [default] SHOW FULL COLUMNS FROM `casbin_rule`
2020-12-18 15:10:10.999 [DEBU] [ 35 ms] [default] SELECT * FROM `casbin_rule`
2020-12-18 15:10:11.029 [DEBU] [ 22 ms] [default] SHOW FULL COLUMNS FROM `auth_rule`
2020-12-18 15:10:11.035 [DEBU] [  5 ms] [default] SELECT * FROM `auth_rule` ORDER BY `weigh` desc,`id` asc
2020-12-18 15:10:11.163 [DEBU] [100 ms] [default] SHOW FULL COLUMNS FROM `sys_oper_log`
2020-12-18 15:10:11.164 [DEBU] [116 ms] [default] SHOW FULL COLUMNS FROM `sys_oper_log`
2020-12-18 15:10:11.184 [DEBU] [ 20 ms] [default] INSERT INTO `sys_oper_log`(`title`,`operator_type`,`method`,`dept_name`,`oper_location`,`oper_id`,`oper_url`,`json_result`,`business_type`,`request_method`,`oper_name`,`oper_ip`,`oper_param`,`status`,`error_msg`,`oper_time`) VALUES('',1,'/system/index/getRouters','','内网IP',0,'/system/index/getRouters','{"code":0,"msg":"ok"}',0,'GET','demo','[::1]','{}',1,'',1608275411) ON DUPLICATE KEY UPDATE `oper_id`=VALUES(`oper_id`),`oper_url`=VALUES(`oper_url`),`json_result`=VALUES(`json_result`),`error_msg`=VALUES(`error_msg`),`oper_time`=VALUES(`oper_time`),`business_type`=VALUES(`business_type`),`request_method`=VALUES(`request_method`),`oper_name`=VALUES(`oper_name`),`oper_ip`=VALUES(`oper_ip`),`oper_param`=VALUES(`oper_param`),`status`=VALUES(`status`),`title`=VALUES(`title`),`operator_type`=VALUES(`operator_type`),`method`=VALUES(`method`),`dept_name`=VALUES(`dept_name`),`oper_location`=VALUES(`oper_location`)
2020-12-18 15:10:11.184 [DEBU] [ 19 ms] [default] INSERT INTO `sys_oper_log`(`business_type`,`method`,`dept_name`,`oper_url`,`oper_ip`,`error_msg`,`title`,`request_method`,`oper_location`,`status`,`operator_type`,`oper_name`,`oper_param`,`json_result`,`oper_id`,`oper_time`) VALUES(0,'/system/index/getInfo','','/system/index/getInfo','[::1]','','','GET','内网IP',1,1,'demo','{}','{"code":0,"msg":"ok"}',0,1608275411) ON DUPLICATE KEY UPDATE `title`=VALUES(`title`),`request_method`=VALUES(`request_method`),`oper_location`=VALUES(`oper_location`),`status`=VALUES(`status`),`operator_type`=VALUES(`operator_type`),`oper_name`=VALUES(`oper_name`),`oper_param`=VALUES(`oper_param`),`json_result`=VALUES(`json_result`),`oper_id`=VALUES(`oper_id`),`oper_time`=VALUES(`oper_time`),`business_type`=VALUES(`business_type`),`method`=VALUES(`method`),`dept_name`=VALUES(`dept_name`),`oper_url`=VALUES(`oper_url`),`oper_ip`=VALUES(`oper_ip`),`error_msg`=VALUES(`error_msg`)
2020-12-18 15:10:15.515 [DEBU] [ 45 ms] [default] SHOW FULL COLUMNS FROM `sys_dict_type`
2020-12-18 15:10:15.517 [DEBU] [  2 ms] [default] SELECT * FROM `sys_dict_type` WHERE `dict_type`='sys_show_hide' AND `status`=1 LIMIT 1
2020-12-18 15:10:15.540 [DEBU] [ 23 ms] [default] SHOW FULL COLUMNS FROM `sys_dict_data`
2020-12-18 15:10:15.542 [DEBU] [  1 ms] [default] SELECT * FROM `sys_dict_data` WHERE `dict_type`='sys_show_hide' ORDER BY `dict_sort` ASC,`dict_code` ASC
2020-12-18 15:10:15.544 [DEBU] [  1 ms] [default] SELECT * FROM `sys_dict_type` WHERE `dict_type`='sys_normal_disable' AND `status`=1 LIMIT 1
2020-12-18 15:10:15.544 [DEBU] [  0 ms] [default] SELECT * FROM `sys_dict_data` WHERE `dict_type`='sys_normal_disable' ORDER BY `dict_sort` ASC,`dict_code` ASC
2020-12-18 15:10:15.549 [DEBU] [  0 ms] [default] INSERT INTO `sys_oper_log`(`dept_name`,`oper_param`,`json_result`,`title`,`operator_type`,`oper_name`,`oper_ip`,`oper_location`,`oper_time`,`oper_id`,`business_type`,`oper_url`,`status`,`error_msg`,`method`,`request_method`) VALUES('','{}','{"code":0,"msg":"成功"}','菜单管理',1,'demo','[::1]','内网IP',1608275415,0,0,'/system/auth/menuList',1,'','/system/auth/menuList','GET') ON DUPLICATE KEY UPDATE `title`=VALUES(`title`),`operator_type`=VALUES(`operator_type`),`dept_name`=VALUES(`dept_name`),`oper_param`=VALUES(`oper_param`),`json_result`=VALUES(`json_result`),`oper_id`=VALUES(`oper_id`),`business_type`=VALUES(`business_type`),`oper_name`=VALUES(`oper_name`),`oper_ip`=VALUES(`oper_ip`),`oper_location`=VALUES(`oper_location`),`oper_time`=VALUES(`oper_time`),`method`=VALUES(`method`),`request_method`=VALUES(`request_method`),`oper_url`=VALUES(`oper_url`),`status`=VALUES(`status`),`error_msg`=VALUES(`error_msg`)
2020-12-18 15:10:17.769 [DEBU] [  1 ms] [default] SELECT * FROM `auth_rule` WHERE id=4 LIMIT 1
2020-12-18 15:10:17.776 [DEBU] [  1 ms] [default] INSERT INTO `sys_oper_log`(`business_type`,`method`,`oper_name`,`oper_location`,`json_result`,`request_method`,`dept_name`,`oper_url`,`status`,`oper_id`,`title`,`oper_param`,`operator_type`,`oper_ip`,`error_msg`,`oper_time`) VALUES(0,'/system/auth/editMenu','demo','内网IP','{"code":0,"msg":"成功"}','GET','','/system/auth/editMenu?menuId=4',1,0,'修改菜单','{"menuId":"4"}',1,'[::1]','',1608275417) ON DUPLICATE KEY UPDATE `oper_id`=VALUES(`oper_id`),`title`=VALUES(`title`),`oper_param`=VALUES(`oper_param`),`operator_type`=VALUES(`operator_type`),`oper_ip`=VALUES(`oper_ip`),`error_msg`=VALUES(`error_msg`),`oper_time`=VALUES(`oper_time`),`business_type`=VALUES(`business_type`),`method`=VALUES(`method`),`oper_name`=VALUES(`oper_name`),`oper_location`=VALUES(`oper_location`),`json_result`=VALUES(`json_result`),`request_method`=VALUES(`request_method`),`dept_name`=VALUES(`dept_name`),`oper_url`=VALUES(`oper_url`),`status`=VALUES(`status`)
2020-12-18 15:10:23.355 [DEBU] [  0 ms] [default] SELECT COUNT(1) FROM `auth_rule` WHERE (name='system/cms') AND (id!=4)
2020-12-18 15:10:23.356 [DEBU] [  0 ms] [default] SELECT COUNT(1) FROM `auth_rule` WHERE (path='cms') AND (menu_type<>2) AND (id!=4)
2020-12-18 15:10:23.358 [DEBU] [  1 ms] [default] SELECT * FROM `auth_rule` WHERE `id`=4 LIMIT 1
2020-12-18 15:10:23.360 [DEBU] [  1 ms] [default] INSERT INTO `auth_rule`(`remark`,`menu_type`,`model_id`,`condition`,`weigh`,`always_show`,`component`,`module_type`,`id`,`pid`,`icon`,`path`,`title`,`updatetime`,`status`,`name`,`createtime`,`is_frame`) VALUES('',0,0,'',0,1,'','sys_admin',4,0,'form','cms','cms管理',1608275423,1,'system/cms',1497429920,0) ON DUPLICATE KEY UPDATE `name`=VALUES(`name`),`createtime`=VALUES(`createtime`),`is_frame`=VALUES(`is_frame`),`remark`=VALUES(`remark`),`menu_type`=VALUES(`menu_type`),`model_id`=VALUES(`model_id`),`weigh`=VALUES(`weigh`),`always_show`=VALUES(`always_show`),`component`=VALUES(`component`),`module_type`=VALUES(`module_type`),`id`=VALUES(`id`),`pid`=VALUES(`pid`),`icon`=VALUES(`icon`),`condition`=VALUES(`condition`),`title`=VALUES(`title`),`updatetime`=VALUES(`updatetime`),`status`=VALUES(`status`),`path`=VALUES(`path`)
2020-12-18 15:10:23.362 [DEBU] [  1 ms] [default] SELECT * FROM `auth_rule` ORDER BY `weigh` desc,`id` asc
2020-12-18 15:10:23.381 [DEBU] [  1 ms] [default] INSERT INTO `sys_oper_log`(`title`,`request_method`,`oper_ip`,`status`,`error_msg`,`oper_id`,`business_type`,`oper_url`,`oper_location`,`operator_type`,`dept_name`,`json_result`,`method`,`oper_name`,`oper_param`,`oper_time`) VALUES('修改菜单','POST','[::1]',1,'',0,0,'/system/auth/editMenu','内网IP',1,'','{"code":0,"msg":"修改菜单成功"}','/system/auth/editMenu','demo','{"component":"","icon":"form","isFrame":"0","menuId":4,"menuName":"cms管理","menuType":"0","name":"system/cms","orderNum":0,"parentId":0,"path":"cms","status":"1","visible":"1"}',1608275423) ON DUPLICATE KEY UPDATE `oper_name`=VALUES(`oper_name`),`oper_param`=VALUES(`oper_param`),`oper_time`=VALUES(`oper_time`),`method`=VALUES(`method`),`request_method`=VALUES(`request_method`),`oper_ip`=VALUES(`oper_ip`),`status`=VALUES(`status`),`error_msg`=VALUES(`error_msg`),`title`=VALUES(`title`),`business_type`=VALUES(`business_type`),`oper_url`=VALUES(`oper_url`),`oper_location`=VALUES(`oper_location`),`oper_id`=VALUES(`oper_id`),`dept_name`=VALUES(`dept_name`),`json_result`=VALUES(`json_result`),`operator_type`=VALUES(`operator_type`)
2020-12-18 15:10:23.417 [DEBU] [  0 ms] [default] INSERT INTO `sys_oper_log`(`method`,`oper_location`,`oper_param`,`status`,`dept_name`,`json_result`,`oper_id`,`business_type`,`operator_type`,`oper_name`,`oper_url`,`oper_ip`,`title`,`request_method`,`error_msg`,`oper_time`) VALUES('/system/auth/menuList','内网IP','{}',1,'','{"code":0,"msg":"成功"}',0,0,1,'demo','/system/auth/menuList','[::1]','菜单管理','GET','',1608275423) ON DUPLICATE KEY UPDATE `oper_id`=VALUES(`oper_id`),`business_type`=VALUES(`business_type`),`operator_type`=VALUES(`operator_type`),`oper_name`=VALUES(`oper_name`),`oper_url`=VALUES(`oper_url`),`oper_ip`=VALUES(`oper_ip`),`title`=VALUES(`title`),`request_method`=VALUES(`request_method`),`error_msg`=VALUES(`error_msg`),`oper_time`=VALUES(`oper_time`),`method`=VALUES(`method`),`oper_location`=VALUES(`oper_location`),`oper_param`=VALUES(`oper_param`),`status`=VALUES(`status`),`dept_name`=VALUES(`dept_name`),`json_result`=VALUES(`json_result`)
2020-12-18 15:10:37.781 [DEBU] [  1 ms] [default] SELECT * FROM `auth_rule` WHERE id=4 LIMIT 1
2020-12-18 15:10:37.789 [DEBU] [  2 ms] [default] INSERT INTO `sys_oper_log`(`operator_type`,`dept_name`,`oper_location`,`request_method`,`oper_url`,`oper_param`,`json_result`,`status`,`title`,`business_type`,`method`,`oper_ip`,`error_msg`,`oper_time`,`oper_id`,`oper_name`) VALUES(1,'','内网IP','GET','/system/auth/editMenu?menuId=4','{"menuId":"4"}','{"code":0,"msg":"成功"}',1,'修改菜单',0,'/system/auth/editMenu','[::1]','',1608275437,0,'demo') ON DUPLICATE KEY UPDATE `dept_name`=VALUES(`dept_name`),`oper_location`=VALUES(`oper_location`),`operator_type`=VALUES(`operator_type`),`oper_url`=VALUES(`oper_url`),`oper_param`=VALUES(`oper_param`),`json_result`=VALUES(`json_result`),`status`=VALUES(`status`),`request_method`=VALUES(`request_method`),`business_type`=VALUES(`business_type`),`method`=VALUES(`method`),`oper_ip`=VALUES(`oper_ip`),`error_msg`=VALUES(`error_msg`),`oper_time`=VALUES(`oper_time`),`title`=VALUES(`title`),`oper_name`=VALUES(`oper_name`),`oper_id`=VALUES(`oper_id`)
2020-12-18 15:17:48.259 [DEBU] [  2 ms] [default] SELECT * FROM `user` WHERE `id`=31 LIMIT 1
2020-12-18 15:17:48.260 [DEBU] [  0 ms] [default] SELECT * FROM `role` ORDER BY `list_order` asc,`id` asc
2020-12-18 15:17:48.264 [DEBU] [  1 ms] [default] INSERT INTO `sys_oper_log`(`business_type`,`method`,`request_method`,`operator_type`,`title`,`dept_name`,`oper_ip`,`json_result`,`oper_name`,`oper_url`,`oper_param`,`oper_time`,`oper_id`,`oper_location`,`status`,`error_msg`) VALUES(0,'/system/index/getInfo','GET',1,'','','[::1]','{"code":0,"msg":"ok"}','demo','/system/index/getInfo','{}',1608275868,0,'内网IP',1,'') ON DUPLICATE KEY UPDATE `oper_id`=VALUES(`oper_id`),`oper_location`=VALUES(`oper_location`),`status`=VALUES(`status`),`error_msg`=VALUES(`error_msg`),`business_type`=VALUES(`business_type`),`method`=VALUES(`method`),`request_method`=VALUES(`request_method`),`operator_type`=VALUES(`operator_type`),`title`=VALUES(`title`),`dept_name`=VALUES(`dept_name`),`oper_ip`=VALUES(`oper_ip`),`json_result`=VALUES(`json_result`),`oper_name`=VALUES(`oper_name`),`oper_url`=VALUES(`oper_url`),`oper_param`=VALUES(`oper_param`),`oper_time`=VALUES(`oper_time`)
2020-12-18 15:17:48.314 [DEBU] [  2 ms] [default] INSERT INTO `sys_oper_log`(`business_type`,`oper_url`,`method`,`json_result`,`oper_name`,`oper_ip`,`oper_param`,`status`,`error_msg`,`oper_id`,`request_method`,`dept_name`,`oper_location`,`oper_time`,`title`,`operator_type`) VALUES(0,'/system/index/getRouters','/system/index/getRouters','{"code":0,"msg":"ok"}','demo','[::1]','{}',1,'',0,'GET','','内网IP',1608275868,'',1) ON DUPLICATE KEY UPDATE `oper_url`=VALUES(`oper_url`),`business_type`=VALUES(`business_type`),`json_result`=VALUES(`json_result`),`method`=VALUES(`method`),`request_method`=VALUES(`request_method`),`oper_name`=VALUES(`oper_name`),`oper_ip`=VALUES(`oper_ip`),`oper_param`=VALUES(`oper_param`),`status`=VALUES(`status`),`error_msg`=VALUES(`error_msg`),`oper_id`=VALUES(`oper_id`),`operator_type`=VALUES(`operator_type`),`dept_name`=VALUES(`dept_name`),`oper_location`=VALUES(`oper_location`),`oper_time`=VALUES(`oper_time`),`title`=VALUES(`title`)
2020-12-18 15:17:49.191 [DEBU] [  5 ms] [default] INSERT INTO `sys_oper_log`(`business_type`,`oper_name`,`dept_name`,`oper_param`,`oper_id`,`request_method`,`operator_type`,`oper_ip`,`oper_time`,`title`,`oper_location`,`status`,`error_msg`,`method`,`oper_url`,`json_result`) VALUES(0,'demo','','{}',0,'GET',1,'[::1]',1608275869,'菜单管理','内网IP',1,'','/system/auth/menuList','/system/auth/menuList','{"code":0,"msg":"成功"}') ON DUPLICATE KEY UPDATE `oper_param`=VALUES(`oper_param`),`business_type`=VALUES(`business_type`),`oper_name`=VALUES(`oper_name`),`dept_name`=VALUES(`dept_name`),`oper_ip`=VALUES(`oper_ip`),`oper_time`=VALUES(`oper_time`),`oper_id`=VALUES(`oper_id`),`request_method`=VALUES(`request_method`),`operator_type`=VALUES(`operator_type`),`error_msg`=VALUES(`error_msg`),`title`=VALUES(`title`),`oper_location`=VALUES(`oper_location`),`status`=VALUES(`status`),`method`=VALUES(`method`),`oper_url`=VALUES(`oper_url`),`json_result`=VALUES(`json_result`)
2020-12-18 15:20:05.728 [DEBU] [  6 ms] [default] SELECT COUNT(1) FROM `user_online`
2020-12-18 15:20:05.731 [DEBU] [  1 ms] [default] SELECT * FROM `user_online` ORDER BY `create_time` DESC LIMIT 0,50
2020-12-18 15:30:05.723 [DEBU] [  1 ms] [default] SELECT COUNT(1) FROM `user_online`
2020-12-18 15:30:05.724 [DEBU] [  0 ms] [default] SELECT * FROM `user_online` ORDER BY `create_time` DESC LIMIT 0,50
2020-12-18 15:40:05.727 [DEBU] [  4 ms] [default] SELECT COUNT(1) FROM `user_online`
2020-12-18 15:40:05.730 [DEBU] [  1 ms] [default] SELECT * FROM `user_online` ORDER BY `create_time` DESC LIMIT 0,50
2020-12-18 15:50:05.725 [DEBU] [  3 ms] [default] SELECT COUNT(1) FROM `user_online`
2020-12-18 15:50:05.727 [DEBU] [  0 ms] [default] SELECT * FROM `user_online` ORDER BY `create_time` DESC LIMIT 0,50
2020-12-18 16:00:05.528 [DEBU] [  6 ms] [default] SELECT COUNT(1) FROM `user_online`
2020-12-18 16:00:05.531 [DEBU] [  1 ms] [default] SELECT * FROM `user_online` ORDER BY `create_time` DESC LIMIT 0,50
2020-12-18 16:10:05.878 [DEBU] [  5 ms] [default] SELECT COUNT(1) FROM `user_online`
2020-12-18 16:10:05.881 [DEBU] [  1 ms] [default] SELECT * FROM `user_online` ORDER BY `create_time` DESC LIMIT 0,50
2020-12-18 16:20:05.223 [DEBU] [  1 ms] [default] SELECT COUNT(1) FROM `user_online`
2020-12-18 16:20:05.225 [DEBU] [  2 ms] [default] SELECT * FROM `user_online` ORDER BY `create_time` DESC LIMIT 0,50
