2021-09-14 20:56:09.835 200 "GET http localhost:8200 /captcha/get HTTP/1.1" 0.013, [::1], "http://localhost:9002/", "Mozilla/5.0 (Macintosh; Intel Mac OS X 11_2_3) AppleWebKit/537.36 (KHTML, like Gecko) Chrome/89.0.4389.90 Safari/537.36" 
2021-09-14 20:56:17.650 200 "OPTIONS http localhost:8200 /system/login HTTP/1.1" 0.001, [::1], "http://localhost:9002/", "Mozilla/5.0 (Macintosh; Intel Mac OS X 11_2_3) AppleWebKit/537.36 (KHTML, like Gecko) Chrome/89.0.4389.90 Safari/537.36" 
2021-09-14 20:56:17.690 200 "POST http localhost:8200 /system/login HTTP/1.1" 0.038, [::1], "http://localhost:9002/", "Mozilla/5.0 (Macintosh; Intel Mac OS X 11_2_3) AppleWebKit/537.36 (KHTML, like Gecko) Chrome/89.0.4389.90 Safari/537.36" 
2021-09-14 20:56:17.708 200 "OPTIONS http localhost:8200 /system/user/getInfo HTTP/1.1" 0.000, [::1], "http://localhost:9002/", "Mozilla/5.0 (Macintosh; Intel Mac OS X 11_2_3) AppleWebKit/537.36 (KHTML, like Gecko) Chrome/89.0.4389.90 Safari/537.36" 
2021-09-14 20:56:17.746 200 "GET http localhost:8200 /system/user/getInfo HTTP/1.1" 0.034, [::1], "http://localhost:9002/", "Mozilla/5.0 (Macintosh; Intel Mac OS X 11_2_3) AppleWebKit/537.36 (KHTML, like Gecko) Chrome/89.0.4389.90 Safari/537.36" 
2021-09-14 20:56:17.754 200 "OPTIONS http localhost:8200 /system/user/getRouters HTTP/1.1" 0.000, [::1], "http://localhost:9002/", "Mozilla/5.0 (Macintosh; Intel Mac OS X 11_2_3) AppleWebKit/537.36 (KHTML, like Gecko) Chrome/89.0.4389.90 Safari/537.36" 
2021-09-14 20:56:17.799 200 "GET http localhost:8200 /system/user/getRouters HTTP/1.1" 0.042, [::1], "http://localhost:9002/", "Mozilla/5.0 (Macintosh; Intel Mac OS X 11_2_3) AppleWebKit/537.36 (KHTML, like Gecko) Chrome/89.0.4389.90 Safari/537.36" 
2021-09-14 20:56:35.824 200 "OPTIONS http localhost:8200 /system/auth/deptList HTTP/1.1" 0.000, [::1], "http://localhost:9002/", "Mozilla/5.0 (Macintosh; Intel Mac OS X 11_2_3) AppleWebKit/537.36 (KHTML, like Gecko) Chrome/89.0.4389.90 Safari/537.36" 
2021-09-14 20:56:35.828 200 "OPTIONS http localhost:8200 /system/config/dict/data/GetDictData?dictType=sys_normal_disable&defaultValue= HTTP/1.1" 0.000, [::1], "http://localhost:9002/", "Mozilla/5.0 (Macintosh; Intel Mac OS X 11_2_3) AppleWebKit/537.36 (KHTML, like Gecko) Chrome/89.0.4389.90 Safari/537.36" 
2021-09-14 20:56:35.871 200 "GET http localhost:8200 /system/auth/deptList HTTP/1.1" 0.040, [::1], "http://localhost:9002/", "Mozilla/5.0 (Macintosh; Intel Mac OS X 11_2_3) AppleWebKit/537.36 (KHTML, like Gecko) Chrome/89.0.4389.90 Safari/537.36" 
2021-09-14 20:56:35.873 200 "GET http localhost:8200 /system/config/dict/data/GetDictData?dictType=sys_normal_disable&defaultValue= HTTP/1.1" 0.039, [::1], "http://localhost:9002/", "Mozilla/5.0 (Macintosh; Intel Mac OS X 11_2_3) AppleWebKit/537.36 (KHTML, like Gecko) Chrome/89.0.4389.90 Safari/537.36" 
2021-09-14 20:56:41.126 200 "OPTIONS http localhost:8200 /system/auth/deptGet?id=108 HTTP/1.1" 0.000, [::1], "http://localhost:9002/", "Mozilla/5.0 (Macintosh; Intel Mac OS X 11_2_3) AppleWebKit/537.36 (KHTML, like Gecko) Chrome/89.0.4389.90 Safari/537.36" 
2021-09-14 20:56:41.127 200 "OPTIONS http localhost:8200 /system/auth/deptList?excludeId=108 HTTP/1.1" 0.000, [::1], "http://localhost:9002/", "Mozilla/5.0 (Macintosh; Intel Mac OS X 11_2_3) AppleWebKit/537.36 (KHTML, like Gecko) Chrome/89.0.4389.90 Safari/537.36" 
2021-09-14 20:56:41.164 200 "GET http localhost:8200 /system/auth/deptList?excludeId=108 HTTP/1.1" 0.034, [::1], "http://localhost:9002/", "Mozilla/5.0 (Macintosh; Intel Mac OS X 11_2_3) AppleWebKit/537.36 (KHTML, like Gecko) Chrome/89.0.4389.90 Safari/537.36" 
2021-09-14 20:56:41.165 200 "GET http localhost:8200 /system/auth/deptGet?id=108 HTTP/1.1" 0.035, [::1], "http://localhost:9002/", "Mozilla/5.0 (Macintosh; Intel Mac OS X 11_2_3) AppleWebKit/537.36 (KHTML, like Gecko) Chrome/89.0.4389.90 Safari/537.36" 
2021-09-14 20:56:50.446 200 "OPTIONS http localhost:8200 /system/auth/roleList?pageNum=1&pageSize=10&beginTime=&endTime= HTTP/1.1" 0.000, [::1], "http://localhost:9002/", "Mozilla/5.0 (Macintosh; Intel Mac OS X 11_2_3) AppleWebKit/537.36 (KHTML, like Gecko) Chrome/89.0.4389.90 Safari/537.36" 
2021-09-14 20:56:50.501 200 "GET http localhost:8200 /system/config/dict/data/GetDictData?dictType=sys_normal_disable&defaultValue= HTTP/1.1" 0.056, [::1], "http://localhost:9002/", "Mozilla/5.0 (Macintosh; Intel Mac OS X 11_2_3) AppleWebKit/537.36 (KHTML, like Gecko) Chrome/89.0.4389.90 Safari/537.36" 
2021-09-14 20:56:50.528 200 "GET http localhost:8200 /system/auth/roleList?pageNum=1&pageSize=10&beginTime=&endTime= HTTP/1.1" 0.076, [::1], "http://localhost:9002/", "Mozilla/5.0 (Macintosh; Intel Mac OS X 11_2_3) AppleWebKit/537.36 (KHTML, like Gecko) Chrome/89.0.4389.90 Safari/537.36" 
2021-09-14 20:56:53.709 200 "OPTIONS http localhost:8200 /system/auth/editRole?roleId=2 HTTP/1.1" 0.001, [::1], "http://localhost:9002/", "Mozilla/5.0 (Macintosh; Intel Mac OS X 11_2_3) AppleWebKit/537.36 (KHTML, like Gecko) Chrome/89.0.4389.90 Safari/537.36" 
2021-09-14 20:56:53.745 200 "GET http localhost:8200 /system/auth/editRole?roleId=2 HTTP/1.1" 0.035, [::1], "http://localhost:9002/", "Mozilla/5.0 (Macintosh; Intel Mac OS X 11_2_3) AppleWebKit/537.36 (KHTML, like Gecko) Chrome/89.0.4389.90 Safari/537.36" 
2021-09-14 20:57:10.790 200 "OPTIONS http localhost:8200 /system/auth/roleDeptTreeSelect?roleId=2 HTTP/1.1" 0.000, [::1], "http://localhost:9002/", "Mozilla/5.0 (Macintosh; Intel Mac OS X 11_2_3) AppleWebKit/537.36 (KHTML, like Gecko) Chrome/89.0.4389.90 Safari/537.36" 
2021-09-14 20:57:10.836 200 "GET http localhost:8200 /system/auth/editRole?roleId=2 HTTP/1.1" 0.046, [::1], "http://localhost:9002/", "Mozilla/5.0 (Macintosh; Intel Mac OS X 11_2_3) AppleWebKit/537.36 (KHTML, like Gecko) Chrome/89.0.4389.90 Safari/537.36" 
2021-09-14 20:57:10.845 200 "GET http localhost:8200 /system/auth/roleDeptTreeSelect?roleId=2 HTTP/1.1" 0.049, [::1], "http://localhost:9002/", "Mozilla/5.0 (Macintosh; Intel Mac OS X 11_2_3) AppleWebKit/537.36 (KHTML, like Gecko) Chrome/89.0.4389.90 Safari/537.36" 
2021-09-14 20:57:46.883 200 "OPTIONS http localhost:8200 /system/auth/roleDataScope HTTP/1.1" 0.001, [::1], "http://localhost:9002/", "Mozilla/5.0 (Macintosh; Intel Mac OS X 11_2_3) AppleWebKit/537.36 (KHTML, like Gecko) Chrome/89.0.4389.90 Safari/537.36" 
2021-09-14 20:57:47.013 200 "PUT http localhost:8200 /system/auth/roleDataScope HTTP/1.1" 0.127, [::1], "http://localhost:9002/", "Mozilla/5.0 (Macintosh; Intel Mac OS X 11_2_3) AppleWebKit/537.36 (KHTML, like Gecko) Chrome/89.0.4389.90 Safari/537.36" 
2021-09-14 20:57:47.078 200 "GET http localhost:8200 /system/auth/roleList?pageNum=1&pageSize=10&beginTime=&endTime= HTTP/1.1" 0.040, [::1], "http://localhost:9002/", "Mozilla/5.0 (Macintosh; Intel Mac OS X 11_2_3) AppleWebKit/537.36 (KHTML, like Gecko) Chrome/89.0.4389.90 Safari/537.36" 
2021-09-14 22:18:26.517 200 "GET http localhost:8200 /system/auth/editRole?roleId=2 HTTP/1.1" 0.049, [::1], "http://localhost:9002/", "Mozilla/5.0 (Macintosh; Intel Mac OS X 11_2_3) AppleWebKit/537.36 (KHTML, like Gecko) Chrome/89.0.4389.90 Safari/537.36" 
2021-09-14 22:18:26.521 200 "GET http localhost:8200 /system/auth/roleDeptTreeSelect?roleId=2 HTTP/1.1" 0.050, [::1], "http://localhost:9002/", "Mozilla/5.0 (Macintosh; Intel Mac OS X 11_2_3) AppleWebKit/537.36 (KHTML, like Gecko) Chrome/89.0.4389.90 Safari/537.36" 
2021-09-14 22:19:05.187 200 "PUT http localhost:8200 /system/auth/roleDataScope HTTP/1.1" 0.107, [::1], "http://localhost:9002/", "Mozilla/5.0 (Macintosh; Intel Mac OS X 11_2_3) AppleWebKit/537.36 (KHTML, like Gecko) Chrome/89.0.4389.90 Safari/537.36" 
2021-09-14 22:19:05.252 200 "GET http localhost:8200 /system/auth/roleList?pageNum=1&pageSize=10&beginTime=&endTime= HTTP/1.1" 0.039, [::1], "http://localhost:9002/", "Mozilla/5.0 (Macintosh; Intel Mac OS X 11_2_3) AppleWebKit/537.36 (KHTML, like Gecko) Chrome/89.0.4389.90 Safari/537.36" 
2021-09-14 22:25:07.542 200 "OPTIONS http localhost:8200 /system/auth/postList?pageNum=1&pageSize=10 HTTP/1.1" 0.000, [::1], "http://localhost:9002/", "Mozilla/5.0 (Macintosh; Intel Mac OS X 11_2_3) AppleWebKit/537.36 (KHTML, like Gecko) Chrome/89.0.4389.90 Safari/537.36" 
2021-09-14 22:25:07.585 200 "GET http localhost:8200 /system/config/dict/data/GetDictData?dictType=sys_normal_disable&defaultValue= HTTP/1.1" 0.043, [::1], "http://localhost:9002/", "Mozilla/5.0 (Macintosh; Intel Mac OS X 11_2_3) AppleWebKit/537.36 (KHTML, like Gecko) Chrome/89.0.4389.90 Safari/537.36" 
2021-09-14 22:25:07.622 200 "GET http localhost:8200 /system/auth/postList?pageNum=1&pageSize=10 HTTP/1.1" 0.074, [::1], "http://localhost:9002/", "Mozilla/5.0 (Macintosh; Intel Mac OS X 11_2_3) AppleWebKit/537.36 (KHTML, like Gecko) Chrome/89.0.4389.90 Safari/537.36" 
