2021-09-12 16:59:32.720 200 "GET http localhost:8200 /captcha/get HTTP/1.1" 0.018, [::1], "http://localhost:9002/", "Mozilla/5.0 (Macintosh; Intel Mac OS X 11_2_3) AppleWebKit/537.36 (KHTML, like Gecko) Chrome/89.0.4389.90 Safari/537.36" 
2021-09-12 16:59:39.686 200 "OPTIONS http localhost:8200 /system/login HTTP/1.1" 0.001, [::1], "http://localhost:9002/", "Mozilla/5.0 (Macintosh; Intel Mac OS X 11_2_3) AppleWebKit/537.36 (KHTML, like Gecko) Chrome/89.0.4389.90 Safari/537.36" 
2021-09-12 16:59:39.728 200 "POST http localhost:8200 /system/login HTTP/1.1" 0.040, [::1], "http://localhost:9002/", "Mozilla/5.0 (Macintosh; Intel Mac OS X 11_2_3) AppleWebKit/537.36 (KHTML, like Gecko) Chrome/89.0.4389.90 Safari/537.36" 
2021-09-12 16:59:39.742 200 "OPTIONS http localhost:8200 /system/user/getInfo HTTP/1.1" 0.000, [::1], "http://localhost:9002/", "Mozilla/5.0 (Macintosh; Intel Mac OS X 11_2_3) AppleWebKit/537.36 (KHTML, like Gecko) Chrome/89.0.4389.90 Safari/537.36" 
2021-09-12 16:59:39.805 200 "GET http localhost:8200 /system/user/getInfo HTTP/1.1" 0.060, [::1], "http://localhost:9002/", "Mozilla/5.0 (Macintosh; Intel Mac OS X 11_2_3) AppleWebKit/537.36 (KHTML, like Gecko) Chrome/89.0.4389.90 Safari/537.36" 
2021-09-12 16:59:39.811 200 "OPTIONS http localhost:8200 /system/user/getRouters HTTP/1.1" 0.001, [::1], "http://localhost:9002/", "Mozilla/5.0 (Macintosh; Intel Mac OS X 11_2_3) AppleWebKit/537.36 (KHTML, like Gecko) Chrome/89.0.4389.90 Safari/537.36" 
2021-09-12 16:59:39.848 200 "GET http localhost:8200 /system/user/getRouters HTTP/1.1" 0.035, [::1], "http://localhost:9002/", "Mozilla/5.0 (Macintosh; Intel Mac OS X 11_2_3) AppleWebKit/537.36 (KHTML, like Gecko) Chrome/89.0.4389.90 Safari/537.36" 
2021-09-12 16:59:47.266 200 "OPTIONS http localhost:8200 /system/config/dict/data/GetDictData?dictType=sys_normal_disable&defaultValue= HTTP/1.1" 0.001, [::1], "http://localhost:9002/", "Mozilla/5.0 (Macintosh; Intel Mac OS X 11_2_3) AppleWebKit/537.36 (KHTML, like Gecko) Chrome/89.0.4389.90 Safari/537.36" 
2021-09-12 16:59:47.266 200 "OPTIONS http localhost:8200 /system/config/dict/type/list?pageNum=1&pageSize=10&beginTime=&endTime= HTTP/1.1" 0.000, [::1], "http://localhost:9002/", "Mozilla/5.0 (Macintosh; Intel Mac OS X 11_2_3) AppleWebKit/537.36 (KHTML, like Gecko) Chrome/89.0.4389.90 Safari/537.36" 
2021-09-12 16:59:47.323 200 "GET http localhost:8200 /system/config/dict/type/list?pageNum=1&pageSize=10&beginTime=&endTime= HTTP/1.1" 0.053, [::1], "http://localhost:9002/", "Mozilla/5.0 (Macintosh; Intel Mac OS X 11_2_3) AppleWebKit/537.36 (KHTML, like Gecko) Chrome/89.0.4389.90 Safari/537.36" 
2021-09-12 16:59:47.340 200 "GET http localhost:8200 /system/config/dict/data/GetDictData?dictType=sys_normal_disable&defaultValue= HTTP/1.1" 0.070, [::1], "http://localhost:9002/", "Mozilla/5.0 (Macintosh; Intel Mac OS X 11_2_3) AppleWebKit/537.36 (KHTML, like Gecko) Chrome/89.0.4389.90 Safari/537.36" 
2021-09-12 16:59:49.254 200 "OPTIONS http localhost:8200 /system/config/dict/data/GetDictData?dictType=sys_yes_no&defaultValue= HTTP/1.1" 0.000, [::1], "http://localhost:9002/", "Mozilla/5.0 (Macintosh; Intel Mac OS X 11_2_3) AppleWebKit/537.36 (KHTML, like Gecko) Chrome/89.0.4389.90 Safari/537.36" 
2021-09-12 16:59:49.254 200 "OPTIONS http localhost:8200 /system/config/sysConfig/list?pageNum=1&pageSize=10&beginTime=&endTime= HTTP/1.1" 0.000, [::1], "http://localhost:9002/", "Mozilla/5.0 (Macintosh; Intel Mac OS X 11_2_3) AppleWebKit/537.36 (KHTML, like Gecko) Chrome/89.0.4389.90 Safari/537.36" 
2021-09-12 16:59:49.301 200 "GET http localhost:8200 /system/config/sysConfig/list?pageNum=1&pageSize=10&beginTime=&endTime= HTTP/1.1" 0.045, [::1], "http://localhost:9002/", "Mozilla/5.0 (Macintosh; Intel Mac OS X 11_2_3) AppleWebKit/537.36 (KHTML, like Gecko) Chrome/89.0.4389.90 Safari/537.36" 
2021-09-12 16:59:49.308 200 "GET http localhost:8200 /system/config/dict/data/GetDictData?dictType=sys_yes_no&defaultValue= HTTP/1.1" 0.052, [::1], "http://localhost:9002/", "Mozilla/5.0 (Macintosh; Intel Mac OS X 11_2_3) AppleWebKit/537.36 (KHTML, like Gecko) Chrome/89.0.4389.90 Safari/537.36" 
2021-09-12 16:59:51.559 200 "OPTIONS http localhost:8200 /system/config/sysWebSet HTTP/1.1" 0.000, [::1], "http://localhost:9002/", "Mozilla/5.0 (Macintosh; Intel Mac OS X 11_2_3) AppleWebKit/537.36 (KHTML, like Gecko) Chrome/89.0.4389.90 Safari/537.36" 
2021-09-12 16:59:51.589 200 "GET http localhost:8200 /system/config/sysWebSet HTTP/1.1" 0.028, [::1], "http://localhost:9002/", "Mozilla/5.0 (Macintosh; Intel Mac OS X 11_2_3) AppleWebKit/537.36 (KHTML, like Gecko) Chrome/89.0.4389.90 Safari/537.36" 
2021-09-12 17:00:09.925 200 "OPTIONS http localhost:8200 /system/upload/upImg HTTP/1.1" 0.000, [::1], "http://localhost:9002/", "Mozilla/5.0 (Macintosh; Intel Mac OS X 11_2_3) AppleWebKit/537.36 (KHTML, like Gecko) Chrome/89.0.4389.90 Safari/537.36" 
2021-09-12 17:00:09.998 200 "POST http localhost:8200 /system/upload/upImg HTTP/1.1" 0.069, [::1], "http://localhost:9002/", "Mozilla/5.0 (Macintosh; Intel Mac OS X 11_2_3) AppleWebKit/537.36 (KHTML, like Gecko) Chrome/89.0.4389.90 Safari/537.36" 
2021-09-12 17:00:13.514 200 "OPTIONS http localhost:8200 /system/config/sysWebSet/update HTTP/1.1" 0.000, [::1], "http://localhost:9002/", "Mozilla/5.0 (Macintosh; Intel Mac OS X 11_2_3) AppleWebKit/537.36 (KHTML, like Gecko) Chrome/89.0.4389.90 Safari/537.36" 
2021-09-12 17:00:13.544 200 "POST http localhost:8200 /system/config/sysWebSet/update HTTP/1.1" 0.028, [::1], "http://localhost:9002/", "Mozilla/5.0 (Macintosh; Intel Mac OS X 11_2_3) AppleWebKit/537.36 (KHTML, like Gecko) Chrome/89.0.4389.90 Safari/537.36" 
2021-09-12 17:00:18.618 200 "GET http localhost:8200 /system/config/sysConfig/list?pageNum=1&pageSize=10&beginTime=&endTime= HTTP/1.1" 0.023, [::1], "http://localhost:9002/", "Mozilla/5.0 (Macintosh; Intel Mac OS X 11_2_3) AppleWebKit/537.36 (KHTML, like Gecko) Chrome/89.0.4389.90 Safari/537.36" 
2021-09-12 17:00:18.637 200 "GET http localhost:8200 /system/config/dict/data/GetDictData?dictType=sys_yes_no&defaultValue= HTTP/1.1" 0.042, [::1], "http://localhost:9002/", "Mozilla/5.0 (Macintosh; Intel Mac OS X 11_2_3) AppleWebKit/537.36 (KHTML, like Gecko) Chrome/89.0.4389.90 Safari/537.36" 
2021-09-12 17:00:21.511 200 "GET http localhost:8200 /system/config/sysWebSet HTTP/1.1" 0.018, [::1], "http://localhost:9002/", "Mozilla/5.0 (Macintosh; Intel Mac OS X 11_2_3) AppleWebKit/537.36 (KHTML, like Gecko) Chrome/89.0.4389.90 Safari/537.36" 
2021-09-12 17:00:21.537 200 "GET http localhost:8200 /pub_upload/2021-09-12/ce7s83oqb2xc9zgtz6.jpeg HTTP/1.1" 0.011, [::1], "http://localhost:9002/", "Mozilla/5.0 (Macintosh; Intel Mac OS X 11_2_3) AppleWebKit/537.36 (KHTML, like Gecko) Chrome/89.0.4389.90 Safari/537.36" 
2021-09-12 17:16:52.682 200 "OPTIONS http localhost:8200 /system/config/dict/data/list?pageNum=1&pageSize=10&dictType=sys_user_sex HTTP/1.1" 0.000, [::1], "http://localhost:9002/", "Mozilla/5.0 (Macintosh; Intel Mac OS X 11_2_3) AppleWebKit/537.36 (KHTML, like Gecko) Chrome/89.0.4389.90 Safari/537.36" 
2021-09-12 17:16:52.720 200 "GET http localhost:8200 /system/config/dict/data/list?pageNum=1&pageSize=10&dictType=sys_user_sex HTTP/1.1" 0.035, [::1], "http://localhost:9002/", "Mozilla/5.0 (Macintosh; Intel Mac OS X 11_2_3) AppleWebKit/537.36 (KHTML, like Gecko) Chrome/89.0.4389.90 Safari/537.36" 
2021-09-12 17:16:52.720 200 "GET http localhost:8200 /system/config/dict/data/GetDictData?dictType=sys_normal_disable&defaultValue= HTTP/1.1" 0.038, [::1], "http://localhost:9002/", "Mozilla/5.0 (Macintosh; Intel Mac OS X 11_2_3) AppleWebKit/537.36 (KHTML, like Gecko) Chrome/89.0.4389.90 Safari/537.36" 
2021-09-12 18:53:44.300 200 "GET http localhost:8200 /system/user/getInfo HTTP/1.1" 0.098, [::1], "http://localhost:9002/", "Mozilla/5.0 (Macintosh; Intel Mac OS X 11_2_3) AppleWebKit/537.36 (KHTML, like Gecko) Chrome/89.0.4389.90 Safari/537.36" 
2021-09-12 18:53:44.395 200 "GET http localhost:8200 /system/user/getRouters HTTP/1.1" 0.035, [::1], "http://localhost:9002/", "Mozilla/5.0 (Macintosh; Intel Mac OS X 11_2_3) AppleWebKit/537.36 (KHTML, like Gecko) Chrome/89.0.4389.90 Safari/537.36" 
2021-09-12 18:53:44.686 200 "GET http localhost:8200 /system/config/dict/data/list?pageNum=1&pageSize=10&dictType=sys_user_sex HTTP/1.1" 0.036, [::1], "http://localhost:9002/", "Mozilla/5.0 (Macintosh; Intel Mac OS X 11_2_3) AppleWebKit/537.36 (KHTML, like Gecko) Chrome/89.0.4389.90 Safari/537.36" 
2021-09-12 18:53:44.769 200 "GET http localhost:8200 /system/config/dict/data/GetDictData?dictType=sys_normal_disable&defaultValue= HTTP/1.1" 0.119, [::1], "http://localhost:9002/", "Mozilla/5.0 (Macintosh; Intel Mac OS X 11_2_3) AppleWebKit/537.36 (KHTML, like Gecko) Chrome/89.0.4389.90 Safari/537.36" 
2021-09-12 18:54:45.286 200 "GET http localhost:8200 /captcha/get HTTP/1.1" 0.016, [::1], "http://localhost:9002/", "Mozilla/5.0 (Macintosh; Intel Mac OS X 11_2_3) AppleWebKit/537.36 (KHTML, like Gecko) Chrome/89.0.4389.90 Safari/537.36" 
2021-09-12 18:54:51.261 200 "POST http localhost:8200 /system/login HTTP/1.1" 0.030, [::1], "http://localhost:9002/", "Mozilla/5.0 (Macintosh; Intel Mac OS X 11_2_3) AppleWebKit/537.36 (KHTML, like Gecko) Chrome/89.0.4389.90 Safari/537.36" 
2021-09-12 18:54:51.340 200 "GET http localhost:8200 /system/user/getInfo HTTP/1.1" 0.063, [::1], "http://localhost:9002/", "Mozilla/5.0 (Macintosh; Intel Mac OS X 11_2_3) AppleWebKit/537.36 (KHTML, like Gecko) Chrome/89.0.4389.90 Safari/537.36" 
2021-09-12 18:54:51.389 200 "GET http localhost:8200 /system/user/getRouters HTTP/1.1" 0.039, [::1], "http://localhost:9002/", "Mozilla/5.0 (Macintosh; Intel Mac OS X 11_2_3) AppleWebKit/537.36 (KHTML, like Gecko) Chrome/89.0.4389.90 Safari/537.36" 
2021-09-12 18:55:16.952 200 "GET http localhost:8200 /system/config/sysConfig/list?pageNum=1&pageSize=10&beginTime=&endTime= HTTP/1.1" 0.048, [::1], "http://localhost:9002/", "Mozilla/5.0 (Macintosh; Intel Mac OS X 11_2_3) AppleWebKit/537.36 (KHTML, like Gecko) Chrome/89.0.4389.90 Safari/537.36" 
2021-09-12 18:55:17.017 200 "GET http localhost:8200 /system/config/dict/data/GetDictData?dictType=sys_yes_no&defaultValue= HTTP/1.1" 0.114, [::1], "http://localhost:9002/", "Mozilla/5.0 (Macintosh; Intel Mac OS X 11_2_3) AppleWebKit/537.36 (KHTML, like Gecko) Chrome/89.0.4389.90 Safari/537.36" 
2021-09-12 18:55:24.191 200 "OPTIONS http localhost:8200 /system/auth/roleList?pageNum=1&pageSize=10&beginTime=&endTime= HTTP/1.1" 0.001, [::1], "http://localhost:9002/", "Mozilla/5.0 (Macintosh; Intel Mac OS X 11_2_3) AppleWebKit/537.36 (KHTML, like Gecko) Chrome/89.0.4389.90 Safari/537.36" 
2021-09-12 18:55:24.213 200 "GET http localhost:8200 /system/config/dict/data/GetDictData?dictType=sys_normal_disable&defaultValue= HTTP/1.1" 0.023, [::1], "http://localhost:9002/", "Mozilla/5.0 (Macintosh; Intel Mac OS X 11_2_3) AppleWebKit/537.36 (KHTML, like Gecko) Chrome/89.0.4389.90 Safari/537.36" 
2021-09-12 18:55:24.258 200 "GET http localhost:8200 /system/auth/roleList?pageNum=1&pageSize=10&beginTime=&endTime= HTTP/1.1" 0.064, [::1], "http://localhost:9002/", "Mozilla/5.0 (Macintosh; Intel Mac OS X 11_2_3) AppleWebKit/537.36 (KHTML, like Gecko) Chrome/89.0.4389.90 Safari/537.36" 
2021-09-12 18:55:40.853 200 "GET http localhost:8200 /system/config/dict/data/GetDictData?dictType=sys_normal_disable&defaultValue= HTTP/1.1" 0.026, [::1], "http://localhost:9002/", "Mozilla/5.0 (Macintosh; Intel Mac OS X 11_2_3) AppleWebKit/537.36 (KHTML, like Gecko) Chrome/89.0.4389.90 Safari/537.36" 
2021-09-12 18:55:40.860 200 "GET http localhost:8200 /system/config/dict/type/list?pageNum=1&pageSize=10&beginTime=&endTime= HTTP/1.1" 0.033, [::1], "http://localhost:9002/", "Mozilla/5.0 (Macintosh; Intel Mac OS X 11_2_3) AppleWebKit/537.36 (KHTML, like Gecko) Chrome/89.0.4389.90 Safari/537.36" 
2021-09-12 18:55:42.793 200 "GET http localhost:8200 /system/config/dict/data/GetDictData?dictType=sys_normal_disable&defaultValue= HTTP/1.1" 0.019, [::1], "http://localhost:9002/", "Mozilla/5.0 (Macintosh; Intel Mac OS X 11_2_3) AppleWebKit/537.36 (KHTML, like Gecko) Chrome/89.0.4389.90 Safari/537.36" 
2021-09-12 18:55:42.807 200 "GET http localhost:8200 /system/config/dict/data/list?pageNum=1&pageSize=10&dictType=sys_user_sex HTTP/1.1" 0.033, [::1], "http://localhost:9002/", "Mozilla/5.0 (Macintosh; Intel Mac OS X 11_2_3) AppleWebKit/537.36 (KHTML, like Gecko) Chrome/89.0.4389.90 Safari/537.36" 
2021-09-12 18:56:03.956 200 "GET http localhost:8200 /system/config/dict/data/GetDictData?dictType=sys_yes_no&defaultValue= HTTP/1.1" 0.019, [::1], "http://localhost:9002/", "Mozilla/5.0 (Macintosh; Intel Mac OS X 11_2_3) AppleWebKit/537.36 (KHTML, like Gecko) Chrome/89.0.4389.90 Safari/537.36" 
2021-09-12 18:56:03.973 200 "GET http localhost:8200 /system/config/sysConfig/list?pageNum=1&pageSize=10&beginTime=&endTime= HTTP/1.1" 0.035, [::1], "http://localhost:9002/", "Mozilla/5.0 (Macintosh; Intel Mac OS X 11_2_3) AppleWebKit/537.36 (KHTML, like Gecko) Chrome/89.0.4389.90 Safari/537.36" 
2021-09-12 18:56:08.702 200 "OPTIONS http localhost:8200 /system/auth/deptList HTTP/1.1" 0.000, [::1], "http://localhost:9002/", "Mozilla/5.0 (Macintosh; Intel Mac OS X 11_2_3) AppleWebKit/537.36 (KHTML, like Gecko) Chrome/89.0.4389.90 Safari/537.36" 
2021-09-12 18:56:08.723 200 "GET http localhost:8200 /system/config/dict/data/GetDictData?dictType=sys_normal_disable&defaultValue= HTTP/1.1" 0.021, [::1], "http://localhost:9002/", "Mozilla/5.0 (Macintosh; Intel Mac OS X 11_2_3) AppleWebKit/537.36 (KHTML, like Gecko) Chrome/89.0.4389.90 Safari/537.36" 
2021-09-12 18:56:08.727 200 "GET http localhost:8200 /system/auth/deptList HTTP/1.1" 0.022, [::1], "http://localhost:9002/", "Mozilla/5.0 (Macintosh; Intel Mac OS X 11_2_3) AppleWebKit/537.36 (KHTML, like Gecko) Chrome/89.0.4389.90 Safari/537.36" 
2021-09-12 18:56:14.016 200 "OPTIONS http localhost:8200 /system/auth/editRole?roleId=1 HTTP/1.1" 0.000, [::1], "http://localhost:9002/", "Mozilla/5.0 (Macintosh; Intel Mac OS X 11_2_3) AppleWebKit/537.36 (KHTML, like Gecko) Chrome/89.0.4389.90 Safari/537.36" 
2021-09-12 18:56:14.017 200 "OPTIONS http localhost:8200 /system/auth/roleDeptTreeSelect?roleId=1 HTTP/1.1" 0.001, [::1], "http://localhost:9002/", "Mozilla/5.0 (Macintosh; Intel Mac OS X 11_2_3) AppleWebKit/537.36 (KHTML, like Gecko) Chrome/89.0.4389.90 Safari/537.36" 
2021-09-12 18:56:14.051 200 "GET http localhost:8200 /system/auth/editRole?roleId=1 HTTP/1.1" 0.031, [::1], "http://localhost:9002/", "Mozilla/5.0 (Macintosh; Intel Mac OS X 11_2_3) AppleWebKit/537.36 (KHTML, like Gecko) Chrome/89.0.4389.90 Safari/537.36" 
2021-09-12 18:56:14.070 200 "GET http localhost:8200 /system/auth/roleDeptTreeSelect?roleId=1 HTTP/1.1" 0.050, [::1], "http://localhost:9002/", "Mozilla/5.0 (Macintosh; Intel Mac OS X 11_2_3) AppleWebKit/537.36 (KHTML, like Gecko) Chrome/89.0.4389.90 Safari/537.36" 
2021-09-12 18:56:23.265 200 "OPTIONS http localhost:8200 /system/auth/roleDataScope HTTP/1.1" 0.000, [::1], "http://localhost:9002/", "Mozilla/5.0 (Macintosh; Intel Mac OS X 11_2_3) AppleWebKit/537.36 (KHTML, like Gecko) Chrome/89.0.4389.90 Safari/537.36" 
2021-09-12 18:56:23.380 200 "PUT http localhost:8200 /system/auth/roleDataScope HTTP/1.1" 0.114, [::1], "http://localhost:9002/", "Mozilla/5.0 (Macintosh; Intel Mac OS X 11_2_3) AppleWebKit/537.36 (KHTML, like Gecko) Chrome/89.0.4389.90 Safari/537.36" 
2021-09-12 18:56:23.416 200 "GET http localhost:8200 /system/auth/roleList?pageNum=1&pageSize=10&beginTime=&endTime= HTTP/1.1" 0.015, [::1], "http://localhost:9002/", "Mozilla/5.0 (Macintosh; Intel Mac OS X 11_2_3) AppleWebKit/537.36 (KHTML, like Gecko) Chrome/89.0.4389.90 Safari/537.36" 
2021-09-12 19:10:54.163 200 "GET http localhost:8200 /system/user/getInfo HTTP/1.1" 0.010, [::1], "http://localhost:9002/", "Mozilla/5.0 (Macintosh; Intel Mac OS X 11_2_3) AppleWebKit/537.36 (KHTML, like Gecko) Chrome/89.0.4389.90 Safari/537.36" 
2021-09-12 19:10:54.423 200 "GET http localhost:8200 /captcha/get HTTP/1.1" 0.016, [::1], "http://localhost:9002/", "Mozilla/5.0 (Macintosh; Intel Mac OS X 11_2_3) AppleWebKit/537.36 (KHTML, like Gecko) Chrome/89.0.4389.90 Safari/537.36" 
2021-09-12 19:10:56.088 200 "POST http localhost:8200 /system/logout HTTP/1.1" 0.000, [::1], "http://localhost:9002/", "Mozilla/5.0 (Macintosh; Intel Mac OS X 11_2_3) AppleWebKit/537.36 (KHTML, like Gecko) Chrome/89.0.4389.90 Safari/537.36" 
2021-09-12 19:10:56.338 200 "GET http localhost:8200 /captcha/get HTTP/1.1" 0.016, [::1], "http://localhost:9002/", "Mozilla/5.0 (Macintosh; Intel Mac OS X 11_2_3) AppleWebKit/537.36 (KHTML, like Gecko) Chrome/89.0.4389.90 Safari/537.36" 
2021-09-12 19:11:00.235 200 "POST http localhost:8200 /system/login HTTP/1.1" 0.038, [::1], "http://localhost:9002/", "Mozilla/5.0 (Macintosh; Intel Mac OS X 11_2_3) AppleWebKit/537.36 (KHTML, like Gecko) Chrome/89.0.4389.90 Safari/537.36" 
2021-09-12 19:11:00.314 200 "GET http localhost:8200 /system/user/getInfo HTTP/1.1" 0.066, [::1], "http://localhost:9002/", "Mozilla/5.0 (Macintosh; Intel Mac OS X 11_2_3) AppleWebKit/537.36 (KHTML, like Gecko) Chrome/89.0.4389.90 Safari/537.36" 
2021-09-12 19:11:00.352 200 "GET http localhost:8200 /system/user/getRouters HTTP/1.1" 0.034, [::1], "http://localhost:9002/", "Mozilla/5.0 (Macintosh; Intel Mac OS X 11_2_3) AppleWebKit/537.36 (KHTML, like Gecko) Chrome/89.0.4389.90 Safari/537.36" 
2021-09-12 21:50:29.776 200 "GET http localhost:8200 /system/user/getInfo HTTP/1.1" 0.028, [::1], "http://localhost:9002/", "Mozilla/5.0 (Macintosh; Intel Mac OS X 11_2_3) AppleWebKit/537.36 (KHTML, like Gecko) Chrome/89.0.4389.90 Safari/537.36" 
2021-09-12 21:50:29.932 200 "GET http localhost:8200 /system/user/getRouters HTTP/1.1" 0.061, [::1], "http://localhost:9002/", "Mozilla/5.0 (Macintosh; Intel Mac OS X 11_2_3) AppleWebKit/537.36 (KHTML, like Gecko) Chrome/89.0.4389.90 Safari/537.36" 
2021-09-12 21:50:51.936 200 "GET http localhost:8200 /system/user/getInfo HTTP/1.1" 0.027, [::1], "http://localhost:9002/", "Mozilla/5.0 (Macintosh; Intel Mac OS X 11_2_3) AppleWebKit/537.36 (KHTML, like Gecko) Chrome/89.0.4389.90 Safari/537.36" 
2021-09-12 21:50:52.040 200 "GET http localhost:8200 /system/user/getRouters HTTP/1.1" 0.036, [::1], "http://localhost:9002/", "Mozilla/5.0 (Macintosh; Intel Mac OS X 11_2_3) AppleWebKit/537.36 (KHTML, like Gecko) Chrome/89.0.4389.90 Safari/537.36" 
2021-09-12 21:52:31.794 200 "OPTIONS http localhost:8200 /system/user/getInfo HTTP/1.1" 0.000, [::1], "http://localhost:9002/", "Mozilla/5.0 (Macintosh; Intel Mac OS X 11_2_3) AppleWebKit/537.36 (KHTML, like Gecko) Chrome/89.0.4389.90 Safari/537.36" 
2021-09-12 21:52:31.817 200 "GET http localhost:8200 /system/user/getInfo HTTP/1.1" 0.021, [::1], "http://localhost:9002/", "Mozilla/5.0 (Macintosh; Intel Mac OS X 11_2_3) AppleWebKit/537.36 (KHTML, like Gecko) Chrome/89.0.4389.90 Safari/537.36" 
2021-09-12 21:52:31.852 200 "OPTIONS http localhost:8200 /system/user/getRouters HTTP/1.1" 0.000, [::1], "http://localhost:9002/", "Mozilla/5.0 (Macintosh; Intel Mac OS X 11_2_3) AppleWebKit/537.36 (KHTML, like Gecko) Chrome/89.0.4389.90 Safari/537.36" 
2021-09-12 21:52:31.905 200 "GET http localhost:8200 /system/user/getRouters HTTP/1.1" 0.049, [::1], "http://localhost:9002/", "Mozilla/5.0 (Macintosh; Intel Mac OS X 11_2_3) AppleWebKit/537.36 (KHTML, like Gecko) Chrome/89.0.4389.90 Safari/537.36" 
2021-09-12 21:52:53.768 403 "GET http localhost:8080 / HTTP/1.1" 0.000, 127.0.0.1, "", "Mozilla/5.0 (Macintosh; Intel Mac OS X 11_2_3) AppleWebKit/537.36 (KHTML, like Gecko) Chrome/89.0.4389.90 Safari/537.36"
2021-09-12 21:54:04.775 200 "GET http localhost:8200 /system/user/getInfo HTTP/1.1" 0.024, [::1], "http://localhost:9002/", "Mozilla/5.0 (Macintosh; Intel Mac OS X 11_2_3) AppleWebKit/537.36 (KHTML, like Gecko) Chrome/89.0.4389.90 Safari/537.36" 
2021-09-12 21:54:04.875 200 "GET http localhost:8200 /system/user/getRouters HTTP/1.1" 0.046, [::1], "http://localhost:9002/", "Mozilla/5.0 (Macintosh; Intel Mac OS X 11_2_3) AppleWebKit/537.36 (KHTML, like Gecko) Chrome/89.0.4389.90 Safari/537.36" 
2021-09-12 21:54:11.573 403 "GET http localhost:8080 / HTTP/1.1" 0.000, 127.0.0.1, "", "Mozilla/5.0 (Macintosh; Intel Mac OS X 11_2_3) AppleWebKit/537.36 (KHTML, like Gecko) Chrome/89.0.4389.90 Safari/537.36"
2021-09-12 21:55:56.892 200 "GET http localhost:8080 /swagger HTTP/1.1" 0.005, 127.0.0.1, "", "Mozilla/5.0 (Macintosh; Intel Mac OS X 11_2_3) AppleWebKit/537.36 (KHTML, like Gecko) Chrome/89.0.4389.90 Safari/537.36"
2021-09-12 21:55:56.944 200 "GET http localhost:8080 /swagger/swagger-ui.css HTTP/1.1" 0.002, 127.0.0.1, "http://localhost:8080/swagger", "Mozilla/5.0 (Macintosh; Intel Mac OS X 11_2_3) AppleWebKit/537.36 (KHTML, like Gecko) Chrome/89.0.4389.90 Safari/537.36"
2021-09-12 21:55:56.945 200 "GET http localhost:8080 /swagger/custom.css HTTP/1.1" 0.000, 127.0.0.1, "http://localhost:8080/swagger", "Mozilla/5.0 (Macintosh; Intel Mac OS X 11_2_3) AppleWebKit/537.36 (KHTML, like Gecko) Chrome/89.0.4389.90 Safari/537.36"
2021-09-12 21:55:56.961 200 "GET http localhost:8080 /swagger/swagger-ui-standalone-preset.js HTTP/1.1" 0.006, 127.0.0.1, "http://localhost:8080/swagger", "Mozilla/5.0 (Macintosh; Intel Mac OS X 11_2_3) AppleWebKit/537.36 (KHTML, like Gecko) Chrome/89.0.4389.90 Safari/537.36"
2021-09-12 21:55:56.975 200 "GET http localhost:8080 /swagger/swagger-ui-bundle.js HTTP/1.1" 0.030, 127.0.0.1, "http://localhost:8080/swagger", "Mozilla/5.0 (Macintosh; Intel Mac OS X 11_2_3) AppleWebKit/537.36 (KHTML, like Gecko) Chrome/89.0.4389.90 Safari/537.36"
2021-09-12 21:55:57.230 200 "GET http localhost:8080 /swagger/swagger.json HTTP/1.1" 0.002, 127.0.0.1, "http://localhost:8080/swagger", "Mozilla/5.0 (Macintosh; Intel Mac OS X 11_2_3) AppleWebKit/537.36 (KHTML, like Gecko) Chrome/89.0.4389.90 Safari/537.36"
2021-09-12 21:55:57.263 200 "GET http localhost:8080 /swagger/favicon-32x32.png HTTP/1.1" 0.000, 127.0.0.1, "http://localhost:8080/swagger", "Mozilla/5.0 (Macintosh; Intel Mac OS X 11_2_3) AppleWebKit/537.36 (KHTML, like Gecko) Chrome/89.0.4389.90 Safari/537.36"
2021-09-12 23:41:46.629 200 "OPTIONS http localhost:8200 /system/logout HTTP/1.1" 0.001, [::1], "http://localhost:9002/", "Mozilla/5.0 (Macintosh; Intel Mac OS X 11_2_3) AppleWebKit/537.36 (KHTML, like Gecko) Chrome/89.0.4389.90 Safari/537.36" 
2021-09-12 23:41:46.677 200 "POST http localhost:8200 /system/logout HTTP/1.1" 0.045, [::1], "http://localhost:9002/", "Mozilla/5.0 (Macintosh; Intel Mac OS X 11_2_3) AppleWebKit/537.36 (KHTML, like Gecko) Chrome/89.0.4389.90 Safari/537.36" 
2021-09-12 23:41:47.417 200 "GET http localhost:8200 /captcha/get HTTP/1.1" 0.015, [::1], "http://localhost:9002/", "Mozilla/5.0 (Macintosh; Intel Mac OS X 11_2_3) AppleWebKit/537.36 (KHTML, like Gecko) Chrome/89.0.4389.90 Safari/537.36" 
2021-09-12 23:42:40.325 200 "OPTIONS http localhost:8200 /system/login HTTP/1.1" 0.000, [::1], "http://localhost:9002/", "Mozilla/5.0 (Macintosh; Intel Mac OS X 11_2_3) AppleWebKit/537.36 (KHTML, like Gecko) Chrome/89.0.4389.90 Safari/537.36" 
2021-09-12 23:42:40.330 200 "POST http localhost:8200 /system/login HTTP/1.1" 0.000, [::1], "http://localhost:9002/", "Mozilla/5.0 (Macintosh; Intel Mac OS X 11_2_3) AppleWebKit/537.36 (KHTML, like Gecko) Chrome/89.0.4389.90 Safari/537.36" 
2021-09-12 23:42:40.360 200 "GET http localhost:8200 /captcha/get HTTP/1.1" 0.013, [::1], "http://localhost:9002/", "Mozilla/5.0 (Macintosh; Intel Mac OS X 11_2_3) AppleWebKit/537.36 (KHTML, like Gecko) Chrome/89.0.4389.90 Safari/537.36" 
