2021-03-10 11:04:57.089 200 "GET http localhost:8200 / HTTP/1.1" 0.326, [::1], "", "Mozilla/5.0 (Windows NT 10.0; Win64; x64) AppleWebKit/537.36 (KHTML, like Gecko) Chrome/88.0.4324.182 Safari/537.36"
2021-03-10 11:04:57.201 200 "GET http localhost:8200 /static/css/app.f8955b3b.css HTTP/1.1" 0.073, [::1], "http://localhost:8200/", "Mozilla/5.0 (Windows NT 10.0; Win64; x64) AppleWebKit/537.36 (KHTML, like Gecko) Chrome/88.0.4324.182 Safari/537.36"
2021-03-10 11:04:57.271 200 "GET http localhost:8200 /static/js/chunk-libs.c93a6cdc.js HTTP/1.1" 0.141, [::1], "http://localhost:8200/", "Mozilla/5.0 (Windows NT 10.0; Win64; x64) AppleWebKit/537.36 (KHTML, like Gecko) Chrome/88.0.4324.182 Safari/537.36"
2021-03-10 11:04:57.290 200 "GET http localhost:8200 /static/js/app.0af133c8.js HTTP/1.1" 0.160, [::1], "http://localhost:8200/", "Mozilla/5.0 (Windows NT 10.0; Win64; x64) AppleWebKit/537.36 (KHTML, like Gecko) Chrome/88.0.4324.182 Safari/537.36"
2021-03-10 11:04:57.290 200 "GET http localhost:8200 /static/css/chunk-libs.da13e127.css HTTP/1.1" 0.164, [::1], "http://localhost:8200/", "Mozilla/5.0 (Windows NT 10.0; Win64; x64) AppleWebKit/537.36 (KHTML, like Gecko) Chrome/88.0.4324.182 Safari/537.36"
2021-03-10 11:04:57.290 200 "GET http localhost:8200 /static/js/chunk-elementUI.560cf399.js HTTP/1.1" 0.160, [::1], "http://localhost:8200/", "Mozilla/5.0 (Windows NT 10.0; Win64; x64) AppleWebKit/537.36 (KHTML, like Gecko) Chrome/88.0.4324.182 Safari/537.36"
2021-03-10 11:04:57.683 200 "GET http localhost:8200 /favicon.ico HTTP/1.1" 0.132, [::1], "http://localhost:8200/", "Mozilla/5.0 (Windows NT 10.0; Win64; x64) AppleWebKit/537.36 (KHTML, like Gecko) Chrome/88.0.4324.182 Safari/537.36"
2021-03-10 11:04:57.871 200 "GET http localhost:8200 /system/index/getInfo HTTP/1.1" 0.361, [::1], "http://localhost:8200/", "Mozilla/5.0 (Windows NT 10.0; Win64; x64) AppleWebKit/537.36 (KHTML, like Gecko) Chrome/88.0.4324.182 Safari/537.36"
2021-03-10 11:04:57.909 200 "GET http localhost:8200 /static/js/chunk-2d0d6345.609cfcf0.js HTTP/1.1" 0.023, [::1], "http://localhost:8200/", "Mozilla/5.0 (Windows NT 10.0; Win64; x64) AppleWebKit/537.36 (KHTML, like Gecko) Chrome/88.0.4324.182 Safari/537.36"
2021-03-10 11:04:57.911 200 "GET http localhost:8200 /static/js/chunk-68d5bf9e.ae7db1ef.js HTTP/1.1" 0.025, [::1], "http://localhost:8200/", "Mozilla/5.0 (Windows NT 10.0; Win64; x64) AppleWebKit/537.36 (KHTML, like Gecko) Chrome/88.0.4324.182 Safari/537.36"
2021-03-10 11:04:57.941 200 "GET http localhost:8200 /static/css/chunk-68d5bf9e.3c72d4e5.css HTTP/1.1" 0.055, [::1], "http://localhost:8200/", "Mozilla/5.0 (Windows NT 10.0; Win64; x64) AppleWebKit/537.36 (KHTML, like Gecko) Chrome/88.0.4324.182 Safari/537.36"
2021-03-10 11:04:58.025 200 "GET http localhost:8200 /static/fonts/element-icons.535877f5.woff HTTP/1.1" 0.101, [::1], "http://localhost:8200/static/css/app.f8955b3b.css", "Mozilla/5.0 (Windows NT 10.0; Win64; x64) AppleWebKit/537.36 (KHTML, like Gecko) Chrome/88.0.4324.182 Safari/537.36"
2021-03-10 11:04:58.126 200 "GET http localhost:8200 /static/img/login-background.f9f49138.jpg HTTP/1.1" 0.160, [::1], "http://localhost:8200/static/css/chunk-68d5bf9e.3c72d4e5.css", "Mozilla/5.0 (Windows NT 10.0; Win64; x64) AppleWebKit/537.36 (KHTML, like Gecko) Chrome/88.0.4324.182 Safari/537.36"
2021-03-10 11:04:58.618 200 "POST http localhost:8200 /captcha/get/img HTTP/1.1" 0.637, [::1], "http://localhost:8200/", "Mozilla/5.0 (Windows NT 10.0; Win64; x64) AppleWebKit/537.36 (KHTML, like Gecko) Chrome/88.0.4324.182 Safari/537.36"
2021-03-10 11:05:06.088 200 "POST http localhost:8200 /sysLogin/login HTTP/1.1" 0.208, [::1], "http://localhost:8200/", "Mozilla/5.0 (Windows NT 10.0; Win64; x64) AppleWebKit/537.36 (KHTML, like Gecko) Chrome/88.0.4324.182 Safari/537.36"
2021-03-10 11:05:06.222 200 "GET http localhost:8200 /system/index/getInfo HTTP/1.1" 0.127, [::1], "http://localhost:8200/", "Mozilla/5.0 (Windows NT 10.0; Win64; x64) AppleWebKit/537.36 (KHTML, like Gecko) Chrome/88.0.4324.182 Safari/537.36"
2021-03-10 11:05:06.234 200 "GET http localhost:8200 /system/index/getRouters HTTP/1.1" 0.007, [::1], "http://localhost:8200/", "Mozilla/5.0 (Windows NT 10.0; Win64; x64) AppleWebKit/537.36 (KHTML, like Gecko) Chrome/88.0.4324.182 Safari/537.36"
2021-03-10 11:05:06.307 200 "GET http localhost:8200 /static/css/chunk-2eaa84fb.16d8ef2f.css HTTP/1.1" 0.032, [::1], "http://localhost:8200/", "Mozilla/5.0 (Windows NT 10.0; Win64; x64) AppleWebKit/537.36 (KHTML, like Gecko) Chrome/88.0.4324.182 Safari/537.36"
2021-03-10 11:05:06.330 200 "GET http localhost:8200 /static/js/chunk-2eaa84fb.a81d69aa.js HTTP/1.1" 0.055, [::1], "http://localhost:8200/", "Mozilla/5.0 (Windows NT 10.0; Win64; x64) AppleWebKit/537.36 (KHTML, like Gecko) Chrome/88.0.4324.182 Safari/537.36"
2021-03-10 11:05:06.380 200 "GET http localhost:8200 /static/js/chunk-4b90662e.2b4e57e7.js HTTP/1.1" 0.105, [::1], "http://localhost:8200/", "Mozilla/5.0 (Windows NT 10.0; Win64; x64) AppleWebKit/537.36 (KHTML, like Gecko) Chrome/88.0.4324.182 Safari/537.36"
2021-03-10 11:05:06.714 200 "GET http localhost:8200 /images/jz.jpg HTTP/1.1" 0.041, [::1], "http://localhost:8200/", "Mozilla/5.0 (Windows NT 10.0; Win64; x64) AppleWebKit/537.36 (KHTML, like Gecko) Chrome/88.0.4324.182 Safari/537.36"
2021-03-10 11:05:15.592 200 "GET http localhost:8200 /static/js/chunk-2d0c84d3.4db0f43b.js HTTP/1.1" 0.012, [::1], "http://localhost:8200/", "Mozilla/5.0 (Windows NT 10.0; Win64; x64) AppleWebKit/537.36 (KHTML, like Gecko) Chrome/88.0.4324.182 Safari/537.36"
2021-03-10 11:05:15.599 200 "GET http localhost:8200 /static/css/chunk-09e67496.98638719.css HTTP/1.1" 0.015, [::1], "http://localhost:8200/", "Mozilla/5.0 (Windows NT 10.0; Win64; x64) AppleWebKit/537.36 (KHTML, like Gecko) Chrome/88.0.4324.182 Safari/537.36"
2021-03-10 11:05:15.612 200 "GET http localhost:8200 /static/js/chunk-2d0e2366.6ae05f67.js HTTP/1.1" 0.028, [::1], "http://localhost:8200/", "Mozilla/5.0 (Windows NT 10.0; Win64; x64) AppleWebKit/537.36 (KHTML, like Gecko) Chrome/88.0.4324.182 Safari/537.36"
2021-03-10 11:05:15.862 200 "GET http localhost:8200 /static/js/chunk-09e67496.3d5711de.js HTTP/1.1" 0.280, [::1], "http://localhost:8200/", "Mozilla/5.0 (Windows NT 10.0; Win64; x64) AppleWebKit/537.36 (KHTML, like Gecko) Chrome/88.0.4324.182 Safari/537.36"
2021-03-10 11:05:26.342 200 "GET http localhost:8200 /system/cms/news/list?pageNum=1&pageSize=10&keyWords= HTTP/1.1" 0.078, [::1], "http://localhost:8200/", "Mozilla/5.0 (Windows NT 10.0; Win64; x64) AppleWebKit/537.36 (KHTML, like Gecko) Chrome/88.0.4324.182 Safari/537.36"
2021-03-10 11:05:26.387 404 "GET http localhost:8200 /pub_upload/2020-10-30/c6pwvdddc9kolqpyvu.jpg HTTP/1.1" 0.001, [::1], "http://localhost:8200/", "Mozilla/5.0 (Windows NT 10.0; Win64; x64) AppleWebKit/537.36 (KHTML, like Gecko) Chrome/88.0.4324.182 Safari/537.36"
2021-03-10 11:05:26.387 404 "GET http localhost:8200 /pub_upload/2020-10-30/c6pwzxde4qkkciir2g.jpeg HTTP/1.1" 0.000, [::1], "http://localhost:8200/", "Mozilla/5.0 (Windows NT 10.0; Win64; x64) AppleWebKit/537.36 (KHTML, like Gecko) Chrome/88.0.4324.182 Safari/537.36"
2021-03-10 11:05:26.387 404 "GET http localhost:8200 /pub_upload/2020-10-30/c6pwy5wn1398e93sjy.jpg HTTP/1.1" 0.001, [::1], "http://localhost:8200/", "Mozilla/5.0 (Windows NT 10.0; Win64; x64) AppleWebKit/537.36 (KHTML, like Gecko) Chrome/88.0.4324.182 Safari/537.36"
2021-03-10 11:05:26.387 404 "GET http localhost:8200 /pub_upload/2020-10-30/c6pww9dkku60m8yrpv.jpg HTTP/1.1" 0.001, [::1], "http://localhost:8200/", "Mozilla/5.0 (Windows NT 10.0; Win64; x64) AppleWebKit/537.36 (KHTML, like Gecko) Chrome/88.0.4324.182 Safari/537.36"
2021-03-10 11:05:26.388 404 "GET http localhost:8200 /pub_upload/2020-10-30/c6pwuapknpacaljqm5.jpg HTTP/1.1" 0.001, [::1], "http://localhost:8200/", "Mozilla/5.0 (Windows NT 10.0; Win64; x64) AppleWebKit/537.36 (KHTML, like Gecko) Chrome/88.0.4324.182 Safari/537.36"
2021-03-10 11:05:26.389 404 "GET http localhost:8200 /pub_upload/2020-10-30/c6pwsqcu6mi85nxf0g.png HTTP/1.1" 0.000, [::1], "http://localhost:8200/", "Mozilla/5.0 (Windows NT 10.0; Win64; x64) AppleWebKit/537.36 (KHTML, like Gecko) Chrome/88.0.4324.182 Safari/537.36"
2021-03-10 11:05:26.392 404 "GET http localhost:8200 /pub_upload/2020-10-30/c6pwrxducjwol7kb2q.jpeg HTTP/1.1" 0.002, [::1], "http://localhost:8200/", "Mozilla/5.0 (Windows NT 10.0; Win64; x64) AppleWebKit/537.36 (KHTML, like Gecko) Chrome/88.0.4324.182 Safari/537.36"
2021-03-10 11:05:26.392 404 "GET http localhost:8200 /pub_upload/2020-10-30/c6pwno8goau0ukjg3q.jpg HTTP/1.1" 0.000, [::1], "http://localhost:8200/", "Mozilla/5.0 (Windows NT 10.0; Win64; x64) AppleWebKit/537.36 (KHTML, like Gecko) Chrome/88.0.4324.182 Safari/537.36"
2021-03-10 11:05:26.392 404 "GET http localhost:8200 /pub_upload/2020-10-30/c6pwqm121lnoncnkvs.jpg HTTP/1.1" 0.000, [::1], "http://localhost:8200/", "Mozilla/5.0 (Windows NT 10.0; Win64; x64) AppleWebKit/537.36 (KHTML, like Gecko) Chrome/88.0.4324.182 Safari/537.36"
2021-03-10 11:05:29.762 200 "GET http localhost:8200 /system/config/params/list?pageNum=1&pageSize=10&beginTime=&endTime= HTTP/1.1" 0.038, [::1], "http://localhost:8200/", "Mozilla/5.0 (Windows NT 10.0; Win64; x64) AppleWebKit/537.36 (KHTML, like Gecko) Chrome/88.0.4324.182 Safari/537.36"
2021-03-10 11:05:30.974 200 "GET http localhost:8200 /system/config/dict/list?pageNum=1&pageSize=10&beginTime=&endTime= HTTP/1.1" 0.014, [::1], "http://localhost:8200/", "Mozilla/5.0 (Windows NT 10.0; Win64; x64) AppleWebKit/537.36 (KHTML, like Gecko) Chrome/88.0.4324.182 Safari/537.36"
2021-03-10 11:05:36.971 200 "GET http localhost:8200 /system/config/params/list?pageNum=1&pageSize=10&beginTime=&endTime= HTTP/1.1" 0.011, [::1], "http://localhost:8200/", "Mozilla/5.0 (Windows NT 10.0; Win64; x64) AppleWebKit/537.36 (KHTML, like Gecko) Chrome/88.0.4324.182 Safari/537.36"
2021-03-10 11:05:48.950 200 "GET http localhost:8200 /system/cms/news/list?pageNum=1&pageSize=10&keyWords= HTTP/1.1" 0.019, [::1], "http://localhost:8200/", "Mozilla/5.0 (Windows NT 10.0; Win64; x64) AppleWebKit/537.36 (KHTML, like Gecko) Chrome/88.0.4324.182 Safari/537.36"
2021-03-10 11:05:48.981 404 "GET http localhost:8200 /pub_upload/2020-10-30/c6pwzxde4qkkciir2g.jpeg HTTP/1.1" 0.001, [::1], "http://localhost:8200/", "Mozilla/5.0 (Windows NT 10.0; Win64; x64) AppleWebKit/537.36 (KHTML, like Gecko) Chrome/88.0.4324.182 Safari/537.36"
2021-03-10 11:05:48.981 404 "GET http localhost:8200 /pub_upload/2020-10-30/c6pwy5wn1398e93sjy.jpg HTTP/1.1" 0.000, [::1], "http://localhost:8200/", "Mozilla/5.0 (Windows NT 10.0; Win64; x64) AppleWebKit/537.36 (KHTML, like Gecko) Chrome/88.0.4324.182 Safari/537.36"
2021-03-10 11:05:48.983 404 "GET http localhost:8200 /pub_upload/2020-10-30/c6pww9dkku60m8yrpv.jpg HTTP/1.1" 0.000, [::1], "http://localhost:8200/", "Mozilla/5.0 (Windows NT 10.0; Win64; x64) AppleWebKit/537.36 (KHTML, like Gecko) Chrome/88.0.4324.182 Safari/537.36"
2021-03-10 11:05:48.984 404 "GET http localhost:8200 /pub_upload/2020-10-30/c6pwsqcu6mi85nxf0g.png HTTP/1.1" 0.001, [::1], "http://localhost:8200/", "Mozilla/5.0 (Windows NT 10.0; Win64; x64) AppleWebKit/537.36 (KHTML, like Gecko) Chrome/88.0.4324.182 Safari/537.36"
2021-03-10 11:05:48.985 404 "GET http localhost:8200 /pub_upload/2020-10-30/c6pwvdddc9kolqpyvu.jpg HTTP/1.1" 0.000, [::1], "http://localhost:8200/", "Mozilla/5.0 (Windows NT 10.0; Win64; x64) AppleWebKit/537.36 (KHTML, like Gecko) Chrome/88.0.4324.182 Safari/537.36"
2021-03-10 11:05:48.985 404 "GET http localhost:8200 /pub_upload/2020-10-30/c6pwqm121lnoncnkvs.jpg HTTP/1.1" 0.000, [::1], "http://localhost:8200/", "Mozilla/5.0 (Windows NT 10.0; Win64; x64) AppleWebKit/537.36 (KHTML, like Gecko) Chrome/88.0.4324.182 Safari/537.36"
2021-03-10 11:05:48.985 404 "GET http localhost:8200 /pub_upload/2020-10-30/c6pwrxducjwol7kb2q.jpeg HTTP/1.1" 0.000, [::1], "http://localhost:8200/", "Mozilla/5.0 (Windows NT 10.0; Win64; x64) AppleWebKit/537.36 (KHTML, like Gecko) Chrome/88.0.4324.182 Safari/537.36"
2021-03-10 11:05:48.985 404 "GET http localhost:8200 /pub_upload/2020-10-30/c6pwuapknpacaljqm5.jpg HTTP/1.1" 0.000, [::1], "http://localhost:8200/", "Mozilla/5.0 (Windows NT 10.0; Win64; x64) AppleWebKit/537.36 (KHTML, like Gecko) Chrome/88.0.4324.182 Safari/537.36"
2021-03-10 11:05:48.986 404 "GET http localhost:8200 /pub_upload/2020-10-30/c6pwno8goau0ukjg3q.jpg HTTP/1.1" 0.000, [::1], "http://localhost:8200/", "Mozilla/5.0 (Windows NT 10.0; Win64; x64) AppleWebKit/537.36 (KHTML, like Gecko) Chrome/88.0.4324.182 Safari/537.36"
