2020-07-17 09:40:14.828 200 "GET http localhost:8200 /swagger/index.html HTTP/1.1" 0.002, [::1], "", "Mozilla/5.0 (Windows NT 10.0; Win64; x64) AppleWebKit/537.36 (KHTML, like Gecko) Chrome/83.0.4103.61 Safari/537.36"
2020-07-17 09:40:15.038 200 "GET http localhost:8200 /swagger.json HTTP/1.1" 0.001, [::1], "http://localhost:8200/swagger/index.html", "Mozilla/5.0 (Windows NT 10.0; Win64; x64) AppleWebKit/537.36 (KHTML, like Gecko) Chrome/83.0.4103.61 Safari/537.36"
2020-07-17 09:40:15.193 200 "GET http localhost:8200 /swagger/favicon-32x32.png HTTP/1.1" 0.151, [::1], "http://localhost:8200/swagger/index.html", "Mozilla/5.0 (Windows NT 10.0; Win64; x64) AppleWebKit/537.36 (KHTML, like Gecko) Chrome/83.0.4103.61 Safari/537.36"
2020-07-17 09:40:17.033 200 "GET http localhost:8200 /swagger/index.html HTTP/1.1" 0.001, [::1], "", "Mozilla/5.0 (Windows NT 10.0; Win64; x64) AppleWebKit/537.36 (KHTML, like Gecko) Chrome/83.0.4103.61 Safari/537.36"
2020-07-17 09:40:17.137 200 "GET http localhost:8200 /swagger.json HTTP/1.1" 0.001, [::1], "http://localhost:8200/swagger/index.html", "Mozilla/5.0 (Windows NT 10.0; Win64; x64) AppleWebKit/537.36 (KHTML, like Gecko) Chrome/83.0.4103.61 Safari/537.36"
2020-07-17 09:40:17.145 200 "GET http localhost:8200 /swagger/favicon-32x32.png HTTP/1.1" 0.004, [::1], "http://localhost:8200/swagger/index.html", "Mozilla/5.0 (Windows NT 10.0; Win64; x64) AppleWebKit/537.36 (KHTML, like Gecko) Chrome/83.0.4103.61 Safari/537.36"
2020-07-17 09:50:13.975 200 "GET http localhost:8200 /swagger/index.html HTTP/1.1" 0.001, [::1], "", "Mozilla/5.0 (Windows NT 10.0; Win64; x64) AppleWebKit/537.36 (KHTML, like Gecko) Chrome/83.0.4103.61 Safari/537.36"
2020-07-17 09:50:14.096 200 "GET http localhost:8200 /swagger.json HTTP/1.1" 0.001, [::1], "http://localhost:8200/swagger/index.html", "Mozilla/5.0 (Windows NT 10.0; Win64; x64) AppleWebKit/537.36 (KHTML, like Gecko) Chrome/83.0.4103.61 Safari/537.36"
2020-07-17 09:50:14.307 200 "GET http localhost:8200 /swagger/favicon-32x32.png HTTP/1.1" 0.141, [::1], "http://localhost:8200/swagger/index.html", "Mozilla/5.0 (Windows NT 10.0; Win64; x64) AppleWebKit/537.36 (KHTML, like Gecko) Chrome/83.0.4103.61 Safari/537.36"
2020-07-17 10:15:13.594 200 "POST http localhost:8200 /sysLogin/public/verify HTTP/1.1" 0.013, [::1], "http://localhost:81/", "Mozilla/5.0 (Windows NT 10.0; WOW64) AppleWebKit/537.36 (KHTML, like Gecko) Chrome/78.0.3904.108 Safari/537.36"
2020-07-17 10:15:14.984 200 "POST http localhost:8200 /sysLogin/public/verify HTTP/1.1" 0.010, [::1], "http://localhost:81/", "Mozilla/5.0 (Windows NT 10.0; WOW64) AppleWebKit/537.36 (KHTML, like Gecko) Chrome/78.0.3904.108 Safari/537.36"
2020-07-17 10:15:19.636 200 "OPTIONS http localhost:8200 /sysLogin/login HTTP/1.1" 0.001, [::1], "http://localhost:81/", "Mozilla/5.0 (Windows NT 10.0; WOW64) AppleWebKit/537.36 (KHTML, like Gecko) Chrome/78.0.3904.108 Safari/537.36"
2020-07-17 10:15:19.851 200 "POST http localhost:8200 /sysLogin/login HTTP/1.1" 0.203, [::1], "http://localhost:81/", "Mozilla/5.0 (Windows NT 10.0; WOW64) AppleWebKit/537.36 (KHTML, like Gecko) Chrome/78.0.3904.108 Safari/537.36"
2020-07-17 10:15:19.863 200 "OPTIONS http localhost:8200 /system/index/getInfo HTTP/1.1" 0.000, [::1], "http://localhost:81/", "Mozilla/5.0 (Windows NT 10.0; WOW64) AppleWebKit/537.36 (KHTML, like Gecko) Chrome/78.0.3904.108 Safari/537.36"
2020-07-17 10:15:19.953 200 "GET http localhost:8200 /system/index/getInfo HTTP/1.1" 0.086, [::1], "http://localhost:81/", "Mozilla/5.0 (Windows NT 10.0; WOW64) AppleWebKit/537.36 (KHTML, like Gecko) Chrome/78.0.3904.108 Safari/537.36"
2020-07-17 10:15:19.958 200 "OPTIONS http localhost:8200 /system/index/getRouters HTTP/1.1" 0.000, [::1], "http://localhost:81/", "Mozilla/5.0 (Windows NT 10.0; WOW64) AppleWebKit/537.36 (KHTML, like Gecko) Chrome/78.0.3904.108 Safari/537.36"
2020-07-17 10:15:19.962 200 "GET http localhost:8200 /system/index/getRouters HTTP/1.1" 0.002, [::1], "http://localhost:81/", "Mozilla/5.0 (Windows NT 10.0; WOW64) AppleWebKit/537.36 (KHTML, like Gecko) Chrome/78.0.3904.108 Safari/537.36"
2020-07-17 10:15:20.396 404 "GET http localhost:8200 /pub_upload/2020-07-06/c3z4e80h9q9sdfspwe.jpeg HTTP/1.1" 0.000, [::1], "http://localhost:81/", "Mozilla/5.0 (Windows NT 10.0; WOW64) AppleWebKit/537.36 (KHTML, like Gecko) Chrome/78.0.3904.108 Safari/537.36"
2020-07-17 10:15:29.749 200 "OPTIONS http localhost:8200 /system/auth/menuList HTTP/1.1" 0.001, [::1], "http://localhost:81/", "Mozilla/5.0 (Windows NT 10.0; WOW64) AppleWebKit/537.36 (KHTML, like Gecko) Chrome/78.0.3904.108 Safari/537.36"
2020-07-17 10:15:29.940 200 "GET http localhost:8200 /system/auth/menuList HTTP/1.1" 0.186, [::1], "http://localhost:81/", "Mozilla/5.0 (Windows NT 10.0; WOW64) AppleWebKit/537.36 (KHTML, like Gecko) Chrome/78.0.3904.108 Safari/537.36"
2020-07-17 10:15:37.675 200 "OPTIONS http localhost:8200 /system/auth/addMenu HTTP/1.1" 0.044, [::1], "http://localhost:81/", "Mozilla/5.0 (Windows NT 10.0; WOW64) AppleWebKit/537.36 (KHTML, like Gecko) Chrome/78.0.3904.108 Safari/537.36"
2020-07-17 10:15:37.678 200 "GET http localhost:8200 /system/auth/addMenu HTTP/1.1" 0.001, [::1], "http://localhost:81/", "Mozilla/5.0 (Windows NT 10.0; WOW64) AppleWebKit/537.36 (KHTML, like Gecko) Chrome/78.0.3904.108 Safari/537.36"
2020-07-17 10:16:41.579 200 "POST http localhost:8200 /system/auth/addMenu HTTP/1.1" 0.003, [::1], "http://localhost:81/", "Mozilla/5.0 (Windows NT 10.0; WOW64) AppleWebKit/537.36 (KHTML, like Gecko) Chrome/78.0.3904.108 Safari/537.36"
2020-07-17 10:17:16.633 200 "POST http localhost:8200 /system/auth/addMenu HTTP/1.1" 0.017, [::1], "http://localhost:81/", "Mozilla/5.0 (Windows NT 10.0; WOW64) AppleWebKit/537.36 (KHTML, like Gecko) Chrome/78.0.3904.108 Safari/537.36"
2020-07-17 10:17:16.683 200 "GET http localhost:8200 /system/auth/menuList HTTP/1.1" 0.019, [::1], "http://localhost:81/", "Mozilla/5.0 (Windows NT 10.0; WOW64) AppleWebKit/537.36 (KHTML, like Gecko) Chrome/78.0.3904.108 Safari/537.36"
2020-07-17 10:17:19.914 200 "GET http localhost:8200 /system/index/getInfo HTTP/1.1" 0.021, [::1], "http://localhost:81/", "Mozilla/5.0 (Windows NT 10.0; WOW64) AppleWebKit/537.36 (KHTML, like Gecko) Chrome/78.0.3904.108 Safari/537.36"
2020-07-17 10:17:19.935 200 "GET http localhost:8200 /system/index/getRouters HTTP/1.1" 0.002, [::1], "http://localhost:81/", "Mozilla/5.0 (Windows NT 10.0; WOW64) AppleWebKit/537.36 (KHTML, like Gecko) Chrome/78.0.3904.108 Safari/537.36"
2020-07-17 10:17:20.278 404 "GET http localhost:8200 /pub_upload/2020-07-06/c3z4e80h9q9sdfspwe.jpeg HTTP/1.1" 0.000, [::1], "http://localhost:81/", "Mozilla/5.0 (Windows NT 10.0; WOW64) AppleWebKit/537.36 (KHTML, like Gecko) Chrome/78.0.3904.108 Safari/537.36"
2020-07-17 10:17:20.284 200 "GET http localhost:8200 /system/auth/menuList HTTP/1.1" 0.003, [::1], "http://localhost:81/", "Mozilla/5.0 (Windows NT 10.0; WOW64) AppleWebKit/537.36 (KHTML, like Gecko) Chrome/78.0.3904.108 Safari/537.36"
2020-07-17 10:17:23.141 200 "GET http localhost:8200 /swagger/index.html HTTP/1.1" 0.156, [::1], "http://localhost:81/", "Mozilla/5.0 (Windows NT 10.0; WOW64) AppleWebKit/537.36 (KHTML, like Gecko) Chrome/78.0.3904.108 Safari/537.36"
2020-07-17 10:17:23.317 200 "GET http localhost:8200 /swagger.json HTTP/1.1" 0.001, [::1], "http://localhost:8200/swagger/index.html", "Mozilla/5.0 (Windows NT 10.0; WOW64) AppleWebKit/537.36 (KHTML, like Gecko) Chrome/78.0.3904.108 Safari/537.36"
2020-07-17 10:19:42.361 404 "GET http localhost:8200 /swag HTTP/1.1" 0.001, [::1], "", "Mozilla/5.0 (Windows NT 10.0; WOW64) AppleWebKit/537.36 (KHTML, like Gecko) Chrome/78.0.3904.108 Safari/537.36"
2020-07-17 10:19:42.711 200 "GET http localhost:8200 /favicon.ico HTTP/1.1" 0.017, [::1], "http://localhost:8200/swag", "Mozilla/5.0 (Windows NT 10.0; WOW64) AppleWebKit/537.36 (KHTML, like Gecko) Chrome/78.0.3904.108 Safari/537.36"
2020-07-17 10:19:45.368 200 "GET http localhost:8200 / HTTP/1.1" 0.001, [::1], "", "Mozilla/5.0 (Windows NT 10.0; WOW64) AppleWebKit/537.36 (KHTML, like Gecko) Chrome/78.0.3904.108 Safari/537.36"
2020-07-17 10:19:45.413 200 "GET http localhost:8200 /static/css/app.f8955b3b.css HTTP/1.1" 0.004, [::1], "http://localhost:8200/", "Mozilla/5.0 (Windows NT 10.0; WOW64) AppleWebKit/537.36 (KHTML, like Gecko) Chrome/78.0.3904.108 Safari/537.36"
2020-07-17 10:19:45.424 200 "GET http localhost:8200 /static/js/app.60eca6af.js HTTP/1.1" 0.012, [::1], "http://localhost:8200/", "Mozilla/5.0 (Windows NT 10.0; WOW64) AppleWebKit/537.36 (KHTML, like Gecko) Chrome/78.0.3904.108 Safari/537.36"
2020-07-17 10:19:45.428 200 "GET http localhost:8200 /static/css/chunk-libs.da13e127.css HTTP/1.1" 0.018, [::1], "http://localhost:8200/", "Mozilla/5.0 (Windows NT 10.0; WOW64) AppleWebKit/537.36 (KHTML, like Gecko) Chrome/78.0.3904.108 Safari/537.36"
2020-07-17 10:19:45.428 200 "GET http localhost:8200 /static/js/chunk-elementUI.560cf399.js HTTP/1.1" 0.017, [::1], "http://localhost:8200/", "Mozilla/5.0 (Windows NT 10.0; WOW64) AppleWebKit/537.36 (KHTML, like Gecko) Chrome/78.0.3904.108 Safari/537.36"
2020-07-17 10:19:45.428 200 "GET http localhost:8200 /static/js/chunk-libs.c93a6cdc.js HTTP/1.1" 0.016, [::1], "http://localhost:8200/", "Mozilla/5.0 (Windows NT 10.0; WOW64) AppleWebKit/537.36 (KHTML, like Gecko) Chrome/78.0.3904.108 Safari/537.36"
2020-07-17 10:19:45.591 200 "GET http localhost:8200 /system/index/getInfo HTTP/1.1" 0.010, [::1], "http://localhost:8200/", "Mozilla/5.0 (Windows NT 10.0; WOW64) AppleWebKit/537.36 (KHTML, like Gecko) Chrome/78.0.3904.108 Safari/537.36"
2020-07-17 10:19:45.613 200 "GET http localhost:8200 /system/index/getRouters HTTP/1.1" 0.015, [::1], "http://localhost:8200/", "Mozilla/5.0 (Windows NT 10.0; WOW64) AppleWebKit/537.36 (KHTML, like Gecko) Chrome/78.0.3904.108 Safari/537.36"
2020-07-17 10:19:45.624 200 "GET http localhost:8200 /static/js/chunk-357f68a8.99aa413e.js HTTP/1.1" 0.002, [::1], "http://localhost:8200/", "Mozilla/5.0 (Windows NT 10.0; WOW64) AppleWebKit/537.36 (KHTML, like Gecko) Chrome/78.0.3904.108 Safari/537.36"
2020-07-17 10:19:45.624 200 "GET http localhost:8200 /static/css/chunk-357f68a8.9e95771d.css HTTP/1.1" 0.002, [::1], "http://localhost:8200/", "Mozilla/5.0 (Windows NT 10.0; WOW64) AppleWebKit/537.36 (KHTML, like Gecko) Chrome/78.0.3904.108 Safari/537.36"
2020-07-17 10:19:45.629 200 "GET http localhost:8200 /static/js/chunk-4b90662e.2b4e57e7.js HTTP/1.1" 0.007, [::1], "http://localhost:8200/", "Mozilla/5.0 (Windows NT 10.0; WOW64) AppleWebKit/537.36 (KHTML, like Gecko) Chrome/78.0.3904.108 Safari/537.36"
2020-07-17 10:19:45.841 404 "GET http localhost:8200 /pub_upload/2020-07-06/c3z4e80h9q9sdfspwe.jpeg HTTP/1.1" 0.000, [::1], "http://localhost:8200/", "Mozilla/5.0 (Windows NT 10.0; WOW64) AppleWebKit/537.36 (KHTML, like Gecko) Chrome/78.0.3904.108 Safari/537.36"
2020-07-17 10:19:46.109 200 "GET http localhost:8200 /static/fonts/element-icons.535877f5.woff HTTP/1.1" 0.001, [::1], "http://localhost:8200/static/css/app.f8955b3b.css", "Mozilla/5.0 (Windows NT 10.0; WOW64) AppleWebKit/537.36 (KHTML, like Gecko) Chrome/78.0.3904.108 Safari/537.36"
2020-07-17 10:19:48.438 200 "GET http localhost:8200 /static/js/chunk-2d0d6345.609cfcf0.js HTTP/1.1" 0.001, [::1], "http://localhost:8200/", "Mozilla/5.0 (Windows NT 10.0; WOW64) AppleWebKit/537.36 (KHTML, like Gecko) Chrome/78.0.3904.108 Safari/537.36"
2020-07-17 10:19:48.439 200 "GET http localhost:8200 /static/js/chunk-2d0c84d3.4db0f43b.js HTTP/1.1" 0.001, [::1], "http://localhost:8200/", "Mozilla/5.0 (Windows NT 10.0; WOW64) AppleWebKit/537.36 (KHTML, like Gecko) Chrome/78.0.3904.108 Safari/537.36"
2020-07-17 10:19:48.439 200 "GET http localhost:8200 /static/js/chunk-2d0e2366.6ae05f67.js HTTP/1.1" 0.001, [::1], "http://localhost:8200/", "Mozilla/5.0 (Windows NT 10.0; WOW64) AppleWebKit/537.36 (KHTML, like Gecko) Chrome/78.0.3904.108 Safari/537.36"
2020-07-17 10:19:48.440 200 "GET http localhost:8200 /static/css/chunk-24707f94.a257c198.css HTTP/1.1" 0.002, [::1], "http://localhost:8200/", "Mozilla/5.0 (Windows NT 10.0; WOW64) AppleWebKit/537.36 (KHTML, like Gecko) Chrome/78.0.3904.108 Safari/537.36"
2020-07-17 10:19:48.443 200 "GET http localhost:8200 /static/js/chunk-24707f94.4b79e8b5.js HTTP/1.1" 0.004, [::1], "http://localhost:8200/", "Mozilla/5.0 (Windows NT 10.0; WOW64) AppleWebKit/537.36 (KHTML, like Gecko) Chrome/78.0.3904.108 Safari/537.36"
2020-07-17 10:19:49.283 200 "GET http localhost:8200 /swagger.json HTTP/1.1" 0.001, [::1], "http://localhost:8200/swagger/index.html", "Mozilla/5.0 (Windows NT 10.0; WOW64) AppleWebKit/537.36 (KHTML, like Gecko) Chrome/78.0.3904.108 Safari/537.36"
2020-07-17 10:19:52.626 200 "GET http localhost:8200 /swagger.json HTTP/1.1" 0.001, [::1], "", "Mozilla/5.0 (Windows NT 10.0; WOW64) AppleWebKit/537.36 (KHTML, like Gecko) Chrome/78.0.3904.108 Safari/537.36"
