2020-07-14 09:13:22.949 200 "GET http localhost:8200 /system/index/getInfo HTTP/1.1" 0.015, [::1], "http://localhost:81/", "Mozilla/5.0 (Windows NT 10.0; Win64; x64) AppleWebKit/537.36 (KHTML, like Gecko) Chrome/83.0.4103.61 Safari/537.36"
2020-07-14 09:13:23.058 200 "POST http localhost:8200 /sysLogin/public/verify HTTP/1.1" 0.010, [::1], "http://localhost:81/login?redirect=%2Findex", "Mozilla/5.0 (Windows NT 10.0; Win64; x64) AppleWebKit/537.36 (KHTML, like Gecko) Chrome/83.0.4103.61 Safari/537.36"
2020-07-14 09:13:25.708 200 "POST http localhost:8200 /sysLogin/public/verify HTTP/1.1" 0.010, [::1], "http://localhost:81/login?redirect=%2Findex", "Mozilla/5.0 (Windows NT 10.0; Win64; x64) AppleWebKit/537.36 (KHTML, like Gecko) Chrome/83.0.4103.61 Safari/537.36"
2020-07-14 09:13:26.427 200 "POST http localhost:8200 /sysLogin/public/verify HTTP/1.1" 0.010, [::1], "http://localhost:81/login?redirect=%2Findex", "Mozilla/5.0 (Windows NT 10.0; Win64; x64) AppleWebKit/537.36 (KHTML, like Gecko) Chrome/83.0.4103.61 Safari/537.36"
2020-07-14 09:13:28.235 200 "POST http localhost:8200 /sysLogin/public/verify HTTP/1.1" 0.010, [::1], "http://localhost:81/login?redirect=%2Findex", "Mozilla/5.0 (Windows NT 10.0; Win64; x64) AppleWebKit/537.36 (KHTML, like Gecko) Chrome/83.0.4103.61 Safari/537.36"
2020-07-14 09:13:32.570 200 "POST http localhost:8200 /sysLogin/login HTTP/1.1" 0.015, [::1], "http://localhost:81/login?redirect=%2Findex", "Mozilla/5.0 (Windows NT 10.0; Win64; x64) AppleWebKit/537.36 (KHTML, like Gecko) Chrome/83.0.4103.61 Safari/537.36"
2020-07-14 09:13:32.607 200 "POST http localhost:8200 /sysLogin/public/verify HTTP/1.1" 0.017, [::1], "http://localhost:81/login?redirect=%2Findex", "Mozilla/5.0 (Windows NT 10.0; Win64; x64) AppleWebKit/537.36 (KHTML, like Gecko) Chrome/83.0.4103.61 Safari/537.36"
2020-07-14 09:14:04.820 200 "POST http localhost:8200 /sysLogin/public/verify HTTP/1.1" 0.009, [::1], "http://localhost:81/login?redirect=%2Findex", "Mozilla/5.0 (Windows NT 10.0; Win64; x64) AppleWebKit/537.36 (KHTML, like Gecko) Chrome/83.0.4103.61 Safari/537.36"
2020-07-14 09:14:09.556 200 "POST http localhost:8200 /sysLogin/login HTTP/1.1" 0.001, [::1], "http://localhost:81/login?redirect=%2Findex", "Mozilla/5.0 (Windows NT 10.0; Win64; x64) AppleWebKit/537.36 (KHTML, like Gecko) Chrome/83.0.4103.61 Safari/537.36"
2020-07-14 09:14:09.597 200 "POST http localhost:8200 /sysLogin/public/verify HTTP/1.1" 0.017, [::1], "http://localhost:81/login?redirect=%2Findex", "Mozilla/5.0 (Windows NT 10.0; Win64; x64) AppleWebKit/537.36 (KHTML, like Gecko) Chrome/83.0.4103.61 Safari/537.36"
2020-07-14 09:14:14.503 200 "POST http localhost:8200 /sysLogin/login HTTP/1.1" 0.000, [::1], "http://localhost:81/login?redirect=%2Findex", "Mozilla/5.0 (Windows NT 10.0; Win64; x64) AppleWebKit/537.36 (KHTML, like Gecko) Chrome/83.0.4103.61 Safari/537.36"
2020-07-14 09:14:14.548 200 "POST http localhost:8200 /sysLogin/public/verify HTTP/1.1" 0.012, [::1], "http://localhost:81/login?redirect=%2Findex", "Mozilla/5.0 (Windows NT 10.0; Win64; x64) AppleWebKit/537.36 (KHTML, like Gecko) Chrome/83.0.4103.61 Safari/537.36"
2020-07-14 09:14:18.633 200 "POST http localhost:8200 /sysLogin/login HTTP/1.1" 0.001, [::1], "http://localhost:81/login?redirect=%2Findex", "Mozilla/5.0 (Windows NT 10.0; Win64; x64) AppleWebKit/537.36 (KHTML, like Gecko) Chrome/83.0.4103.61 Safari/537.36"
2020-07-14 09:14:18.667 200 "POST http localhost:8200 /sysLogin/public/verify HTTP/1.1" 0.017, [::1], "http://localhost:81/login?redirect=%2Findex", "Mozilla/5.0 (Windows NT 10.0; Win64; x64) AppleWebKit/537.36 (KHTML, like Gecko) Chrome/83.0.4103.61 Safari/537.36"
2020-07-14 09:14:22.847 200 "POST http localhost:8200 /sysLogin/login HTTP/1.1" 0.000, [::1], "http://localhost:81/login?redirect=%2Findex", "Mozilla/5.0 (Windows NT 10.0; Win64; x64) AppleWebKit/537.36 (KHTML, like Gecko) Chrome/83.0.4103.61 Safari/537.36"
2020-07-14 09:14:22.885 200 "POST http localhost:8200 /sysLogin/public/verify HTTP/1.1" 0.019, [::1], "http://localhost:81/login?redirect=%2Findex", "Mozilla/5.0 (Windows NT 10.0; Win64; x64) AppleWebKit/537.36 (KHTML, like Gecko) Chrome/83.0.4103.61 Safari/537.36"
2020-07-14 09:14:26.848 200 "POST http localhost:8200 /sysLogin/login HTTP/1.1" 0.000, [::1], "http://localhost:81/login?redirect=%2Findex", "Mozilla/5.0 (Windows NT 10.0; Win64; x64) AppleWebKit/537.36 (KHTML, like Gecko) Chrome/83.0.4103.61 Safari/537.36"
2020-07-14 09:14:26.875 200 "POST http localhost:8200 /sysLogin/public/verify HTTP/1.1" 0.013, [::1], "http://localhost:81/login?redirect=%2Findex", "Mozilla/5.0 (Windows NT 10.0; Win64; x64) AppleWebKit/537.36 (KHTML, like Gecko) Chrome/83.0.4103.61 Safari/537.36"
2020-07-14 09:14:31.219 200 "POST http localhost:8200 /sysLogin/login HTTP/1.1" 0.001, [::1], "http://localhost:81/login?redirect=%2Findex", "Mozilla/5.0 (Windows NT 10.0; Win64; x64) AppleWebKit/537.36 (KHTML, like Gecko) Chrome/83.0.4103.61 Safari/537.36"
2020-07-14 09:14:31.265 200 "POST http localhost:8200 /sysLogin/public/verify HTTP/1.1" 0.010, [::1], "http://localhost:81/login?redirect=%2Findex", "Mozilla/5.0 (Windows NT 10.0; Win64; x64) AppleWebKit/537.36 (KHTML, like Gecko) Chrome/83.0.4103.61 Safari/537.36"
2020-07-14 09:14:34.113 200 "POST http localhost:8200 /sysLogin/public/verify HTTP/1.1" 0.008, [::1], "http://localhost:81/login?redirect=%2Findex", "Mozilla/5.0 (Windows NT 10.0; Win64; x64) AppleWebKit/537.36 (KHTML, like Gecko) Chrome/83.0.4103.61 Safari/537.36"
2020-07-14 09:14:39.063 200 "POST http localhost:8200 /sysLogin/login HTTP/1.1" 0.079, [::1], "http://localhost:81/login?redirect=%2Findex", "Mozilla/5.0 (Windows NT 10.0; Win64; x64) AppleWebKit/537.36 (KHTML, like Gecko) Chrome/83.0.4103.61 Safari/537.36"
2020-07-14 09:14:39.129 200 "GET http localhost:8200 /system/index/getInfo HTTP/1.1" 0.036, [::1], "http://localhost:81/login?redirect=%2Findex", "Mozilla/5.0 (Windows NT 10.0; Win64; x64) AppleWebKit/537.36 (KHTML, like Gecko) Chrome/83.0.4103.61 Safari/537.36"
2020-07-14 09:14:39.138 200 "GET http localhost:8200 /system/index/getRouters HTTP/1.1" 0.003, [::1], "http://localhost:81/login?redirect=%2Findex", "Mozilla/5.0 (Windows NT 10.0; Win64; x64) AppleWebKit/537.36 (KHTML, like Gecko) Chrome/83.0.4103.61 Safari/537.36"
2020-07-14 09:14:45.856 200 "OPTIONS http localhost:8200 /system/config/dict/list?pageNum=1&pageSize=10&beginTime=&endTime= HTTP/1.1" 0.000, [::1], "http://localhost:81/config/dict/list", "Mozilla/5.0 (Windows NT 10.0; Win64; x64) AppleWebKit/537.36 (KHTML, like Gecko) Chrome/83.0.4103.61 Safari/537.36"
2020-07-14 09:14:45.882 200 "GET http localhost:8200 /system/config/dict/list?pageNum=1&pageSize=10&beginTime=&endTime= HTTP/1.1" 0.015, [::1], "http://localhost:81/config/dict/list", "Mozilla/5.0 (Windows NT 10.0; Win64; x64) AppleWebKit/537.36 (KHTML, like Gecko) Chrome/83.0.4103.61 Safari/537.36"
2020-07-14 09:14:47.868 200 "OPTIONS http localhost:8200 /system/config/params/list?pageNum=1&pageSize=10&beginTime=&endTime= HTTP/1.1" 0.000, [::1], "http://localhost:81/config/params/list", "Mozilla/5.0 (Windows NT 10.0; Win64; x64) AppleWebKit/537.36 (KHTML, like Gecko) Chrome/83.0.4103.61 Safari/537.36"
2020-07-14 09:14:47.883 200 "GET http localhost:8200 /system/config/params/list?pageNum=1&pageSize=10&beginTime=&endTime= HTTP/1.1" 0.013, [::1], "http://localhost:81/config/params/list", "Mozilla/5.0 (Windows NT 10.0; Win64; x64) AppleWebKit/537.36 (KHTML, like Gecko) Chrome/83.0.4103.61 Safari/537.36"
2020-07-14 09:14:58.938 200 "OPTIONS http localhost:8200 /system/auth/menuList HTTP/1.1" 0.000, [::1], "http://localhost:81/system/auth/menuList", "Mozilla/5.0 (Windows NT 10.0; Win64; x64) AppleWebKit/537.36 (KHTML, like Gecko) Chrome/83.0.4103.61 Safari/537.36"
2020-07-14 09:14:58.947 200 "GET http localhost:8200 /system/auth/menuList HTTP/1.1" 0.007, [::1], "http://localhost:81/system/auth/menuList", "Mozilla/5.0 (Windows NT 10.0; Win64; x64) AppleWebKit/537.36 (KHTML, like Gecko) Chrome/83.0.4103.61 Safari/537.36"
2020-07-14 09:15:05.175 200 "OPTIONS http localhost:8200 /system/auth/deleteMenu HTTP/1.1" 0.000, [::1], "http://localhost:81/system/auth/menuList", "Mozilla/5.0 (Windows NT 10.0; Win64; x64) AppleWebKit/537.36 (KHTML, like Gecko) Chrome/83.0.4103.61 Safari/537.36"
2020-07-14 09:15:05.186 200 "DELETE http localhost:8200 /system/auth/deleteMenu HTTP/1.1" 0.009, [::1], "http://localhost:81/system/auth/menuList", "Mozilla/5.0 (Windows NT 10.0; Win64; x64) AppleWebKit/537.36 (KHTML, like Gecko) Chrome/83.0.4103.61 Safari/537.36"
2020-07-14 09:15:05.202 200 "GET http localhost:8200 /system/auth/menuList HTTP/1.1" 0.003, [::1], "http://localhost:81/system/auth/menuList", "Mozilla/5.0 (Windows NT 10.0; Win64; x64) AppleWebKit/537.36 (KHTML, like Gecko) Chrome/83.0.4103.61 Safari/537.36"
2020-07-14 09:17:18.154 200 "GET http localhost:8200 /system/index/getInfo HTTP/1.1" 0.007, [::1], "http://localhost:81/system/auth/menuList", "Mozilla/5.0 (Windows NT 10.0; Win64; x64) AppleWebKit/537.36 (KHTML, like Gecko) Chrome/83.0.4103.61 Safari/537.36"
2020-07-14 09:17:18.169 200 "GET http localhost:8200 /system/index/getRouters HTTP/1.1" 0.003, [::1], "http://localhost:81/system/auth/menuList", "Mozilla/5.0 (Windows NT 10.0; Win64; x64) AppleWebKit/537.36 (KHTML, like Gecko) Chrome/83.0.4103.61 Safari/537.36"
2020-07-14 09:17:18.657 200 "GET http localhost:8200 /system/auth/menuList HTTP/1.1" 0.003, [::1], "http://localhost:81/system/auth/menuList", "Mozilla/5.0 (Windows NT 10.0; Win64; x64) AppleWebKit/537.36 (KHTML, like Gecko) Chrome/83.0.4103.61 Safari/537.36"
2020-07-14 09:22:56.710 200 "GET http localhost:8200 /system/index/getInfo HTTP/1.1" 0.052, [::1], "http://localhost:81/system/auth/menuList", "Mozilla/5.0 (Windows NT 10.0; Win64; x64) AppleWebKit/537.36 (KHTML, like Gecko) Chrome/83.0.4103.61 Safari/537.36"
2020-07-14 09:22:56.740 200 "GET http localhost:8200 /system/index/getRouters HTTP/1.1" 0.021, [::1], "http://localhost:81/system/auth/menuList", "Mozilla/5.0 (Windows NT 10.0; Win64; x64) AppleWebKit/537.36 (KHTML, like Gecko) Chrome/83.0.4103.61 Safari/537.36"
2020-07-14 09:22:57.142 200 "GET http localhost:8200 /system/auth/menuList HTTP/1.1" 0.020, [::1], "http://localhost:81/system/auth/menuList", "Mozilla/5.0 (Windows NT 10.0; Win64; x64) AppleWebKit/537.36 (KHTML, like Gecko) Chrome/83.0.4103.61 Safari/537.36"
2020-07-14 09:23:09.467 200 "DELETE http localhost:8200 /system/auth/deleteMenu HTTP/1.1" 0.011, [::1], "http://localhost:81/system/auth/menuList", "Mozilla/5.0 (Windows NT 10.0; Win64; x64) AppleWebKit/537.36 (KHTML, like Gecko) Chrome/83.0.4103.61 Safari/537.36"
2020-07-14 09:23:09.485 200 "GET http localhost:8200 /system/auth/menuList HTTP/1.1" 0.003, [::1], "http://localhost:81/system/auth/menuList", "Mozilla/5.0 (Windows NT 10.0; Win64; x64) AppleWebKit/537.36 (KHTML, like Gecko) Chrome/83.0.4103.61 Safari/537.36"
2020-07-14 09:23:21.065 200 "DELETE http localhost:8200 /system/auth/deleteMenu HTTP/1.1" 0.012, [::1], "http://localhost:81/system/auth/menuList", "Mozilla/5.0 (Windows NT 10.0; Win64; x64) AppleWebKit/537.36 (KHTML, like Gecko) Chrome/83.0.4103.61 Safari/537.36"
2020-07-14 09:23:21.082 200 "GET http localhost:8200 /system/auth/menuList HTTP/1.1" 0.004, [::1], "http://localhost:81/system/auth/menuList", "Mozilla/5.0 (Windows NT 10.0; Win64; x64) AppleWebKit/537.36 (KHTML, like Gecko) Chrome/83.0.4103.61 Safari/537.36"
2020-07-14 09:23:23.265 200 "GET http localhost:8200 /system/index/getInfo HTTP/1.1" 0.007, [::1], "http://localhost:81/system/auth/menuList", "Mozilla/5.0 (Windows NT 10.0; Win64; x64) AppleWebKit/537.36 (KHTML, like Gecko) Chrome/83.0.4103.61 Safari/537.36"
2020-07-14 09:23:23.281 200 "GET http localhost:8200 /system/index/getRouters HTTP/1.1" 0.005, [::1], "http://localhost:81/system/auth/menuList", "Mozilla/5.0 (Windows NT 10.0; Win64; x64) AppleWebKit/537.36 (KHTML, like Gecko) Chrome/83.0.4103.61 Safari/537.36"
2020-07-14 09:23:23.628 200 "GET http localhost:8200 /system/auth/menuList HTTP/1.1" 0.003, [::1], "http://localhost:81/system/auth/menuList", "Mozilla/5.0 (Windows NT 10.0; Win64; x64) AppleWebKit/537.36 (KHTML, like Gecko) Chrome/83.0.4103.61 Safari/537.36"
2020-07-14 09:23:27.417 200 "OPTIONS http localhost:8200 /system/monitor/online/list HTTP/1.1" 0.001, [::1], "http://localhost:81/monitor/online", "Mozilla/5.0 (Windows NT 10.0; Win64; x64) AppleWebKit/537.36 (KHTML, like Gecko) Chrome/83.0.4103.61 Safari/537.36"
2020-07-14 09:23:27.429 200 "GET http localhost:8200 /system/monitor/online/list HTTP/1.1" 0.011, [::1], "http://localhost:81/monitor/online", "Mozilla/5.0 (Windows NT 10.0; Win64; x64) AppleWebKit/537.36 (KHTML, like Gecko) Chrome/83.0.4103.61 Safari/537.36"
2020-07-14 09:23:29.230 200 "OPTIONS http localhost:8200 /system/monitor/job/list?pageNum=1&pageSize=10 HTTP/1.1" 0.000, [::1], "http://localhost:81/monitor/job", "Mozilla/5.0 (Windows NT 10.0; Win64; x64) AppleWebKit/537.36 (KHTML, like Gecko) Chrome/83.0.4103.61 Safari/537.36"
2020-07-14 09:23:29.258 200 "GET http localhost:8200 /system/monitor/job/list?pageNum=1&pageSize=10 HTTP/1.1" 0.008, [::1], "http://localhost:81/monitor/job", "Mozilla/5.0 (Windows NT 10.0; Win64; x64) AppleWebKit/537.36 (KHTML, like Gecko) Chrome/83.0.4103.61 Safari/537.36"
2020-07-14 09:23:31.296 200 "OPTIONS http localhost:8200 /system/monitor/server/info HTTP/1.1" 0.000, [::1], "http://localhost:81/monitor/server", "Mozilla/5.0 (Windows NT 10.0; Win64; x64) AppleWebKit/537.36 (KHTML, like Gecko) Chrome/83.0.4103.61 Safari/537.36"
2020-07-14 09:23:32.346 200 "GET http localhost:8200 /system/monitor/server/info HTTP/1.1" 1.046, [::1], "http://localhost:81/monitor/server", "Mozilla/5.0 (Windows NT 10.0; Win64; x64) AppleWebKit/537.36 (KHTML, like Gecko) Chrome/83.0.4103.61 Safari/537.36"
2020-07-14 09:23:34.192 200 "OPTIONS http localhost:8200 /system/monitor/loginlog/list?pageNum=1&pageSize=10&beginTime=&endTime= HTTP/1.1" 0.000, [::1], "http://localhost:81/monitor/logininfor", "Mozilla/5.0 (Windows NT 10.0; Win64; x64) AppleWebKit/537.36 (KHTML, like Gecko) Chrome/83.0.4103.61 Safari/537.36"
2020-07-14 09:23:34.215 200 "GET http localhost:8200 /system/monitor/loginlog/list?pageNum=1&pageSize=10&beginTime=&endTime= HTTP/1.1" 0.013, [::1], "http://localhost:81/monitor/logininfor", "Mozilla/5.0 (Windows NT 10.0; Win64; x64) AppleWebKit/537.36 (KHTML, like Gecko) Chrome/83.0.4103.61 Safari/537.36"
2020-07-14 09:23:35.601 200 "OPTIONS http localhost:8200 /system/monitor/operlog/list?pageNum=1&pageSize=10&beginTime=&endTime= HTTP/1.1" 0.001, [::1], "http://localhost:81/monitor/operlog", "Mozilla/5.0 (Windows NT 10.0; Win64; x64) AppleWebKit/537.36 (KHTML, like Gecko) Chrome/83.0.4103.61 Safari/537.36"
2020-07-14 09:23:35.602 200 "OPTIONS http localhost:8200 /system/config/dict/sysCommonStatus HTTP/1.1" 0.001, [::1], "http://localhost:81/monitor/operlog", "Mozilla/5.0 (Windows NT 10.0; Win64; x64) AppleWebKit/537.36 (KHTML, like Gecko) Chrome/83.0.4103.61 Safari/537.36"
2020-07-14 09:23:35.609 200 "GET http localhost:8200 /system/config/dict/sysCommonStatus HTTP/1.1" 0.006, [::1], "http://localhost:81/monitor/operlog", "Mozilla/5.0 (Windows NT 10.0; Win64; x64) AppleWebKit/537.36 (KHTML, like Gecko) Chrome/83.0.4103.61 Safari/537.36"
2020-07-14 09:23:35.610 200 "GET http localhost:8200 /system/monitor/operlog/list?pageNum=1&pageSize=10&beginTime=&endTime= HTTP/1.1" 0.007, [::1], "http://localhost:81/monitor/operlog", "Mozilla/5.0 (Windows NT 10.0; Win64; x64) AppleWebKit/537.36 (KHTML, like Gecko) Chrome/83.0.4103.61 Safari/537.36"
2020-07-14 09:23:41.749 200 "GET http localhost:8200 /system/tools/gen/tableList?pageNum=1&pageSize=10&beginTime=&endTime= HTTP/1.1" 0.009, [::1], "http://localhost:81/system/tools/gen", "Mozilla/5.0 (Windows NT 10.0; Win64; x64) AppleWebKit/537.36 (KHTML, like Gecko) Chrome/83.0.4103.61 Safari/537.36"
2020-07-14 09:23:46.439 200 "GET http localhost:8200 /system/config/dict/list?pageNum=1&pageSize=10&beginTime=&endTime= HTTP/1.1" 0.004, [::1], "http://localhost:81/config/dict/list", "Mozilla/5.0 (Windows NT 10.0; Win64; x64) AppleWebKit/537.36 (KHTML, like Gecko) Chrome/83.0.4103.61 Safari/537.36"
2020-07-14 09:23:48.136 200 "GET http localhost:8200 /system/config/params/list?pageNum=1&pageSize=10&beginTime=&endTime= HTTP/1.1" 0.010, [::1], "http://localhost:81/config/params/list", "Mozilla/5.0 (Windows NT 10.0; Win64; x64) AppleWebKit/537.36 (KHTML, like Gecko) Chrome/83.0.4103.61 Safari/537.36"
2020-07-14 09:23:55.010 200 "OPTIONS http localhost:8200 /system/user/profile HTTP/1.1" 0.000, [::1], "http://localhost:81/user/profile", "Mozilla/5.0 (Windows NT 10.0; Win64; x64) AppleWebKit/537.36 (KHTML, like Gecko) Chrome/83.0.4103.61 Safari/537.36"
2020-07-14 09:23:55.033 200 "GET http localhost:8200 /system/user/profile HTTP/1.1" 0.021, [::1], "http://localhost:81/user/profile", "Mozilla/5.0 (Windows NT 10.0; Win64; x64) AppleWebKit/537.36 (KHTML, like Gecko) Chrome/83.0.4103.61 Safari/537.36"
2020-07-14 09:23:55.193 200 "GET http localhost:8200 /pub_upload/2020-07-06/c3z4ly6gknispnpjea.jpeg?v=0.06654857097599565 HTTP/1.1" 0.138, [::1], "http://localhost:81/user/profile", "Mozilla/5.0 (Windows NT 10.0; Win64; x64) AppleWebKit/537.36 (KHTML, like Gecko) Chrome/83.0.4103.61 Safari/537.36"
2020-07-14 09:27:37.270 200 "GET http localhost:8200 / HTTP/1.1" 0.138, [::1], "", "Mozilla/5.0 (Windows NT 10.0; Win64; x64) AppleWebKit/537.36 (KHTML, like Gecko) Chrome/83.0.4103.61 Safari/537.36"
2020-07-14 09:27:37.291 200 "GET http localhost:8200 /static/css/chunk-libs.da13e127.css HTTP/1.1" 0.001, [::1], "http://localhost:8200/", "Mozilla/5.0 (Windows NT 10.0; Win64; x64) AppleWebKit/537.36 (KHTML, like Gecko) Chrome/83.0.4103.61 Safari/537.36"
2020-07-14 09:27:37.293 200 "GET http localhost:8200 /static/css/app.f8955b3b.css HTTP/1.1" 0.003, [::1], "http://localhost:8200/", "Mozilla/5.0 (Windows NT 10.0; Win64; x64) AppleWebKit/537.36 (KHTML, like Gecko) Chrome/83.0.4103.61 Safari/537.36"
2020-07-14 09:27:37.295 200 "GET http localhost:8200 /static/js/chunk-libs.c93a6cdc.js HTTP/1.1" 0.004, [::1], "http://localhost:8200/", "Mozilla/5.0 (Windows NT 10.0; Win64; x64) AppleWebKit/537.36 (KHTML, like Gecko) Chrome/83.0.4103.61 Safari/537.36"
2020-07-14 09:27:37.295 200 "GET http localhost:8200 /static/js/app.27b5c585.js HTTP/1.1" 0.002, [::1], "http://localhost:8200/", "Mozilla/5.0 (Windows NT 10.0; Win64; x64) AppleWebKit/537.36 (KHTML, like Gecko) Chrome/83.0.4103.61 Safari/537.36"
2020-07-14 09:27:37.299 200 "GET http localhost:8200 /static/js/chunk-elementUI.560cf399.js HTTP/1.1" 0.006, [::1], "http://localhost:8200/", "Mozilla/5.0 (Windows NT 10.0; Win64; x64) AppleWebKit/537.36 (KHTML, like Gecko) Chrome/83.0.4103.61 Safari/537.36"
2020-07-14 09:27:37.511 200 "GET http localhost:8200 /favicon.ico HTTP/1.1" 0.000, [::1], "http://localhost:8200/", "Mozilla/5.0 (Windows NT 10.0; Win64; x64) AppleWebKit/537.36 (KHTML, like Gecko) Chrome/83.0.4103.61 Safari/537.36"
2020-07-14 09:27:37.590 200 "GET http localhost:8200 /system/index/getInfo HTTP/1.1" 0.042, [::1], "http://localhost:8200/", "Mozilla/5.0 (Windows NT 10.0; Win64; x64) AppleWebKit/537.36 (KHTML, like Gecko) Chrome/83.0.4103.61 Safari/537.36"
2020-07-14 09:27:37.648 200 "GET http localhost:8200 /system/index/getRouters HTTP/1.1" 0.003, [::1], "http://localhost:8200/", "Mozilla/5.0 (Windows NT 10.0; Win64; x64) AppleWebKit/537.36 (KHTML, like Gecko) Chrome/83.0.4103.61 Safari/537.36"
2020-07-14 09:27:37.659 200 "GET http localhost:8200 /static/css/chunk-357f68a8.9e95771d.css HTTP/1.1" 0.001, [::1], "http://localhost:8200/", "Mozilla/5.0 (Windows NT 10.0; Win64; x64) AppleWebKit/537.36 (KHTML, like Gecko) Chrome/83.0.4103.61 Safari/537.36"
2020-07-14 09:27:37.659 200 "GET http localhost:8200 /static/js/chunk-357f68a8.99aa413e.js HTTP/1.1" 0.000, [::1], "http://localhost:8200/", "Mozilla/5.0 (Windows NT 10.0; Win64; x64) AppleWebKit/537.36 (KHTML, like Gecko) Chrome/83.0.4103.61 Safari/537.36"
2020-07-14 09:27:37.666 200 "GET http localhost:8200 /static/js/chunk-4b90662e.2b4e57e7.js HTTP/1.1" 0.008, [::1], "http://localhost:8200/", "Mozilla/5.0 (Windows NT 10.0; Win64; x64) AppleWebKit/537.36 (KHTML, like Gecko) Chrome/83.0.4103.61 Safari/537.36"
2020-07-14 09:27:38.072 200 "GET http localhost:8200 /static/fonts/element-icons.535877f5.woff HTTP/1.1" 0.001, [::1], "http://localhost:8200/static/css/app.f8955b3b.css", "Mozilla/5.0 (Windows NT 10.0; Win64; x64) AppleWebKit/537.36 (KHTML, like Gecko) Chrome/83.0.4103.61 Safari/537.36"
2020-07-14 09:27:41.692 200 "GET http localhost:8200 /static/js/chunk-2d0d6345.609cfcf0.js HTTP/1.1" 0.001, [::1], "http://localhost:8200/", "Mozilla/5.0 (Windows NT 10.0; Win64; x64) AppleWebKit/537.36 (KHTML, like Gecko) Chrome/83.0.4103.61 Safari/537.36"
2020-07-14 09:27:41.693 200 "GET http localhost:8200 /static/js/chunk-2d0c84d3.4db0f43b.js HTTP/1.1" 0.002, [::1], "http://localhost:8200/", "Mozilla/5.0 (Windows NT 10.0; Win64; x64) AppleWebKit/537.36 (KHTML, like Gecko) Chrome/83.0.4103.61 Safari/537.36"
2020-07-14 09:27:41.693 200 "GET http localhost:8200 /static/js/chunk-2d0e2366.6ae05f67.js HTTP/1.1" 0.001, [::1], "http://localhost:8200/", "Mozilla/5.0 (Windows NT 10.0; Win64; x64) AppleWebKit/537.36 (KHTML, like Gecko) Chrome/83.0.4103.61 Safari/537.36"
2020-07-14 09:27:41.695 200 "GET http localhost:8200 /static/css/chunk-37ac3920.a257c198.css HTTP/1.1" 0.002, [::1], "http://localhost:8200/", "Mozilla/5.0 (Windows NT 10.0; Win64; x64) AppleWebKit/537.36 (KHTML, like Gecko) Chrome/83.0.4103.61 Safari/537.36"
2020-07-14 09:27:41.697 200 "GET http localhost:8200 /static/js/chunk-37ac3920.feeea471.js HTTP/1.1" 0.005, [::1], "http://localhost:8200/", "Mozilla/5.0 (Windows NT 10.0; Win64; x64) AppleWebKit/537.36 (KHTML, like Gecko) Chrome/83.0.4103.61 Safari/537.36"
2020-07-14 09:27:42.358 200 "GET http localhost:8200 /system/config/dict/list?pageNum=1&pageSize=10&beginTime=&endTime= HTTP/1.1" 0.017, [::1], "http://localhost:8200/", "Mozilla/5.0 (Windows NT 10.0; Win64; x64) AppleWebKit/537.36 (KHTML, like Gecko) Chrome/83.0.4103.61 Safari/537.36"
2020-07-14 09:27:43.939 200 "GET http localhost:8200 /system/config/params/list?pageNum=1&pageSize=10&beginTime=&endTime= HTTP/1.1" 0.012, [::1], "http://localhost:8200/", "Mozilla/5.0 (Windows NT 10.0; Win64; x64) AppleWebKit/537.36 (KHTML, like Gecko) Chrome/83.0.4103.61 Safari/537.36"
2020-07-14 09:27:46.629 200 "GET http localhost:8200 /system/auth/menuList HTTP/1.1" 0.006, [::1], "http://localhost:8200/", "Mozilla/5.0 (Windows NT 10.0; Win64; x64) AppleWebKit/537.36 (KHTML, like Gecko) Chrome/83.0.4103.61 Safari/537.36"
2020-07-14 09:27:48.044 200 "GET http localhost:8200 /system/auth/roleList?pageNum=1&pageSize=10&beginTime=&endTime= HTTP/1.1" 0.003, [::1], "http://localhost:8200/", "Mozilla/5.0 (Windows NT 10.0; Win64; x64) AppleWebKit/537.36 (KHTML, like Gecko) Chrome/83.0.4103.61 Safari/537.36"
2020-07-14 09:27:49.950 200 "GET http localhost:8200 /system/auth/menuList HTTP/1.1" 0.002, [::1], "http://localhost:8200/", "Mozilla/5.0 (Windows NT 10.0; Win64; x64) AppleWebKit/537.36 (KHTML, like Gecko) Chrome/83.0.4103.61 Safari/537.36"
2020-07-14 09:27:56.117 200 "GET http localhost:8200 /system/monitor/job/list?pageNum=1&pageSize=10 HTTP/1.1" 0.009, [::1], "http://localhost:8200/", "Mozilla/5.0 (Windows NT 10.0; Win64; x64) AppleWebKit/537.36 (KHTML, like Gecko) Chrome/83.0.4103.61 Safari/537.36"
2020-07-14 09:28:01.097 200 "GET http localhost:8200 /system/tools/gen/tableList?pageNum=1&pageSize=10&beginTime=&endTime= HTTP/1.1" 0.012, [::1], "http://localhost:8200/", "Mozilla/5.0 (Windows NT 10.0; Win64; x64) AppleWebKit/537.36 (KHTML, like Gecko) Chrome/83.0.4103.61 Safari/537.36"
2020-07-14 09:28:03.237 200 "GET http localhost:8200 /system/config/dict/optionSelect HTTP/1.1" 0.006, [::1], "http://localhost:8200/", "Mozilla/5.0 (Windows NT 10.0; Win64; x64) AppleWebKit/537.36 (KHTML, like Gecko) Chrome/83.0.4103.61 Safari/537.36"
2020-07-14 09:28:03.245 200 "GET http localhost:8200 /system/tools/gen/columnList?tableId=38 HTTP/1.1" 0.014, [::1], "http://localhost:8200/", "Mozilla/5.0 (Windows NT 10.0; Win64; x64) AppleWebKit/537.36 (KHTML, like Gecko) Chrome/83.0.4103.61 Safari/537.36"
2020-07-14 09:28:07.785 200 "GET http localhost:8200 /system/tools/gen/tableList?pageNum=1&pageSize=10&beginTime=&endTime= HTTP/1.1" 0.005, [::1], "http://localhost:8200/", "Mozilla/5.0 (Windows NT 10.0; Win64; x64) AppleWebKit/537.36 (KHTML, like Gecko) Chrome/83.0.4103.61 Safari/537.36"
2020-07-14 09:28:41.136 200 "GET http localhost:8200 /system/config/dict/optionSelect HTTP/1.1" 0.031, [::1], "http://localhost:8200/", "Mozilla/5.0 (Windows NT 10.0; Win64; x64) AppleWebKit/537.36 (KHTML, like Gecko) Chrome/83.0.4103.61 Safari/537.36"
2020-07-14 09:28:41.141 200 "GET http localhost:8200 /system/tools/gen/columnList?tableId=39 HTTP/1.1" 0.037, [::1], "http://localhost:8200/", "Mozilla/5.0 (Windows NT 10.0; Win64; x64) AppleWebKit/537.36 (KHTML, like Gecko) Chrome/83.0.4103.61 Safari/537.36"
2020-07-14 09:28:42.580 200 "PUT http localhost:8200 /system/tools/gen/editSave HTTP/1.1" 0.001, [::1], "http://localhost:8200/", "Mozilla/5.0 (Windows NT 10.0; Win64; x64) AppleWebKit/537.36 (KHTML, like Gecko) Chrome/83.0.4103.61 Safari/537.36"
2020-07-14 09:28:44.986 200 "GET http localhost:8200 /system/tools/gen/tableList?pageNum=1&pageSize=10&beginTime=&endTime= HTTP/1.1" 0.005, [::1], "http://localhost:8200/", "Mozilla/5.0 (Windows NT 10.0; Win64; x64) AppleWebKit/537.36 (KHTML, like Gecko) Chrome/83.0.4103.61 Safari/537.36"
2020-07-14 09:28:52.881 200 "GET http localhost:8200 /system/monitor/job/start?id=6 HTTP/1.1" 0.026, [::1], "http://localhost:8200/", "Mozilla/5.0 (Windows NT 10.0; Win64; x64) AppleWebKit/537.36 (KHTML, like Gecko) Chrome/83.0.4103.61 Safari/537.36"
2020-07-14 09:28:56.840 200 "GET http localhost:8200 /system/monitor/job/stop?id=6 HTTP/1.1" 0.041, [::1], "http://localhost:8200/", "Mozilla/5.0 (Windows NT 10.0; Win64; x64) AppleWebKit/537.36 (KHTML, like Gecko) Chrome/83.0.4103.61 Safari/537.36"
2020-07-14 09:29:01.025 200 "GET http localhost:8200 /system/monitor/job/details?id=6 HTTP/1.1" 0.002, [::1], "http://localhost:8200/", "Mozilla/5.0 (Windows NT 10.0; Win64; x64) AppleWebKit/537.36 (KHTML, like Gecko) Chrome/83.0.4103.61 Safari/537.36"
2020-07-14 09:29:02.045 200 "POST http localhost:8200 /system/monitor/job/edit HTTP/1.1" 0.001, [::1], "http://localhost:8200/", "Mozilla/5.0 (Windows NT 10.0; Win64; x64) AppleWebKit/537.36 (KHTML, like Gecko) Chrome/83.0.4103.61 Safari/537.36"
2020-07-14 09:29:05.730 200 "GET http localhost:8200 /system/auth/menuList HTTP/1.1" 0.016, [::1], "http://localhost:8200/", "Mozilla/5.0 (Windows NT 10.0; Win64; x64) AppleWebKit/537.36 (KHTML, like Gecko) Chrome/83.0.4103.61 Safari/537.36"
2020-07-14 09:29:07.568 200 "GET http localhost:8200 /system/auth/editMenu?menuId=2 HTTP/1.1" 0.003, [::1], "http://localhost:8200/", "Mozilla/5.0 (Windows NT 10.0; Win64; x64) AppleWebKit/537.36 (KHTML, like Gecko) Chrome/83.0.4103.61 Safari/537.36"
2020-07-14 09:29:08.766 200 "POST http localhost:8200 /system/auth/editMenu HTTP/1.1" 0.001, [::1], "http://localhost:8200/", "Mozilla/5.0 (Windows NT 10.0; Win64; x64) AppleWebKit/537.36 (KHTML, like Gecko) Chrome/83.0.4103.61 Safari/537.36"
