2021-01-22 17:08:46.670 200 "OPTIONS http localhost:8200 /system/index/getInfo HTTP/1.1" 0.001, [::1], "http://localhost:82/", "Mozilla/5.0 (Windows NT 10.0; Win64; x64) AppleWebKit/537.36 (KHTML, like Gecko) Chrome/87.0.4280.88 Safari/537.36"
2021-01-22 17:08:47.131 200 "GET http localhost:8200 /system/index/getInfo HTTP/1.1" 0.459, [::1], "http://localhost:82/", "Mozilla/5.0 (Windows NT 10.0; Win64; x64) AppleWebKit/537.36 (KHTML, like Gecko) Chrome/87.0.4280.88 Safari/537.36"
2021-01-22 17:08:47.143 200 "OPTIONS http localhost:8200 /system/index/getRouters HTTP/1.1" 0.001, [::1], "http://localhost:82/", "Mozilla/5.0 (Windows NT 10.0; Win64; x64) AppleWebKit/537.36 (KHTML, like Gecko) Chrome/87.0.4280.88 Safari/537.36"
2021-01-22 17:08:47.154 200 "GET http localhost:8200 /system/index/getRouters HTTP/1.1" 0.009, [::1], "http://localhost:82/", "Mozilla/5.0 (Windows NT 10.0; Win64; x64) AppleWebKit/537.36 (KHTML, like Gecko) Chrome/87.0.4280.88 Safari/537.36"
2021-01-22 17:08:47.825 200 "GET http localhost:8200 /pub_upload/2020-09-03/c5disauti1wogasemy.jpeg HTTP/1.1" 0.218, [::1], "http://localhost:82/", "Mozilla/5.0 (Windows NT 10.0; Win64; x64) AppleWebKit/537.36 (KHTML, like Gecko) Chrome/87.0.4280.88 Safari/537.36"
2021-01-22 17:08:56.765 200 "OPTIONS http localhost:8200 /system/plugin/blog/comment/list?pageNum=1&pageSize=10 HTTP/1.1" 0.000, [::1], "http://localhost:82/", "Mozilla/5.0 (Windows NT 10.0; Win64; x64) AppleWebKit/537.36 (KHTML, like Gecko) Chrome/87.0.4280.88 Safari/537.36"
2021-01-22 17:08:56.767 200 "OPTIONS http localhost:8200 /system/config/dict/getDicts?dictType=sys_normal_disable HTTP/1.1" 0.001, [::1], "http://localhost:82/", "Mozilla/5.0 (Windows NT 10.0; Win64; x64) AppleWebKit/537.36 (KHTML, like Gecko) Chrome/87.0.4280.88 Safari/537.36"
2021-01-22 17:08:56.956 200 "GET http localhost:8200 /system/config/dict/getDicts?dictType=sys_normal_disable HTTP/1.1" 0.188, [::1], "http://localhost:82/", "Mozilla/5.0 (Windows NT 10.0; Win64; x64) AppleWebKit/537.36 (KHTML, like Gecko) Chrome/87.0.4280.88 Safari/537.36"
2021-01-22 17:08:56.957 200 "GET http localhost:8200 /system/plugin/blog/comment/list?pageNum=1&pageSize=10 HTTP/1.1" 0.190, [::1], "http://localhost:82/", "Mozilla/5.0 (Windows NT 10.0; Win64; x64) AppleWebKit/537.36 (KHTML, like Gecko) Chrome/87.0.4280.88 Safari/537.36"
2021-01-22 17:08:59.716 200 "OPTIONS http localhost:8200 /system/plugin/blog/log/list?pageNum=1&pageSize=10 HTTP/1.1" 0.001, [::1], "http://localhost:82/", "Mozilla/5.0 (Windows NT 10.0; Win64; x64) AppleWebKit/537.36 (KHTML, like Gecko) Chrome/87.0.4280.88 Safari/537.36"
2021-01-22 17:08:59.717 200 "GET http localhost:8200 /system/config/dict/getDicts?dictType=sys_normal_disable HTTP/1.1" 0.001, [::1], "http://localhost:82/", "Mozilla/5.0 (Windows NT 10.0; Win64; x64) AppleWebKit/537.36 (KHTML, like Gecko) Chrome/87.0.4280.88 Safari/537.36"
2021-01-22 17:08:59.718 200 "OPTIONS http localhost:8200 /system/config/dict/getDicts?dictType=sys_log_sign HTTP/1.1" 0.001, [::1], "http://localhost:82/", "Mozilla/5.0 (Windows NT 10.0; Win64; x64) AppleWebKit/537.36 (KHTML, like Gecko) Chrome/87.0.4280.88 Safari/537.36"
2021-01-22 17:08:59.726 200 "GET http localhost:8200 /system/config/dict/getDicts?dictType=sys_log_sign HTTP/1.1" 0.006, [::1], "http://localhost:82/", "Mozilla/5.0 (Windows NT 10.0; Win64; x64) AppleWebKit/537.36 (KHTML, like Gecko) Chrome/87.0.4280.88 Safari/537.36"
2021-01-22 17:08:59.854 200 "GET http localhost:8200 /system/plugin/blog/log/list?pageNum=1&pageSize=10 HTTP/1.1" 0.136, [::1], "http://localhost:82/", "Mozilla/5.0 (Windows NT 10.0; Win64; x64) AppleWebKit/537.36 (KHTML, like Gecko) Chrome/87.0.4280.88 Safari/537.36"
2021-01-22 17:09:02.752 200 "GET http localhost:8200 /plugin/blog HTTP/1.1" 0.450, [::1], "http://localhost:82/", "Mozilla/5.0 (Windows NT 10.0; Win64; x64) AppleWebKit/537.36 (KHTML, like Gecko) Chrome/87.0.4280.88 Safari/537.36"
2021-01-22 17:09:02.850 200 "GET http localhost:8200 /css/swiper-6.1.1/swiper-bundle.min.css HTTP/1.1" 0.060, [::1], "http://localhost:8200/plugin/blog", "Mozilla/5.0 (Windows NT 10.0; Win64; x64) AppleWebKit/537.36 (KHTML, like Gecko) Chrome/87.0.4280.88 Safari/537.36"
2021-01-22 17:09:02.866 200 "GET http localhost:8200 /plugin/blog/css/base.css HTTP/1.1" 0.077, [::1], "http://localhost:8200/plugin/blog", "Mozilla/5.0 (Windows NT 10.0; Win64; x64) AppleWebKit/537.36 (KHTML, like Gecko) Chrome/87.0.4280.88 Safari/537.36"
2021-01-22 17:09:02.866 200 "GET http localhost:8200 /plugin/blog/js/nav.js HTTP/1.1" 0.075, [::1], "http://localhost:8200/plugin/blog", "Mozilla/5.0 (Windows NT 10.0; Win64; x64) AppleWebKit/537.36 (KHTML, like Gecko) Chrome/87.0.4280.88 Safari/537.36"
2021-01-22 17:09:02.904 200 "GET http localhost:8200 /js/jquery/jquery.js HTTP/1.1" 0.114, [::1], "http://localhost:8200/plugin/blog", "Mozilla/5.0 (Windows NT 10.0; Win64; x64) AppleWebKit/537.36 (KHTML, like Gecko) Chrome/87.0.4280.88 Safari/537.36"
2021-01-22 17:09:02.924 200 "GET http localhost:8200 /js/swiper-6.1.1/swiper-bundle.min.js HTTP/1.1" 0.115, [::1], "http://localhost:8200/plugin/blog", "Mozilla/5.0 (Windows NT 10.0; Win64; x64) AppleWebKit/537.36 (KHTML, like Gecko) Chrome/87.0.4280.88 Safari/537.36"
2021-01-22 17:09:02.937 200 "GET http localhost:8200 /plugin/blog/image/gfastLogo.png HTTP/1.1" 0.011, [::1], "http://localhost:8200/plugin/blog", "Mozilla/5.0 (Windows NT 10.0; Win64; x64) AppleWebKit/537.36 (KHTML, like Gecko) Chrome/87.0.4280.88 Safari/537.36"
2021-01-22 17:09:02.938 404 "GET http localhost:8200 /pub_upload/2020-12-07/c7mgrw51i9lktatueh.jpg HTTP/1.1" 0.000, [::1], "http://localhost:8200/plugin/blog", "Mozilla/5.0 (Windows NT 10.0; Win64; x64) AppleWebKit/537.36 (KHTML, like Gecko) Chrome/87.0.4280.88 Safari/537.36"
2021-01-22 17:09:02.941 404 "GET http localhost:8200 /pub_upload/2020-12-07/c7mdpusz1pesuaycoo.jpg HTTP/1.1" 0.000, [::1], "http://localhost:8200/plugin/blog", "Mozilla/5.0 (Windows NT 10.0; Win64; x64) AppleWebKit/537.36 (KHTML, like Gecko) Chrome/87.0.4280.88 Safari/537.36"
2021-01-22 17:09:02.944 404 "GET http localhost:8200 /pub_upload/2020-10-22/c6jcco2rd30kksng7w.jpg HTTP/1.1" 0.001, [::1], "http://localhost:8200/plugin/blog", "Mozilla/5.0 (Windows NT 10.0; Win64; x64) AppleWebKit/537.36 (KHTML, like Gecko) Chrome/87.0.4280.88 Safari/537.36"
2021-01-22 17:09:02.946 404 "GET http localhost:8200 /pub_upload/2020-12-07/c7mh10o2b6dkih7gzk.png HTTP/1.1" 0.000, [::1], "http://localhost:8200/plugin/blog", "Mozilla/5.0 (Windows NT 10.0; Win64; x64) AppleWebKit/537.36 (KHTML, like Gecko) Chrome/87.0.4280.88 Safari/537.36"
2021-01-22 17:09:02.949 404 "GET http localhost:8200 /pub_upload/2020-10-22/c6jc33tgrf0s3xbzh8.jpg HTTP/1.1" 0.001, [::1], "http://localhost:8200/plugin/blog", "Mozilla/5.0 (Windows NT 10.0; Win64; x64) AppleWebKit/537.36 (KHTML, like Gecko) Chrome/87.0.4280.88 Safari/537.36"
2021-01-22 17:09:02.952 404 "GET http localhost:8200 /pub_upload/2020-10-22/c6jc7k3ebzjwgc0dty.png HTTP/1.1" 0.001, [::1], "http://localhost:8200/plugin/blog", "Mozilla/5.0 (Windows NT 10.0; Win64; x64) AppleWebKit/537.36 (KHTML, like Gecko) Chrome/87.0.4280.88 Safari/537.36"
2021-01-22 17:09:02.955 404 "GET http localhost:8200 /pub_upload/2020-10-22/c6jc8xdjoof0robar0.png HTTP/1.1" 0.001, [::1], "http://localhost:8200/plugin/blog", "Mozilla/5.0 (Windows NT 10.0; Win64; x64) AppleWebKit/537.36 (KHTML, like Gecko) Chrome/87.0.4280.88 Safari/537.36"
2021-01-22 17:09:02.958 404 "GET http localhost:8200 /pub_upload/2020-10-16/c6e4fmhrpwewesaaia.png HTTP/1.1" 0.001, [::1], "http://localhost:8200/plugin/blog", "Mozilla/5.0 (Windows NT 10.0; Win64; x64) AppleWebKit/537.36 (KHTML, like Gecko) Chrome/87.0.4280.88 Safari/537.36"
2021-01-22 17:09:02.966 200 "GET http localhost:8200 /plugin/blog/image/ga.png HTTP/1.1" 0.006, [::1], "http://localhost:8200/plugin/blog", "Mozilla/5.0 (Windows NT 10.0; Win64; x64) AppleWebKit/537.36 (KHTML, like Gecko) Chrome/87.0.4280.88 Safari/537.36"
2021-01-22 17:09:03.107 404 "GET http localhost:8200 /pub_upload/2020-12-07/c7mdpusz1pesuaycoo.jpg HTTP/1.1" 0.000, [::1], "http://localhost:8200/plugin/blog", "Mozilla/5.0 (Windows NT 10.0; Win64; x64) AppleWebKit/537.36 (KHTML, like Gecko) Chrome/87.0.4280.88 Safari/537.36"
2021-01-22 17:09:03.108 404 "GET http localhost:8200 /pub_upload/2020-12-07/c7mgrw51i9lktatueh.jpg HTTP/1.1" 0.000, [::1], "http://localhost:8200/plugin/blog", "Mozilla/5.0 (Windows NT 10.0; Win64; x64) AppleWebKit/537.36 (KHTML, like Gecko) Chrome/87.0.4280.88 Safari/537.36"
2021-01-22 17:09:03.108 404 "GET http localhost:8200 /pub_upload/2020-10-22/c6jcco2rd30kksng7w.jpg HTTP/1.1" 0.000, [::1], "http://localhost:8200/plugin/blog", "Mozilla/5.0 (Windows NT 10.0; Win64; x64) AppleWebKit/537.36 (KHTML, like Gecko) Chrome/87.0.4280.88 Safari/537.36"
2021-01-22 17:09:03.127 200 "GET http localhost:8200 /plugin/blog/image/icon.png HTTP/1.1" 0.016, [::1], "http://localhost:8200/plugin/blog/css/base.css", "Mozilla/5.0 (Windows NT 10.0; Win64; x64) AppleWebKit/537.36 (KHTML, like Gecko) Chrome/87.0.4280.88 Safari/537.36"
2021-01-22 17:09:03.133 200 "GET http localhost:8200 /plugin/blog/image/search.png HTTP/1.1" 0.021, [::1], "http://localhost:8200/plugin/blog/css/base.css", "Mozilla/5.0 (Windows NT 10.0; Win64; x64) AppleWebKit/537.36 (KHTML, like Gecko) Chrome/87.0.4280.88 Safari/537.36"
2021-01-22 17:09:03.305 200 "GET http localhost:8200 /favicon.ico HTTP/1.1" 0.026, [::1], "http://localhost:8200/plugin/blog", "Mozilla/5.0 (Windows NT 10.0; Win64; x64) AppleWebKit/537.36 (KHTML, like Gecko) Chrome/87.0.4280.88 Safari/537.36"
2021-01-22 17:31:41.836 200 "OPTIONS http localhost:8200 /system/wf/news/list?pageNum=1&pageSize=10 HTTP/1.1" 0.001, [::1], "http://localhost:82/", "Mozilla/5.0 (Windows NT 10.0; Win64; x64) AppleWebKit/537.36 (KHTML, like Gecko) Chrome/87.0.4280.88 Safari/537.36"
2021-01-22 17:31:41.836 200 "OPTIONS http localhost:8200 /system/config/dict/getDicts?dictType=flow_status HTTP/1.1" 0.000, [::1], "http://localhost:82/", "Mozilla/5.0 (Windows NT 10.0; Win64; x64) AppleWebKit/537.36 (KHTML, like Gecko) Chrome/87.0.4280.88 Safari/537.36"
2021-01-22 17:31:41.840 200 "OPTIONS http localhost:8200 /system/config/dict/getDicts?dictType=flow_level HTTP/1.1" 0.001, [::1], "http://localhost:82/", "Mozilla/5.0 (Windows NT 10.0; Win64; x64) AppleWebKit/537.36 (KHTML, like Gecko) Chrome/87.0.4280.88 Safari/537.36"
2021-01-22 17:31:41.913 200 "GET http localhost:8200 /system/config/dict/getDicts?dictType=flow_level HTTP/1.1" 0.071, [::1], "http://localhost:82/", "Mozilla/5.0 (Windows NT 10.0; Win64; x64) AppleWebKit/537.36 (KHTML, like Gecko) Chrome/87.0.4280.88 Safari/537.36"
2021-01-22 17:31:41.924 200 "GET http localhost:8200 /system/config/dict/getDicts?dictType=flow_status HTTP/1.1" 0.085, [::1], "http://localhost:82/", "Mozilla/5.0 (Windows NT 10.0; Win64; x64) AppleWebKit/537.36 (KHTML, like Gecko) Chrome/87.0.4280.88 Safari/537.36"
2021-01-22 17:31:42.163 200 "GET http localhost:8200 /system/wf/news/list?pageNum=1&pageSize=10 HTTP/1.1" 0.324, [::1], "http://localhost:82/", "Mozilla/5.0 (Windows NT 10.0; Win64; x64) AppleWebKit/537.36 (KHTML, like Gecko) Chrome/87.0.4280.88 Safari/537.36"
2021-01-22 17:31:47.898 200 "OPTIONS http localhost:8200 /system/wf/flow/wfStart?wf_type=wf_news&wf_title=title&wf_status_field=status&wf_fid=7 HTTP/1.1" 0.000, [::1], "http://localhost:82/", "Mozilla/5.0 (Windows NT 10.0; Win64; x64) AppleWebKit/537.36 (KHTML, like Gecko) Chrome/87.0.4280.88 Safari/537.36"
2021-01-22 17:31:47.902 200 "GET http localhost:8200 /system/wf/flow/wfStart?wf_type=wf_news&wf_title=title&wf_status_field=status&wf_fid=7 HTTP/1.1" 0.003, [::1], "http://localhost:82/", "Mozilla/5.0 (Windows NT 10.0; Win64; x64) AppleWebKit/537.36 (KHTML, like Gecko) Chrome/87.0.4280.88 Safari/537.36"
