2021-01-11 10:38:48.830 200 "OPTIONS http localhost:8200 /system/index/getInfo HTTP/1.1" 0.000, [::1], "http://localhost:82/", "Mozilla/5.0 (Windows NT 10.0; Win64; x64) AppleWebKit/537.36 (KHTML, like Gecko) Chrome/87.0.4280.88 Safari/537.36"
2021-01-11 10:38:48.834 200 "GET http localhost:8200 /system/index/getInfo HTTP/1.1" 0.001, [::1], "http://localhost:82/", "Mozilla/5.0 (Windows NT 10.0; Win64; x64) AppleWebKit/537.36 (KHTML, like Gecko) Chrome/87.0.4280.88 Safari/537.36"
2021-01-11 10:38:48.967 200 "POST http localhost:8200 /captcha/get/img HTTP/1.1" 0.014, [::1], "http://localhost:82/", "Mozilla/5.0 (Windows NT 10.0; Win64; x64) AppleWebKit/537.36 (KHTML, like Gecko) Chrome/87.0.4280.88 Safari/537.36"
2021-01-11 10:38:58.195 200 "OPTIONS http localhost:8200 /sysLogin/login HTTP/1.1" 0.000, [::1], "http://localhost:82/", "Mozilla/5.0 (Windows NT 10.0; Win64; x64) AppleWebKit/537.36 (KHTML, like Gecko) Chrome/87.0.4280.88 Safari/537.36"
2021-01-11 10:39:02.352 200 "POST http localhost:8200 /sysLogin/login HTTP/1.1" 4.148, [::1], "http://localhost:82/", "Mozilla/5.0 (Windows NT 10.0; Win64; x64) AppleWebKit/537.36 (KHTML, like Gecko) Chrome/87.0.4280.88 Safari/537.36"
2021-01-11 10:39:02.410 200 "POST http localhost:8200 /captcha/get/img HTTP/1.1" 0.012, [::1], "http://localhost:82/", "Mozilla/5.0 (Windows NT 10.0; Win64; x64) AppleWebKit/537.36 (KHTML, like Gecko) Chrome/87.0.4280.88 Safari/537.36"
2021-01-11 10:39:34.428 200 "POST http localhost:8200 /sysLogin/login HTTP/1.1" 0.080, [::1], "http://localhost:82/", "Mozilla/5.0 (Windows NT 10.0; Win64; x64) AppleWebKit/537.36 (KHTML, like Gecko) Chrome/87.0.4280.88 Safari/537.36"
2021-01-11 10:39:34.629 200 "GET http localhost:8200 /system/index/getInfo HTTP/1.1" 0.181, [::1], "http://localhost:82/", "Mozilla/5.0 (Windows NT 10.0; Win64; x64) AppleWebKit/537.36 (KHTML, like Gecko) Chrome/87.0.4280.88 Safari/537.36"
2021-01-11 10:39:34.636 200 "OPTIONS http localhost:8200 /system/index/getRouters HTTP/1.1" 0.000, [::1], "http://localhost:82/", "Mozilla/5.0 (Windows NT 10.0; Win64; x64) AppleWebKit/537.36 (KHTML, like Gecko) Chrome/87.0.4280.88 Safari/537.36"
2021-01-11 10:39:34.642 200 "GET http localhost:8200 /system/index/getRouters HTTP/1.1" 0.005, [::1], "http://localhost:82/", "Mozilla/5.0 (Windows NT 10.0; Win64; x64) AppleWebKit/537.36 (KHTML, like Gecko) Chrome/87.0.4280.88 Safari/537.36"
2021-01-11 10:39:35.891 200 "GET http localhost:8200 /pub_upload/2020-09-03/c5disauti1wogasemy.jpeg HTTP/1.1" 0.433, [::1], "http://localhost:82/", "Mozilla/5.0 (Windows NT 10.0; Win64; x64) AppleWebKit/537.36 (KHTML, like Gecko) Chrome/87.0.4280.88 Safari/537.36"
2021-01-11 10:39:39.034 200 "OPTIONS http localhost:8200 /system/cms/news/list?pageNum=1&pageSize=10&keyWords= HTTP/1.1" 0.001, [::1], "http://localhost:82/", "Mozilla/5.0 (Windows NT 10.0; Win64; x64) AppleWebKit/537.36 (KHTML, like Gecko) Chrome/87.0.4280.88 Safari/537.36"
2021-01-11 10:39:39.231 200 "GET http localhost:8200 /system/cms/news/list?pageNum=1&pageSize=10&keyWords= HTTP/1.1" 0.181, [::1], "http://localhost:82/", "Mozilla/5.0 (Windows NT 10.0; Win64; x64) AppleWebKit/537.36 (KHTML, like Gecko) Chrome/87.0.4280.88 Safari/537.36"
2021-01-11 10:39:39.300 404 "GET http localhost:8200 /pub_upload/2020-10-30/c6pwzxde4qkkciir2g.jpeg HTTP/1.1" 0.000, [::1], "http://localhost:82/", "Mozilla/5.0 (Windows NT 10.0; Win64; x64) AppleWebKit/537.36 (KHTML, like Gecko) Chrome/87.0.4280.88 Safari/537.36"
2021-01-11 10:39:39.302 404 "GET http localhost:8200 /pub_upload/2020-10-30/c6pwy5wn1398e93sjy.jpg HTTP/1.1" 0.000, [::1], "http://localhost:82/", "Mozilla/5.0 (Windows NT 10.0; Win64; x64) AppleWebKit/537.36 (KHTML, like Gecko) Chrome/87.0.4280.88 Safari/537.36"
2021-01-11 10:39:39.302 404 "GET http localhost:8200 /pub_upload/2020-10-30/c6pwsqcu6mi85nxf0g.png HTTP/1.1" 0.000, [::1], "http://localhost:82/", "Mozilla/5.0 (Windows NT 10.0; Win64; x64) AppleWebKit/537.36 (KHTML, like Gecko) Chrome/87.0.4280.88 Safari/537.36"
2021-01-11 10:39:39.303 404 "GET http localhost:8200 /pub_upload/2020-10-30/c6pwuapknpacaljqm5.jpg HTTP/1.1" 0.000, [::1], "http://localhost:82/", "Mozilla/5.0 (Windows NT 10.0; Win64; x64) AppleWebKit/537.36 (KHTML, like Gecko) Chrome/87.0.4280.88 Safari/537.36"
2021-01-11 10:39:39.303 404 "GET http localhost:8200 /pub_upload/2020-10-30/c6pww9dkku60m8yrpv.jpg HTTP/1.1" 0.000, [::1], "http://localhost:82/", "Mozilla/5.0 (Windows NT 10.0; Win64; x64) AppleWebKit/537.36 (KHTML, like Gecko) Chrome/87.0.4280.88 Safari/537.36"
2021-01-11 10:39:39.304 404 "GET http localhost:8200 /pub_upload/2020-10-30/c6pwvdddc9kolqpyvu.jpg HTTP/1.1" 0.001, [::1], "http://localhost:82/", "Mozilla/5.0 (Windows NT 10.0; Win64; x64) AppleWebKit/537.36 (KHTML, like Gecko) Chrome/87.0.4280.88 Safari/537.36"
2021-01-11 10:39:39.304 404 "GET http localhost:8200 /pub_upload/2020-10-30/c6pwrxducjwol7kb2q.jpeg HTTP/1.1" 0.000, [::1], "http://localhost:82/", "Mozilla/5.0 (Windows NT 10.0; Win64; x64) AppleWebKit/537.36 (KHTML, like Gecko) Chrome/87.0.4280.88 Safari/537.36"
2021-01-11 10:39:39.308 404 "GET http localhost:8200 /pub_upload/2020-10-30/c6pwqm121lnoncnkvs.jpg HTTP/1.1" 0.000, [::1], "http://localhost:82/", "Mozilla/5.0 (Windows NT 10.0; Win64; x64) AppleWebKit/537.36 (KHTML, like Gecko) Chrome/87.0.4280.88 Safari/537.36"
2021-01-11 10:39:39.310 404 "GET http localhost:8200 /pub_upload/2020-10-30/c6pwno8goau0ukjg3q.jpg HTTP/1.1" 0.001, [::1], "http://localhost:82/", "Mozilla/5.0 (Windows NT 10.0; Win64; x64) AppleWebKit/537.36 (KHTML, like Gecko) Chrome/87.0.4280.88 Safari/537.36"
2021-01-11 10:39:41.158 200 "GET http localhost:8200 /cms HTTP/1.1" 0.091, [::1], "http://localhost:82/", "Mozilla/5.0 (Windows NT 10.0; Win64; x64) AppleWebKit/537.36 (KHTML, like Gecko) Chrome/87.0.4280.88 Safari/537.36"
2021-01-11 10:39:41.229 200 "GET http localhost:8200 /cms/css/qxkj.css HTTP/1.1" 0.057, [::1], "http://localhost:8200/cms", "Mozilla/5.0 (Windows NT 10.0; Win64; x64) AppleWebKit/537.36 (KHTML, like Gecko) Chrome/87.0.4280.88 Safari/537.36"
2021-01-11 10:39:41.231 200 "GET http localhost:8200 /cms/css/public.css HTTP/1.1" 0.057, [::1], "http://localhost:8200/cms", "Mozilla/5.0 (Windows NT 10.0; Win64; x64) AppleWebKit/537.36 (KHTML, like Gecko) Chrome/87.0.4280.88 Safari/537.36"
2021-01-11 10:39:41.377 200 "GET http localhost:8200 /js/jquery1.9.1/jquery.min.js HTTP/1.1" 0.203, [::1], "http://localhost:8200/cms", "Mozilla/5.0 (Windows NT 10.0; Win64; x64) AppleWebKit/537.36 (KHTML, like Gecko) Chrome/87.0.4280.88 Safari/537.36"
2021-01-11 10:39:41.417 200 "GET http localhost:8200 /css/swiper-6.1.1/swiper-bundle.min.css HTTP/1.1" 0.243, [::1], "http://localhost:8200/cms", "Mozilla/5.0 (Windows NT 10.0; Win64; x64) AppleWebKit/537.36 (KHTML, like Gecko) Chrome/87.0.4280.88 Safari/537.36"
2021-01-11 10:39:41.426 200 "GET http localhost:8200 /js/swiper-6.1.1/swiper-bundle.min.js HTTP/1.1" 0.252, [::1], "http://localhost:8200/cms", "Mozilla/5.0 (Windows NT 10.0; Win64; x64) AppleWebKit/537.36 (KHTML, like Gecko) Chrome/87.0.4280.88 Safari/537.36"
2021-01-11 10:39:41.465 200 "GET http localhost:8200 /cms/css/font-awesome-4.7.0/css/font-awesome.min.css HTTP/1.1" 0.291, [::1], "http://localhost:8200/cms", "Mozilla/5.0 (Windows NT 10.0; Win64; x64) AppleWebKit/537.36 (KHTML, like Gecko) Chrome/87.0.4280.88 Safari/537.36"
2021-01-11 10:39:41.496 404 "GET http localhost:8200 /pub_upload/2020-10-30/c6pwy5wn1398e93sjy.jpg HTTP/1.1" 0.016, [::1], "http://localhost:8200/cms", "Mozilla/5.0 (Windows NT 10.0; Win64; x64) AppleWebKit/537.36 (KHTML, like Gecko) Chrome/87.0.4280.88 Safari/537.36"
2021-01-11 10:39:41.498 404 "GET http localhost:8200 /pub_upload/2020-10-29/c6p8za2ovxxgp3vejs.jpg HTTP/1.1" 0.000, [::1], "http://localhost:8200/cms", "Mozilla/5.0 (Windows NT 10.0; Win64; x64) AppleWebKit/537.36 (KHTML, like Gecko) Chrome/87.0.4280.88 Safari/537.36"
2021-01-11 10:39:41.498 404 "GET http localhost:8200 /pub_upload/2020-10-30/c6pwrxducjwol7kb2q.jpeg HTTP/1.1" 0.000, [::1], "http://localhost:8200/cms", "Mozilla/5.0 (Windows NT 10.0; Win64; x64) AppleWebKit/537.36 (KHTML, like Gecko) Chrome/87.0.4280.88 Safari/537.36"
2021-01-11 10:39:41.498 404 "GET http localhost:8200 /pub_upload/2020-10-29/c6p8uohyl7kg6caoxf.jpg HTTP/1.1" 0.000, [::1], "http://localhost:8200/cms", "Mozilla/5.0 (Windows NT 10.0; Win64; x64) AppleWebKit/537.36 (KHTML, like Gecko) Chrome/87.0.4280.88 Safari/537.36"
2021-01-11 10:39:41.500 404 "GET http localhost:8200 /pub_upload/2020-10-30/c6pwvdddc9kolqpyvu.jpg HTTP/1.1" 0.000, [::1], "http://localhost:8200/cms", "Mozilla/5.0 (Windows NT 10.0; Win64; x64) AppleWebKit/537.36 (KHTML, like Gecko) Chrome/87.0.4280.88 Safari/537.36"
2021-01-11 10:39:41.501 404 "GET http localhost:8200 /pub_upload/2020-10-30/c6pwzxde4qkkciir2g.jpeg HTTP/1.1" 0.000, [::1], "http://localhost:8200/cms", "Mozilla/5.0 (Windows NT 10.0; Win64; x64) AppleWebKit/537.36 (KHTML, like Gecko) Chrome/87.0.4280.88 Safari/537.36"
2021-01-11 10:39:41.502 404 "GET http localhost:8200 /pub_upload/2020-10-30/c6pww9dkku60m8yrpv.jpg HTTP/1.1" 0.001, [::1], "http://localhost:8200/cms", "Mozilla/5.0 (Windows NT 10.0; Win64; x64) AppleWebKit/537.36 (KHTML, like Gecko) Chrome/87.0.4280.88 Safari/537.36"
2021-01-11 10:39:41.504 200 "GET http localhost:8200 /cms/images/logo.png HTTP/1.1" 0.026, [::1], "http://localhost:8200/cms", "Mozilla/5.0 (Windows NT 10.0; Win64; x64) AppleWebKit/537.36 (KHTML, like Gecko) Chrome/87.0.4280.88 Safari/537.36"
2021-01-11 10:39:41.505 404 "GET http localhost:8200 /pub_upload/2020-10-30/c6pwuapknpacaljqm5.jpg HTTP/1.1" 0.001, [::1], "http://localhost:8200/cms", "Mozilla/5.0 (Windows NT 10.0; Win64; x64) AppleWebKit/537.36 (KHTML, like Gecko) Chrome/87.0.4280.88 Safari/537.36"
2021-01-11 10:39:41.506 404 "GET http localhost:8200 /pub_upload/2020-10-30/c6pwsqcu6mi85nxf0g.png HTTP/1.1" 0.001, [::1], "http://localhost:8200/cms", "Mozilla/5.0 (Windows NT 10.0; Win64; x64) AppleWebKit/537.36 (KHTML, like Gecko) Chrome/87.0.4280.88 Safari/537.36"
2021-01-11 10:39:41.509 404 "GET http localhost:8200 /pub_upload/2020-10-27/c6niwywhjvjcjgde1s.jpeg HTTP/1.1" 0.001, [::1], "http://localhost:8200/cms", "Mozilla/5.0 (Windows NT 10.0; Win64; x64) AppleWebKit/537.36 (KHTML, like Gecko) Chrome/87.0.4280.88 Safari/537.36"
2021-01-11 10:39:41.510 404 "GET http localhost:8200 /pub_upload/2020-10-29/c6p0haeubqqsnlhejw.jpg HTTP/1.1" 0.000, [::1], "http://localhost:8200/cms", "Mozilla/5.0 (Windows NT 10.0; Win64; x64) AppleWebKit/537.36 (KHTML, like Gecko) Chrome/87.0.4280.88 Safari/537.36"
2021-01-11 10:39:41.513 404 "GET http localhost:8200 /pub_upload/2020-10-28/c6oegkcicda8ecbjfl.jpg HTTP/1.1" 0.001, [::1], "http://localhost:8200/cms", "Mozilla/5.0 (Windows NT 10.0; Win64; x64) AppleWebKit/537.36 (KHTML, like Gecko) Chrome/87.0.4280.88 Safari/537.36"
2021-01-11 10:39:41.531 200 "GET http localhost:8200 /cms/images/ay.jpg HTTP/1.1" 0.027, [::1], "http://localhost:8200/cms", "Mozilla/5.0 (Windows NT 10.0; Win64; x64) AppleWebKit/537.36 (KHTML, like Gecko) Chrome/87.0.4280.88 Safari/537.36"
2021-01-11 10:39:41.545 200 "GET http localhost:8200 /cms/images/aliyun.jpg HTTP/1.1" 0.037, [::1], "http://localhost:8200/cms", "Mozilla/5.0 (Windows NT 10.0; Win64; x64) AppleWebKit/537.36 (KHTML, like Gecko) Chrome/87.0.4280.88 Safari/537.36"
2021-01-11 10:39:41.767 200 "GET http localhost:8200 /image/favicon.ico HTTP/1.1" 0.018, [::1], "http://localhost:8200/cms", "Mozilla/5.0 (Windows NT 10.0; Win64; x64) AppleWebKit/537.36 (KHTML, like Gecko) Chrome/87.0.4280.88 Safari/537.36"
2021-01-11 10:39:45.836 200 "GET http localhost:8200 /cms/show/33/125 HTTP/1.1" 0.677, [::1], "http://localhost:8200/cms", "Mozilla/5.0 (Windows NT 10.0; Win64; x64) AppleWebKit/537.36 (KHTML, like Gecko) Chrome/87.0.4280.88 Safari/537.36"
2021-01-11 10:39:45.870 404 "GET http localhost:8200 /pub_upload/2020-10-30/c6pwvdddc9kolqpyvu.jpg HTTP/1.1" 0.001, [::1], "http://localhost:8200/cms/show/33/125", "Mozilla/5.0 (Windows NT 10.0; Win64; x64) AppleWebKit/537.36 (KHTML, like Gecko) Chrome/87.0.4280.88 Safari/537.36"
2021-01-11 10:39:45.885 404 "GET http localhost:8200 /pub_upload/2020-10-30/c6pwuapknpacaljqm5.jpg HTTP/1.1" 0.000, [::1], "http://localhost:8200/cms/show/33/125", "Mozilla/5.0 (Windows NT 10.0; Win64; x64) AppleWebKit/537.36 (KHTML, like Gecko) Chrome/87.0.4280.88 Safari/537.36"
2021-01-11 10:39:45.885 404 "GET http localhost:8200 /pub_upload/2020-10-30/c6pwrxducjwol7kb2q.jpeg HTTP/1.1" 0.000, [::1], "http://localhost:8200/cms/show/33/125", "Mozilla/5.0 (Windows NT 10.0; Win64; x64) AppleWebKit/537.36 (KHTML, like Gecko) Chrome/87.0.4280.88 Safari/537.36"
2021-01-11 10:39:45.885 404 "GET http localhost:8200 /pub_upload/2020-10-27/c6niwywhjvjcjgde1s.jpeg HTTP/1.1" 0.000, [::1], "http://localhost:8200/cms/show/33/125", "Mozilla/5.0 (Windows NT 10.0; Win64; x64) AppleWebKit/537.36 (KHTML, like Gecko) Chrome/87.0.4280.88 Safari/537.36"
2021-01-11 10:39:45.886 404 "GET http localhost:8200 /pub_upload/2020-10-30/c6pwsqcu6mi85nxf0g.png HTTP/1.1" 0.001, [::1], "http://localhost:8200/cms/show/33/125", "Mozilla/5.0 (Windows NT 10.0; Win64; x64) AppleWebKit/537.36 (KHTML, like Gecko) Chrome/87.0.4280.88 Safari/537.36"
2021-01-11 10:39:45.886 404 "GET http localhost:8200 /pub_upload/2020-10-30/c6pwzxde4qkkciir2g.jpeg HTTP/1.1" 0.001, [::1], "http://localhost:8200/cms/show/33/125", "Mozilla/5.0 (Windows NT 10.0; Win64; x64) AppleWebKit/537.36 (KHTML, like Gecko) Chrome/87.0.4280.88 Safari/537.36"
2021-01-11 10:39:45.886 404 "GET http localhost:8200 /pub_upload/2020-10-29/c6p0haeubqqsnlhejw.jpg HTTP/1.1" 0.001, [::1], "http://localhost:8200/cms/show/33/125", "Mozilla/5.0 (Windows NT 10.0; Win64; x64) AppleWebKit/537.36 (KHTML, like Gecko) Chrome/87.0.4280.88 Safari/537.36"
2021-01-11 10:39:45.890 404 "GET http localhost:8200 /pub_upload/2020-10-28/c6oegkcicda8ecbjfl.jpg HTTP/1.1" 0.001, [::1], "http://localhost:8200/cms/show/33/125", "Mozilla/5.0 (Windows NT 10.0; Win64; x64) AppleWebKit/537.36 (KHTML, like Gecko) Chrome/87.0.4280.88 Safari/537.36"
2021-01-11 10:39:53.480 200 "OPTIONS http localhost:8200 /system/wf/flow/list?pageNum=1&pageSize=10 HTTP/1.1" 0.000, [::1], "http://localhost:82/", "Mozilla/5.0 (Windows NT 10.0; Win64; x64) AppleWebKit/537.36 (KHTML, like Gecko) Chrome/87.0.4280.88 Safari/537.36"
2021-01-11 10:39:53.481 200 "OPTIONS http localhost:8200 /system/config/dict/getDicts?dictType=flow_type HTTP/1.1" 0.000, [::1], "http://localhost:82/", "Mozilla/5.0 (Windows NT 10.0; Win64; x64) AppleWebKit/537.36 (KHTML, like Gecko) Chrome/87.0.4280.88 Safari/537.36"
2021-01-11 10:39:53.482 200 "OPTIONS http localhost:8200 /system/config/dict/getDicts?dictType=sys_normal_disable HTTP/1.1" 0.000, [::1], "http://localhost:82/", "Mozilla/5.0 (Windows NT 10.0; Win64; x64) AppleWebKit/537.36 (KHTML, like Gecko) Chrome/87.0.4280.88 Safari/537.36"
2021-01-11 10:39:53.489 200 "GET http localhost:8200 /system/config/dict/getDicts?dictType=flow_type HTTP/1.1" 0.005, [::1], "http://localhost:82/", "Mozilla/5.0 (Windows NT 10.0; Win64; x64) AppleWebKit/537.36 (KHTML, like Gecko) Chrome/87.0.4280.88 Safari/537.36"
2021-01-11 10:39:53.492 200 "GET http localhost:8200 /system/config/dict/getDicts?dictType=sys_normal_disable HTTP/1.1" 0.008, [::1], "http://localhost:82/", "Mozilla/5.0 (Windows NT 10.0; Win64; x64) AppleWebKit/537.36 (KHTML, like Gecko) Chrome/87.0.4280.88 Safari/537.36"
2021-01-11 10:39:53.592 200 "GET http localhost:8200 /system/wf/flow/list?pageNum=1&pageSize=10 HTTP/1.1" 0.109, [::1], "http://localhost:82/", "Mozilla/5.0 (Windows NT 10.0; Win64; x64) AppleWebKit/537.36 (KHTML, like Gecko) Chrome/87.0.4280.88 Safari/537.36"
2021-01-11 10:39:55.582 200 "OPTIONS http localhost:8200 /system/wf/flow/designFlow?id=3 HTTP/1.1" 0.000, [::1], "http://localhost:82/", "Mozilla/5.0 (Windows NT 10.0; Win64; x64) AppleWebKit/537.36 (KHTML, like Gecko) Chrome/87.0.4280.88 Safari/537.36"
2021-01-11 10:39:55.631 200 "GET http localhost:8200 /system/wf/flow/designFlow?id=3 HTTP/1.1" 0.047, [::1], "http://localhost:82/", "Mozilla/5.0 (Windows NT 10.0; Win64; x64) AppleWebKit/537.36 (KHTML, like Gecko) Chrome/87.0.4280.88 Safari/537.36"
2021-01-11 10:40:09.377 200 "OPTIONS http localhost:8200 /system/wf/flow/saveAttr HTTP/1.1" 0.000, [::1], "http://localhost:82/", "Mozilla/5.0 (Windows NT 10.0; Win64; x64) AppleWebKit/537.36 (KHTML, like Gecko) Chrome/87.0.4280.88 Safari/537.36"
2021-01-11 10:40:09.381 200 "POST http localhost:8200 /system/wf/flow/saveAttr HTTP/1.1" 0.002, [::1], "http://localhost:82/", "Mozilla/5.0 (Windows NT 10.0; Win64; x64) AppleWebKit/537.36 (KHTML, like Gecko) Chrome/87.0.4280.88 Safari/537.36"
2021-01-11 10:42:13.635 200 "POST http localhost:8200 /system/wf/flow/saveAttr HTTP/1.1" 0.003, [::1], "http://localhost:82/", "Mozilla/5.0 (Windows NT 10.0; Win64; x64) AppleWebKit/537.36 (KHTML, like Gecko) Chrome/87.0.4280.88 Safari/537.36"
2021-01-11 10:42:15.762 200 "OPTIONS http localhost:8200 /system/wf/news/list?pageNum=1&pageSize=10 HTTP/1.1" 0.000, [::1], "http://localhost:82/", "Mozilla/5.0 (Windows NT 10.0; Win64; x64) AppleWebKit/537.36 (KHTML, like Gecko) Chrome/87.0.4280.88 Safari/537.36"
2021-01-11 10:42:15.763 200 "OPTIONS http localhost:8200 /system/config/dict/getDicts?dictType=flow_status HTTP/1.1" 0.001, [::1], "http://localhost:82/", "Mozilla/5.0 (Windows NT 10.0; Win64; x64) AppleWebKit/537.36 (KHTML, like Gecko) Chrome/87.0.4280.88 Safari/537.36"
2021-01-11 10:42:15.765 200 "OPTIONS http localhost:8200 /system/config/dict/getDicts?dictType=flow_level HTTP/1.1" 0.000, [::1], "http://localhost:82/", "Mozilla/5.0 (Windows NT 10.0; Win64; x64) AppleWebKit/537.36 (KHTML, like Gecko) Chrome/87.0.4280.88 Safari/537.36"
2021-01-11 10:42:15.772 200 "GET http localhost:8200 /system/config/dict/getDicts?dictType=flow_status HTTP/1.1" 0.007, [::1], "http://localhost:82/", "Mozilla/5.0 (Windows NT 10.0; Win64; x64) AppleWebKit/537.36 (KHTML, like Gecko) Chrome/87.0.4280.88 Safari/537.36"
2021-01-11 10:42:15.776 200 "GET http localhost:8200 /system/config/dict/getDicts?dictType=flow_level HTTP/1.1" 0.009, [::1], "http://localhost:82/", "Mozilla/5.0 (Windows NT 10.0; Win64; x64) AppleWebKit/537.36 (KHTML, like Gecko) Chrome/87.0.4280.88 Safari/537.36"
2021-01-11 10:42:15.898 200 "GET http localhost:8200 /system/wf/news/list?pageNum=1&pageSize=10 HTTP/1.1" 0.134, [::1], "http://localhost:82/", "Mozilla/5.0 (Windows NT 10.0; Win64; x64) AppleWebKit/537.36 (KHTML, like Gecko) Chrome/87.0.4280.88 Safari/537.36"
2021-01-11 10:42:23.400 200 "OPTIONS http localhost:8200 /system/wf/flow/wfStart?wf_type=wf_news&wf_title=title&wf_status_field=status&wf_fid=5 HTTP/1.1" 0.000, [::1], "http://localhost:82/", "Mozilla/5.0 (Windows NT 10.0; Win64; x64) AppleWebKit/537.36 (KHTML, like Gecko) Chrome/87.0.4280.88 Safari/537.36"
2021-01-11 10:42:23.404 200 "GET http localhost:8200 /system/wf/flow/wfStart?wf_type=wf_news&wf_title=title&wf_status_field=status&wf_fid=5 HTTP/1.1" 0.003, [::1], "http://localhost:82/", "Mozilla/5.0 (Windows NT 10.0; Win64; x64) AppleWebKit/537.36 (KHTML, like Gecko) Chrome/87.0.4280.88 Safari/537.36"
2021-01-11 10:42:35.540 200 "OPTIONS http localhost:8200 /system/wf/news/checkLog?id=1&wf_type=wf_news HTTP/1.1" 0.001, [::1], "http://localhost:82/", "Mozilla/5.0 (Windows NT 10.0; Win64; x64) AppleWebKit/537.36 (KHTML, like Gecko) Chrome/87.0.4280.88 Safari/537.36"
2021-01-11 10:42:35.569 200 "GET http localhost:8200 /system/wf/news/checkLog?id=1&wf_type=wf_news HTTP/1.1" 0.028, [::1], "http://localhost:82/", "Mozilla/5.0 (Windows NT 10.0; Win64; x64) AppleWebKit/537.36 (KHTML, like Gecko) Chrome/87.0.4280.88 Safari/537.36"
2021-01-11 10:42:41.010 200 "GET http localhost:8200 /system/config/dict/getDicts?dictType=sys_normal_disable HTTP/1.1" 0.004, [::1], "http://localhost:82/", "Mozilla/5.0 (Windows NT 10.0; Win64; x64) AppleWebKit/537.36 (KHTML, like Gecko) Chrome/87.0.4280.88 Safari/537.36"
2021-01-11 10:42:41.011 200 "GET http localhost:8200 /system/config/dict/getDicts?dictType=flow_type HTTP/1.1" 0.004, [::1], "http://localhost:82/", "Mozilla/5.0 (Windows NT 10.0; Win64; x64) AppleWebKit/537.36 (KHTML, like Gecko) Chrome/87.0.4280.88 Safari/537.36"
2021-01-11 10:42:41.017 200 "GET http localhost:8200 /system/wf/flow/list?pageNum=1&pageSize=10 HTTP/1.1" 0.010, [::1], "http://localhost:82/", "Mozilla/5.0 (Windows NT 10.0; Win64; x64) AppleWebKit/537.36 (KHTML, like Gecko) Chrome/87.0.4280.88 Safari/537.36"
2021-01-11 10:42:44.053 200 "GET http localhost:8200 /system/wf/flow/designFlow?id=3 HTTP/1.1" 0.015, [::1], "http://localhost:82/", "Mozilla/5.0 (Windows NT 10.0; Win64; x64) AppleWebKit/537.36 (KHTML, like Gecko) Chrome/87.0.4280.88 Safari/537.36"
2021-01-11 10:42:46.729 200 "OPTIONS http localhost:8200 /system/wf/flow/monitoring HTTP/1.1" 0.000, [::1], "http://localhost:82/", "Mozilla/5.0 (Windows NT 10.0; Win64; x64) AppleWebKit/537.36 (KHTML, like Gecko) Chrome/87.0.4280.88 Safari/537.36"
2021-01-11 10:42:46.732 200 "GET http localhost:8200 /system/config/dict/getDicts?dictType=flow_level HTTP/1.1" 0.002, [::1], "http://localhost:82/", "Mozilla/5.0 (Windows NT 10.0; Win64; x64) AppleWebKit/537.36 (KHTML, like Gecko) Chrome/87.0.4280.88 Safari/537.36"
2021-01-11 10:42:46.747 200 "GET http localhost:8200 /system/wf/flow/monitoring HTTP/1.1" 0.015, [::1], "http://localhost:82/", "Mozilla/5.0 (Windows NT 10.0; Win64; x64) AppleWebKit/537.36 (KHTML, like Gecko) Chrome/87.0.4280.88 Safari/537.36"
