2020-12-03 10:27:59.088 200 "POST http localhost:8200 /captcha/get/img HTTP/1.1" 0.024, [::1], "http://localhost:82/", "Mozilla/5.0 (Windows NT 10.0; Win64; x64) AppleWebKit/537.36 (KHTML, like Gecko) Chrome/87.0.4280.66 Safari/537.36"
2020-12-03 10:28:03.963 200 "OPTIONS http localhost:8200 /sysLogin/login HTTP/1.1" 0.003, [::1], "http://localhost:82/", "Mozilla/5.0 (Windows NT 10.0; Win64; x64) AppleWebKit/537.36 (KHTML, like Gecko) Chrome/87.0.4280.66 Safari/537.36"
2020-12-03 10:28:04.083 200 "POST http localhost:8200 /sysLogin/login HTTP/1.1" 0.115, [::1], "http://localhost:82/", "Mozilla/5.0 (Windows NT 10.0; Win64; x64) AppleWebKit/537.36 (KHTML, like Gecko) Chrome/87.0.4280.66 Safari/537.36"
2020-12-03 10:28:04.093 200 "OPTIONS http localhost:8200 /system/index/getInfo HTTP/1.1" 0.000, [::1], "http://localhost:82/", "Mozilla/5.0 (Windows NT 10.0; Win64; x64) AppleWebKit/537.36 (KHTML, like Gecko) Chrome/87.0.4280.66 Safari/537.36"
2020-12-03 10:28:04.160 200 "GET http localhost:8200 /system/index/getInfo HTTP/1.1" 0.066, [::1], "http://localhost:82/", "Mozilla/5.0 (Windows NT 10.0; Win64; x64) AppleWebKit/537.36 (KHTML, like Gecko) Chrome/87.0.4280.66 Safari/537.36"
2020-12-03 10:28:04.166 200 "OPTIONS http localhost:8200 /system/index/getRouters HTTP/1.1" 0.000, [::1], "http://localhost:82/", "Mozilla/5.0 (Windows NT 10.0; Win64; x64) AppleWebKit/537.36 (KHTML, like Gecko) Chrome/87.0.4280.66 Safari/537.36"
2020-12-03 10:28:04.173 200 "GET http localhost:8200 /system/index/getRouters HTTP/1.1" 0.005, [::1], "http://localhost:82/", "Mozilla/5.0 (Windows NT 10.0; Win64; x64) AppleWebKit/537.36 (KHTML, like Gecko) Chrome/87.0.4280.66 Safari/537.36"
2020-12-03 10:28:04.846 200 "GET http localhost:8200 /pub_upload/2020-09-03/c5disauti1wogasemy.jpeg HTTP/1.1" 0.281, [::1], "http://localhost:82/", "Mozilla/5.0 (Windows NT 10.0; Win64; x64) AppleWebKit/537.36 (KHTML, like Gecko) Chrome/87.0.4280.66 Safari/537.36"
2020-12-03 10:34:35.273 200 "OPTIONS http localhost:8200 /system/config/dict/list?pageNum=1&pageSize=10&beginTime=&endTime= HTTP/1.1" 0.000, [::1], "http://localhost:82/", "Mozilla/5.0 (Windows NT 10.0; Win64; x64) AppleWebKit/537.36 (KHTML, like Gecko) Chrome/87.0.4280.66 Safari/537.36"
2020-12-03 10:34:35.328 200 "GET http localhost:8200 /system/config/dict/list?pageNum=1&pageSize=10&beginTime=&endTime= HTTP/1.1" 0.053, [::1], "http://localhost:82/", "Mozilla/5.0 (Windows NT 10.0; Win64; x64) AppleWebKit/537.36 (KHTML, like Gecko) Chrome/87.0.4280.66 Safari/537.36"
2020-12-03 10:34:37.209 200 "OPTIONS http localhost:8200 /system/config/dict/list?pageNum=2&pageSize=10&beginTime=&endTime= HTTP/1.1" 0.001, [::1], "http://localhost:82/", "Mozilla/5.0 (Windows NT 10.0; Win64; x64) AppleWebKit/537.36 (KHTML, like Gecko) Chrome/87.0.4280.66 Safari/537.36"
2020-12-03 10:34:37.223 200 "GET http localhost:8200 /system/config/dict/list?pageNum=2&pageSize=10&beginTime=&endTime= HTTP/1.1" 0.003, [::1], "http://localhost:82/", "Mozilla/5.0 (Windows NT 10.0; Win64; x64) AppleWebKit/537.36 (KHTML, like Gecko) Chrome/87.0.4280.66 Safari/537.36"
2020-12-03 11:38:47.353 200 "OPTIONS http localhost:8200 /system/config/dict/add HTTP/1.1" 0.000, [::1], "http://localhost:82/", "Mozilla/5.0 (Windows NT 10.0; Win64; x64) AppleWebKit/537.36 (KHTML, like Gecko) Chrome/87.0.4280.66 Safari/537.36"
2020-12-03 11:38:47.398 200 "POST http localhost:8200 /system/config/dict/add HTTP/1.1" 0.043, [::1], "http://localhost:82/", "Mozilla/5.0 (Windows NT 10.0; Win64; x64) AppleWebKit/537.36 (KHTML, like Gecko) Chrome/87.0.4280.66 Safari/537.36"
2020-12-03 11:38:47.427 200 "GET http localhost:8200 /system/config/dict/list?pageNum=2&pageSize=10&beginTime=&endTime= HTTP/1.1" 0.006, [::1], "http://localhost:82/", "Mozilla/5.0 (Windows NT 10.0; Win64; x64) AppleWebKit/537.36 (KHTML, like Gecko) Chrome/87.0.4280.66 Safari/537.36"
2020-12-03 11:39:11.881 200 "POST http localhost:8200 /system/config/dict/add HTTP/1.1" 0.040, [::1], "http://localhost:82/", "Mozilla/5.0 (Windows NT 10.0; Win64; x64) AppleWebKit/537.36 (KHTML, like Gecko) Chrome/87.0.4280.66 Safari/537.36"
2020-12-03 11:39:11.905 200 "GET http localhost:8200 /system/config/dict/list?pageNum=2&pageSize=10&beginTime=&endTime= HTTP/1.1" 0.006, [::1], "http://localhost:82/", "Mozilla/5.0 (Windows NT 10.0; Win64; x64) AppleWebKit/537.36 (KHTML, like Gecko) Chrome/87.0.4280.66 Safari/537.36"
2020-12-03 11:39:35.636 200 "POST http localhost:8200 /system/config/dict/add HTTP/1.1" 0.050, [::1], "http://localhost:82/", "Mozilla/5.0 (Windows NT 10.0; Win64; x64) AppleWebKit/537.36 (KHTML, like Gecko) Chrome/87.0.4280.66 Safari/537.36"
2020-12-03 11:39:35.658 200 "GET http localhost:8200 /system/config/dict/list?pageNum=2&pageSize=10&beginTime=&endTime= HTTP/1.1" 0.006, [::1], "http://localhost:82/", "Mozilla/5.0 (Windows NT 10.0; Win64; x64) AppleWebKit/537.36 (KHTML, like Gecko) Chrome/87.0.4280.66 Safari/537.36"
2020-12-03 11:39:54.401 200 "OPTIONS http localhost:8200 /system/config/dict/dataList?pageNum=1&pageSize=10&dictType=flow_type HTTP/1.1" 0.000, [::1], "http://localhost:82/", "Mozilla/5.0 (Windows NT 10.0; Win64; x64) AppleWebKit/537.36 (KHTML, like Gecko) Chrome/87.0.4280.66 Safari/537.36"
2020-12-03 11:39:54.417 200 "GET http localhost:8200 /system/config/dict/dataList?pageNum=1&pageSize=10&dictType=flow_type HTTP/1.1" 0.014, [::1], "http://localhost:82/", "Mozilla/5.0 (Windows NT 10.0; Win64; x64) AppleWebKit/537.36 (KHTML, like Gecko) Chrome/87.0.4280.66 Safari/537.36"
2020-12-03 11:40:15.179 200 "OPTIONS http localhost:8200 /system/config/dict/dataAdd HTTP/1.1" 0.000, [::1], "http://localhost:82/", "Mozilla/5.0 (Windows NT 10.0; Win64; x64) AppleWebKit/537.36 (KHTML, like Gecko) Chrome/87.0.4280.66 Safari/537.36"
2020-12-03 11:40:15.223 200 "POST http localhost:8200 /system/config/dict/dataAdd HTTP/1.1" 0.042, [::1], "http://localhost:82/", "Mozilla/5.0 (Windows NT 10.0; Win64; x64) AppleWebKit/537.36 (KHTML, like Gecko) Chrome/87.0.4280.66 Safari/537.36"
2020-12-03 11:40:15.255 200 "GET http localhost:8200 /system/config/dict/dataList?pageNum=1&pageSize=10&dictType=flow_type HTTP/1.1" 0.010, [::1], "http://localhost:82/", "Mozilla/5.0 (Windows NT 10.0; Win64; x64) AppleWebKit/537.36 (KHTML, like Gecko) Chrome/87.0.4280.66 Safari/537.36"
2020-12-03 11:40:33.823 200 "GET http localhost:8200 /system/config/dict/list?pageNum=1&pageSize=10&beginTime=&endTime= HTTP/1.1" 0.005, [::1], "http://localhost:82/", "Mozilla/5.0 (Windows NT 10.0; Win64; x64) AppleWebKit/537.36 (KHTML, like Gecko) Chrome/87.0.4280.66 Safari/537.36"
2020-12-03 11:40:35.011 200 "GET http localhost:8200 /system/config/dict/list?pageNum=2&pageSize=10&beginTime=&endTime= HTTP/1.1" 0.004, [::1], "http://localhost:82/", "Mozilla/5.0 (Windows NT 10.0; Win64; x64) AppleWebKit/537.36 (KHTML, like Gecko) Chrome/87.0.4280.66 Safari/537.36"
2020-12-03 11:40:37.252 200 "OPTIONS http localhost:8200 /system/config/dict/dataList?pageNum=1&pageSize=10&dictType=flow_status HTTP/1.1" 0.000, [::1], "http://localhost:82/", "Mozilla/5.0 (Windows NT 10.0; Win64; x64) AppleWebKit/537.36 (KHTML, like Gecko) Chrome/87.0.4280.66 Safari/537.36"
2020-12-03 11:40:37.258 200 "GET http localhost:8200 /system/config/dict/dataList?pageNum=1&pageSize=10&dictType=flow_status HTTP/1.1" 0.005, [::1], "http://localhost:82/", "Mozilla/5.0 (Windows NT 10.0; Win64; x64) AppleWebKit/537.36 (KHTML, like Gecko) Chrome/87.0.4280.66 Safari/537.36"
2020-12-03 11:40:49.309 200 "POST http localhost:8200 /system/config/dict/dataAdd HTTP/1.1" 0.044, [::1], "http://localhost:82/", "Mozilla/5.0 (Windows NT 10.0; Win64; x64) AppleWebKit/537.36 (KHTML, like Gecko) Chrome/87.0.4280.66 Safari/537.36"
2020-12-03 11:40:49.331 200 "GET http localhost:8200 /system/config/dict/dataList?pageNum=1&pageSize=10&dictType=flow_status HTTP/1.1" 0.007, [::1], "http://localhost:82/", "Mozilla/5.0 (Windows NT 10.0; Win64; x64) AppleWebKit/537.36 (KHTML, like Gecko) Chrome/87.0.4280.66 Safari/537.36"
2020-12-03 11:41:08.307 200 "POST http localhost:8200 /system/config/dict/dataAdd HTTP/1.1" 0.042, [::1], "http://localhost:82/", "Mozilla/5.0 (Windows NT 10.0; Win64; x64) AppleWebKit/537.36 (KHTML, like Gecko) Chrome/87.0.4280.66 Safari/537.36"
2020-12-03 11:41:08.329 200 "GET http localhost:8200 /system/config/dict/dataList?pageNum=1&pageSize=10&dictType=flow_status HTTP/1.1" 0.006, [::1], "http://localhost:82/", "Mozilla/5.0 (Windows NT 10.0; Win64; x64) AppleWebKit/537.36 (KHTML, like Gecko) Chrome/87.0.4280.66 Safari/537.36"
2020-12-03 11:41:26.028 200 "POST http localhost:8200 /system/config/dict/dataAdd HTTP/1.1" 0.035, [::1], "http://localhost:82/", "Mozilla/5.0 (Windows NT 10.0; Win64; x64) AppleWebKit/537.36 (KHTML, like Gecko) Chrome/87.0.4280.66 Safari/537.36"
2020-12-03 11:41:26.051 200 "GET http localhost:8200 /system/config/dict/dataList?pageNum=1&pageSize=10&dictType=flow_status HTTP/1.1" 0.007, [::1], "http://localhost:82/", "Mozilla/5.0 (Windows NT 10.0; Win64; x64) AppleWebKit/537.36 (KHTML, like Gecko) Chrome/87.0.4280.66 Safari/537.36"
2020-12-03 11:41:39.041 200 "POST http localhost:8200 /system/config/dict/dataAdd HTTP/1.1" 0.056, [::1], "http://localhost:82/", "Mozilla/5.0 (Windows NT 10.0; Win64; x64) AppleWebKit/537.36 (KHTML, like Gecko) Chrome/87.0.4280.66 Safari/537.36"
2020-12-03 11:41:39.063 200 "GET http localhost:8200 /system/config/dict/dataList?pageNum=1&pageSize=10&dictType=flow_status HTTP/1.1" 0.007, [::1], "http://localhost:82/", "Mozilla/5.0 (Windows NT 10.0; Win64; x64) AppleWebKit/537.36 (KHTML, like Gecko) Chrome/87.0.4280.66 Safari/537.36"
2020-12-03 11:42:07.304 200 "GET http localhost:8200 /system/config/dict/list?pageNum=1&pageSize=10&beginTime=&endTime= HTTP/1.1" 0.006, [::1], "http://localhost:82/", "Mozilla/5.0 (Windows NT 10.0; Win64; x64) AppleWebKit/537.36 (KHTML, like Gecko) Chrome/87.0.4280.66 Safari/537.36"
2020-12-03 11:42:09.379 200 "GET http localhost:8200 /system/config/dict/list?pageNum=2&pageSize=10&beginTime=&endTime= HTTP/1.1" 0.003, [::1], "http://localhost:82/", "Mozilla/5.0 (Windows NT 10.0; Win64; x64) AppleWebKit/537.36 (KHTML, like Gecko) Chrome/87.0.4280.66 Safari/537.36"
2020-12-03 11:42:11.390 200 "OPTIONS http localhost:8200 /system/config/dict/dataList?pageNum=1&pageSize=10&dictType=flow_level HTTP/1.1" 0.000, [::1], "http://localhost:82/", "Mozilla/5.0 (Windows NT 10.0; Win64; x64) AppleWebKit/537.36 (KHTML, like Gecko) Chrome/87.0.4280.66 Safari/537.36"
2020-12-03 11:42:11.396 200 "GET http localhost:8200 /system/config/dict/dataList?pageNum=1&pageSize=10&dictType=flow_level HTTP/1.1" 0.004, [::1], "http://localhost:82/", "Mozilla/5.0 (Windows NT 10.0; Win64; x64) AppleWebKit/537.36 (KHTML, like Gecko) Chrome/87.0.4280.66 Safari/537.36"
2020-12-03 11:42:27.297 200 "POST http localhost:8200 /system/config/dict/dataAdd HTTP/1.1" 0.040, [::1], "http://localhost:82/", "Mozilla/5.0 (Windows NT 10.0; Win64; x64) AppleWebKit/537.36 (KHTML, like Gecko) Chrome/87.0.4280.66 Safari/537.36"
2020-12-03 11:42:27.321 200 "GET http localhost:8200 /system/config/dict/dataList?pageNum=1&pageSize=10&dictType=flow_level HTTP/1.1" 0.007, [::1], "http://localhost:82/", "Mozilla/5.0 (Windows NT 10.0; Win64; x64) AppleWebKit/537.36 (KHTML, like Gecko) Chrome/87.0.4280.66 Safari/537.36"
2020-12-03 11:45:41.710 200 "POST http localhost:8200 /system/config/dict/dataAdd HTTP/1.1" 0.044, [::1], "http://localhost:82/", "Mozilla/5.0 (Windows NT 10.0; Win64; x64) AppleWebKit/537.36 (KHTML, like Gecko) Chrome/87.0.4280.66 Safari/537.36"
2020-12-03 11:45:41.734 200 "GET http localhost:8200 /system/config/dict/dataList?pageNum=1&pageSize=10&dictType=flow_level HTTP/1.1" 0.007, [::1], "http://localhost:82/", "Mozilla/5.0 (Windows NT 10.0; Win64; x64) AppleWebKit/537.36 (KHTML, like Gecko) Chrome/87.0.4280.66 Safari/537.36"
2020-12-03 11:45:51.496 200 "POST http localhost:8200 /system/config/dict/dataAdd HTTP/1.1" 0.040, [::1], "http://localhost:82/", "Mozilla/5.0 (Windows NT 10.0; Win64; x64) AppleWebKit/537.36 (KHTML, like Gecko) Chrome/87.0.4280.66 Safari/537.36"
2020-12-03 11:45:51.521 200 "GET http localhost:8200 /system/config/dict/dataList?pageNum=1&pageSize=10&dictType=flow_level HTTP/1.1" 0.007, [::1], "http://localhost:82/", "Mozilla/5.0 (Windows NT 10.0; Win64; x64) AppleWebKit/537.36 (KHTML, like Gecko) Chrome/87.0.4280.66 Safari/537.36"
2020-12-03 11:46:01.743 200 "POST http localhost:8200 /system/config/dict/dataAdd HTTP/1.1" 0.038, [::1], "http://localhost:82/", "Mozilla/5.0 (Windows NT 10.0; Win64; x64) AppleWebKit/537.36 (KHTML, like Gecko) Chrome/87.0.4280.66 Safari/537.36"
2020-12-03 11:46:01.771 200 "GET http localhost:8200 /system/config/dict/dataList?pageNum=1&pageSize=10&dictType=flow_level HTTP/1.1" 0.007, [::1], "http://localhost:82/", "Mozilla/5.0 (Windows NT 10.0; Win64; x64) AppleWebKit/537.36 (KHTML, like Gecko) Chrome/87.0.4280.66 Safari/537.36"
2020-12-03 11:47:47.608 200 "OPTIONS http localhost:8200 /system/auth/menuList HTTP/1.1" 0.000, [::1], "http://localhost:82/", "Mozilla/5.0 (Windows NT 10.0; Win64; x64) AppleWebKit/537.36 (KHTML, like Gecko) Chrome/87.0.4280.66 Safari/537.36"
2020-12-03 11:47:47.625 200 "GET http localhost:8200 /system/auth/menuList HTTP/1.1" 0.014, [::1], "http://localhost:82/", "Mozilla/5.0 (Windows NT 10.0; Win64; x64) AppleWebKit/537.36 (KHTML, like Gecko) Chrome/87.0.4280.66 Safari/537.36"
2020-12-03 11:48:22.075 200 "OPTIONS http localhost:8200 /system/auth/addMenu HTTP/1.1" 0.000, [::1], "http://localhost:82/", "Mozilla/5.0 (Windows NT 10.0; Win64; x64) AppleWebKit/537.36 (KHTML, like Gecko) Chrome/87.0.4280.66 Safari/537.36"
2020-12-03 11:48:22.080 200 "GET http localhost:8200 /system/auth/addMenu HTTP/1.1" 0.004, [::1], "http://localhost:82/", "Mozilla/5.0 (Windows NT 10.0; Win64; x64) AppleWebKit/537.36 (KHTML, like Gecko) Chrome/87.0.4280.66 Safari/537.36"
2020-12-03 11:49:19.972 200 "POST http localhost:8200 /system/auth/addMenu HTTP/1.1" 0.022, [::1], "http://localhost:82/", "Mozilla/5.0 (Windows NT 10.0; Win64; x64) AppleWebKit/537.36 (KHTML, like Gecko) Chrome/87.0.4280.66 Safari/537.36"
2020-12-03 11:49:19.995 200 "GET http localhost:8200 /system/auth/menuList HTTP/1.1" 0.007, [::1], "http://localhost:82/", "Mozilla/5.0 (Windows NT 10.0; Win64; x64) AppleWebKit/537.36 (KHTML, like Gecko) Chrome/87.0.4280.66 Safari/537.36"
2020-12-03 11:49:24.767 200 "GET http localhost:8200 /system/auth/addMenu HTTP/1.1" 0.003, [::1], "http://localhost:82/", "Mozilla/5.0 (Windows NT 10.0; Win64; x64) AppleWebKit/537.36 (KHTML, like Gecko) Chrome/87.0.4280.66 Safari/537.36"
2020-12-03 11:50:58.417 200 "POST http localhost:8200 /system/auth/addMenu HTTP/1.1" 0.023, [::1], "http://localhost:82/", "Mozilla/5.0 (Windows NT 10.0; Win64; x64) AppleWebKit/537.36 (KHTML, like Gecko) Chrome/87.0.4280.66 Safari/537.36"
2020-12-03 11:50:58.443 200 "GET http localhost:8200 /system/auth/menuList HTTP/1.1" 0.007, [::1], "http://localhost:82/", "Mozilla/5.0 (Windows NT 10.0; Win64; x64) AppleWebKit/537.36 (KHTML, like Gecko) Chrome/87.0.4280.66 Safari/537.36"
2020-12-03 11:51:16.813 200 "OPTIONS http localhost:8200 /system/auth/editMenu?menuId=108 HTTP/1.1" 0.001, [::1], "http://localhost:82/", "Mozilla/5.0 (Windows NT 10.0; Win64; x64) AppleWebKit/537.36 (KHTML, like Gecko) Chrome/87.0.4280.66 Safari/537.36"
2020-12-03 11:51:16.820 200 "GET http localhost:8200 /system/auth/editMenu?menuId=108 HTTP/1.1" 0.006, [::1], "http://localhost:82/", "Mozilla/5.0 (Windows NT 10.0; Win64; x64) AppleWebKit/537.36 (KHTML, like Gecko) Chrome/87.0.4280.66 Safari/537.36"
2020-12-03 11:51:56.072 200 "OPTIONS http localhost:8200 /system/auth/editMenu HTTP/1.1" 0.000, [::1], "http://localhost:82/", "Mozilla/5.0 (Windows NT 10.0; Win64; x64) AppleWebKit/537.36 (KHTML, like Gecko) Chrome/87.0.4280.66 Safari/537.36"
2020-12-03 11:51:56.098 200 "POST http localhost:8200 /system/auth/editMenu HTTP/1.1" 0.024, [::1], "http://localhost:82/", "Mozilla/5.0 (Windows NT 10.0; Win64; x64) AppleWebKit/537.36 (KHTML, like Gecko) Chrome/87.0.4280.66 Safari/537.36"
2020-12-03 11:51:56.125 200 "GET http localhost:8200 /system/auth/menuList HTTP/1.1" 0.008, [::1], "http://localhost:82/", "Mozilla/5.0 (Windows NT 10.0; Win64; x64) AppleWebKit/537.36 (KHTML, like Gecko) Chrome/87.0.4280.66 Safari/537.36"
2020-12-03 11:52:14.031 200 "GET http localhost:8200 /system/auth/addMenu HTTP/1.1" 0.003, [::1], "http://localhost:82/", "Mozilla/5.0 (Windows NT 10.0; Win64; x64) AppleWebKit/537.36 (KHTML, like Gecko) Chrome/87.0.4280.66 Safari/537.36"
2020-12-03 11:52:24.853 200 "POST http localhost:8200 /system/auth/addMenu HTTP/1.1" 0.020, [::1], "http://localhost:82/", "Mozilla/5.0 (Windows NT 10.0; Win64; x64) AppleWebKit/537.36 (KHTML, like Gecko) Chrome/87.0.4280.66 Safari/537.36"
2020-12-03 11:52:24.875 200 "GET http localhost:8200 /system/auth/menuList HTTP/1.1" 0.007, [::1], "http://localhost:82/", "Mozilla/5.0 (Windows NT 10.0; Win64; x64) AppleWebKit/537.36 (KHTML, like Gecko) Chrome/87.0.4280.66 Safari/537.36"
2020-12-03 11:52:43.174 200 "GET http localhost:8200 /system/auth/addMenu HTTP/1.1" 0.004, [::1], "http://localhost:82/", "Mozilla/5.0 (Windows NT 10.0; Win64; x64) AppleWebKit/537.36 (KHTML, like Gecko) Chrome/87.0.4280.66 Safari/537.36"
2020-12-03 11:53:19.791 200 "POST http localhost:8200 /system/auth/addMenu HTTP/1.1" 0.022, [::1], "http://localhost:82/", "Mozilla/5.0 (Windows NT 10.0; Win64; x64) AppleWebKit/537.36 (KHTML, like Gecko) Chrome/87.0.4280.66 Safari/537.36"
2020-12-03 11:53:19.820 200 "GET http localhost:8200 /system/auth/menuList HTTP/1.1" 0.007, [::1], "http://localhost:82/", "Mozilla/5.0 (Windows NT 10.0; Win64; x64) AppleWebKit/537.36 (KHTML, like Gecko) Chrome/87.0.4280.66 Safari/537.36"
2020-12-03 11:53:55.642 200 "GET http localhost:8200 /system/auth/editMenu?menuId=108 HTTP/1.1" 0.007, [::1], "http://localhost:82/", "Mozilla/5.0 (Windows NT 10.0; Win64; x64) AppleWebKit/537.36 (KHTML, like Gecko) Chrome/87.0.4280.66 Safari/537.36"
2020-12-03 11:54:01.378 200 "GET http localhost:8200 /system/auth/addMenu HTTP/1.1" 0.003, [::1], "http://localhost:82/", "Mozilla/5.0 (Windows NT 10.0; Win64; x64) AppleWebKit/537.36 (KHTML, like Gecko) Chrome/87.0.4280.66 Safari/537.36"
2020-12-03 11:54:30.750 200 "POST http localhost:8200 /system/auth/addMenu HTTP/1.1" 0.022, [::1], "http://localhost:82/", "Mozilla/5.0 (Windows NT 10.0; Win64; x64) AppleWebKit/537.36 (KHTML, like Gecko) Chrome/87.0.4280.66 Safari/537.36"
2020-12-03 11:54:30.771 200 "GET http localhost:8200 /system/auth/menuList HTTP/1.1" 0.006, [::1], "http://localhost:82/", "Mozilla/5.0 (Windows NT 10.0; Win64; x64) AppleWebKit/537.36 (KHTML, like Gecko) Chrome/87.0.4280.66 Safari/537.36"
2020-12-03 11:54:35.313 200 "OPTIONS http localhost:8200 /system/auth/editMenu?menuId=111 HTTP/1.1" 0.000, [::1], "http://localhost:82/", "Mozilla/5.0 (Windows NT 10.0; Win64; x64) AppleWebKit/537.36 (KHTML, like Gecko) Chrome/87.0.4280.66 Safari/537.36"
2020-12-03 11:54:35.320 200 "GET http localhost:8200 /system/auth/editMenu?menuId=111 HTTP/1.1" 0.006, [::1], "http://localhost:82/", "Mozilla/5.0 (Windows NT 10.0; Win64; x64) AppleWebKit/537.36 (KHTML, like Gecko) Chrome/87.0.4280.66 Safari/537.36"
2020-12-03 11:54:40.392 200 "POST http localhost:8200 /system/auth/editMenu HTTP/1.1" 0.038, [::1], "http://localhost:82/", "Mozilla/5.0 (Windows NT 10.0; Win64; x64) AppleWebKit/537.36 (KHTML, like Gecko) Chrome/87.0.4280.66 Safari/537.36"
2020-12-03 11:54:40.420 200 "GET http localhost:8200 /system/auth/menuList HTTP/1.1" 0.008, [::1], "http://localhost:82/", "Mozilla/5.0 (Windows NT 10.0; Win64; x64) AppleWebKit/537.36 (KHTML, like Gecko) Chrome/87.0.4280.66 Safari/537.36"
