2021-05-14 10:13:32.411 200 "POST http localhost:8200 /captcha/get/img HTTP/1.1" 0.044, [::1], "http://localhost:81/", "Mozilla/5.0 (Windows NT 10.0; WOW64) AppleWebKit/537.36 (KHTML, like Gecko) Chrome/86.0.4240.198 Safari/537.36"
2021-05-14 10:13:52.285 200 "POST http localhost:8200 /captcha/get/img HTTP/1.1" 0.045, [::1], "http://localhost:81/", "Mozilla/5.0 (Windows NT 10.0; Win64; x64) AppleWebKit/537.36 (KHTML, like Gecko) Chrome/90.0.4430.212 Safari/537.36"
2021-05-14 10:13:56.510 200 "OPTIONS http localhost:8200 /sysLogin/login HTTP/1.1" 0.012, [::1], "http://localhost:81/", "Mozilla/5.0 (Windows NT 10.0; Win64; x64) AppleWebKit/537.36 (KHTML, like Gecko) Chrome/90.0.4430.212 Safari/537.36"
2021-05-14 10:14:00.611 200 "POST http localhost:8200 /sysLogin/login HTTP/1.1" 4.099, [::1], "http://localhost:81/", "Mozilla/5.0 (Windows NT 10.0; Win64; x64) AppleWebKit/537.36 (KHTML, like Gecko) Chrome/90.0.4430.212 Safari/537.36"
2021-05-14 10:14:00.690 200 "POST http localhost:8200 /captcha/get/img HTTP/1.1" 0.026, [::1], "http://localhost:81/", "Mozilla/5.0 (Windows NT 10.0; Win64; x64) AppleWebKit/537.36 (KHTML, like Gecko) Chrome/90.0.4430.212 Safari/537.36"
2021-05-14 10:14:52.021 200 "POST http localhost:8200 /captcha/get/img HTTP/1.1" 0.022, [::1], "http://localhost:81/", "Mozilla/5.0 (Windows NT 10.0; Win64; x64) AppleWebKit/537.36 (KHTML, like Gecko) Chrome/90.0.4430.212 Safari/537.36"
2021-05-14 10:14:56.915 200 "POST http localhost:8200 /sysLogin/login HTTP/1.1" 0.000, [::1], "http://localhost:81/", "Mozilla/5.0 (Windows NT 10.0; Win64; x64) AppleWebKit/537.36 (KHTML, like Gecko) Chrome/90.0.4430.212 Safari/537.36"
2021-05-14 10:14:56.957 200 "POST http localhost:8200 /captcha/get/img HTTP/1.1" 0.022, [::1], "http://localhost:81/", "Mozilla/5.0 (Windows NT 10.0; Win64; x64) AppleWebKit/537.36 (KHTML, like Gecko) Chrome/90.0.4430.212 Safari/537.36"
2021-05-14 10:15:01.319 200 "POST http localhost:8200 /sysLogin/login HTTP/1.1" 0.062, [::1], "http://localhost:81/", "Mozilla/5.0 (Windows NT 10.0; Win64; x64) AppleWebKit/537.36 (KHTML, like Gecko) Chrome/90.0.4430.212 Safari/537.36"
2021-05-14 10:15:01.334 200 "OPTIONS http localhost:8200 /system/index/getInfo HTTP/1.1" 0.000, [::1], "http://localhost:81/", "Mozilla/5.0 (Windows NT 10.0; Win64; x64) AppleWebKit/537.36 (KHTML, like Gecko) Chrome/90.0.4430.212 Safari/537.36"
2021-05-14 10:15:01.524 200 "GET http localhost:8200 /system/index/getInfo HTTP/1.1" 0.187, [::1], "http://localhost:81/", "Mozilla/5.0 (Windows NT 10.0; Win64; x64) AppleWebKit/537.36 (KHTML, like Gecko) Chrome/90.0.4430.212 Safari/537.36"
2021-05-14 10:15:01.530 200 "OPTIONS http localhost:8200 /system/index/getRouters HTTP/1.1" 0.000, [::1], "http://localhost:81/", "Mozilla/5.0 (Windows NT 10.0; Win64; x64) AppleWebKit/537.36 (KHTML, like Gecko) Chrome/90.0.4430.212 Safari/537.36"
2021-05-14 10:15:01.541 200 "GET http localhost:8200 /system/index/getRouters HTTP/1.1" 0.009, [::1], "http://localhost:81/", "Mozilla/5.0 (Windows NT 10.0; Win64; x64) AppleWebKit/537.36 (KHTML, like Gecko) Chrome/90.0.4430.212 Safari/537.36"
2021-05-14 10:15:02.451 200 "GET http localhost:8200 /pub_upload/2020-09-03/c5disauti1wogasemy.jpeg HTTP/1.1" 0.255, [::1], "http://localhost:81/", "Mozilla/5.0 (Windows NT 10.0; Win64; x64) AppleWebKit/537.36 (KHTML, like Gecko) Chrome/90.0.4430.212 Safari/537.36"
2021-05-14 10:15:06.524 200 "OPTIONS http localhost:8200 /system/wf/news/list?pageNum=1&pageSize=10 HTTP/1.1" 0.000, [::1], "http://localhost:81/", "Mozilla/5.0 (Windows NT 10.0; Win64; x64) AppleWebKit/537.36 (KHTML, like Gecko) Chrome/90.0.4430.212 Safari/537.36"
2021-05-14 10:15:06.525 200 "OPTIONS http localhost:8200 /system/config/dict/getDicts?dictType=flow_status HTTP/1.1" 0.000, [::1], "http://localhost:81/", "Mozilla/5.0 (Windows NT 10.0; Win64; x64) AppleWebKit/537.36 (KHTML, like Gecko) Chrome/90.0.4430.212 Safari/537.36"
2021-05-14 10:15:06.527 200 "OPTIONS http localhost:8200 /system/config/dict/getDicts?dictType=flow_level HTTP/1.1" 0.001, [::1], "http://localhost:81/", "Mozilla/5.0 (Windows NT 10.0; Win64; x64) AppleWebKit/537.36 (KHTML, like Gecko) Chrome/90.0.4430.212 Safari/537.36"
2021-05-14 10:15:06.678 200 "GET http localhost:8200 /system/config/dict/getDicts?dictType=flow_status HTTP/1.1" 0.151, [::1], "http://localhost:81/", "Mozilla/5.0 (Windows NT 10.0; Win64; x64) AppleWebKit/537.36 (KHTML, like Gecko) Chrome/90.0.4430.212 Safari/537.36"
2021-05-14 10:15:06.679 200 "GET http localhost:8200 /system/config/dict/getDicts?dictType=flow_level HTTP/1.1" 0.150, [::1], "http://localhost:81/", "Mozilla/5.0 (Windows NT 10.0; Win64; x64) AppleWebKit/537.36 (KHTML, like Gecko) Chrome/90.0.4430.212 Safari/537.36"
2021-05-14 10:15:06.831 200 "GET http localhost:8200 /system/wf/news/list?pageNum=1&pageSize=10 HTTP/1.1" 0.304, [::1], "http://localhost:81/", "Mozilla/5.0 (Windows NT 10.0; Win64; x64) AppleWebKit/537.36 (KHTML, like Gecko) Chrome/90.0.4430.212 Safari/537.36"
2021-05-14 10:15:07.874 200 "OPTIONS http localhost:8200 /system/wf/flow/list?pageNum=1&pageSize=10 HTTP/1.1" 0.000, [::1], "http://localhost:81/", "Mozilla/5.0 (Windows NT 10.0; Win64; x64) AppleWebKit/537.36 (KHTML, like Gecko) Chrome/90.0.4430.212 Safari/537.36"
2021-05-14 10:15:07.875 200 "OPTIONS http localhost:8200 /system/config/dict/getDicts?dictType=flow_type HTTP/1.1" 0.001, [::1], "http://localhost:81/", "Mozilla/5.0 (Windows NT 10.0; Win64; x64) AppleWebKit/537.36 (KHTML, like Gecko) Chrome/90.0.4430.212 Safari/537.36"
2021-05-14 10:15:07.876 200 "OPTIONS http localhost:8200 /system/config/dict/getDicts?dictType=sys_normal_disable HTTP/1.1" 0.001, [::1], "http://localhost:81/", "Mozilla/5.0 (Windows NT 10.0; Win64; x64) AppleWebKit/537.36 (KHTML, like Gecko) Chrome/90.0.4430.212 Safari/537.36"
2021-05-14 10:15:07.891 200 "GET http localhost:8200 /system/config/dict/getDicts?dictType=sys_normal_disable HTTP/1.1" 0.012, [::1], "http://localhost:81/", "Mozilla/5.0 (Windows NT 10.0; Win64; x64) AppleWebKit/537.36 (KHTML, like Gecko) Chrome/90.0.4430.212 Safari/537.36"
2021-05-14 10:15:07.898 200 "GET http localhost:8200 /system/wf/flow/list?pageNum=1&pageSize=10 HTTP/1.1" 0.019, [::1], "http://localhost:81/", "Mozilla/5.0 (Windows NT 10.0; Win64; x64) AppleWebKit/537.36 (KHTML, like Gecko) Chrome/90.0.4430.212 Safari/537.36"
2021-05-14 10:15:07.901 200 "GET http localhost:8200 /system/config/dict/getDicts?dictType=flow_type HTTP/1.1" 0.022, [::1], "http://localhost:81/", "Mozilla/5.0 (Windows NT 10.0; Win64; x64) AppleWebKit/537.36 (KHTML, like Gecko) Chrome/90.0.4430.212 Safari/537.36"
2021-05-14 10:15:09.946 200 "OPTIONS http localhost:8200 /system/wf/flow/designFlow?id=3 HTTP/1.1" 0.001, [::1], "http://localhost:81/", "Mozilla/5.0 (Windows NT 10.0; Win64; x64) AppleWebKit/537.36 (KHTML, like Gecko) Chrome/90.0.4430.212 Safari/537.36"
2021-05-14 10:15:09.973 200 "GET http localhost:8200 /system/wf/flow/designFlow?id=3 HTTP/1.1" 0.025, [::1], "http://localhost:81/", "Mozilla/5.0 (Windows NT 10.0; Win64; x64) AppleWebKit/537.36 (KHTML, like Gecko) Chrome/90.0.4430.212 Safari/537.36"
2021-05-14 10:15:29.470 200 "GET http localhost:8200 /system/config/dict/getDicts?dictType=sys_normal_disable HTTP/1.1" 0.004, [::1], "http://localhost:81/", "Mozilla/5.0 (Windows NT 10.0; Win64; x64) AppleWebKit/537.36 (KHTML, like Gecko) Chrome/90.0.4430.212 Safari/537.36"
2021-05-14 10:15:29.470 200 "GET http localhost:8200 /system/config/dict/getDicts?dictType=flow_type HTTP/1.1" 0.005, [::1], "http://localhost:81/", "Mozilla/5.0 (Windows NT 10.0; Win64; x64) AppleWebKit/537.36 (KHTML, like Gecko) Chrome/90.0.4430.212 Safari/537.36"
2021-05-14 10:15:29.477 200 "GET http localhost:8200 /system/wf/flow/list?pageNum=1&pageSize=10 HTTP/1.1" 0.012, [::1], "http://localhost:81/", "Mozilla/5.0 (Windows NT 10.0; Win64; x64) AppleWebKit/537.36 (KHTML, like Gecko) Chrome/90.0.4430.212 Safari/537.36"
2021-05-14 10:15:31.493 200 "GET http localhost:8200 /system/wf/flow/designFlow?id=3 HTTP/1.1" 0.019, [::1], "http://localhost:81/", "Mozilla/5.0 (Windows NT 10.0; Win64; x64) AppleWebKit/537.36 (KHTML, like Gecko) Chrome/90.0.4430.212 Safari/537.36"
2021-05-14 10:15:34.221 200 "GET http localhost:8200 /system/config/dict/getDicts?dictType=flow_status HTTP/1.1" 0.003, [::1], "http://localhost:81/", "Mozilla/5.0 (Windows NT 10.0; Win64; x64) AppleWebKit/537.36 (KHTML, like Gecko) Chrome/90.0.4430.212 Safari/537.36"
2021-05-14 10:15:34.222 200 "GET http localhost:8200 /system/config/dict/getDicts?dictType=flow_level HTTP/1.1" 0.003, [::1], "http://localhost:81/", "Mozilla/5.0 (Windows NT 10.0; Win64; x64) AppleWebKit/537.36 (KHTML, like Gecko) Chrome/90.0.4430.212 Safari/537.36"
2021-05-14 10:15:34.274 200 "GET http localhost:8200 /system/wf/news/list?pageNum=1&pageSize=10 HTTP/1.1" 0.056, [::1], "http://localhost:81/", "Mozilla/5.0 (Windows NT 10.0; Win64; x64) AppleWebKit/537.36 (KHTML, like Gecko) Chrome/90.0.4430.212 Safari/537.36"
2021-05-14 10:15:34.377 200 "GET http localhost:8200 /system/config/dict/getDicts?dictType=flow_type HTTP/1.1" 0.003, [::1], "http://localhost:81/", "Mozilla/5.0 (Windows NT 10.0; Win64; x64) AppleWebKit/537.36 (KHTML, like Gecko) Chrome/90.0.4430.212 Safari/537.36"
2021-05-14 10:15:34.377 200 "GET http localhost:8200 /system/config/dict/getDicts?dictType=sys_normal_disable HTTP/1.1" 0.003, [::1], "http://localhost:81/", "Mozilla/5.0 (Windows NT 10.0; Win64; x64) AppleWebKit/537.36 (KHTML, like Gecko) Chrome/90.0.4430.212 Safari/537.36"
2021-05-14 10:15:34.384 200 "GET http localhost:8200 /system/wf/flow/list?pageNum=1&pageSize=10 HTTP/1.1" 0.010, [::1], "http://localhost:81/", "Mozilla/5.0 (Windows NT 10.0; Win64; x64) AppleWebKit/537.36 (KHTML, like Gecko) Chrome/90.0.4430.212 Safari/537.36"
2021-05-14 10:15:36.382 200 "OPTIONS http localhost:8200 /system/wf/flow/designFlow?id=5 HTTP/1.1" 0.001, [::1], "http://localhost:81/", "Mozilla/5.0 (Windows NT 10.0; Win64; x64) AppleWebKit/537.36 (KHTML, like Gecko) Chrome/90.0.4430.212 Safari/537.36"
2021-05-14 10:15:36.408 200 "GET http localhost:8200 /system/wf/flow/designFlow?id=5 HTTP/1.1" 0.024, [::1], "http://localhost:81/", "Mozilla/5.0 (Windows NT 10.0; Win64; x64) AppleWebKit/537.36 (KHTML, like Gecko) Chrome/90.0.4430.212 Safari/537.36"
2021-05-14 10:21:51.691 200 "OPTIONS http localhost:8200 /system/index/getInfo HTTP/1.1" 0.000, [::1], "http://localhost:81/", "Mozilla/5.0 (Windows NT 10.0; Win64; x64) AppleWebKit/537.36 (KHTML, like Gecko) Chrome/90.0.4430.212 Safari/537.36"
2021-05-14 10:21:51.701 200 "GET http localhost:8200 /system/index/getInfo HTTP/1.1" 0.006, [::1], "http://localhost:81/", "Mozilla/5.0 (Windows NT 10.0; Win64; x64) AppleWebKit/537.36 (KHTML, like Gecko) Chrome/90.0.4430.212 Safari/537.36"
2021-05-14 10:21:51.738 200 "OPTIONS http localhost:8200 /system/index/getRouters HTTP/1.1" 0.001, [::1], "http://localhost:81/", "Mozilla/5.0 (Windows NT 10.0; Win64; x64) AppleWebKit/537.36 (KHTML, like Gecko) Chrome/90.0.4430.212 Safari/537.36"
2021-05-14 10:21:51.759 200 "GET http localhost:8200 /system/index/getRouters HTTP/1.1" 0.015, [::1], "http://localhost:81/", "Mozilla/5.0 (Windows NT 10.0; Win64; x64) AppleWebKit/537.36 (KHTML, like Gecko) Chrome/90.0.4430.212 Safari/537.36"
2021-05-14 10:21:52.255 200 "GET http localhost:8200 /pub_upload/2020-09-03/c5disauti1wogasemy.jpeg HTTP/1.1" 0.002, [::1], "http://localhost:81/", "Mozilla/5.0 (Windows NT 10.0; Win64; x64) AppleWebKit/537.36 (KHTML, like Gecko) Chrome/90.0.4430.212 Safari/537.36"
2021-05-14 10:22:02.927 200 "OPTIONS http localhost:8200 /system/wf/flow/list?pageNum=1&pageSize=10 HTTP/1.1" 0.001, [::1], "http://localhost:81/", "Mozilla/5.0 (Windows NT 10.0; Win64; x64) AppleWebKit/537.36 (KHTML, like Gecko) Chrome/90.0.4430.212 Safari/537.36"
2021-05-14 10:22:02.929 200 "OPTIONS http localhost:8200 /system/config/dict/getDicts?dictType=flow_type HTTP/1.1" 0.000, [::1], "http://localhost:81/", "Mozilla/5.0 (Windows NT 10.0; Win64; x64) AppleWebKit/537.36 (KHTML, like Gecko) Chrome/90.0.4430.212 Safari/537.36"
2021-05-14 10:22:02.930 200 "OPTIONS http localhost:8200 /system/config/dict/getDicts?dictType=sys_normal_disable HTTP/1.1" 0.001, [::1], "http://localhost:81/", "Mozilla/5.0 (Windows NT 10.0; Win64; x64) AppleWebKit/537.36 (KHTML, like Gecko) Chrome/90.0.4430.212 Safari/537.36"
2021-05-14 10:22:02.938 200 "GET http localhost:8200 /system/config/dict/getDicts?dictType=flow_type HTTP/1.1" 0.005, [::1], "http://localhost:81/", "Mozilla/5.0 (Windows NT 10.0; Win64; x64) AppleWebKit/537.36 (KHTML, like Gecko) Chrome/90.0.4430.212 Safari/537.36"
2021-05-14 10:22:02.939 200 "GET http localhost:8200 /system/config/dict/getDicts?dictType=sys_normal_disable HTTP/1.1" 0.006, [::1], "http://localhost:81/", "Mozilla/5.0 (Windows NT 10.0; Win64; x64) AppleWebKit/537.36 (KHTML, like Gecko) Chrome/90.0.4430.212 Safari/537.36"
2021-05-14 10:22:02.944 200 "GET http localhost:8200 /system/wf/flow/list?pageNum=1&pageSize=10 HTTP/1.1" 0.012, [::1], "http://localhost:81/", "Mozilla/5.0 (Windows NT 10.0; Win64; x64) AppleWebKit/537.36 (KHTML, like Gecko) Chrome/90.0.4430.212 Safari/537.36"
2021-05-14 10:22:06.217 200 "OPTIONS http localhost:8200 /system/wf/flow/designFlow?id=3 HTTP/1.1" 0.001, [::1], "http://localhost:81/", "Mozilla/5.0 (Windows NT 10.0; Win64; x64) AppleWebKit/537.36 (KHTML, like Gecko) Chrome/90.0.4430.212 Safari/537.36"
2021-05-14 10:22:06.239 200 "GET http localhost:8200 /system/wf/flow/designFlow?id=3 HTTP/1.1" 0.020, [::1], "http://localhost:81/", "Mozilla/5.0 (Windows NT 10.0; Win64; x64) AppleWebKit/537.36 (KHTML, like Gecko) Chrome/90.0.4430.212 Safari/537.36"
2021-05-14 10:26:00.962 200 "GET http localhost:8200 /system/wf/flow/designFlow?id=3 HTTP/1.1" 0.020, [::1], "http://localhost:81/", "Mozilla/5.0 (Windows NT 10.0; Win64; x64) AppleWebKit/537.36 (KHTML, like Gecko) Chrome/90.0.4430.212 Safari/537.36"
2021-05-14 10:26:03.687 200 "OPTIONS http localhost:8200 /system/index/getInfo HTTP/1.1" 0.001, [::1], "http://localhost:81/", "Mozilla/5.0 (Windows NT 10.0; Win64; x64) AppleWebKit/537.36 (KHTML, like Gecko) Chrome/90.0.4430.212 Safari/537.36"
2021-05-14 10:26:03.695 200 "GET http localhost:8200 /system/index/getInfo HTTP/1.1" 0.007, [::1], "http://localhost:81/", "Mozilla/5.0 (Windows NT 10.0; Win64; x64) AppleWebKit/537.36 (KHTML, like Gecko) Chrome/90.0.4430.212 Safari/537.36"
2021-05-14 10:26:03.713 200 "GET http localhost:8200 /system/index/getRouters HTTP/1.1" 0.010, [::1], "http://localhost:81/", "Mozilla/5.0 (Windows NT 10.0; Win64; x64) AppleWebKit/537.36 (KHTML, like Gecko) Chrome/90.0.4430.212 Safari/537.36"
2021-05-14 10:26:03.958 200 "GET http localhost:8200 /system/wf/flow/designFlow?id=3 HTTP/1.1" 0.039, [::1], "http://localhost:81/", "Mozilla/5.0 (Windows NT 10.0; Win64; x64) AppleWebKit/537.36 (KHTML, like Gecko) Chrome/90.0.4430.212 Safari/537.36"
2021-05-14 10:26:50.142 200 "GET http localhost:8200 /system/index/getInfo HTTP/1.1" 0.012, [::1], "http://localhost:81/", "Mozilla/5.0 (Windows NT 10.0; Win64; x64) AppleWebKit/537.36 (KHTML, like Gecko) Chrome/90.0.4430.212 Safari/537.36"
2021-05-14 10:26:50.159 200 "GET http localhost:8200 /system/index/getRouters HTTP/1.1" 0.009, [::1], "http://localhost:81/", "Mozilla/5.0 (Windows NT 10.0; Win64; x64) AppleWebKit/537.36 (KHTML, like Gecko) Chrome/90.0.4430.212 Safari/537.36"
2021-05-14 10:26:50.407 200 "GET http localhost:8200 /system/wf/flow/designFlow?id=3 HTTP/1.1" 0.040, [::1], "http://localhost:81/", "Mozilla/5.0 (Windows NT 10.0; Win64; x64) AppleWebKit/537.36 (KHTML, like Gecko) Chrome/90.0.4430.212 Safari/537.36"
2021-05-14 10:28:25.028 200 "GET http localhost:8200 /system/wf/flow/designFlow?id=3 HTTP/1.1" 0.021, [::1], "http://localhost:81/", "Mozilla/5.0 (Windows NT 10.0; Win64; x64) AppleWebKit/537.36 (KHTML, like Gecko) Chrome/90.0.4430.212 Safari/537.36"
2021-05-14 10:32:09.824 200 "GET http localhost:8200 /system/index/getInfo HTTP/1.1" 0.013, [::1], "http://localhost:81/", "Mozilla/5.0 (Windows NT 10.0; Win64; x64) AppleWebKit/537.36 (KHTML, like Gecko) Chrome/90.0.4430.212 Safari/537.36"
2021-05-14 10:32:09.841 200 "GET http localhost:8200 /system/index/getRouters HTTP/1.1" 0.009, [::1], "http://localhost:81/", "Mozilla/5.0 (Windows NT 10.0; Win64; x64) AppleWebKit/537.36 (KHTML, like Gecko) Chrome/90.0.4430.212 Safari/537.36"
2021-05-14 10:32:58.283 200 "GET http localhost:8200 /system/index/getInfo HTTP/1.1" 0.008, [::1], "http://localhost:81/", "Mozilla/5.0 (Windows NT 10.0; Win64; x64) AppleWebKit/537.36 (KHTML, like Gecko) Chrome/90.0.4430.212 Safari/537.36"
2021-05-14 10:32:58.300 200 "GET http localhost:8200 /system/index/getRouters HTTP/1.1" 0.008, [::1], "http://localhost:81/", "Mozilla/5.0 (Windows NT 10.0; Win64; x64) AppleWebKit/537.36 (KHTML, like Gecko) Chrome/90.0.4430.212 Safari/537.36"
2021-05-14 10:33:08.603 200 "GET http localhost:8200 /system/config/dict/getDicts?dictType=flow_type HTTP/1.1" 0.003, [::1], "http://localhost:81/", "Mozilla/5.0 (Windows NT 10.0; Win64; x64) AppleWebKit/537.36 (KHTML, like Gecko) Chrome/90.0.4430.212 Safari/537.36"
2021-05-14 10:33:08.607 200 "GET http localhost:8200 /system/config/dict/getDicts?dictType=sys_normal_disable HTTP/1.1" 0.007, [::1], "http://localhost:81/", "Mozilla/5.0 (Windows NT 10.0; Win64; x64) AppleWebKit/537.36 (KHTML, like Gecko) Chrome/90.0.4430.212 Safari/537.36"
2021-05-14 10:33:08.611 200 "GET http localhost:8200 /system/wf/flow/list?pageNum=1&pageSize=10 HTTP/1.1" 0.012, [::1], "http://localhost:81/", "Mozilla/5.0 (Windows NT 10.0; Win64; x64) AppleWebKit/537.36 (KHTML, like Gecko) Chrome/90.0.4430.212 Safari/537.36"
2021-05-14 10:33:10.360 200 "GET http localhost:8200 /system/wf/flow/designFlow?id=3 HTTP/1.1" 0.027, [::1], "http://localhost:81/", "Mozilla/5.0 (Windows NT 10.0; Win64; x64) AppleWebKit/537.36 (KHTML, like Gecko) Chrome/90.0.4430.212 Safari/537.36"
2021-05-14 10:35:12.908 200 "GET http localhost:8200 /system/index/getInfo HTTP/1.1" 0.013, [::1], "http://localhost:81/", "Mozilla/5.0 (Windows NT 10.0; Win64; x64) AppleWebKit/537.36 (KHTML, like Gecko) Chrome/90.0.4430.212 Safari/537.36"
2021-05-14 10:35:12.922 200 "GET http localhost:8200 /system/index/getRouters HTTP/1.1" 0.008, [::1], "http://localhost:81/", "Mozilla/5.0 (Windows NT 10.0; Win64; x64) AppleWebKit/537.36 (KHTML, like Gecko) Chrome/90.0.4430.212 Safari/537.36"
2021-05-14 10:37:25.920 200 "GET http localhost:8200 /system/index/getInfo HTTP/1.1" 0.011, [::1], "http://localhost:81/", "Mozilla/5.0 (Windows NT 10.0; Win64; x64) AppleWebKit/537.36 (KHTML, like Gecko) Chrome/90.0.4430.212 Safari/537.36"
2021-05-14 10:37:25.938 200 "GET http localhost:8200 /system/index/getRouters HTTP/1.1" 0.009, [::1], "http://localhost:81/", "Mozilla/5.0 (Windows NT 10.0; Win64; x64) AppleWebKit/537.36 (KHTML, like Gecko) Chrome/90.0.4430.212 Safari/537.36"
2021-05-14 10:38:24.671 200 "GET http localhost:8200 /system/config/dict/getDicts?dictType=flow_type HTTP/1.1" 0.005, [::1], "http://localhost:81/", "Mozilla/5.0 (Windows NT 10.0; Win64; x64) AppleWebKit/537.36 (KHTML, like Gecko) Chrome/90.0.4430.212 Safari/537.36"
2021-05-14 10:38:24.676 200 "GET http localhost:8200 /system/config/dict/getDicts?dictType=sys_normal_disable HTTP/1.1" 0.007, [::1], "http://localhost:81/", "Mozilla/5.0 (Windows NT 10.0; Win64; x64) AppleWebKit/537.36 (KHTML, like Gecko) Chrome/90.0.4430.212 Safari/537.36"
2021-05-14 10:38:24.681 200 "GET http localhost:8200 /system/wf/flow/list?pageNum=1&pageSize=10 HTTP/1.1" 0.017, [::1], "http://localhost:81/", "Mozilla/5.0 (Windows NT 10.0; Win64; x64) AppleWebKit/537.36 (KHTML, like Gecko) Chrome/90.0.4430.212 Safari/537.36"
2021-05-14 10:38:26.787 200 "GET http localhost:8200 /system/wf/flow/designFlow?id=3 HTTP/1.1" 0.018, [::1], "http://localhost:81/", "Mozilla/5.0 (Windows NT 10.0; Win64; x64) AppleWebKit/537.36 (KHTML, like Gecko) Chrome/90.0.4430.212 Safari/537.36"
2021-05-14 10:39:16.054 200 "OPTIONS http localhost:8200 /system/index/getInfo HTTP/1.1" 0.000, [::1], "http://localhost:81/", "Mozilla/5.0 (Windows NT 10.0; Win64; x64) AppleWebKit/537.36 (KHTML, like Gecko) Chrome/90.0.4430.212 Safari/537.36"
2021-05-14 10:39:16.065 200 "GET http localhost:8200 /system/index/getInfo HTTP/1.1" 0.008, [::1], "http://localhost:81/", "Mozilla/5.0 (Windows NT 10.0; Win64; x64) AppleWebKit/537.36 (KHTML, like Gecko) Chrome/90.0.4430.212 Safari/537.36"
2021-05-14 10:39:16.084 200 "GET http localhost:8200 /system/index/getRouters HTTP/1.1" 0.008, [::1], "http://localhost:81/", "Mozilla/5.0 (Windows NT 10.0; Win64; x64) AppleWebKit/537.36 (KHTML, like Gecko) Chrome/90.0.4430.212 Safari/537.36"
2021-05-14 10:39:16.376 200 "GET http localhost:8200 /system/wf/flow/designFlow?id=3 HTTP/1.1" 0.024, [::1], "http://localhost:81/", "Mozilla/5.0 (Windows NT 10.0; Win64; x64) AppleWebKit/537.36 (KHTML, like Gecko) Chrome/90.0.4430.212 Safari/537.36"
2021-05-14 10:42:48.273 200 "OPTIONS http localhost:8200 /system/index/getInfo HTTP/1.1" 0.001, [::1], "http://localhost:81/", "Mozilla/5.0 (Windows NT 10.0; Win64; x64) AppleWebKit/537.36 (KHTML, like Gecko) Chrome/90.0.4430.212 Safari/537.36"
2021-05-14 10:42:48.284 200 "GET http localhost:8200 /system/index/getInfo HTTP/1.1" 0.009, [::1], "http://localhost:81/", "Mozilla/5.0 (Windows NT 10.0; Win64; x64) AppleWebKit/537.36 (KHTML, like Gecko) Chrome/90.0.4430.212 Safari/537.36"
2021-05-14 10:42:48.312 200 "OPTIONS http localhost:8200 /system/index/getRouters HTTP/1.1" 0.000, [::1], "http://localhost:81/", "Mozilla/5.0 (Windows NT 10.0; Win64; x64) AppleWebKit/537.36 (KHTML, like Gecko) Chrome/90.0.4430.212 Safari/537.36"
2021-05-14 10:42:48.347 200 "GET http localhost:8200 /system/index/getRouters HTTP/1.1" 0.028, [::1], "http://localhost:81/", "Mozilla/5.0 (Windows NT 10.0; Win64; x64) AppleWebKit/537.36 (KHTML, like Gecko) Chrome/90.0.4430.212 Safari/537.36"
2021-05-14 10:42:48.630 200 "OPTIONS http localhost:8200 /system/wf/flow/designFlow?id=3 HTTP/1.1" 0.000, [::1], "http://localhost:81/", "Mozilla/5.0 (Windows NT 10.0; Win64; x64) AppleWebKit/537.36 (KHTML, like Gecko) Chrome/90.0.4430.212 Safari/537.36"
2021-05-14 10:42:48.632 200 "GET http localhost:8200 /pub_upload/2020-09-03/c5disauti1wogasemy.jpeg HTTP/1.1" 0.002, [::1], "http://localhost:81/", "Mozilla/5.0 (Windows NT 10.0; Win64; x64) AppleWebKit/537.36 (KHTML, like Gecko) Chrome/90.0.4430.212 Safari/537.36"
2021-05-14 10:42:48.678 200 "GET http localhost:8200 /system/wf/flow/designFlow?id=3 HTTP/1.1" 0.043, [::1], "http://localhost:81/", "Mozilla/5.0 (Windows NT 10.0; Win64; x64) AppleWebKit/537.36 (KHTML, like Gecko) Chrome/90.0.4430.212 Safari/537.36"
2021-05-14 10:43:01.423 200 "OPTIONS http localhost:8200 /system/index/getInfo HTTP/1.1" 0.000, [::1], "http://localhost:81/", "Mozilla/5.0 (Windows NT 10.0; Win64; x64) AppleWebKit/537.36 (KHTML, like Gecko) Chrome/90.0.4430.212 Safari/537.36"
2021-05-14 10:43:01.433 200 "GET http localhost:8200 /system/index/getInfo HTTP/1.1" 0.009, [::1], "http://localhost:81/", "Mozilla/5.0 (Windows NT 10.0; Win64; x64) AppleWebKit/537.36 (KHTML, like Gecko) Chrome/90.0.4430.212 Safari/537.36"
2021-05-14 10:43:01.462 200 "OPTIONS http localhost:8200 /system/index/getRouters HTTP/1.1" 0.002, [::1], "http://localhost:81/", "Mozilla/5.0 (Windows NT 10.0; Win64; x64) AppleWebKit/537.36 (KHTML, like Gecko) Chrome/90.0.4430.212 Safari/537.36"
2021-05-14 10:43:01.489 200 "GET http localhost:8200 /system/index/getRouters HTTP/1.1" 0.021, [::1], "http://localhost:81/", "Mozilla/5.0 (Windows NT 10.0; Win64; x64) AppleWebKit/537.36 (KHTML, like Gecko) Chrome/90.0.4430.212 Safari/537.36"
2021-05-14 10:43:01.760 200 "OPTIONS http localhost:8200 /system/wf/flow/designFlow?id=3 HTTP/1.1" 0.001, [::1], "http://localhost:81/", "Mozilla/5.0 (Windows NT 10.0; Win64; x64) AppleWebKit/537.36 (KHTML, like Gecko) Chrome/90.0.4430.212 Safari/537.36"
2021-05-14 10:43:01.760 200 "GET http localhost:8200 /pub_upload/2020-09-03/c5disauti1wogasemy.jpeg HTTP/1.1" 0.002, [::1], "http://localhost:81/", "Mozilla/5.0 (Windows NT 10.0; Win64; x64) AppleWebKit/537.36 (KHTML, like Gecko) Chrome/90.0.4430.212 Safari/537.36"
2021-05-14 10:43:01.804 200 "GET http localhost:8200 /system/wf/flow/designFlow?id=3 HTTP/1.1" 0.037, [::1], "http://localhost:81/", "Mozilla/5.0 (Windows NT 10.0; Win64; x64) AppleWebKit/537.36 (KHTML, like Gecko) Chrome/90.0.4430.212 Safari/537.36"
2021-05-14 10:43:03.417 200 "OPTIONS http localhost:8200 /system/index/getInfo HTTP/1.1" 0.000, [::1], "http://localhost:81/", "Mozilla/5.0 (Windows NT 10.0; Win64; x64) AppleWebKit/537.36 (KHTML, like Gecko) Chrome/90.0.4430.212 Safari/537.36"
2021-05-14 10:43:03.439 200 "GET http localhost:8200 /system/index/getInfo HTTP/1.1" 0.009, [::1], "http://localhost:81/", "Mozilla/5.0 (Windows NT 10.0; Win64; x64) AppleWebKit/537.36 (KHTML, like Gecko) Chrome/90.0.4430.212 Safari/537.36"
2021-05-14 10:43:03.454 200 "OPTIONS http localhost:8200 /system/index/getRouters HTTP/1.1" 0.000, [::1], "http://localhost:81/", "Mozilla/5.0 (Windows NT 10.0; Win64; x64) AppleWebKit/537.36 (KHTML, like Gecko) Chrome/90.0.4430.212 Safari/537.36"
2021-05-14 10:43:03.490 200 "GET http localhost:8200 /system/index/getRouters HTTP/1.1" 0.029, [::1], "http://localhost:81/", "Mozilla/5.0 (Windows NT 10.0; Win64; x64) AppleWebKit/537.36 (KHTML, like Gecko) Chrome/90.0.4430.212 Safari/537.36"
2021-05-14 10:43:03.774 200 "GET http localhost:8200 /pub_upload/2020-09-03/c5disauti1wogasemy.jpeg HTTP/1.1" 0.002, [::1], "http://localhost:81/", "Mozilla/5.0 (Windows NT 10.0; Win64; x64) AppleWebKit/537.36 (KHTML, like Gecko) Chrome/90.0.4430.212 Safari/537.36"
2021-05-14 10:43:03.773 200 "OPTIONS http localhost:8200 /system/wf/flow/designFlow?id=3 HTTP/1.1" 0.001, [::1], "http://localhost:81/", "Mozilla/5.0 (Windows NT 10.0; Win64; x64) AppleWebKit/537.36 (KHTML, like Gecko) Chrome/90.0.4430.212 Safari/537.36"
2021-05-14 10:43:03.817 200 "GET http localhost:8200 /system/wf/flow/designFlow?id=3 HTTP/1.1" 0.038, [::1], "http://localhost:81/", "Mozilla/5.0 (Windows NT 10.0; Win64; x64) AppleWebKit/537.36 (KHTML, like Gecko) Chrome/90.0.4430.212 Safari/537.36"
2021-05-14 10:43:32.099 200 "OPTIONS http localhost:8200 /system/index/getInfo HTTP/1.1" 0.001, [::1], "http://localhost:81/", "Mozilla/5.0 (Windows NT 10.0; Win64; x64) AppleWebKit/537.36 (KHTML, like Gecko) Chrome/90.0.4430.212 Safari/537.36"
2021-05-14 10:43:32.106 200 "GET http localhost:8200 /system/index/getInfo HTTP/1.1" 0.006, [::1], "http://localhost:81/", "Mozilla/5.0 (Windows NT 10.0; Win64; x64) AppleWebKit/537.36 (KHTML, like Gecko) Chrome/90.0.4430.212 Safari/537.36"
2021-05-14 10:43:32.150 200 "OPTIONS http localhost:8200 /system/index/getRouters HTTP/1.1" 0.001, [::1], "http://localhost:81/", "Mozilla/5.0 (Windows NT 10.0; Win64; x64) AppleWebKit/537.36 (KHTML, like Gecko) Chrome/90.0.4430.212 Safari/537.36"
2021-05-14 10:43:32.172 200 "GET http localhost:8200 /system/index/getRouters HTTP/1.1" 0.020, [::1], "http://localhost:81/", "Mozilla/5.0 (Windows NT 10.0; Win64; x64) AppleWebKit/537.36 (KHTML, like Gecko) Chrome/90.0.4430.212 Safari/537.36"
2021-05-14 10:43:32.447 200 "OPTIONS http localhost:8200 /system/wf/flow/designFlow?id=3 HTTP/1.1" 0.001, [::1], "http://localhost:81/", "Mozilla/5.0 (Windows NT 10.0; Win64; x64) AppleWebKit/537.36 (KHTML, like Gecko) Chrome/90.0.4430.212 Safari/537.36"
2021-05-14 10:43:32.449 200 "GET http localhost:8200 /pub_upload/2020-09-03/c5disauti1wogasemy.jpeg HTTP/1.1" 0.004, [::1], "http://localhost:81/", "Mozilla/5.0 (Windows NT 10.0; Win64; x64) AppleWebKit/537.36 (KHTML, like Gecko) Chrome/90.0.4430.212 Safari/537.36"
2021-05-14 10:43:32.486 200 "GET http localhost:8200 /system/wf/flow/designFlow?id=3 HTTP/1.1" 0.036, [::1], "http://localhost:81/", "Mozilla/5.0 (Windows NT 10.0; Win64; x64) AppleWebKit/537.36 (KHTML, like Gecko) Chrome/90.0.4430.212 Safari/537.36"
2021-05-14 10:44:50.606 200 "OPTIONS http localhost:8200 /system/index/getInfo HTTP/1.1" 0.000, [::1], "http://localhost:81/", "Mozilla/5.0 (Windows NT 10.0; Win64; x64) AppleWebKit/537.36 (KHTML, like Gecko) Chrome/90.0.4430.212 Safari/537.36"
2021-05-14 10:44:50.614 200 "GET http localhost:8200 /system/index/getInfo HTTP/1.1" 0.007, [::1], "http://localhost:81/", "Mozilla/5.0 (Windows NT 10.0; Win64; x64) AppleWebKit/537.36 (KHTML, like Gecko) Chrome/90.0.4430.212 Safari/537.36"
2021-05-14 10:44:50.643 200 "OPTIONS http localhost:8200 /system/index/getRouters HTTP/1.1" 0.000, [::1], "http://localhost:81/", "Mozilla/5.0 (Windows NT 10.0; Win64; x64) AppleWebKit/537.36 (KHTML, like Gecko) Chrome/90.0.4430.212 Safari/537.36"
2021-05-14 10:44:50.661 200 "GET http localhost:8200 /system/index/getRouters HTTP/1.1" 0.011, [::1], "http://localhost:81/", "Mozilla/5.0 (Windows NT 10.0; Win64; x64) AppleWebKit/537.36 (KHTML, like Gecko) Chrome/90.0.4430.212 Safari/537.36"
2021-05-14 10:44:50.934 200 "OPTIONS http localhost:8200 /system/wf/flow/designFlow?id=3 HTTP/1.1" 0.000, [::1], "http://localhost:81/", "Mozilla/5.0 (Windows NT 10.0; Win64; x64) AppleWebKit/537.36 (KHTML, like Gecko) Chrome/90.0.4430.212 Safari/537.36"
2021-05-14 10:44:50.936 200 "GET http localhost:8200 /pub_upload/2020-09-03/c5disauti1wogasemy.jpeg HTTP/1.1" 0.002, [::1], "http://localhost:81/", "Mozilla/5.0 (Windows NT 10.0; Win64; x64) AppleWebKit/537.36 (KHTML, like Gecko) Chrome/90.0.4430.212 Safari/537.36"
2021-05-14 10:44:50.989 200 "GET http localhost:8200 /system/wf/flow/designFlow?id=3 HTTP/1.1" 0.052, [::1], "http://localhost:81/", "Mozilla/5.0 (Windows NT 10.0; Win64; x64) AppleWebKit/537.36 (KHTML, like Gecko) Chrome/90.0.4430.212 Safari/537.36"
2021-05-14 10:45:05.002 200 "OPTIONS http localhost:8200 /system/index/getInfo HTTP/1.1" 0.000, [::1], "http://localhost:81/", "Mozilla/5.0 (Windows NT 10.0; Win64; x64) AppleWebKit/537.36 (KHTML, like Gecko) Chrome/90.0.4430.212 Safari/537.36"
2021-05-14 10:45:05.022 200 "GET http localhost:8200 /system/index/getInfo HTTP/1.1" 0.006, [::1], "http://localhost:81/", "Mozilla/5.0 (Windows NT 10.0; Win64; x64) AppleWebKit/537.36 (KHTML, like Gecko) Chrome/90.0.4430.212 Safari/537.36"
2021-05-14 10:45:05.039 200 "OPTIONS http localhost:8200 /system/index/getRouters HTTP/1.1" 0.000, [::1], "http://localhost:81/", "Mozilla/5.0 (Windows NT 10.0; Win64; x64) AppleWebKit/537.36 (KHTML, like Gecko) Chrome/90.0.4430.212 Safari/537.36"
2021-05-14 10:45:05.057 200 "GET http localhost:8200 /system/index/getRouters HTTP/1.1" 0.015, [::1], "http://localhost:81/", "Mozilla/5.0 (Windows NT 10.0; Win64; x64) AppleWebKit/537.36 (KHTML, like Gecko) Chrome/90.0.4430.212 Safari/537.36"
2021-05-14 10:45:05.339 200 "OPTIONS http localhost:8200 /system/wf/flow/designFlow?id=3 HTTP/1.1" 0.000, [::1], "http://localhost:81/", "Mozilla/5.0 (Windows NT 10.0; Win64; x64) AppleWebKit/537.36 (KHTML, like Gecko) Chrome/90.0.4430.212 Safari/537.36"
2021-05-14 10:45:05.341 200 "GET http localhost:8200 /pub_upload/2020-09-03/c5disauti1wogasemy.jpeg HTTP/1.1" 0.003, [::1], "http://localhost:81/", "Mozilla/5.0 (Windows NT 10.0; Win64; x64) AppleWebKit/537.36 (KHTML, like Gecko) Chrome/90.0.4430.212 Safari/537.36"
2021-05-14 10:45:05.386 200 "GET http localhost:8200 /system/wf/flow/designFlow?id=3 HTTP/1.1" 0.045, [::1], "http://localhost:81/", "Mozilla/5.0 (Windows NT 10.0; Win64; x64) AppleWebKit/537.36 (KHTML, like Gecko) Chrome/90.0.4430.212 Safari/537.36"
2021-05-14 10:45:34.859 200 "OPTIONS http localhost:8200 /system/index/getInfo HTTP/1.1" 0.014, [::1], "http://localhost:81/", "Mozilla/5.0 (Windows NT 10.0; Win64; x64) AppleWebKit/537.36 (KHTML, like Gecko) Chrome/90.0.4430.212 Safari/537.36"
2021-05-14 10:45:34.878 200 "GET http localhost:8200 /system/index/getInfo HTTP/1.1" 0.017, [::1], "http://localhost:81/", "Mozilla/5.0 (Windows NT 10.0; Win64; x64) AppleWebKit/537.36 (KHTML, like Gecko) Chrome/90.0.4430.212 Safari/537.36"
2021-05-14 10:45:34.889 200 "OPTIONS http localhost:8200 /system/index/getRouters HTTP/1.1" 0.001, [::1], "http://localhost:81/", "Mozilla/5.0 (Windows NT 10.0; Win64; x64) AppleWebKit/537.36 (KHTML, like Gecko) Chrome/90.0.4430.212 Safari/537.36"
2021-05-14 10:45:34.919 200 "GET http localhost:8200 /system/index/getRouters HTTP/1.1" 0.025, [::1], "http://localhost:81/", "Mozilla/5.0 (Windows NT 10.0; Win64; x64) AppleWebKit/537.36 (KHTML, like Gecko) Chrome/90.0.4430.212 Safari/537.36"
2021-05-14 10:45:35.183 200 "OPTIONS http localhost:8200 /system/wf/flow/designFlow?id=3 HTTP/1.1" 0.001, [::1], "http://localhost:81/", "Mozilla/5.0 (Windows NT 10.0; Win64; x64) AppleWebKit/537.36 (KHTML, like Gecko) Chrome/90.0.4430.212 Safari/537.36"
2021-05-14 10:45:35.184 200 "GET http localhost:8200 /pub_upload/2020-09-03/c5disauti1wogasemy.jpeg HTTP/1.1" 0.001, [::1], "http://localhost:81/", "Mozilla/5.0 (Windows NT 10.0; Win64; x64) AppleWebKit/537.36 (KHTML, like Gecko) Chrome/90.0.4430.212 Safari/537.36"
2021-05-14 10:45:35.221 200 "GET http localhost:8200 /system/wf/flow/designFlow?id=3 HTTP/1.1" 0.035, [::1], "http://localhost:81/", "Mozilla/5.0 (Windows NT 10.0; Win64; x64) AppleWebKit/537.36 (KHTML, like Gecko) Chrome/90.0.4430.212 Safari/537.36"
2021-05-14 10:49:07.413 200 "GET http localhost:8200 /system/index/getInfo HTTP/1.1" 0.011, [::1], "http://localhost:81/", "Mozilla/5.0 (Windows NT 10.0; Win64; x64) AppleWebKit/537.36 (KHTML, like Gecko) Chrome/90.0.4430.212 Safari/537.36"
2021-05-14 10:49:07.430 200 "GET http localhost:8200 /system/index/getRouters HTTP/1.1" 0.009, [::1], "http://localhost:81/", "Mozilla/5.0 (Windows NT 10.0; Win64; x64) AppleWebKit/537.36 (KHTML, like Gecko) Chrome/90.0.4430.212 Safari/537.36"
2021-05-14 10:49:07.671 200 "GET http localhost:8200 /system/wf/flow/designFlow?id=3 HTTP/1.1" 0.023, [::1], "http://localhost:81/", "Mozilla/5.0 (Windows NT 10.0; Win64; x64) AppleWebKit/537.36 (KHTML, like Gecko) Chrome/90.0.4430.212 Safari/537.36"
2021-05-14 10:49:41.736 200 "GET http localhost:8200 /system/index/getInfo HTTP/1.1" 0.010, [::1], "http://localhost:81/", "Mozilla/5.0 (Windows NT 10.0; Win64; x64) AppleWebKit/537.36 (KHTML, like Gecko) Chrome/90.0.4430.212 Safari/537.36"
2021-05-14 10:49:41.753 200 "GET http localhost:8200 /system/index/getRouters HTTP/1.1" 0.008, [::1], "http://localhost:81/", "Mozilla/5.0 (Windows NT 10.0; Win64; x64) AppleWebKit/537.36 (KHTML, like Gecko) Chrome/90.0.4430.212 Safari/537.36"
2021-05-14 10:49:42.008 200 "GET http localhost:8200 /system/wf/flow/designFlow?id=3 HTTP/1.1" 0.040, [::1], "http://localhost:81/", "Mozilla/5.0 (Windows NT 10.0; Win64; x64) AppleWebKit/537.36 (KHTML, like Gecko) Chrome/90.0.4430.212 Safari/537.36"
2021-05-14 10:55:54.097 200 "POST http localhost:8200 /captcha/get/img HTTP/1.1" 0.032, [::1], "http://localhost:82/", "Mozilla/5.0 (Windows NT 10.0; Win64; x64) AppleWebKit/537.36 (KHTML, like Gecko) Chrome/90.0.4430.212 Safari/537.36"
2021-05-14 10:55:58.903 200 "OPTIONS http localhost:8200 /sysLogin/login HTTP/1.1" 0.003, [::1], "http://localhost:82/", "Mozilla/5.0 (Windows NT 10.0; Win64; x64) AppleWebKit/537.36 (KHTML, like Gecko) Chrome/90.0.4430.212 Safari/537.36"
2021-05-14 10:55:58.962 200 "POST http localhost:8200 /sysLogin/login HTTP/1.1" 0.053, [::1], "http://localhost:82/", "Mozilla/5.0 (Windows NT 10.0; Win64; x64) AppleWebKit/537.36 (KHTML, like Gecko) Chrome/90.0.4430.212 Safari/537.36"
2021-05-14 10:55:58.970 200 "OPTIONS http localhost:8200 /system/index/getInfo HTTP/1.1" 0.001, [::1], "http://localhost:82/", "Mozilla/5.0 (Windows NT 10.0; Win64; x64) AppleWebKit/537.36 (KHTML, like Gecko) Chrome/90.0.4430.212 Safari/537.36"
2021-05-14 10:55:58.976 200 "GET http localhost:8200 /system/index/getInfo HTTP/1.1" 0.005, [::1], "http://localhost:82/", "Mozilla/5.0 (Windows NT 10.0; Win64; x64) AppleWebKit/537.36 (KHTML, like Gecko) Chrome/90.0.4430.212 Safari/537.36"
2021-05-14 10:55:58.981 200 "OPTIONS http localhost:8200 /system/index/getRouters HTTP/1.1" 0.001, [::1], "http://localhost:82/", "Mozilla/5.0 (Windows NT 10.0; Win64; x64) AppleWebKit/537.36 (KHTML, like Gecko) Chrome/90.0.4430.212 Safari/537.36"
2021-05-14 10:55:58.988 200 "GET http localhost:8200 /system/index/getRouters HTTP/1.1" 0.007, [::1], "http://localhost:82/", "Mozilla/5.0 (Windows NT 10.0; Win64; x64) AppleWebKit/537.36 (KHTML, like Gecko) Chrome/90.0.4430.212 Safari/537.36"
2021-05-14 10:56:09.709 200 "OPTIONS http localhost:8200 /system/wf/flow/list?pageNum=1&pageSize=10 HTTP/1.1" 0.001, [::1], "http://localhost:82/", "Mozilla/5.0 (Windows NT 10.0; Win64; x64) AppleWebKit/537.36 (KHTML, like Gecko) Chrome/90.0.4430.212 Safari/537.36"
2021-05-14 10:56:09.709 200 "OPTIONS http localhost:8200 /system/config/dict/getDicts?dictType=flow_type HTTP/1.1" 0.000, [::1], "http://localhost:82/", "Mozilla/5.0 (Windows NT 10.0; Win64; x64) AppleWebKit/537.36 (KHTML, like Gecko) Chrome/90.0.4430.212 Safari/537.36"
2021-05-14 10:56:09.712 200 "OPTIONS http localhost:8200 /system/config/dict/getDicts?dictType=sys_normal_disable HTTP/1.1" 0.001, [::1], "http://localhost:82/", "Mozilla/5.0 (Windows NT 10.0; Win64; x64) AppleWebKit/537.36 (KHTML, like Gecko) Chrome/90.0.4430.212 Safari/537.36"
2021-05-14 10:56:09.715 200 "GET http localhost:8200 /system/config/dict/getDicts?dictType=sys_normal_disable HTTP/1.1" 0.002, [::1], "http://localhost:82/", "Mozilla/5.0 (Windows NT 10.0; Win64; x64) AppleWebKit/537.36 (KHTML, like Gecko) Chrome/90.0.4430.212 Safari/537.36"
2021-05-14 10:56:09.717 200 "GET http localhost:8200 /system/config/dict/getDicts?dictType=flow_type HTTP/1.1" 0.005, [::1], "http://localhost:82/", "Mozilla/5.0 (Windows NT 10.0; Win64; x64) AppleWebKit/537.36 (KHTML, like Gecko) Chrome/90.0.4430.212 Safari/537.36"
2021-05-14 10:56:09.725 200 "GET http localhost:8200 /system/wf/flow/list?pageNum=1&pageSize=10 HTTP/1.1" 0.013, [::1], "http://localhost:82/", "Mozilla/5.0 (Windows NT 10.0; Win64; x64) AppleWebKit/537.36 (KHTML, like Gecko) Chrome/90.0.4430.212 Safari/537.36"
2021-05-14 10:56:11.627 200 "OPTIONS http localhost:8200 /system/wf/flow/designFlow?flowId=3 HTTP/1.1" 0.001, [::1], "http://localhost:82/", "Mozilla/5.0 (Windows NT 10.0; Win64; x64) AppleWebKit/537.36 (KHTML, like Gecko) Chrome/90.0.4430.212 Safari/537.36"
2021-05-14 10:56:11.635 200 "GET http localhost:8200 /system/wf/flow/designFlow?flowId=3 HTTP/1.1" 0.006, [::1], "http://localhost:82/", "Mozilla/5.0 (Windows NT 10.0; Win64; x64) AppleWebKit/537.36 (KHTML, like Gecko) Chrome/90.0.4430.212 Safari/537.36"
2021-05-14 10:56:16.432 200 "GET http localhost:8200 /system/config/dict/getDicts?dictType=sys_normal_disable HTTP/1.1" 0.003, [::1], "http://localhost:82/", "Mozilla/5.0 (Windows NT 10.0; Win64; x64) AppleWebKit/537.36 (KHTML, like Gecko) Chrome/90.0.4430.212 Safari/537.36"
2021-05-14 10:56:16.432 200 "GET http localhost:8200 /system/config/dict/getDicts?dictType=flow_type HTTP/1.1" 0.003, [::1], "http://localhost:82/", "Mozilla/5.0 (Windows NT 10.0; Win64; x64) AppleWebKit/537.36 (KHTML, like Gecko) Chrome/90.0.4430.212 Safari/537.36"
2021-05-14 10:56:16.439 200 "GET http localhost:8200 /system/wf/flow/list?pageNum=1&pageSize=10 HTTP/1.1" 0.009, [::1], "http://localhost:82/", "Mozilla/5.0 (Windows NT 10.0; Win64; x64) AppleWebKit/537.36 (KHTML, like Gecko) Chrome/90.0.4430.212 Safari/537.36"
2021-05-14 10:56:18.607 200 "OPTIONS http localhost:8200 /system/wf/flow/designFlow?flowId=5 HTTP/1.1" 0.001, [::1], "http://localhost:82/", "Mozilla/5.0 (Windows NT 10.0; Win64; x64) AppleWebKit/537.36 (KHTML, like Gecko) Chrome/90.0.4430.212 Safari/537.36"
2021-05-14 10:56:18.613 200 "GET http localhost:8200 /system/wf/flow/designFlow?flowId=5 HTTP/1.1" 0.003, [::1], "http://localhost:82/", "Mozilla/5.0 (Windows NT 10.0; Win64; x64) AppleWebKit/537.36 (KHTML, like Gecko) Chrome/90.0.4430.212 Safari/537.36"
