2020-11-19 12:00:09.821 200 "OPTIONS http localhost:8200 /system/index/getInfo HTTP/1.1" 0.001, [::1], "http://localhost:81/", "Mozilla/5.0 (Windows NT 10.0; Win64; x64) AppleWebKit/537.36 (KHTML, like Gecko) Chrome/86.0.4240.111 Safari/537.36"
2020-11-19 12:00:09.841 200 "GET http localhost:8200 /system/index/getInfo HTTP/1.1" 0.000, [::1], "http://localhost:81/", "Mozilla/5.0 (Windows NT 10.0; Win64; x64) AppleWebKit/537.36 (KHTML, like Gecko) Chrome/86.0.4240.111 Safari/537.36"
2020-11-19 12:00:10.234 200 "POST http localhost:8200 /captcha/get/img HTTP/1.1" 0.028, [::1], "http://localhost:81/", "Mozilla/5.0 (Windows NT 10.0; Win64; x64) AppleWebKit/537.36 (KHTML, like Gecko) Chrome/86.0.4240.111 Safari/537.36"
2020-11-19 12:00:14.413 200 "OPTIONS http localhost:8200 /sysLogin/login HTTP/1.1" 0.000, [::1], "http://localhost:81/", "Mozilla/5.0 (Windows NT 10.0; Win64; x64) AppleWebKit/537.36 (KHTML, like Gecko) Chrome/86.0.4240.111 Safari/537.36"
2020-11-19 12:00:14.800 200 "POST http localhost:8200 /sysLogin/login HTTP/1.1" 0.386, [::1], "http://localhost:81/", "Mozilla/5.0 (Windows NT 10.0; Win64; x64) AppleWebKit/537.36 (KHTML, like Gecko) Chrome/86.0.4240.111 Safari/537.36"
2020-11-19 12:00:14.858 200 "GET http localhost:8200 /system/index/getInfo HTTP/1.1" 0.048, [::1], "http://localhost:81/", "Mozilla/5.0 (Windows NT 10.0; Win64; x64) AppleWebKit/537.36 (KHTML, like Gecko) Chrome/86.0.4240.111 Safari/537.36"
2020-11-19 12:00:14.865 200 "OPTIONS http localhost:8200 /system/index/getRouters HTTP/1.1" 0.001, [::1], "http://localhost:81/", "Mozilla/5.0 (Windows NT 10.0; Win64; x64) AppleWebKit/537.36 (KHTML, like Gecko) Chrome/86.0.4240.111 Safari/537.36"
2020-11-19 12:00:14.872 200 "GET http localhost:8200 /system/index/getRouters HTTP/1.1" 0.006, [::1], "http://localhost:81/", "Mozilla/5.0 (Windows NT 10.0; Win64; x64) AppleWebKit/537.36 (KHTML, like Gecko) Chrome/86.0.4240.111 Safari/537.36"
2020-11-19 12:00:18.896 200 "OPTIONS http localhost:8200 /system/config/dict/list?pageNum=1&pageSize=10&beginTime=&endTime= HTTP/1.1" 0.000, [::1], "http://localhost:81/", "Mozilla/5.0 (Windows NT 10.0; Win64; x64) AppleWebKit/537.36 (KHTML, like Gecko) Chrome/86.0.4240.111 Safari/537.36"
2020-11-19 12:00:18.918 200 "GET http localhost:8200 /system/config/dict/list?pageNum=1&pageSize=10&beginTime=&endTime= HTTP/1.1" 0.021, [::1], "http://localhost:81/", "Mozilla/5.0 (Windows NT 10.0; Win64; x64) AppleWebKit/537.36 (KHTML, like Gecko) Chrome/86.0.4240.111 Safari/537.36"
2020-11-19 12:00:20.290 200 "OPTIONS http localhost:8200 /system/config/dict/edit?dictId=1 HTTP/1.1" 0.001, [::1], "http://localhost:81/", "Mozilla/5.0 (Windows NT 10.0; Win64; x64) AppleWebKit/537.36 (KHTML, like Gecko) Chrome/86.0.4240.111 Safari/537.36"
2020-11-19 12:00:20.294 200 "GET http localhost:8200 /system/config/dict/edit?dictId=1 HTTP/1.1" 0.003, [::1], "http://localhost:81/", "Mozilla/5.0 (Windows NT 10.0; Win64; x64) AppleWebKit/537.36 (KHTML, like Gecko) Chrome/86.0.4240.111 Safari/537.36"
2020-11-19 12:00:21.227 200 "OPTIONS http localhost:8200 /system/config/dict/edit HTTP/1.1" 0.000, [::1], "http://localhost:81/", "Mozilla/5.0 (Windows NT 10.0; Win64; x64) AppleWebKit/537.36 (KHTML, like Gecko) Chrome/86.0.4240.111 Safari/537.36"
2020-11-19 12:00:21.233 200 "POST http localhost:8200 /system/config/dict/edit HTTP/1.1" 0.005, [::1], "http://localhost:81/", "Mozilla/5.0 (Windows NT 10.0; Win64; x64) AppleWebKit/537.36 (KHTML, like Gecko) Chrome/86.0.4240.111 Safari/537.36"
2020-11-19 12:00:38.747 200 "POST http localhost:8200 /system/config/dict/edit HTTP/1.1" 0.008, [::1], "http://localhost:81/", "Mozilla/5.0 (Windows NT 10.0; Win64; x64) AppleWebKit/537.36 (KHTML, like Gecko) Chrome/86.0.4240.111 Safari/537.36"
2020-11-19 12:01:24.506 200 "POST http localhost:8200 /system/config/dict/edit HTTP/1.1" 0.008, [::1], "http://localhost:81/", "Mozilla/5.0 (Windows NT 10.0; Win64; x64) AppleWebKit/537.36 (KHTML, like Gecko) Chrome/86.0.4240.111 Safari/537.36"
2020-11-19 14:51:17.002 200 "OPTIONS http localhost:8200 /system/config/dict/list?pageNum=1&pageSize=10&beginTime=&endTime= HTTP/1.1" 0.001, [::1], "http://localhost:81/", "Mozilla/5.0 (Windows NT 10.0; Win64; x64) AppleWebKit/537.36 (KHTML, like Gecko) Chrome/86.0.4240.111 Safari/537.36"
2020-11-19 14:51:17.047 200 "GET http localhost:8200 /system/config/dict/list?pageNum=1&pageSize=10&beginTime=&endTime= HTTP/1.1" 0.042, [::1], "http://localhost:81/", "Mozilla/5.0 (Windows NT 10.0; Win64; x64) AppleWebKit/537.36 (KHTML, like Gecko) Chrome/86.0.4240.111 Safari/537.36"
2020-11-19 14:51:17.982 200 "OPTIONS http localhost:8200 /system/config/dict/edit?dictId=1 HTTP/1.1" 0.001, [::1], "http://localhost:81/", "Mozilla/5.0 (Windows NT 10.0; Win64; x64) AppleWebKit/537.36 (KHTML, like Gecko) Chrome/86.0.4240.111 Safari/537.36"
2020-11-19 14:51:17.987 200 "GET http localhost:8200 /system/config/dict/edit?dictId=1 HTTP/1.1" 0.003, [::1], "http://localhost:81/", "Mozilla/5.0 (Windows NT 10.0; Win64; x64) AppleWebKit/537.36 (KHTML, like Gecko) Chrome/86.0.4240.111 Safari/537.36"
2020-11-19 14:51:18.867 200 "OPTIONS http localhost:8200 /system/config/dict/edit HTTP/1.1" 0.000, [::1], "http://localhost:81/", "Mozilla/5.0 (Windows NT 10.0; Win64; x64) AppleWebKit/537.36 (KHTML, like Gecko) Chrome/86.0.4240.111 Safari/537.36"
2020-11-19 14:51:18.873 200 "POST http localhost:8200 /system/config/dict/edit HTTP/1.1" 0.005, [::1], "http://localhost:81/", "Mozilla/5.0 (Windows NT 10.0; Win64; x64) AppleWebKit/537.36 (KHTML, like Gecko) Chrome/86.0.4240.111 Safari/537.36"
2020-11-19 14:54:16.098 200 "GET http localhost:8200 /system/config/dict/edit?dictId=1 HTTP/1.1" 0.005, [::1], "http://localhost:81/", "Mozilla/5.0 (Windows NT 10.0; Win64; x64) AppleWebKit/537.36 (KHTML, like Gecko) Chrome/86.0.4240.111 Safari/537.36"
2020-11-19 14:54:20.645 200 "POST http localhost:8200 /system/config/dict/edit HTTP/1.1" 0.004, [::1], "http://localhost:81/", "Mozilla/5.0 (Windows NT 10.0; Win64; x64) AppleWebKit/537.36 (KHTML, like Gecko) Chrome/86.0.4240.111 Safari/537.36"
2020-11-19 14:54:59.464 200 "GET http localhost:8200 /system/config/dict/edit?dictId=1 HTTP/1.1" 0.005, [::1], "http://localhost:81/", "Mozilla/5.0 (Windows NT 10.0; Win64; x64) AppleWebKit/537.36 (KHTML, like Gecko) Chrome/86.0.4240.111 Safari/537.36"
2020-11-19 14:55:00.446 200 "POST http localhost:8200 /system/config/dict/edit HTTP/1.1" 0.005, [::1], "http://localhost:81/", "Mozilla/5.0 (Windows NT 10.0; Win64; x64) AppleWebKit/537.36 (KHTML, like Gecko) Chrome/86.0.4240.111 Safari/537.36"
2020-11-19 14:55:53.276 200 "POST http localhost:8200 /system/config/dict/edit HTTP/1.1" 39.644, [::1], "http://localhost:81/", "Mozilla/5.0 (Windows NT 10.0; Win64; x64) AppleWebKit/537.36 (KHTML, like Gecko) Chrome/86.0.4240.111 Safari/537.36"
2020-11-19 15:00:40.345 200 "POST http localhost:8200 /system/config/dict/edit HTTP/1.1" 256.048, [::1], "http://localhost:81/", "Mozilla/5.0 (Windows NT 10.0; Win64; x64) AppleWebKit/537.36 (KHTML, like Gecko) Chrome/86.0.4240.111 Safari/537.36"
2020-11-19 15:03:13.890 200 "POST http localhost:8200 /system/config/dict/edit HTTP/1.1" 93.952, [::1], "http://localhost:81/", "Mozilla/5.0 (Windows NT 10.0; Win64; x64) AppleWebKit/537.36 (KHTML, like Gecko) Chrome/86.0.4240.111 Safari/537.36"
2020-11-19 15:06:00.394 200 "OPTIONS http localhost:8200 /system/cms/news/list?pageNum=1&pageSize=10&keyWords= HTTP/1.1" 0.001, [::1], "http://localhost:81/", "Mozilla/5.0 (Windows NT 10.0; Win64; x64) AppleWebKit/537.36 (KHTML, like Gecko) Chrome/86.0.4240.111 Safari/537.36"
2020-11-19 15:06:00.452 200 "GET http localhost:8200 /system/cms/news/list?pageNum=1&pageSize=10&keyWords= HTTP/1.1" 0.056, [::1], "http://localhost:81/", "Mozilla/5.0 (Windows NT 10.0; Win64; x64) AppleWebKit/537.36 (KHTML, like Gecko) Chrome/86.0.4240.111 Safari/537.36"
2020-11-19 15:06:00.506 404 "GET http localhost:8200 /pub_upload/2020-10-30/c6pww9dkku60m8yrpv.jpg HTTP/1.1" 0.000, [::1], "http://localhost:81/", "Mozilla/5.0 (Windows NT 10.0; Win64; x64) AppleWebKit/537.36 (KHTML, like Gecko) Chrome/86.0.4240.111 Safari/537.36"
2020-11-19 15:06:00.506 404 "GET http localhost:8200 /pub_upload/2020-10-30/c6pwzxde4qkkciir2g.jpeg HTTP/1.1" 0.000, [::1], "http://localhost:81/", "Mozilla/5.0 (Windows NT 10.0; Win64; x64) AppleWebKit/537.36 (KHTML, like Gecko) Chrome/86.0.4240.111 Safari/537.36"
2020-11-19 15:06:00.507 404 "GET http localhost:8200 /pub_upload/2020-10-30/c6pwy5wn1398e93sjy.jpg HTTP/1.1" 0.001, [::1], "http://localhost:81/", "Mozilla/5.0 (Windows NT 10.0; Win64; x64) AppleWebKit/537.36 (KHTML, like Gecko) Chrome/86.0.4240.111 Safari/537.36"
2020-11-19 15:06:00.507 404 "GET http localhost:8200 /pub_upload/2020-10-30/c6pwuapknpacaljqm5.jpg HTTP/1.1" 0.000, [::1], "http://localhost:81/", "Mozilla/5.0 (Windows NT 10.0; Win64; x64) AppleWebKit/537.36 (KHTML, like Gecko) Chrome/86.0.4240.111 Safari/537.36"
2020-11-19 15:06:00.507 404 "GET http localhost:8200 /pub_upload/2020-10-30/c6pwsqcu6mi85nxf0g.png HTTP/1.1" 0.000, [::1], "http://localhost:81/", "Mozilla/5.0 (Windows NT 10.0; Win64; x64) AppleWebKit/537.36 (KHTML, like Gecko) Chrome/86.0.4240.111 Safari/537.36"
2020-11-19 15:06:00.507 404 "GET http localhost:8200 /pub_upload/2020-10-30/c6pwvdddc9kolqpyvu.jpg HTTP/1.1" 0.000, [::1], "http://localhost:81/", "Mozilla/5.0 (Windows NT 10.0; Win64; x64) AppleWebKit/537.36 (KHTML, like Gecko) Chrome/86.0.4240.111 Safari/537.36"
2020-11-19 15:06:00.513 404 "GET http localhost:8200 /pub_upload/2020-10-30/c6pwrxducjwol7kb2q.jpeg HTTP/1.1" 0.000, [::1], "http://localhost:81/", "Mozilla/5.0 (Windows NT 10.0; Win64; x64) AppleWebKit/537.36 (KHTML, like Gecko) Chrome/86.0.4240.111 Safari/537.36"
2020-11-19 15:06:00.513 404 "GET http localhost:8200 /pub_upload/2020-10-30/c6pwqm121lnoncnkvs.jpg HTTP/1.1" 0.000, [::1], "http://localhost:81/", "Mozilla/5.0 (Windows NT 10.0; Win64; x64) AppleWebKit/537.36 (KHTML, like Gecko) Chrome/86.0.4240.111 Safari/537.36"
2020-11-19 15:06:00.513 404 "GET http localhost:8200 /pub_upload/2020-10-30/c6pwno8goau0ukjg3q.jpg HTTP/1.1" 0.000, [::1], "http://localhost:81/", "Mozilla/5.0 (Windows NT 10.0; Win64; x64) AppleWebKit/537.36 (KHTML, like Gecko) Chrome/86.0.4240.111 Safari/537.36"
2020-11-19 15:06:01.690 200 "OPTIONS http localhost:8200 /system/cms/news/edit?id=130 HTTP/1.1" 0.000, [::1], "http://localhost:81/", "Mozilla/5.0 (Windows NT 10.0; Win64; x64) AppleWebKit/537.36 (KHTML, like Gecko) Chrome/86.0.4240.111 Safari/537.36"
2020-11-19 15:06:01.695 200 "GET http localhost:8200 /system/cms/news/edit?id=130 HTTP/1.1" 0.004, [::1], "http://localhost:81/", "Mozilla/5.0 (Windows NT 10.0; Win64; x64) AppleWebKit/537.36 (KHTML, like Gecko) Chrome/86.0.4240.111 Safari/537.36"
2020-11-19 15:06:01.778 404 "GET http localhost:8200 /pub_upload/2020-10-30/c6pwzxde4qkkciir2g.jpeg HTTP/1.1" 0.000, [::1], "http://localhost:81/", "Mozilla/5.0 (Windows NT 10.0; Win64; x64) AppleWebKit/537.36 (KHTML, like Gecko) Chrome/86.0.4240.111 Safari/537.36"
2020-11-19 15:06:01.780 200 "OPTIONS http localhost:8200 /system/cms/news/getModelFields?cateIds[]=28&newsId=130 HTTP/1.1" 0.001, [::1], "http://localhost:81/", "Mozilla/5.0 (Windows NT 10.0; Win64; x64) AppleWebKit/537.36 (KHTML, like Gecko) Chrome/86.0.4240.111 Safari/537.36"
2020-11-19 15:06:01.851 200 "GET http localhost:8200 /system/cms/news/getModelFields?cateIds[]=28&newsId=130 HTTP/1.1" 0.069, [::1], "http://localhost:81/", "Mozilla/5.0 (Windows NT 10.0; Win64; x64) AppleWebKit/537.36 (KHTML, like Gecko) Chrome/86.0.4240.111 Safari/537.36"
2020-11-19 15:06:06.303 200 "OPTIONS http localhost:8200 /system/cms/news/edit HTTP/1.1" 0.000, [::1], "http://localhost:81/", "Mozilla/5.0 (Windows NT 10.0; Win64; x64) AppleWebKit/537.36 (KHTML, like Gecko) Chrome/86.0.4240.111 Safari/537.36"
2020-11-19 15:06:06.394 200 "POST http localhost:8200 /system/cms/news/edit HTTP/1.1" 0.089, [::1], "http://localhost:81/", "Mozilla/5.0 (Windows NT 10.0; Win64; x64) AppleWebKit/537.36 (KHTML, like Gecko) Chrome/86.0.4240.111 Safari/537.36"
2020-11-19 15:06:06.434 200 "GET http localhost:8200 /system/cms/news/list?pageNum=1&pageSize=10&keyWords= HTTP/1.1" 0.015, [::1], "http://localhost:81/", "Mozilla/5.0 (Windows NT 10.0; Win64; x64) AppleWebKit/537.36 (KHTML, like Gecko) Chrome/86.0.4240.111 Safari/537.36"
2020-11-19 15:14:47.156 200 "OPTIONS http localhost:8200 /system/monitor/job/list?pageNum=1&pageSize=10 HTTP/1.1" 0.001, [::1], "http://localhost:81/", "Mozilla/5.0 (Windows NT 10.0; Win64; x64) AppleWebKit/537.36 (KHTML, like Gecko) Chrome/86.0.4240.111 Safari/537.36"
2020-11-19 15:14:47.170 200 "GET http localhost:8200 /system/monitor/job/list?pageNum=1&pageSize=10 HTTP/1.1" 0.012, [::1], "http://localhost:81/", "Mozilla/5.0 (Windows NT 10.0; Win64; x64) AppleWebKit/537.36 (KHTML, like Gecko) Chrome/86.0.4240.111 Safari/537.36"
2020-11-19 15:14:48.729 200 "OPTIONS http localhost:8200 /system/monitor/job/details?id=6 HTTP/1.1" 0.000, [::1], "http://localhost:81/", "Mozilla/5.0 (Windows NT 10.0; Win64; x64) AppleWebKit/537.36 (KHTML, like Gecko) Chrome/86.0.4240.111 Safari/537.36"
2020-11-19 15:14:48.733 200 "GET http localhost:8200 /system/monitor/job/details?id=6 HTTP/1.1" 0.002, [::1], "http://localhost:81/", "Mozilla/5.0 (Windows NT 10.0; Win64; x64) AppleWebKit/537.36 (KHTML, like Gecko) Chrome/86.0.4240.111 Safari/537.36"
2020-11-19 15:14:49.824 200 "OPTIONS http localhost:8200 /system/monitor/job/edit HTTP/1.1" 0.000, [::1], "http://localhost:81/", "Mozilla/5.0 (Windows NT 10.0; Win64; x64) AppleWebKit/537.36 (KHTML, like Gecko) Chrome/86.0.4240.111 Safari/537.36"
2020-11-19 15:14:49.832 500 "POST http localhost:8200 /system/monitor/job/edit HTTP/1.1" 0.006, [::1], "http://localhost:81/", "Mozilla/5.0 (Windows NT 10.0; Win64; x64) AppleWebKit/537.36 (KHTML, like Gecko) Chrome/86.0.4240.111 Safari/537.36"
2020-11-19 15:14:59.918 500 "POST http localhost:8200 /system/monitor/job/edit HTTP/1.1" 0.005, [::1], "http://localhost:81/", "Mozilla/5.0 (Windows NT 10.0; Win64; x64) AppleWebKit/537.36 (KHTML, like Gecko) Chrome/86.0.4240.111 Safari/537.36"
2020-11-19 15:22:04.585 200 "OPTIONS http localhost:8200 /system/auth/roleList?pageNum=1&pageSize=10&beginTime=&endTime= HTTP/1.1" 0.001, [::1], "http://localhost:81/", "Mozilla/5.0 (Windows NT 10.0; Win64; x64) AppleWebKit/537.36 (KHTML, like Gecko) Chrome/86.0.4240.111 Safari/537.36"
2020-11-19 15:22:04.615 200 "GET http localhost:8200 /system/auth/roleList?pageNum=1&pageSize=10&beginTime=&endTime= HTTP/1.1" 0.028, [::1], "http://localhost:81/", "Mozilla/5.0 (Windows NT 10.0; Win64; x64) AppleWebKit/537.36 (KHTML, like Gecko) Chrome/86.0.4240.111 Safari/537.36"
2020-11-19 15:24:17.921 200 "GET http localhost:8200 /system/config/dict/list?pageNum=1&pageSize=10&beginTime=&endTime= HTTP/1.1" 0.007, [::1], "http://localhost:81/", "Mozilla/5.0 (Windows NT 10.0; Win64; x64) AppleWebKit/537.36 (KHTML, like Gecko) Chrome/86.0.4240.111 Safari/537.36"
2020-11-19 15:24:22.900 200 "OPTIONS http localhost:8200 /system/auth/userList?pageNum=1&pageSize=10&beginTime=&endTime= HTTP/1.1" 0.001, [::1], "http://localhost:81/", "Mozilla/5.0 (Windows NT 10.0; Win64; x64) AppleWebKit/537.36 (KHTML, like Gecko) Chrome/86.0.4240.111 Safari/537.36"
2020-11-19 15:24:22.900 200 "OPTIONS http localhost:8200 /system/dept/treeSelect HTTP/1.1" 0.001, [::1], "http://localhost:81/", "Mozilla/5.0 (Windows NT 10.0; Win64; x64) AppleWebKit/537.36 (KHTML, like Gecko) Chrome/86.0.4240.111 Safari/537.36"
2020-11-19 15:24:22.923 200 "GET http localhost:8200 /system/dept/treeSelect HTTP/1.1" 0.012, [::1], "http://localhost:81/", "Mozilla/5.0 (Windows NT 10.0; Win64; x64) AppleWebKit/537.36 (KHTML, like Gecko) Chrome/86.0.4240.111 Safari/537.36"
2020-11-19 15:24:22.951 200 "GET http localhost:8200 /system/auth/userList?pageNum=1&pageSize=10&beginTime=&endTime= HTTP/1.1" 0.040, [::1], "http://localhost:81/", "Mozilla/5.0 (Windows NT 10.0; Win64; x64) AppleWebKit/537.36 (KHTML, like Gecko) Chrome/86.0.4240.111 Safari/537.36"
2020-11-19 15:24:24.199 200 "OPTIONS http localhost:8200 /system/auth/editUser?id=4 HTTP/1.1" 0.000, [::1], "http://localhost:81/", "Mozilla/5.0 (Windows NT 10.0; Win64; x64) AppleWebKit/537.36 (KHTML, like Gecko) Chrome/86.0.4240.111 Safari/537.36"
2020-11-19 15:24:24.253 200 "GET http localhost:8200 /system/auth/editUser?id=4 HTTP/1.1" 0.052, [::1], "http://localhost:81/", "Mozilla/5.0 (Windows NT 10.0; Win64; x64) AppleWebKit/537.36 (KHTML, like Gecko) Chrome/86.0.4240.111 Safari/537.36"
2020-11-19 15:24:25.628 200 "OPTIONS http localhost:8200 /system/auth/editUser HTTP/1.1" 0.000, [::1], "http://localhost:81/", "Mozilla/5.0 (Windows NT 10.0; Win64; x64) AppleWebKit/537.36 (KHTML, like Gecko) Chrome/86.0.4240.111 Safari/537.36"
2020-11-19 15:24:25.635 200 "POST http localhost:8200 /system/auth/editUser HTTP/1.1" 0.005, [::1], "http://localhost:81/", "Mozilla/5.0 (Windows NT 10.0; Win64; x64) AppleWebKit/537.36 (KHTML, like Gecko) Chrome/86.0.4240.111 Safari/537.36"
2020-11-19 15:34:40.566 200 "POST http localhost:8200 /system/auth/editUser HTTP/1.1" 0.009, [::1], "http://localhost:81/", "Mozilla/5.0 (Windows NT 10.0; Win64; x64) AppleWebKit/537.36 (KHTML, like Gecko) Chrome/86.0.4240.111 Safari/537.36"
2020-11-19 15:38:41.540 200 "POST http localhost:8200 /system/auth/editUser HTTP/1.1" 105.129, [::1], "http://localhost:81/", "Mozilla/5.0 (Windows NT 10.0; Win64; x64) AppleWebKit/537.36 (KHTML, like Gecko) Chrome/86.0.4240.111 Safari/537.36"
2020-11-19 15:43:01.529 200 "POST http localhost:8200 /system/auth/editUser HTTP/1.1" 191.367, [::1], "http://localhost:81/", "Mozilla/5.0 (Windows NT 10.0; Win64; x64) AppleWebKit/537.36 (KHTML, like Gecko) Chrome/86.0.4240.111 Safari/537.36"
2020-11-19 15:43:58.354 200 "OPTIONS http localhost:8200 /system/config/params/list?pageNum=1&pageSize=10&beginTime=&endTime= HTTP/1.1" 0.001, [::1], "http://localhost:81/", "Mozilla/5.0 (Windows NT 10.0; Win64; x64) AppleWebKit/537.36 (KHTML, like Gecko) Chrome/86.0.4240.111 Safari/537.36"
2020-11-19 15:44:08.636 200 "GET http localhost:8200 /system/config/params/list?pageNum=1&pageSize=10&beginTime=&endTime= HTTP/1.1" 10.281, [::1], "http://localhost:81/", "Mozilla/5.0 (Windows NT 10.0; Win64; x64) AppleWebKit/537.36 (KHTML, like Gecko) Chrome/86.0.4240.111 Safari/537.36"
2020-11-19 15:44:08.637 200 "GET http localhost:8200 /system/config/dict/list?pageNum=1&pageSize=10&beginTime=&endTime= HTTP/1.1" 0.005, [::1], "http://localhost:81/", "Mozilla/5.0 (Windows NT 10.0; Win64; x64) AppleWebKit/537.36 (KHTML, like Gecko) Chrome/86.0.4240.111 Safari/537.36"
2020-11-19 15:44:12.766 200 "GET http localhost:8200 /system/config/dict/list?pageNum=1&pageSize=10&beginTime=&endTime= HTTP/1.1" 0.003, [::1], "http://localhost:81/", "Mozilla/5.0 (Windows NT 10.0; Win64; x64) AppleWebKit/537.36 (KHTML, like Gecko) Chrome/86.0.4240.111 Safari/537.36"
2020-11-19 15:44:15.660 200 "GET http localhost:8200 /system/config/dict/edit?dictId=1 HTTP/1.1" 0.002, [::1], "http://localhost:81/", "Mozilla/5.0 (Windows NT 10.0; Win64; x64) AppleWebKit/537.36 (KHTML, like Gecko) Chrome/86.0.4240.111 Safari/537.36"
2020-11-19 15:44:18.707 200 "POST http localhost:8200 /system/config/dict/edit HTTP/1.1" 0.008, [::1], "http://localhost:81/", "Mozilla/5.0 (Windows NT 10.0; Win64; x64) AppleWebKit/537.36 (KHTML, like Gecko) Chrome/86.0.4240.111 Safari/537.36"
2020-11-19 15:51:11.562 200 "POST http localhost:8200 /system/config/dict/edit HTTP/1.1" 396.271, [::1], "http://localhost:81/", "Mozilla/5.0 (Windows NT 10.0; Win64; x64) AppleWebKit/537.36 (KHTML, like Gecko) Chrome/86.0.4240.111 Safari/537.36"
2020-11-19 16:00:37.824 200 "POST http localhost:8200 /system/config/dict/edit HTTP/1.1" 167.031, [::1], "http://localhost:81/", "Mozilla/5.0 (Windows NT 10.0; Win64; x64) AppleWebKit/537.36 (KHTML, like Gecko) Chrome/86.0.4240.111 Safari/537.36"
2020-11-19 16:02:43.672 200 "POST http localhost:8200 /system/config/dict/edit HTTP/1.1" 114.646, [::1], "http://localhost:81/", "Mozilla/5.0 (Windows NT 10.0; Win64; x64) AppleWebKit/537.36 (KHTML, like Gecko) Chrome/86.0.4240.111 Safari/537.36"
2020-11-19 16:03:05.511 200 "POST http localhost:8200 /system/config/dict/edit HTTP/1.1" 27.497, [::1], "http://localhost:81/", "Mozilla/5.0 (Windows NT 10.0; Win64; x64) AppleWebKit/537.36 (KHTML, like Gecko) Chrome/86.0.4240.111 Safari/537.36"
2020-11-19 16:05:44.567 200 "POST http localhost:8200 /system/config/dict/edit HTTP/1.1" 99.357, [::1], "http://localhost:81/", "Mozilla/5.0 (Windows NT 10.0; Win64; x64) AppleWebKit/537.36 (KHTML, like Gecko) Chrome/86.0.4240.111 Safari/537.36"
2020-11-19 16:10:23.892 200 "POST http localhost:8200 /system/config/dict/edit HTTP/1.1" 254.922, [::1], "http://localhost:81/", "Mozilla/5.0 (Windows NT 10.0; Win64; x64) AppleWebKit/537.36 (KHTML, like Gecko) Chrome/86.0.4240.111 Safari/537.36"
2020-11-19 16:16:48.974 200 "POST http localhost:8200 /system/config/dict/edit HTTP/1.1" 245.668, [::1], "http://localhost:81/", "Mozilla/5.0 (Windows NT 10.0; Win64; x64) AppleWebKit/537.36 (KHTML, like Gecko) Chrome/86.0.4240.111 Safari/537.36"
2020-11-19 16:17:30.178 200 "POST http localhost:8200 /system/config/dict/edit HTTP/1.1" 38.200, [::1], "http://localhost:81/", "Mozilla/5.0 (Windows NT 10.0; Win64; x64) AppleWebKit/537.36 (KHTML, like Gecko) Chrome/86.0.4240.111 Safari/537.36"
2020-11-19 16:31:57.416 200 "POST http localhost:8200 /system/config/dict/edit HTTP/1.1" 862.999, [::1], "http://localhost:81/", "Mozilla/5.0 (Windows NT 10.0; Win64; x64) AppleWebKit/537.36 (KHTML, like Gecko) Chrome/86.0.4240.111 Safari/537.36"
2020-11-19 16:32:07.712 200 "POST http localhost:8200 /system/config/dict/edit HTTP/1.1" 3.876, [::1], "http://localhost:81/", "Mozilla/5.0 (Windows NT 10.0; Win64; x64) AppleWebKit/537.36 (KHTML, like Gecko) Chrome/86.0.4240.111 Safari/537.36"
2020-11-19 16:33:20.201 200 "POST http localhost:8200 /system/config/dict/edit HTTP/1.1" 44.096, [::1], "http://localhost:81/", "Mozilla/5.0 (Windows NT 10.0; Win64; x64) AppleWebKit/537.36 (KHTML, like Gecko) Chrome/86.0.4240.111 Safari/537.36"
2020-11-19 16:43:36.864 200 "POST http localhost:8200 /system/config/dict/edit HTTP/1.1" 392.846, [::1], "http://localhost:81/", "Mozilla/5.0 (Windows NT 10.0; Win64; x64) AppleWebKit/537.36 (KHTML, like Gecko) Chrome/86.0.4240.111 Safari/537.36"
2020-11-19 16:46:36.416 200 "POST http localhost:8200 /system/config/dict/edit HTTP/1.1" 122.423, [::1], "http://localhost:81/", "Mozilla/5.0 (Windows NT 10.0; Win64; x64) AppleWebKit/537.36 (KHTML, like Gecko) Chrome/86.0.4240.111 Safari/537.36"
2020-11-19 16:48:02.825 200 "POST http localhost:8200 /system/config/dict/edit HTTP/1.1" 71.118, [::1], "http://localhost:81/", "Mozilla/5.0 (Windows NT 10.0; Win64; x64) AppleWebKit/537.36 (KHTML, like Gecko) Chrome/86.0.4240.111 Safari/537.36"
2020-11-19 16:48:13.191 200 "POST http localhost:8200 /system/config/dict/edit HTTP/1.1" 7.486, [::1], "http://localhost:81/", "Mozilla/5.0 (Windows NT 10.0; Win64; x64) AppleWebKit/537.36 (KHTML, like Gecko) Chrome/86.0.4240.111 Safari/537.36"
2020-11-19 16:48:42.569 200 "POST http localhost:8200 /system/config/dict/edit HTTP/1.1" 14.168, [::1], "http://localhost:81/", "Mozilla/5.0 (Windows NT 10.0; Win64; x64) AppleWebKit/537.36 (KHTML, like Gecko) Chrome/86.0.4240.111 Safari/537.36"
2020-11-19 16:49:25.336 200 "POST http localhost:8200 /system/config/dict/edit HTTP/1.1" 24.448, [::1], "http://localhost:81/", "Mozilla/5.0 (Windows NT 10.0; Win64; x64) AppleWebKit/537.36 (KHTML, like Gecko) Chrome/86.0.4240.111 Safari/537.36"
2020-11-19 16:50:10.810 200 "POST http localhost:8200 /system/config/dict/edit HTTP/1.1" 42.513, [::1], "http://localhost:81/", "Mozilla/5.0 (Windows NT 10.0; Win64; x64) AppleWebKit/537.36 (KHTML, like Gecko) Chrome/86.0.4240.111 Safari/537.36"
2020-11-19 16:52:12.852 200 "POST http localhost:8200 /system/config/dict/edit HTTP/1.1" 117.923, [::1], "http://localhost:81/", "Mozilla/5.0 (Windows NT 10.0; Win64; x64) AppleWebKit/537.36 (KHTML, like Gecko) Chrome/86.0.4240.111 Safari/537.36"
2020-11-19 16:52:15.410 200 "OPTIONS http localhost:8200 /system/config/dict/edit HTTP/1.1" 0.000, [::1], "http://localhost:81/", "Mozilla/5.0 (Windows NT 10.0; Win64; x64) AppleWebKit/537.36 (KHTML, like Gecko) Chrome/86.0.4240.111 Safari/537.36"
2020-11-19 16:54:11.279 200 "POST http localhost:8200 /system/config/dict/edit HTTP/1.1" 115.868, [::1], "http://localhost:81/", "Mozilla/5.0 (Windows NT 10.0; Win64; x64) AppleWebKit/537.36 (KHTML, like Gecko) Chrome/86.0.4240.111 Safari/537.36"
2020-11-19 16:54:34.552 200 "POST http localhost:8200 /system/config/dict/edit HTTP/1.1" 15.927, [::1], "http://localhost:81/", "Mozilla/5.0 (Windows NT 10.0; Win64; x64) AppleWebKit/537.36 (KHTML, like Gecko) Chrome/86.0.4240.111 Safari/537.36"
2020-11-19 16:56:13.874 200 "POST http localhost:8200 /system/config/dict/edit HTTP/1.1" 84.184, [::1], "http://localhost:81/", "Mozilla/5.0 (Windows NT 10.0; Win64; x64) AppleWebKit/537.36 (KHTML, like Gecko) Chrome/86.0.4240.111 Safari/537.36"
2020-11-19 17:06:35.315 200 "POST http localhost:8200 /system/config/dict/edit HTTP/1.1" 153.521, [::1], "http://localhost:81/", "Mozilla/5.0 (Windows NT 10.0; Win64; x64) AppleWebKit/537.36 (KHTML, like Gecko) Chrome/86.0.4240.111 Safari/537.36"
2020-11-19 17:12:35.214 200 "POST http localhost:8200 /system/config/dict/edit HTTP/1.1" 350.709, [::1], "http://localhost:81/", "Mozilla/5.0 (Windows NT 10.0; Win64; x64) AppleWebKit/537.36 (KHTML, like Gecko) Chrome/86.0.4240.111 Safari/537.36"
2020-11-19 17:14:46.174 200 "POST http localhost:8200 /system/config/dict/edit HTTP/1.1" 59.140, [::1], "http://localhost:81/", "Mozilla/5.0 (Windows NT 10.0; Win64; x64) AppleWebKit/537.36 (KHTML, like Gecko) Chrome/86.0.4240.111 Safari/537.36"
2020-11-19 17:16:41.693 200 "POST http localhost:8200 /system/config/dict/edit HTTP/1.1" 82.955, [::1], "http://localhost:81/", "Mozilla/5.0 (Windows NT 10.0; Win64; x64) AppleWebKit/537.36 (KHTML, like Gecko) Chrome/86.0.4240.111 Safari/537.36"
2020-11-19 17:18:00.617 200 "POST http localhost:8200 /system/config/dict/edit HTTP/1.1" 69.544, [::1], "http://localhost:81/", "Mozilla/5.0 (Windows NT 10.0; Win64; x64) AppleWebKit/537.36 (KHTML, like Gecko) Chrome/86.0.4240.111 Safari/537.36"
2020-11-19 17:19:07.835 200 "POST http localhost:8200 /system/config/dict/edit HTTP/1.1" 63.274, [::1], "http://localhost:81/", "Mozilla/5.0 (Windows NT 10.0; Win64; x64) AppleWebKit/537.36 (KHTML, like Gecko) Chrome/86.0.4240.111 Safari/537.36"
2020-11-19 17:20:40.743 200 "POST http localhost:8200 /system/config/dict/edit HTTP/1.1" 89.566, [::1], "http://localhost:81/", "Mozilla/5.0 (Windows NT 10.0; Win64; x64) AppleWebKit/537.36 (KHTML, like Gecko) Chrome/86.0.4240.111 Safari/537.36"
2020-11-19 17:20:56.697 200 "POST http localhost:8200 /system/config/dict/edit HTTP/1.1" 11.687, [::1], "http://localhost:81/", "Mozilla/5.0 (Windows NT 10.0; Win64; x64) AppleWebKit/537.36 (KHTML, like Gecko) Chrome/86.0.4240.111 Safari/537.36"
2020-11-19 17:24:39.784 200 "POST http localhost:8200 /system/config/dict/edit HTTP/1.1" 23.063, [::1], "http://localhost:81/", "Mozilla/5.0 (Windows NT 10.0; Win64; x64) AppleWebKit/537.36 (KHTML, like Gecko) Chrome/86.0.4240.111 Safari/537.36"
2020-11-19 17:25:25.832 200 "POST http localhost:8200 /system/config/dict/edit HTTP/1.1" 13.848, [::1], "http://localhost:81/", "Mozilla/5.0 (Windows NT 10.0; Win64; x64) AppleWebKit/537.36 (KHTML, like Gecko) Chrome/86.0.4240.111 Safari/537.36"
2020-11-19 17:26:36.260 200 "POST http localhost:8200 /system/config/dict/edit HTTP/1.1" 61.667, [::1], "http://localhost:81/", "Mozilla/5.0 (Windows NT 10.0; Win64; x64) AppleWebKit/537.36 (KHTML, like Gecko) Chrome/86.0.4240.111 Safari/537.36"
2020-11-19 17:27:16.575 200 "POST http localhost:8200 /system/config/dict/edit HTTP/1.1" 37.310, [::1], "http://localhost:81/", "Mozilla/5.0 (Windows NT 10.0; Win64; x64) AppleWebKit/537.36 (KHTML, like Gecko) Chrome/86.0.4240.111 Safari/537.36"
2020-11-19 17:27:53.357 200 "POST http localhost:8200 /system/config/dict/edit HTTP/1.1" 33.597, [::1], "http://localhost:81/", "Mozilla/5.0 (Windows NT 10.0; Win64; x64) AppleWebKit/537.36 (KHTML, like Gecko) Chrome/86.0.4240.111 Safari/537.36"
2020-11-19 17:28:50.402 200 "POST http localhost:8200 /system/config/dict/edit HTTP/1.1" 52.193, [::1], "http://localhost:81/", "Mozilla/5.0 (Windows NT 10.0; Win64; x64) AppleWebKit/537.36 (KHTML, like Gecko) Chrome/86.0.4240.111 Safari/537.36"
2020-11-19 17:29:06.847 200 "POST http localhost:8200 /system/config/dict/edit HTTP/1.1" 12.686, [::1], "http://localhost:81/", "Mozilla/5.0 (Windows NT 10.0; Win64; x64) AppleWebKit/537.36 (KHTML, like Gecko) Chrome/86.0.4240.111 Safari/537.36"
2020-11-19 17:31:19.007 200 "POST http localhost:8200 /system/config/dict/edit HTTP/1.1" 115.887, [::1], "http://localhost:81/", "Mozilla/5.0 (Windows NT 10.0; Win64; x64) AppleWebKit/537.36 (KHTML, like Gecko) Chrome/86.0.4240.111 Safari/537.36"
2020-11-19 17:31:30.298 200 "POST http localhost:8200 /system/config/dict/edit HTTP/1.1" 5.457, [::1], "http://localhost:81/", "Mozilla/5.0 (Windows NT 10.0; Win64; x64) AppleWebKit/537.36 (KHTML, like Gecko) Chrome/86.0.4240.111 Safari/537.36"
2020-11-19 17:32:20.866 200 "POST http localhost:8200 /system/config/dict/edit HTTP/1.1" 0.033, [::1], "http://localhost:81/", "Mozilla/5.0 (Windows NT 10.0; Win64; x64) AppleWebKit/537.36 (KHTML, like Gecko) Chrome/86.0.4240.111 Safari/537.36"
2020-11-19 17:32:36.736 200 "POST http localhost:8200 /system/config/dict/edit HTTP/1.1" 0.007, [::1], "http://localhost:81/", "Mozilla/5.0 (Windows NT 10.0; Win64; x64) AppleWebKit/537.36 (KHTML, like Gecko) Chrome/86.0.4240.111 Safari/537.36"
2020-11-19 17:33:42.769 200 "POST http localhost:8200 /system/config/dict/edit HTTP/1.1" 0.032, [::1], "http://localhost:81/", "Mozilla/5.0 (Windows NT 10.0; Win64; x64) AppleWebKit/537.36 (KHTML, like Gecko) Chrome/86.0.4240.111 Safari/537.36"
2020-11-19 17:34:46.226 200 "POST http localhost:8200 /system/config/dict/edit HTTP/1.1" 0.033, [::1], "http://localhost:81/", "Mozilla/5.0 (Windows NT 10.0; Win64; x64) AppleWebKit/537.36 (KHTML, like Gecko) Chrome/86.0.4240.111 Safari/537.36"
2020-11-19 17:42:19.832 200 "POST http localhost:8200 /system/config/dict/edit HTTP/1.1" 213.367, [::1], "http://localhost:81/", "Mozilla/5.0 (Windows NT 10.0; Win64; x64) AppleWebKit/537.36 (KHTML, like Gecko) Chrome/86.0.4240.111 Safari/537.36"
2020-11-19 17:43:13.106 200 "POST http localhost:8200 /system/config/dict/edit HTTP/1.1" 50.401, [::1], "http://localhost:81/", "Mozilla/5.0 (Windows NT 10.0; Win64; x64) AppleWebKit/537.36 (KHTML, like Gecko) Chrome/86.0.4240.111 Safari/537.36"
2020-11-19 17:43:30.584 200 "POST http localhost:8200 /system/config/dict/edit HTTP/1.1" 10.016, [::1], "http://localhost:81/", "Mozilla/5.0 (Windows NT 10.0; Win64; x64) AppleWebKit/537.36 (KHTML, like Gecko) Chrome/86.0.4240.111 Safari/537.36"
2020-11-19 17:46:44.478 200 "POST http localhost:8200 /system/config/dict/edit HTTP/1.1" 190.821, [::1], "http://localhost:81/", "Mozilla/5.0 (Windows NT 10.0; Win64; x64) AppleWebKit/537.36 (KHTML, like Gecko) Chrome/86.0.4240.111 Safari/537.36"
2020-11-19 17:48:32.034 200 "POST http localhost:8200 /system/config/dict/edit HTTP/1.1" 103.897, [::1], "http://localhost:81/", "Mozilla/5.0 (Windows NT 10.0; Win64; x64) AppleWebKit/537.36 (KHTML, like Gecko) Chrome/86.0.4240.111 Safari/537.36"
2020-11-19 17:49:42.991 200 "POST http localhost:8200 /system/config/dict/edit HTTP/1.1" 67.132, [::1], "http://localhost:81/", "Mozilla/5.0 (Windows NT 10.0; Win64; x64) AppleWebKit/537.36 (KHTML, like Gecko) Chrome/86.0.4240.111 Safari/537.36"
2020-11-19 17:53:16.867 200 "POST http localhost:8200 /system/config/dict/edit HTTP/1.1" 211.091, [::1], "http://localhost:81/", "Mozilla/5.0 (Windows NT 10.0; Win64; x64) AppleWebKit/537.36 (KHTML, like Gecko) Chrome/86.0.4240.111 Safari/537.36"
2020-11-19 17:55:41.204 200 "POST http localhost:8200 /system/config/dict/edit HTTP/1.1" 85.138, [::1], "http://localhost:81/", "Mozilla/5.0 (Windows NT 10.0; Win64; x64) AppleWebKit/537.36 (KHTML, like Gecko) Chrome/86.0.4240.111 Safari/537.36"
2020-11-19 17:57:25.311 200 "POST http localhost:8200 /system/config/dict/edit HTTP/1.1" 2.638, [::1], "http://localhost:81/", "Mozilla/5.0 (Windows NT 10.0; Win64; x64) AppleWebKit/537.36 (KHTML, like Gecko) Chrome/86.0.4240.111 Safari/537.36"
2020-11-19 18:05:37.360 200 "POST http localhost:8200 /system/config/dict/edit HTTP/1.1" 0.087, [::1], "http://localhost:81/", "Mozilla/5.0 (Windows NT 10.0; Win64; x64) AppleWebKit/537.36 (KHTML, like Gecko) Chrome/86.0.4240.111 Safari/537.36"
2020-11-19 18:05:37.389 200 "OPTIONS http localhost:8200 /system/config/dict/list?pageNum=1&pageSize=10&beginTime=&endTime= HTTP/1.1" 0.000, [::1], "http://localhost:81/", "Mozilla/5.0 (Windows NT 10.0; Win64; x64) AppleWebKit/537.36 (KHTML, like Gecko) Chrome/86.0.4240.111 Safari/537.36"
2020-11-19 18:05:37.405 200 "GET http localhost:8200 /system/config/dict/list?pageNum=1&pageSize=10&beginTime=&endTime= HTTP/1.1" 0.014, [::1], "http://localhost:81/", "Mozilla/5.0 (Windows NT 10.0; Win64; x64) AppleWebKit/537.36 (KHTML, like Gecko) Chrome/86.0.4240.111 Safari/537.36"
