2020-11-18 21:04:46.149 200 "POST http localhost:8200 /captcha/get/img HTTP/1.1" 0.029, [::1], "http://localhost:81/", "Mozilla/5.0 (Windows NT 10.0; Win64; x64) AppleWebKit/537.36 (KHTML, like Gecko) Chrome/86.0.4240.111 Safari/537.36"
2020-11-18 21:04:52.712 200 "OPTIONS http localhost:8200 /sysLogin/login HTTP/1.1" 0.000, [::1], "http://localhost:81/", "Mozilla/5.0 (Windows NT 10.0; Win64; x64) AppleWebKit/537.36 (KHTML, like Gecko) Chrome/86.0.4240.111 Safari/537.36"
2020-11-18 21:04:52.716 200 "POST http localhost:8200 /sysLogin/login HTTP/1.1" 0.001, [::1], "http://localhost:81/", "Mozilla/5.0 (Windows NT 10.0; Win64; x64) AppleWebKit/537.36 (KHTML, like Gecko) Chrome/86.0.4240.111 Safari/537.36"
2020-11-18 21:04:52.753 200 "POST http localhost:8200 /captcha/get/img HTTP/1.1" 0.023, [::1], "http://localhost:81/", "Mozilla/5.0 (Windows NT 10.0; Win64; x64) AppleWebKit/537.36 (KHTML, like Gecko) Chrome/86.0.4240.111 Safari/537.36"
2020-11-18 21:05:00.309 200 "POST http localhost:8200 /sysLogin/login HTTP/1.1" 0.159, [::1], "http://localhost:81/", "Mozilla/5.0 (Windows NT 10.0; Win64; x64) AppleWebKit/537.36 (KHTML, like Gecko) Chrome/86.0.4240.111 Safari/537.36"
2020-11-18 21:05:00.322 200 "OPTIONS http localhost:8200 /system/index/getInfo HTTP/1.1" 0.002, [::1], "http://localhost:81/", "Mozilla/5.0 (Windows NT 10.0; Win64; x64) AppleWebKit/537.36 (KHTML, like Gecko) Chrome/86.0.4240.111 Safari/537.36"
2020-11-18 21:05:00.484 200 "GET http localhost:8200 /system/index/getInfo HTTP/1.1" 0.156, [::1], "http://localhost:81/", "Mozilla/5.0 (Windows NT 10.0; Win64; x64) AppleWebKit/537.36 (KHTML, like Gecko) Chrome/86.0.4240.111 Safari/537.36"
2020-11-18 21:05:00.491 200 "OPTIONS http localhost:8200 /system/index/getRouters HTTP/1.1" 0.000, [::1], "http://localhost:81/", "Mozilla/5.0 (Windows NT 10.0; Win64; x64) AppleWebKit/537.36 (KHTML, like Gecko) Chrome/86.0.4240.111 Safari/537.36"
2020-11-18 21:05:00.500 200 "GET http localhost:8200 /system/index/getRouters HTTP/1.1" 0.007, [::1], "http://localhost:81/", "Mozilla/5.0 (Windows NT 10.0; Win64; x64) AppleWebKit/537.36 (KHTML, like Gecko) Chrome/86.0.4240.111 Safari/537.36"
2020-11-18 21:05:01.517 200 "GET http localhost:8200 /pub_upload/2020-09-03/c5disauti1wogasemy.jpeg HTTP/1.1" 0.268, [::1], "http://localhost:81/", "Mozilla/5.0 (Windows NT 10.0; Win64; x64) AppleWebKit/537.36 (KHTML, like Gecko) Chrome/86.0.4240.111 Safari/537.36"
2020-11-18 21:05:06.475 200 "OPTIONS http localhost:8200 /system/auth/menuList HTTP/1.1" 0.000, [::1], "http://localhost:81/", "Mozilla/5.0 (Windows NT 10.0; Win64; x64) AppleWebKit/537.36 (KHTML, like Gecko) Chrome/86.0.4240.111 Safari/537.36"
2020-11-18 21:05:06.553 200 "GET http localhost:8200 /system/auth/menuList HTTP/1.1" 0.076, [::1], "http://localhost:81/", "Mozilla/5.0 (Windows NT 10.0; Win64; x64) AppleWebKit/537.36 (KHTML, like Gecko) Chrome/86.0.4240.111 Safari/537.36"
2020-11-18 21:05:11.780 200 "OPTIONS http localhost:8200 /system/monitor/server/info HTTP/1.1" 0.001, [::1], "http://localhost:81/", "Mozilla/5.0 (Windows NT 10.0; Win64; x64) AppleWebKit/537.36 (KHTML, like Gecko) Chrome/86.0.4240.111 Safari/537.36"
2020-11-18 21:05:12.798 200 "GET http localhost:8200 /system/monitor/server/info HTTP/1.1" 1.017, [::1], "http://localhost:81/", "Mozilla/5.0 (Windows NT 10.0; Win64; x64) AppleWebKit/537.36 (KHTML, like Gecko) Chrome/86.0.4240.111 Safari/537.36"
2020-11-18 21:05:17.541 200 "OPTIONS http localhost:8200 /system/monitor/online/list?pageNum=1&pageSize=10 HTTP/1.1" 0.000, [::1], "http://localhost:81/", "Mozilla/5.0 (Windows NT 10.0; Win64; x64) AppleWebKit/537.36 (KHTML, like Gecko) Chrome/86.0.4240.111 Safari/537.36"
2020-11-18 21:05:17.551 200 "GET http localhost:8200 /system/monitor/online/list?pageNum=1&pageSize=10 HTTP/1.1" 0.007, [::1], "http://localhost:81/", "Mozilla/5.0 (Windows NT 10.0; Win64; x64) AppleWebKit/537.36 (KHTML, like Gecko) Chrome/86.0.4240.111 Safari/537.36"
2020-11-18 21:05:21.527 200 "OPTIONS http localhost:8200 /system/cms/news/list?pageNum=1&pageSize=10&keyWords= HTTP/1.1" 0.000, [::1], "http://localhost:81/", "Mozilla/5.0 (Windows NT 10.0; Win64; x64) AppleWebKit/537.36 (KHTML, like Gecko) Chrome/86.0.4240.111 Safari/537.36"
2020-11-18 21:05:21.660 200 "GET http localhost:8200 /system/cms/news/list?pageNum=1&pageSize=10&keyWords= HTTP/1.1" 0.130, [::1], "http://localhost:81/", "Mozilla/5.0 (Windows NT 10.0; Win64; x64) AppleWebKit/537.36 (KHTML, like Gecko) Chrome/86.0.4240.111 Safari/537.36"
2020-11-18 21:05:21.711 404 "GET http localhost:8200 /pub_upload/2020-10-30/c6pwzxde4qkkciir2g.jpeg HTTP/1.1" 0.000, [::1], "http://localhost:81/", "Mozilla/5.0 (Windows NT 10.0; Win64; x64) AppleWebKit/537.36 (KHTML, like Gecko) Chrome/86.0.4240.111 Safari/537.36"
2020-11-18 21:05:21.713 404 "GET http localhost:8200 /pub_upload/2020-10-30/c6pwy5wn1398e93sjy.jpg HTTP/1.1" 0.000, [::1], "http://localhost:81/", "Mozilla/5.0 (Windows NT 10.0; Win64; x64) AppleWebKit/537.36 (KHTML, like Gecko) Chrome/86.0.4240.111 Safari/537.36"
2020-11-18 21:05:21.713 404 "GET http localhost:8200 /pub_upload/2020-10-30/c6pwsqcu6mi85nxf0g.png HTTP/1.1" 0.000, [::1], "http://localhost:81/", "Mozilla/5.0 (Windows NT 10.0; Win64; x64) AppleWebKit/537.36 (KHTML, like Gecko) Chrome/86.0.4240.111 Safari/537.36"
2020-11-18 21:05:21.713 404 "GET http localhost:8200 /pub_upload/2020-10-30/c6pww9dkku60m8yrpv.jpg HTTP/1.1" 0.001, [::1], "http://localhost:81/", "Mozilla/5.0 (Windows NT 10.0; Win64; x64) AppleWebKit/537.36 (KHTML, like Gecko) Chrome/86.0.4240.111 Safari/537.36"
2020-11-18 21:05:21.713 404 "GET http localhost:8200 /pub_upload/2020-10-30/c6pwvdddc9kolqpyvu.jpg HTTP/1.1" 0.001, [::1], "http://localhost:81/", "Mozilla/5.0 (Windows NT 10.0; Win64; x64) AppleWebKit/537.36 (KHTML, like Gecko) Chrome/86.0.4240.111 Safari/537.36"
2020-11-18 21:05:21.714 404 "GET http localhost:8200 /pub_upload/2020-10-30/c6pwuapknpacaljqm5.jpg HTTP/1.1" 0.000, [::1], "http://localhost:81/", "Mozilla/5.0 (Windows NT 10.0; Win64; x64) AppleWebKit/537.36 (KHTML, like Gecko) Chrome/86.0.4240.111 Safari/537.36"
2020-11-18 21:05:21.717 404 "GET http localhost:8200 /pub_upload/2020-10-30/c6pwrxducjwol7kb2q.jpeg HTTP/1.1" 0.001, [::1], "http://localhost:81/", "Mozilla/5.0 (Windows NT 10.0; Win64; x64) AppleWebKit/537.36 (KHTML, like Gecko) Chrome/86.0.4240.111 Safari/537.36"
2020-11-18 21:05:21.718 404 "GET http localhost:8200 /pub_upload/2020-10-30/c6pwqm121lnoncnkvs.jpg HTTP/1.1" 0.000, [::1], "http://localhost:81/", "Mozilla/5.0 (Windows NT 10.0; Win64; x64) AppleWebKit/537.36 (KHTML, like Gecko) Chrome/86.0.4240.111 Safari/537.36"
2020-11-18 21:05:21.719 404 "GET http localhost:8200 /pub_upload/2020-10-30/c6pwno8goau0ukjg3q.jpg HTTP/1.1" 0.001, [::1], "http://localhost:81/", "Mozilla/5.0 (Windows NT 10.0; Win64; x64) AppleWebKit/537.36 (KHTML, like Gecko) Chrome/86.0.4240.111 Safari/537.36"
2020-11-18 21:05:29.696 200 "OPTIONS http localhost:8200 /system/model/info/list?pageNum=1&pageSize=10 HTTP/1.1" 0.001, [::1], "http://localhost:81/", "Mozilla/5.0 (Windows NT 10.0; Win64; x64) AppleWebKit/537.36 (KHTML, like Gecko) Chrome/86.0.4240.111 Safari/537.36"
2020-11-18 21:05:29.696 200 "OPTIONS http localhost:8200 /system/config/dict/getDicts?dictType=sys_normal_disable HTTP/1.1" 0.000, [::1], "http://localhost:81/", "Mozilla/5.0 (Windows NT 10.0; Win64; x64) AppleWebKit/537.36 (KHTML, like Gecko) Chrome/86.0.4240.111 Safari/537.36"
2020-11-18 21:05:29.698 200 "OPTIONS http localhost:8200 /system/model/category/all HTTP/1.1" 0.000, [::1], "http://localhost:81/", "Mozilla/5.0 (Windows NT 10.0; Win64; x64) AppleWebKit/537.36 (KHTML, like Gecko) Chrome/86.0.4240.111 Safari/537.36"
2020-11-18 21:05:29.702 200 "GET http localhost:8200 /system/config/dict/getDicts?dictType=sys_normal_disable HTTP/1.1" 0.003, [::1], "http://localhost:81/", "Mozilla/5.0 (Windows NT 10.0; Win64; x64) AppleWebKit/537.36 (KHTML, like Gecko) Chrome/86.0.4240.111 Safari/537.36"
2020-11-18 21:05:29.790 200 "GET http localhost:8200 /system/model/category/all HTTP/1.1" 0.090, [::1], "http://localhost:81/", "Mozilla/5.0 (Windows NT 10.0; Win64; x64) AppleWebKit/537.36 (KHTML, like Gecko) Chrome/86.0.4240.111 Safari/537.36"
2020-11-18 21:05:29.797 200 "GET http localhost:8200 /system/model/info/list?pageNum=1&pageSize=10 HTTP/1.1" 0.099, [::1], "http://localhost:81/", "Mozilla/5.0 (Windows NT 10.0; Win64; x64) AppleWebKit/537.36 (KHTML, like Gecko) Chrome/86.0.4240.111 Safari/537.36"
