2020-11-14 11:45:51.146 200 "GET http localhost:8200 / HTTP/1.1" 0.233, [::1], "", "Mozilla/5.0 (Windows NT 10.0; Win64; x64) AppleWebKit/537.36 (KHTML, like Gecko) Chrome/86.0.4240.111 Safari/537.36"
2020-11-14 11:45:51.172 200 "GET http localhost:8200 /static/css/chunk-libs.da13e127.css HTTP/1.1" 0.007, [::1], "http://localhost:8200/", "Mozilla/5.0 (Windows NT 10.0; Win64; x64) AppleWebKit/537.36 (KHTML, like Gecko) Chrome/86.0.4240.111 Safari/537.36"
2020-11-14 11:45:51.182 200 "GET http localhost:8200 /static/css/app.f8955b3b.css HTTP/1.1" 0.015, [::1], "http://localhost:8200/", "Mozilla/5.0 (Windows NT 10.0; Win64; x64) AppleWebKit/537.36 (KHTML, like Gecko) Chrome/86.0.4240.111 Safari/537.36"
2020-11-14 11:45:51.202 200 "GET http localhost:8200 /static/js/chunk-libs.c93a6cdc.js HTTP/1.1" 0.033, [::1], "http://localhost:8200/", "Mozilla/5.0 (Windows NT 10.0; Win64; x64) AppleWebKit/537.36 (KHTML, like Gecko) Chrome/86.0.4240.111 Safari/537.36"
2020-11-14 11:45:51.247 200 "GET http localhost:8200 /static/js/app.2e3e4140.js HTTP/1.1" 0.077, [::1], "http://localhost:8200/", "Mozilla/5.0 (Windows NT 10.0; Win64; x64) AppleWebKit/537.36 (KHTML, like Gecko) Chrome/86.0.4240.111 Safari/537.36"
2020-11-14 11:45:51.259 200 "GET http localhost:8200 /static/js/chunk-elementUI.560cf399.js HTTP/1.1" 0.090, [::1], "http://localhost:8200/", "Mozilla/5.0 (Windows NT 10.0; Win64; x64) AppleWebKit/537.36 (KHTML, like Gecko) Chrome/86.0.4240.111 Safari/537.36"
2020-11-14 11:45:51.533 200 "GET http localhost:8200 /favicon.ico HTTP/1.1" 0.047, [::1], "http://localhost:8200/", "Mozilla/5.0 (Windows NT 10.0; Win64; x64) AppleWebKit/537.36 (KHTML, like Gecko) Chrome/86.0.4240.111 Safari/537.36"
2020-11-14 11:45:51.988 200 "GET http localhost:8200 /system/index/getInfo HTTP/1.1" 0.591, [::1], "http://localhost:8200/", "Mozilla/5.0 (Windows NT 10.0; Win64; x64) AppleWebKit/537.36 (KHTML, like Gecko) Chrome/86.0.4240.111 Safari/537.36"
2020-11-14 11:45:51.995 200 "GET http localhost:8200 /system/index/getRouters HTTP/1.1" 0.002, [::1], "http://localhost:8200/", "Mozilla/5.0 (Windows NT 10.0; Win64; x64) AppleWebKit/537.36 (KHTML, like Gecko) Chrome/86.0.4240.111 Safari/537.36"
2020-11-14 11:45:52.037 200 "GET http localhost:8200 /static/css/chunk-2eaa84fb.16d8ef2f.css HTTP/1.1" 0.033, [::1], "http://localhost:8200/", "Mozilla/5.0 (Windows NT 10.0; Win64; x64) AppleWebKit/537.36 (KHTML, like Gecko) Chrome/86.0.4240.111 Safari/537.36"
2020-11-14 11:45:52.042 200 "GET http localhost:8200 /static/js/chunk-2eaa84fb.a81d69aa.js HTTP/1.1" 0.035, [::1], "http://localhost:8200/", "Mozilla/5.0 (Windows NT 10.0; Win64; x64) AppleWebKit/537.36 (KHTML, like Gecko) Chrome/86.0.4240.111 Safari/537.36"
2020-11-14 11:45:52.186 200 "GET http localhost:8200 /static/js/chunk-4b90662e.2b4e57e7.js HTTP/1.1" 0.180, [::1], "http://localhost:8200/", "Mozilla/5.0 (Windows NT 10.0; Win64; x64) AppleWebKit/537.36 (KHTML, like Gecko) Chrome/86.0.4240.111 Safari/537.36"
2020-11-14 11:45:52.488 200 "GET http localhost:8200 /static/img/profile.473f5971.jpg HTTP/1.1" 0.012, [::1], "http://localhost:8200/", "Mozilla/5.0 (Windows NT 10.0; Win64; x64) AppleWebKit/537.36 (KHTML, like Gecko) Chrome/86.0.4240.111 Safari/537.36"
2020-11-14 11:45:52.540 200 "GET http localhost:8200 /images/jz.jpg HTTP/1.1" 0.064, [::1], "http://localhost:8200/", "Mozilla/5.0 (Windows NT 10.0; Win64; x64) AppleWebKit/537.36 (KHTML, like Gecko) Chrome/86.0.4240.111 Safari/537.36"
2020-11-14 11:45:52.753 200 "GET http localhost:8200 /static/fonts/element-icons.535877f5.woff HTTP/1.1" 0.027, [::1], "http://localhost:8200/static/css/app.f8955b3b.css", "Mozilla/5.0 (Windows NT 10.0; Win64; x64) AppleWebKit/537.36 (KHTML, like Gecko) Chrome/86.0.4240.111 Safari/537.36"
2020-11-14 11:45:56.807 200 "GET http localhost:8200 /static/js/chunk-08486bce.ba88a103.js HTTP/1.1" 0.023, [::1], "http://localhost:8200/", "Mozilla/5.0 (Windows NT 10.0; Win64; x64) AppleWebKit/537.36 (KHTML, like Gecko) Chrome/86.0.4240.111 Safari/537.36"
2020-11-14 11:45:56.810 200 "GET http localhost:8200 /static/js/chunk-2d0e2366.6ae05f67.js HTTP/1.1" 0.028, [::1], "http://localhost:8200/", "Mozilla/5.0 (Windows NT 10.0; Win64; x64) AppleWebKit/537.36 (KHTML, like Gecko) Chrome/86.0.4240.111 Safari/537.36"
2020-11-14 11:45:57.500 200 "GET http localhost:8200 /system/user/profile HTTP/1.1" 0.105, [::1], "http://localhost:8200/", "Mozilla/5.0 (Windows NT 10.0; Win64; x64) AppleWebKit/537.36 (KHTML, like Gecko) Chrome/86.0.4240.111 Safari/537.36"
2020-11-14 11:46:04.749 200 "POST http localhost:8200 /sysLogin/logout HTTP/1.1" 0.030, [::1], "http://localhost:8200/", "Mozilla/5.0 (Windows NT 10.0; Win64; x64) AppleWebKit/537.36 (KHTML, like Gecko) Chrome/86.0.4240.111 Safari/537.36"
2020-11-14 11:46:04.769 200 "GET http localhost:8200 / HTTP/1.1" 0.012, [::1], "http://localhost:8200/", "Mozilla/5.0 (Windows NT 10.0; Win64; x64) AppleWebKit/537.36 (KHTML, like Gecko) Chrome/86.0.4240.111 Safari/537.36"
2020-11-14 11:46:05.026 200 "GET http localhost:8200 /static/css/chunk-68d5bf9e.3c72d4e5.css HTTP/1.1" 0.055, [::1], "http://localhost:8200/", "Mozilla/5.0 (Windows NT 10.0; Win64; x64) AppleWebKit/537.36 (KHTML, like Gecko) Chrome/86.0.4240.111 Safari/537.36"
2020-11-14 11:46:05.069 200 "GET http localhost:8200 /static/js/chunk-2d0d6345.609cfcf0.js HTTP/1.1" 0.104, [::1], "http://localhost:8200/", "Mozilla/5.0 (Windows NT 10.0; Win64; x64) AppleWebKit/537.36 (KHTML, like Gecko) Chrome/86.0.4240.111 Safari/537.36"
2020-11-14 11:46:05.075 200 "GET http localhost:8200 /static/js/chunk-68d5bf9e.98265403.js HTTP/1.1" 0.107, [::1], "http://localhost:8200/", "Mozilla/5.0 (Windows NT 10.0; Win64; x64) AppleWebKit/537.36 (KHTML, like Gecko) Chrome/86.0.4240.111 Safari/537.36"
2020-11-14 11:46:05.224 200 "GET http localhost:8200 /static/img/login-background.f9f49138.jpg HTTP/1.1" 0.122, [::1], "http://localhost:8200/static/css/chunk-68d5bf9e.3c72d4e5.css", "Mozilla/5.0 (Windows NT 10.0; Win64; x64) AppleWebKit/537.36 (KHTML, like Gecko) Chrome/86.0.4240.111 Safari/537.36"
2020-11-14 11:46:05.358 200 "POST http localhost:8200 /captcha/get/img HTTP/1.1" 0.246, [::1], "http://localhost:8200/", "Mozilla/5.0 (Windows NT 10.0; Win64; x64) AppleWebKit/537.36 (KHTML, like Gecko) Chrome/86.0.4240.111 Safari/537.36"
2020-11-14 11:46:08.577 200 "POST http localhost:8200 /sysLogin/login HTTP/1.1" 0.114, [::1], "http://localhost:8200/", "Mozilla/5.0 (Windows NT 10.0; Win64; x64) AppleWebKit/537.36 (KHTML, like Gecko) Chrome/86.0.4240.111 Safari/537.36"
2020-11-14 11:46:08.617 200 "GET http localhost:8200 /system/index/getInfo HTTP/1.1" 0.020, [::1], "http://localhost:8200/", "Mozilla/5.0 (Windows NT 10.0; Win64; x64) AppleWebKit/537.36 (KHTML, like Gecko) Chrome/86.0.4240.111 Safari/537.36"
2020-11-14 11:46:08.629 200 "GET http localhost:8200 /system/index/getRouters HTTP/1.1" 0.006, [::1], "http://localhost:8200/", "Mozilla/5.0 (Windows NT 10.0; Win64; x64) AppleWebKit/537.36 (KHTML, like Gecko) Chrome/86.0.4240.111 Safari/537.36"
2020-11-14 11:46:08.821 200 "GET http localhost:8200 /system/user/profile HTTP/1.1" 0.013, [::1], "http://localhost:8200/", "Mozilla/5.0 (Windows NT 10.0; Win64; x64) AppleWebKit/537.36 (KHTML, like Gecko) Chrome/86.0.4240.111 Safari/537.36"
2020-11-14 11:46:08.864 200 "GET http localhost:8200 /pub_upload/2020-09-03/c5disauti1wogasemy.jpeg?v=0.08869364630023635 HTTP/1.1" 0.029, [::1], "http://localhost:8200/", "Mozilla/5.0 (Windows NT 10.0; Win64; x64) AppleWebKit/537.36 (KHTML, like Gecko) Chrome/86.0.4240.111 Safari/537.36"
2020-11-14 11:46:08.864 200 "GET http localhost:8200 /pub_upload/2020-09-03/c5disauti1wogasemy.jpeg HTTP/1.1" 0.061, [::1], "http://localhost:8200/", "Mozilla/5.0 (Windows NT 10.0; Win64; x64) AppleWebKit/537.36 (KHTML, like Gecko) Chrome/86.0.4240.111 Safari/537.36"
2020-11-14 11:46:11.074 200 "GET http localhost:8200 /static/js/chunk-2d0c84d3.4db0f43b.js HTTP/1.1" 0.015, [::1], "http://localhost:8200/", "Mozilla/5.0 (Windows NT 10.0; Win64; x64) AppleWebKit/537.36 (KHTML, like Gecko) Chrome/86.0.4240.111 Safari/537.36"
2020-11-14 11:46:11.086 200 "GET http localhost:8200 /static/css/chunk-09e67496.b96a7ec7.css HTTP/1.1" 0.025, [::1], "http://localhost:8200/", "Mozilla/5.0 (Windows NT 10.0; Win64; x64) AppleWebKit/537.36 (KHTML, like Gecko) Chrome/86.0.4240.111 Safari/537.36"
2020-11-14 11:46:11.097 200 "GET http localhost:8200 /static/js/chunk-09e67496.61ab67cc.js HTTP/1.1" 0.036, [::1], "http://localhost:8200/", "Mozilla/5.0 (Windows NT 10.0; Win64; x64) AppleWebKit/537.36 (KHTML, like Gecko) Chrome/86.0.4240.111 Safari/537.36"
2020-11-14 11:46:12.021 200 "GET http localhost:8200 /system/config/dict/list?pageNum=1&pageSize=10&beginTime=&endTime= HTTP/1.1" 0.144, [::1], "http://localhost:8200/", "Mozilla/5.0 (Windows NT 10.0; Win64; x64) AppleWebKit/537.36 (KHTML, like Gecko) Chrome/86.0.4240.111 Safari/537.36"
2020-11-14 11:46:13.476 200 "GET http localhost:8200 /system/config/dict/edit?dictId=1 HTTP/1.1" 0.003, [::1], "http://localhost:8200/", "Mozilla/5.0 (Windows NT 10.0; Win64; x64) AppleWebKit/537.36 (KHTML, like Gecko) Chrome/86.0.4240.111 Safari/537.36"
2020-11-14 11:46:14.914 200 "POST http localhost:8200 /system/config/dict/edit HTTP/1.1" 0.071, [::1], "http://localhost:8200/", "Mozilla/5.0 (Windows NT 10.0; Win64; x64) AppleWebKit/537.36 (KHTML, like Gecko) Chrome/86.0.4240.111 Safari/537.36"
2020-11-14 11:46:14.939 200 "GET http localhost:8200 /system/config/dict/list?pageNum=1&pageSize=10&beginTime=&endTime= HTTP/1.1" 0.009, [::1], "http://localhost:8200/", "Mozilla/5.0 (Windows NT 10.0; Win64; x64) AppleWebKit/537.36 (KHTML, like Gecko) Chrome/86.0.4240.111 Safari/537.36"
2020-11-14 11:49:19.786 200 "OPTIONS http localhost:8200 /system/index/getInfo HTTP/1.1" 0.112, [::1], "http://localhost:81/", "Mozilla/5.0 (Windows NT 10.0; Win64; x64) AppleWebKit/537.36 (KHTML, like Gecko) Chrome/86.0.4240.111 Safari/537.36"
2020-11-14 11:49:20.032 200 "GET http localhost:8200 /system/index/getInfo HTTP/1.1" 0.244, [::1], "http://localhost:81/", "Mozilla/5.0 (Windows NT 10.0; Win64; x64) AppleWebKit/537.36 (KHTML, like Gecko) Chrome/86.0.4240.111 Safari/537.36"
2020-11-14 11:49:20.039 200 "OPTIONS http localhost:8200 /system/index/getRouters HTTP/1.1" 0.000, [::1], "http://localhost:81/", "Mozilla/5.0 (Windows NT 10.0; Win64; x64) AppleWebKit/537.36 (KHTML, like Gecko) Chrome/86.0.4240.111 Safari/537.36"
2020-11-14 11:49:20.046 200 "GET http localhost:8200 /system/index/getRouters HTTP/1.1" 0.005, [::1], "http://localhost:81/", "Mozilla/5.0 (Windows NT 10.0; Win64; x64) AppleWebKit/537.36 (KHTML, like Gecko) Chrome/86.0.4240.111 Safari/537.36"
2020-11-14 11:49:24.125 200 "OPTIONS http localhost:8200 /system/config/dict/list?pageNum=1&pageSize=10&beginTime=&endTime= HTTP/1.1" 0.009, [::1], "http://localhost:81/", "Mozilla/5.0 (Windows NT 10.0; Win64; x64) AppleWebKit/537.36 (KHTML, like Gecko) Chrome/86.0.4240.111 Safari/537.36"
2020-11-14 11:49:24.182 200 "GET http localhost:8200 /system/config/dict/list?pageNum=1&pageSize=10&beginTime=&endTime= HTTP/1.1" 0.055, [::1], "http://localhost:81/", "Mozilla/5.0 (Windows NT 10.0; Win64; x64) AppleWebKit/537.36 (KHTML, like Gecko) Chrome/86.0.4240.111 Safari/537.36"
2020-11-14 11:49:25.370 200 "OPTIONS http localhost:8200 /system/config/dict/edit?dictId=1 HTTP/1.1" 0.000, [::1], "http://localhost:81/", "Mozilla/5.0 (Windows NT 10.0; Win64; x64) AppleWebKit/537.36 (KHTML, like Gecko) Chrome/86.0.4240.111 Safari/537.36"
2020-11-14 11:49:25.374 200 "GET http localhost:8200 /system/config/dict/edit?dictId=1 HTTP/1.1" 0.002, [::1], "http://localhost:81/", "Mozilla/5.0 (Windows NT 10.0; Win64; x64) AppleWebKit/537.36 (KHTML, like Gecko) Chrome/86.0.4240.111 Safari/537.36"
2020-11-14 11:49:28.709 200 "OPTIONS http localhost:8200 /system/config/dict/edit HTTP/1.1" 0.000, [::1], "http://localhost:81/", "Mozilla/5.0 (Windows NT 10.0; Win64; x64) AppleWebKit/537.36 (KHTML, like Gecko) Chrome/86.0.4240.111 Safari/537.36"
2020-11-14 11:49:28.806 200 "POST http localhost:8200 /system/config/dict/edit HTTP/1.1" 0.083, [::1], "http://localhost:81/", "Mozilla/5.0 (Windows NT 10.0; Win64; x64) AppleWebKit/537.36 (KHTML, like Gecko) Chrome/86.0.4240.111 Safari/537.36"
2020-11-14 11:49:28.829 200 "GET http localhost:8200 /system/config/dict/list?pageNum=1&pageSize=10&beginTime=&endTime= HTTP/1.1" 0.006, [::1], "http://localhost:81/", "Mozilla/5.0 (Windows NT 10.0; Win64; x64) AppleWebKit/537.36 (KHTML, like Gecko) Chrome/86.0.4240.111 Safari/537.36"
