2020-12-09 15:14:50.973 200 "POST http localhost:8200 /captcha/get/img HTTP/1.1" 0.092, [::1], "http://localhost:82/", "Mozilla/5.0 (Windows NT 10.0; Win64; x64) AppleWebKit/537.36 (KHTML, like Gecko) Chrome/87.0.4280.66 Safari/537.36"
2020-12-09 15:14:57.503 200 "OPTIONS http localhost:8200 /sysLogin/login HTTP/1.1" 0.001, [::1], "http://localhost:82/", "Mozilla/5.0 (Windows NT 10.0; Win64; x64) AppleWebKit/537.36 (KHTML, like Gecko) Chrome/87.0.4280.66 Safari/537.36"
2020-12-09 15:14:57.572 200 "POST http localhost:8200 /sysLogin/login HTTP/1.1" 0.066, [::1], "http://localhost:82/", "Mozilla/5.0 (Windows NT 10.0; Win64; x64) AppleWebKit/537.36 (KHTML, like Gecko) Chrome/87.0.4280.66 Safari/537.36"
2020-12-09 15:14:57.584 200 "OPTIONS http localhost:8200 /system/index/getInfo HTTP/1.1" 0.002, [::1], "http://localhost:82/", "Mozilla/5.0 (Windows NT 10.0; Win64; x64) AppleWebKit/537.36 (KHTML, like Gecko) Chrome/87.0.4280.66 Safari/537.36"
2020-12-09 15:14:57.713 200 "GET http localhost:8200 /system/index/getInfo HTTP/1.1" 0.126, [::1], "http://localhost:82/", "Mozilla/5.0 (Windows NT 10.0; Win64; x64) AppleWebKit/537.36 (KHTML, like Gecko) Chrome/87.0.4280.66 Safari/537.36"
2020-12-09 15:14:57.722 200 "OPTIONS http localhost:8200 /system/index/getRouters HTTP/1.1" 0.000, [::1], "http://localhost:82/", "Mozilla/5.0 (Windows NT 10.0; Win64; x64) AppleWebKit/537.36 (KHTML, like Gecko) Chrome/87.0.4280.66 Safari/537.36"
2020-12-09 15:14:57.730 200 "GET http localhost:8200 /system/index/getRouters HTTP/1.1" 0.006, [::1], "http://localhost:82/", "Mozilla/5.0 (Windows NT 10.0; Win64; x64) AppleWebKit/537.36 (KHTML, like Gecko) Chrome/87.0.4280.66 Safari/537.36"
2020-12-09 15:15:02.758 200 "OPTIONS http localhost:8200 /system/plugin/blog/log/list?pageNum=1&pageSize=10 HTTP/1.1" 0.001, [::1], "http://localhost:82/", "Mozilla/5.0 (Windows NT 10.0; Win64; x64) AppleWebKit/537.36 (KHTML, like Gecko) Chrome/87.0.4280.66 Safari/537.36"
2020-12-09 15:15:02.758 200 "OPTIONS http localhost:8200 /system/config/dict/getDicts?dictType=sys_normal_disable HTTP/1.1" 0.000, [::1], "http://localhost:82/", "Mozilla/5.0 (Windows NT 10.0; Win64; x64) AppleWebKit/537.36 (KHTML, like Gecko) Chrome/87.0.4280.66 Safari/537.36"
2020-12-09 15:15:02.760 200 "OPTIONS http localhost:8200 /system/config/dict/getDicts?dictType=sys_log_sign HTTP/1.1" 0.000, [::1], "http://localhost:82/", "Mozilla/5.0 (Windows NT 10.0; Win64; x64) AppleWebKit/537.36 (KHTML, like Gecko) Chrome/87.0.4280.66 Safari/537.36"
2020-12-09 15:15:02.815 200 "GET http localhost:8200 /system/config/dict/getDicts?dictType=sys_log_sign HTTP/1.1" 0.040, [::1], "http://localhost:82/", "Mozilla/5.0 (Windows NT 10.0; Win64; x64) AppleWebKit/537.36 (KHTML, like Gecko) Chrome/87.0.4280.66 Safari/537.36"
2020-12-09 15:15:02.849 200 "GET http localhost:8200 /system/plugin/blog/log/list?pageNum=1&pageSize=10 HTTP/1.1" 0.089, [::1], "http://localhost:82/", "Mozilla/5.0 (Windows NT 10.0; Win64; x64) AppleWebKit/537.36 (KHTML, like Gecko) Chrome/87.0.4280.66 Safari/537.36"
2020-12-09 15:15:02.851 200 "GET http localhost:8200 /system/config/dict/getDicts?dictType=sys_normal_disable HTTP/1.1" 0.091, [::1], "http://localhost:82/", "Mozilla/5.0 (Windows NT 10.0; Win64; x64) AppleWebKit/537.36 (KHTML, like Gecko) Chrome/87.0.4280.66 Safari/537.36"
2020-12-09 15:15:04.290 200 "OPTIONS http localhost:8200 /system/plugin/blog/classification/type HTTP/1.1" 0.002, [::1], "http://localhost:82/", "Mozilla/5.0 (Windows NT 10.0; Win64; x64) AppleWebKit/537.36 (KHTML, like Gecko) Chrome/87.0.4280.66 Safari/537.36"
2020-12-09 15:15:04.290 200 "OPTIONS http localhost:8200 /system/plugin/blog/log/edit?logID=15 HTTP/1.1" 0.000, [::1], "http://localhost:82/", "Mozilla/5.0 (Windows NT 10.0; Win64; x64) AppleWebKit/537.36 (KHTML, like Gecko) Chrome/87.0.4280.66 Safari/537.36"
2020-12-09 15:15:04.295 200 "GET http localhost:8200 /system/plugin/blog/classification/type HTTP/1.1" 0.003, [::1], "http://localhost:82/", "Mozilla/5.0 (Windows NT 10.0; Win64; x64) AppleWebKit/537.36 (KHTML, like Gecko) Chrome/87.0.4280.66 Safari/537.36"
2020-12-09 15:15:04.295 200 "GET http localhost:8200 /system/plugin/blog/log/edit?logID=15 HTTP/1.1" 0.003, [::1], "http://localhost:82/", "Mozilla/5.0 (Windows NT 10.0; Win64; x64) AppleWebKit/537.36 (KHTML, like Gecko) Chrome/87.0.4280.66 Safari/537.36"
2020-12-09 15:15:04.376 404 "GET http localhost:8200 /pub_upload/2020-10-22/c6jc7k3ebzjwgc0dty.png HTTP/1.1" 0.001, [::1], "http://localhost:82/", "Mozilla/5.0 (Windows NT 10.0; Win64; x64) AppleWebKit/537.36 (KHTML, like Gecko) Chrome/87.0.4280.66 Safari/537.36"
2020-12-09 15:15:12.633 200 "OPTIONS http localhost:8200 /system/cms/news/list?pageNum=1&pageSize=10&keyWords= HTTP/1.1" 0.000, [::1], "http://localhost:82/", "Mozilla/5.0 (Windows NT 10.0; Win64; x64) AppleWebKit/537.36 (KHTML, like Gecko) Chrome/87.0.4280.66 Safari/537.36"
2020-12-09 15:15:12.762 200 "GET http localhost:8200 /system/cms/news/list?pageNum=1&pageSize=10&keyWords= HTTP/1.1" 0.127, [::1], "http://localhost:82/", "Mozilla/5.0 (Windows NT 10.0; Win64; x64) AppleWebKit/537.36 (KHTML, like Gecko) Chrome/87.0.4280.66 Safari/537.36"
2020-12-09 15:15:12.813 404 "GET http localhost:8200 /pub_upload/2020-10-30/c6pwzxde4qkkciir2g.jpeg HTTP/1.1" 0.001, [::1], "http://localhost:82/", "Mozilla/5.0 (Windows NT 10.0; Win64; x64) AppleWebKit/537.36 (KHTML, like Gecko) Chrome/87.0.4280.66 Safari/537.36"
2020-12-09 15:15:12.815 404 "GET http localhost:8200 /pub_upload/2020-10-30/c6pwy5wn1398e93sjy.jpg HTTP/1.1" 0.001, [::1], "http://localhost:82/", "Mozilla/5.0 (Windows NT 10.0; Win64; x64) AppleWebKit/537.36 (KHTML, like Gecko) Chrome/87.0.4280.66 Safari/537.36"
2020-12-09 15:15:12.815 404 "GET http localhost:8200 /pub_upload/2020-10-30/c6pwuapknpacaljqm5.jpg HTTP/1.1" 0.000, [::1], "http://localhost:82/", "Mozilla/5.0 (Windows NT 10.0; Win64; x64) AppleWebKit/537.36 (KHTML, like Gecko) Chrome/87.0.4280.66 Safari/537.36"
2020-12-09 15:15:12.817 404 "GET http localhost:8200 /pub_upload/2020-10-30/c6pwsqcu6mi85nxf0g.png HTTP/1.1" 0.001, [::1], "http://localhost:82/", "Mozilla/5.0 (Windows NT 10.0; Win64; x64) AppleWebKit/537.36 (KHTML, like Gecko) Chrome/87.0.4280.66 Safari/537.36"
2020-12-09 15:15:12.817 404 "GET http localhost:8200 /pub_upload/2020-10-30/c6pww9dkku60m8yrpv.jpg HTTP/1.1" 0.003, [::1], "http://localhost:82/", "Mozilla/5.0 (Windows NT 10.0; Win64; x64) AppleWebKit/537.36 (KHTML, like Gecko) Chrome/87.0.4280.66 Safari/537.36"
2020-12-09 15:15:12.818 404 "GET http localhost:8200 /pub_upload/2020-10-30/c6pwvdddc9kolqpyvu.jpg HTTP/1.1" 0.003, [::1], "http://localhost:82/", "Mozilla/5.0 (Windows NT 10.0; Win64; x64) AppleWebKit/537.36 (KHTML, like Gecko) Chrome/87.0.4280.66 Safari/537.36"
2020-12-09 15:15:12.840 404 "GET http localhost:8200 /pub_upload/2020-10-30/c6pwrxducjwol7kb2q.jpeg HTTP/1.1" 0.001, [::1], "http://localhost:82/", "Mozilla/5.0 (Windows NT 10.0; Win64; x64) AppleWebKit/537.36 (KHTML, like Gecko) Chrome/87.0.4280.66 Safari/537.36"
2020-12-09 15:15:12.840 404 "GET http localhost:8200 /pub_upload/2020-10-30/c6pwqm121lnoncnkvs.jpg HTTP/1.1" 0.000, [::1], "http://localhost:82/", "Mozilla/5.0 (Windows NT 10.0; Win64; x64) AppleWebKit/537.36 (KHTML, like Gecko) Chrome/87.0.4280.66 Safari/537.36"
2020-12-09 15:15:12.844 404 "GET http localhost:8200 /pub_upload/2020-10-30/c6pwno8goau0ukjg3q.jpg HTTP/1.1" 0.000, [::1], "http://localhost:82/", "Mozilla/5.0 (Windows NT 10.0; Win64; x64) AppleWebKit/537.36 (KHTML, like Gecko) Chrome/87.0.4280.66 Safari/537.36"
2020-12-09 15:15:15.319 200 "OPTIONS http localhost:8200 /system/cms/news/list?pageNum=2&pageSize=10&keyWords= HTTP/1.1" 0.001, [::1], "http://localhost:82/", "Mozilla/5.0 (Windows NT 10.0; Win64; x64) AppleWebKit/537.36 (KHTML, like Gecko) Chrome/87.0.4280.66 Safari/537.36"
2020-12-09 15:15:15.334 200 "GET http localhost:8200 /system/cms/news/list?pageNum=2&pageSize=10&keyWords= HTTP/1.1" 0.014, [::1], "http://localhost:82/", "Mozilla/5.0 (Windows NT 10.0; Win64; x64) AppleWebKit/537.36 (KHTML, like Gecko) Chrome/87.0.4280.66 Safari/537.36"
2020-12-09 15:15:15.362 404 "GET http localhost:8200 /pub_upload/2020-10-29/c6p8s7uup7x4xymfea.jpg HTTP/1.1" 0.000, [::1], "http://localhost:82/", "Mozilla/5.0 (Windows NT 10.0; Win64; x64) AppleWebKit/537.36 (KHTML, like Gecko) Chrome/87.0.4280.66 Safari/537.36"
2020-12-09 15:15:15.362 404 "GET http localhost:8200 /pub_upload/2020-10-28/c6oegkcicda8ecbjfl.jpg HTTP/1.1" 0.000, [::1], "http://localhost:82/", "Mozilla/5.0 (Windows NT 10.0; Win64; x64) AppleWebKit/537.36 (KHTML, like Gecko) Chrome/87.0.4280.66 Safari/537.36"
2020-12-09 15:15:15.362 404 "GET http localhost:8200 /pub_upload/2020-10-29/c6p8xz30dbhcxzygv6.png HTTP/1.1" 0.000, [::1], "http://localhost:82/", "Mozilla/5.0 (Windows NT 10.0; Win64; x64) AppleWebKit/537.36 (KHTML, like Gecko) Chrome/87.0.4280.66 Safari/537.36"
2020-12-09 15:15:15.362 404 "GET http localhost:8200 /pub_upload/2020-10-29/c6p8uohyl7kg6caoxf.jpg HTTP/1.1" 0.000, [::1], "http://localhost:82/", "Mozilla/5.0 (Windows NT 10.0; Win64; x64) AppleWebKit/537.36 (KHTML, like Gecko) Chrome/87.0.4280.66 Safari/537.36"
2020-12-09 15:15:15.363 404 "GET http localhost:8200 /pub_upload/2020-10-29/c6p0haeubqqsnlhejw.jpg HTTP/1.1" 0.000, [::1], "http://localhost:82/", "Mozilla/5.0 (Windows NT 10.0; Win64; x64) AppleWebKit/537.36 (KHTML, like Gecko) Chrome/87.0.4280.66 Safari/537.36"
2020-12-09 15:15:15.362 404 "GET http localhost:8200 /pub_upload/2020-10-29/c6p8za2ovxxgp3vejs.jpg HTTP/1.1" 0.000, [::1], "http://localhost:82/", "Mozilla/5.0 (Windows NT 10.0; Win64; x64) AppleWebKit/537.36 (KHTML, like Gecko) Chrome/87.0.4280.66 Safari/537.36"
2020-12-09 15:15:15.366 404 "GET http localhost:8200 /pub_upload/2020-10-27/c6niwywhjvjcjgde1s.jpeg HTTP/1.1" 0.000, [::1], "http://localhost:82/", "Mozilla/5.0 (Windows NT 10.0; Win64; x64) AppleWebKit/537.36 (KHTML, like Gecko) Chrome/87.0.4280.66 Safari/537.36"
2020-12-09 15:15:16.802 200 "OPTIONS http localhost:8200 /system/cms/news/edit?id=111 HTTP/1.1" 0.001, [::1], "http://localhost:82/", "Mozilla/5.0 (Windows NT 10.0; Win64; x64) AppleWebKit/537.36 (KHTML, like Gecko) Chrome/87.0.4280.66 Safari/537.36"
2020-12-09 15:15:16.808 200 "GET http localhost:8200 /system/cms/news/edit?id=111 HTTP/1.1" 0.004, [::1], "http://localhost:82/", "Mozilla/5.0 (Windows NT 10.0; Win64; x64) AppleWebKit/537.36 (KHTML, like Gecko) Chrome/87.0.4280.66 Safari/537.36"
2020-12-09 15:15:16.888 404 "GET http localhost:8200 /pub_upload/2020-10-27/c6niwywhjvjcjgde1s.jpeg HTTP/1.1" 0.000, [::1], "http://localhost:82/", "Mozilla/5.0 (Windows NT 10.0; Win64; x64) AppleWebKit/537.36 (KHTML, like Gecko) Chrome/87.0.4280.66 Safari/537.36"
2020-12-09 15:15:16.888 200 "OPTIONS http localhost:8200 /system/cms/news/getModelFields?cateIds[]=24&newsId=111 HTTP/1.1" 0.000, [::1], "http://localhost:82/", "Mozilla/5.0 (Windows NT 10.0; Win64; x64) AppleWebKit/537.36 (KHTML, like Gecko) Chrome/87.0.4280.66 Safari/537.36"
2020-12-09 15:15:16.996 200 "GET http localhost:8200 /system/cms/news/getModelFields?cateIds[]=24&newsId=111 HTTP/1.1" 0.106, [::1], "http://localhost:82/", "Mozilla/5.0 (Windows NT 10.0; Win64; x64) AppleWebKit/537.36 (KHTML, like Gecko) Chrome/87.0.4280.66 Safari/537.36"
2020-12-09 15:15:20.140 200 "OPTIONS http localhost:8200 /system/cms/news/edit HTTP/1.1" 0.000, [::1], "http://localhost:82/", "Mozilla/5.0 (Windows NT 10.0; Win64; x64) AppleWebKit/537.36 (KHTML, like Gecko) Chrome/87.0.4280.66 Safari/537.36"
2020-12-09 15:15:20.193 200 "POST http localhost:8200 /system/cms/news/edit HTTP/1.1" 0.052, [::1], "http://localhost:82/", "Mozilla/5.0 (Windows NT 10.0; Win64; x64) AppleWebKit/537.36 (KHTML, like Gecko) Chrome/87.0.4280.66 Safari/537.36"
2020-12-09 15:15:20.230 200 "GET http localhost:8200 /system/cms/news/list?pageNum=2&pageSize=10&keyWords= HTTP/1.1" 0.011, [::1], "http://localhost:82/", "Mozilla/5.0 (Windows NT 10.0; Win64; x64) AppleWebKit/537.36 (KHTML, like Gecko) Chrome/87.0.4280.66 Safari/537.36"
2020-12-09 15:15:25.807 200 "GET http localhost:8200 /system/cms/news/edit?id=111 HTTP/1.1" 0.004, [::1], "http://localhost:82/", "Mozilla/5.0 (Windows NT 10.0; Win64; x64) AppleWebKit/537.36 (KHTML, like Gecko) Chrome/87.0.4280.66 Safari/537.36"
2020-12-09 15:15:25.864 404 "GET http localhost:8200 /pub_upload/2020-10-27/c6niwywhjvjcjgde1s.jpeg HTTP/1.1" 0.000, [::1], "http://localhost:82/", "Mozilla/5.0 (Windows NT 10.0; Win64; x64) AppleWebKit/537.36 (KHTML, like Gecko) Chrome/87.0.4280.66 Safari/537.36"
2020-12-09 15:15:25.872 200 "GET http localhost:8200 /system/cms/news/getModelFields?cateIds[]=24&newsId=111 HTTP/1.1" 0.008, [::1], "http://localhost:82/", "Mozilla/5.0 (Windows NT 10.0; Win64; x64) AppleWebKit/537.36 (KHTML, like Gecko) Chrome/87.0.4280.66 Safari/537.36"
