2020-12-04 17:12:23.630 200 "OPTIONS http localhost:8200 /system/index/getInfo HTTP/1.1" 0.000, [::1], "http://localhost:82/", "Mozilla/5.0 (Windows NT 10.0; Win64; x64) AppleWebKit/537.36 (KHTML, like Gecko) Chrome/87.0.4280.66 Safari/537.36"
2020-12-04 17:12:23.810 200 "GET http localhost:8200 /system/index/getInfo HTTP/1.1" 0.177, [::1], "http://localhost:82/", "Mozilla/5.0 (Windows NT 10.0; Win64; x64) AppleWebKit/537.36 (KHTML, like Gecko) Chrome/87.0.4280.66 Safari/537.36"
2020-12-04 17:12:23.816 200 "OPTIONS http localhost:8200 /system/index/getRouters HTTP/1.1" 0.000, [::1], "http://localhost:82/", "Mozilla/5.0 (Windows NT 10.0; Win64; x64) AppleWebKit/537.36 (KHTML, like Gecko) Chrome/87.0.4280.66 Safari/537.36"
2020-12-04 17:12:23.843 200 "GET http localhost:8200 /system/index/getRouters HTTP/1.1" 0.008, [::1], "http://localhost:82/", "Mozilla/5.0 (Windows NT 10.0; Win64; x64) AppleWebKit/537.36 (KHTML, like Gecko) Chrome/87.0.4280.66 Safari/537.36"
2020-12-04 17:12:25.047 200 "OPTIONS http localhost:8200 /system/auth/menuList HTTP/1.1" 0.000, [::1], "http://localhost:82/", "Mozilla/5.0 (Windows NT 10.0; Win64; x64) AppleWebKit/537.36 (KHTML, like Gecko) Chrome/87.0.4280.66 Safari/537.36"
2020-12-04 17:12:25.148 200 "GET http localhost:8200 /system/auth/menuList HTTP/1.1" 0.099, [::1], "http://localhost:82/", "Mozilla/5.0 (Windows NT 10.0; Win64; x64) AppleWebKit/537.36 (KHTML, like Gecko) Chrome/87.0.4280.66 Safari/537.36"
2020-12-04 17:37:14.141 200 "GET http localhost:8200 /system/index/getInfo HTTP/1.1" 0.051, [::1], "http://localhost:82/", "Mozilla/5.0 (Windows NT 10.0; Win64; x64) AppleWebKit/537.36 (KHTML, like Gecko) Chrome/87.0.4280.66 Safari/537.36"
2020-12-04 17:37:14.164 200 "GET http localhost:8200 /system/index/getRouters HTTP/1.1" 0.008, [::1], "http://localhost:82/", "Mozilla/5.0 (Windows NT 10.0; Win64; x64) AppleWebKit/537.36 (KHTML, like Gecko) Chrome/87.0.4280.66 Safari/537.36"
2020-12-04 17:37:18.119 200 "OPTIONS http localhost:8200 /system/wf/flow/list?pageNum=1&pageSize=10 HTTP/1.1" 0.000, [::1], "http://localhost:82/", "Mozilla/5.0 (Windows NT 10.0; Win64; x64) AppleWebKit/537.36 (KHTML, like Gecko) Chrome/87.0.4280.66 Safari/537.36"
2020-12-04 17:37:18.120 200 "OPTIONS http localhost:8200 /system/config/dict/getDicts?dictType=flow_type HTTP/1.1" 0.000, [::1], "http://localhost:82/", "Mozilla/5.0 (Windows NT 10.0; Win64; x64) AppleWebKit/537.36 (KHTML, like Gecko) Chrome/87.0.4280.66 Safari/537.36"
2020-12-04 17:37:18.121 200 "OPTIONS http localhost:8200 /system/config/dict/getDicts?dictType=sys_normal_disable HTTP/1.1" 0.000, [::1], "http://localhost:82/", "Mozilla/5.0 (Windows NT 10.0; Win64; x64) AppleWebKit/537.36 (KHTML, like Gecko) Chrome/87.0.4280.66 Safari/537.36"
2020-12-04 17:37:18.144 200 "GET http localhost:8200 /system/config/dict/getDicts?dictType=flow_type HTTP/1.1" 0.021, [::1], "http://localhost:82/", "Mozilla/5.0 (Windows NT 10.0; Win64; x64) AppleWebKit/537.36 (KHTML, like Gecko) Chrome/87.0.4280.66 Safari/537.36"
2020-12-04 17:37:18.147 200 "GET http localhost:8200 /system/config/dict/getDicts?dictType=sys_normal_disable HTTP/1.1" 0.024, [::1], "http://localhost:82/", "Mozilla/5.0 (Windows NT 10.0; Win64; x64) AppleWebKit/537.36 (KHTML, like Gecko) Chrome/87.0.4280.66 Safari/537.36"
2020-12-04 17:37:18.173 200 "GET http localhost:8200 /system/wf/flow/list?pageNum=1&pageSize=10 HTTP/1.1" 0.052, [::1], "http://localhost:82/", "Mozilla/5.0 (Windows NT 10.0; Win64; x64) AppleWebKit/537.36 (KHTML, like Gecko) Chrome/87.0.4280.66 Safari/537.36"
2020-12-04 17:37:19.740 200 "OPTIONS http localhost:8200 /system/wf/news/list?pageNum=1&pageSize=10 HTTP/1.1" 0.001, [::1], "http://localhost:82/", "Mozilla/5.0 (Windows NT 10.0; Win64; x64) AppleWebKit/537.36 (KHTML, like Gecko) Chrome/87.0.4280.66 Safari/537.36"
2020-12-04 17:37:19.740 200 "OPTIONS http localhost:8200 /system/config/dict/getDicts?dictType=flow_status HTTP/1.1" 0.001, [::1], "http://localhost:82/", "Mozilla/5.0 (Windows NT 10.0; Win64; x64) AppleWebKit/537.36 (KHTML, like Gecko) Chrome/87.0.4280.66 Safari/537.36"
2020-12-04 17:37:19.742 200 "OPTIONS http localhost:8200 /system/config/dict/getDicts?dictType=flow_level HTTP/1.1" 0.000, [::1], "http://localhost:82/", "Mozilla/5.0 (Windows NT 10.0; Win64; x64) AppleWebKit/537.36 (KHTML, like Gecko) Chrome/87.0.4280.66 Safari/537.36"
2020-12-04 17:37:19.750 200 "GET http localhost:8200 /system/config/dict/getDicts?dictType=flow_status HTTP/1.1" 0.008, [::1], "http://localhost:82/", "Mozilla/5.0 (Windows NT 10.0; Win64; x64) AppleWebKit/537.36 (KHTML, like Gecko) Chrome/87.0.4280.66 Safari/537.36"
2020-12-04 17:37:19.752 200 "GET http localhost:8200 /system/config/dict/getDicts?dictType=flow_level HTTP/1.1" 0.009, [::1], "http://localhost:82/", "Mozilla/5.0 (Windows NT 10.0; Win64; x64) AppleWebKit/537.36 (KHTML, like Gecko) Chrome/87.0.4280.66 Safari/537.36"
2020-12-04 17:37:19.825 200 "GET http localhost:8200 /system/wf/news/list?pageNum=1&pageSize=10 HTTP/1.1" 0.083, [::1], "http://localhost:82/", "Mozilla/5.0 (Windows NT 10.0; Win64; x64) AppleWebKit/537.36 (KHTML, like Gecko) Chrome/87.0.4280.66 Safari/537.36"
2020-12-04 17:37:22.184 200 "OPTIONS http localhost:8200 /system/wf/flow/monitoring HTTP/1.1" 0.000, [::1], "http://localhost:82/", "Mozilla/5.0 (Windows NT 10.0; Win64; x64) AppleWebKit/537.36 (KHTML, like Gecko) Chrome/87.0.4280.66 Safari/537.36"
2020-12-04 17:37:22.188 200 "GET http localhost:8200 /system/config/dict/getDicts?dictType=flow_level HTTP/1.1" 0.003, [::1], "http://localhost:82/", "Mozilla/5.0 (Windows NT 10.0; Win64; x64) AppleWebKit/537.36 (KHTML, like Gecko) Chrome/87.0.4280.66 Safari/537.36"
2020-12-04 17:37:22.195 200 "GET http localhost:8200 /system/wf/flow/monitoring HTTP/1.1" 0.008, [::1], "http://localhost:82/", "Mozilla/5.0 (Windows NT 10.0; Win64; x64) AppleWebKit/537.36 (KHTML, like Gecko) Chrome/87.0.4280.66 Safari/537.36"
2020-12-04 17:37:25.854 200 "GET http localhost:8200 /system/index/getInfo HTTP/1.1" 0.003, [::1], "http://localhost:82/", "Mozilla/5.0 (Windows NT 10.0; Win64; x64) AppleWebKit/537.36 (KHTML, like Gecko) Chrome/87.0.4280.66 Safari/537.36"
2020-12-04 17:37:25.903 200 "GET http localhost:8200 /system/index/getRouters HTTP/1.1" 0.007, [::1], "http://localhost:82/", "Mozilla/5.0 (Windows NT 10.0; Win64; x64) AppleWebKit/537.36 (KHTML, like Gecko) Chrome/87.0.4280.66 Safari/537.36"
2020-12-04 17:37:26.519 200 "GET http localhost:8200 /system/config/dict/getDicts?dictType=flow_level HTTP/1.1" 0.003, [::1], "http://localhost:82/", "Mozilla/5.0 (Windows NT 10.0; Win64; x64) AppleWebKit/537.36 (KHTML, like Gecko) Chrome/87.0.4280.66 Safari/537.36"
2020-12-04 17:37:26.528 200 "GET http localhost:8200 /system/wf/flow/monitoring HTTP/1.1" 0.015, [::1], "http://localhost:82/", "Mozilla/5.0 (Windows NT 10.0; Win64; x64) AppleWebKit/537.36 (KHTML, like Gecko) Chrome/87.0.4280.66 Safari/537.36"
2020-12-04 17:37:28.158 200 "OPTIONS http localhost:8200 /system/wf/flow/wfCheck?wf_type=wf_news&wf_title=2&wf_status_field=status&wf_fid=1 HTTP/1.1" 0.000, [::1], "http://localhost:82/", "Mozilla/5.0 (Windows NT 10.0; Win64; x64) AppleWebKit/537.36 (KHTML, like Gecko) Chrome/87.0.4280.66 Safari/537.36"
2020-12-04 17:37:28.195 200 "GET http localhost:8200 /system/wf/flow/wfCheck?wf_type=wf_news&wf_title=2&wf_status_field=status&wf_fid=1 HTTP/1.1" 0.035, [::1], "http://localhost:82/", "Mozilla/5.0 (Windows NT 10.0; Win64; x64) AppleWebKit/537.36 (KHTML, like Gecko) Chrome/87.0.4280.66 Safari/537.36"
2020-12-04 17:38:35.999 200 "GET http localhost:8200 /system/config/dict/getDicts?dictType=flow_type HTTP/1.1" 0.005, [::1], "http://localhost:82/", "Mozilla/5.0 (Windows NT 10.0; Win64; x64) AppleWebKit/537.36 (KHTML, like Gecko) Chrome/87.0.4280.66 Safari/537.36"
2020-12-04 17:38:36.001 200 "GET http localhost:8200 /system/config/dict/getDicts?dictType=sys_normal_disable HTTP/1.1" 0.007, [::1], "http://localhost:82/", "Mozilla/5.0 (Windows NT 10.0; Win64; x64) AppleWebKit/537.36 (KHTML, like Gecko) Chrome/87.0.4280.66 Safari/537.36"
2020-12-04 17:38:36.005 200 "GET http localhost:8200 /system/wf/flow/list?pageNum=1&pageSize=10 HTTP/1.1" 0.011, [::1], "http://localhost:82/", "Mozilla/5.0 (Windows NT 10.0; Win64; x64) AppleWebKit/537.36 (KHTML, like Gecko) Chrome/87.0.4280.66 Safari/537.36"
2020-12-04 17:38:40.805 200 "GET http localhost:8200 /system/config/dict/getDicts?dictType=sys_normal_disable HTTP/1.1" 0.002, [::1], "http://localhost:82/", "Mozilla/5.0 (Windows NT 10.0; Win64; x64) AppleWebKit/537.36 (KHTML, like Gecko) Chrome/87.0.4280.66 Safari/537.36"
2020-12-04 17:38:40.808 200 "GET http localhost:8200 /system/config/dict/getDicts?dictType=flow_type HTTP/1.1" 0.005, [::1], "http://localhost:82/", "Mozilla/5.0 (Windows NT 10.0; Win64; x64) AppleWebKit/537.36 (KHTML, like Gecko) Chrome/87.0.4280.66 Safari/537.36"
2020-12-04 17:38:40.821 200 "GET http localhost:8200 /system/wf/flow/list?pageNum=1&pageSize=10 HTTP/1.1" 0.018, [::1], "http://localhost:82/", "Mozilla/5.0 (Windows NT 10.0; Win64; x64) AppleWebKit/537.36 (KHTML, like Gecko) Chrome/87.0.4280.66 Safari/537.36"
2020-12-04 17:38:43.611 200 "GET http localhost:8200 /system/config/dict/getDicts?dictType=flow_type HTTP/1.1" 0.002, [::1], "http://localhost:82/", "Mozilla/5.0 (Windows NT 10.0; Win64; x64) AppleWebKit/537.36 (KHTML, like Gecko) Chrome/87.0.4280.66 Safari/537.36"
2020-12-04 17:38:43.614 200 "GET http localhost:8200 /system/config/dict/getDicts?dictType=sys_normal_disable HTTP/1.1" 0.004, [::1], "http://localhost:82/", "Mozilla/5.0 (Windows NT 10.0; Win64; x64) AppleWebKit/537.36 (KHTML, like Gecko) Chrome/87.0.4280.66 Safari/537.36"
2020-12-04 17:38:43.623 200 "GET http localhost:8200 /system/wf/flow/list?pageNum=1&pageSize=10 HTTP/1.1" 0.014, [::1], "http://localhost:82/", "Mozilla/5.0 (Windows NT 10.0; Win64; x64) AppleWebKit/537.36 (KHTML, like Gecko) Chrome/87.0.4280.66 Safari/537.36"
2020-12-04 17:38:44.836 200 "OPTIONS http localhost:8200 /system/wf/flow/edit?id=3 HTTP/1.1" 0.000, [::1], "http://localhost:82/", "Mozilla/5.0 (Windows NT 10.0; Win64; x64) AppleWebKit/537.36 (KHTML, like Gecko) Chrome/87.0.4280.66 Safari/537.36"
2020-12-04 17:38:44.840 200 "GET http localhost:8200 /system/wf/flow/edit?id=3 HTTP/1.1" 0.003, [::1], "http://localhost:82/", "Mozilla/5.0 (Windows NT 10.0; Win64; x64) AppleWebKit/537.36 (KHTML, like Gecko) Chrome/87.0.4280.66 Safari/537.36"
2020-12-04 17:38:47.290 200 "OPTIONS http localhost:8200 /system/wf/flow/edit?id=5 HTTP/1.1" 0.000, [::1], "http://localhost:82/", "Mozilla/5.0 (Windows NT 10.0; Win64; x64) AppleWebKit/537.36 (KHTML, like Gecko) Chrome/87.0.4280.66 Safari/537.36"
2020-12-04 17:38:47.294 200 "GET http localhost:8200 /system/wf/flow/edit?id=5 HTTP/1.1" 0.003, [::1], "http://localhost:82/", "Mozilla/5.0 (Windows NT 10.0; Win64; x64) AppleWebKit/537.36 (KHTML, like Gecko) Chrome/87.0.4280.66 Safari/537.36"
2020-12-04 17:38:53.094 200 "GET http localhost:8200 /system/config/dict/getDicts?dictType=sys_normal_disable HTTP/1.1" 0.002, [::1], "http://localhost:82/", "Mozilla/5.0 (Windows NT 10.0; Win64; x64) AppleWebKit/537.36 (KHTML, like Gecko) Chrome/87.0.4280.66 Safari/537.36"
2020-12-04 17:38:53.094 200 "GET http localhost:8200 /system/config/dict/getDicts?dictType=flow_type HTTP/1.1" 0.002, [::1], "http://localhost:82/", "Mozilla/5.0 (Windows NT 10.0; Win64; x64) AppleWebKit/537.36 (KHTML, like Gecko) Chrome/87.0.4280.66 Safari/537.36"
2020-12-04 17:38:53.100 200 "GET http localhost:8200 /system/wf/flow/list?pageNum=1&pageSize=10 HTTP/1.1" 0.008, [::1], "http://localhost:82/", "Mozilla/5.0 (Windows NT 10.0; Win64; x64) AppleWebKit/537.36 (KHTML, like Gecko) Chrome/87.0.4280.66 Safari/537.36"
2020-12-04 17:39:16.998 200 "GET http localhost:8200 /system/auth/menuList HTTP/1.1" 0.015, [::1], "http://localhost:82/", "Mozilla/5.0 (Windows NT 10.0; Win64; x64) AppleWebKit/537.36 (KHTML, like Gecko) Chrome/87.0.4280.66 Safari/537.36"
2020-12-04 17:39:22.706 200 "OPTIONS http localhost:8200 /system/auth/editMenu?menuId=109 HTTP/1.1" 0.001, [::1], "http://localhost:82/", "Mozilla/5.0 (Windows NT 10.0; Win64; x64) AppleWebKit/537.36 (KHTML, like Gecko) Chrome/87.0.4280.66 Safari/537.36"
2020-12-04 17:39:22.713 200 "GET http localhost:8200 /system/auth/editMenu?menuId=109 HTTP/1.1" 0.006, [::1], "http://localhost:82/", "Mozilla/5.0 (Windows NT 10.0; Win64; x64) AppleWebKit/537.36 (KHTML, like Gecko) Chrome/87.0.4280.66 Safari/537.36"
2020-12-04 17:39:54.578 200 "GET http localhost:8200 /system/config/dict/getDicts?dictType=flow_type HTTP/1.1" 0.002, [::1], "http://localhost:82/", "Mozilla/5.0 (Windows NT 10.0; Win64; x64) AppleWebKit/537.36 (KHTML, like Gecko) Chrome/87.0.4280.66 Safari/537.36"
2020-12-04 17:39:54.582 200 "GET http localhost:8200 /system/config/dict/getDicts?dictType=sys_normal_disable HTTP/1.1" 0.006, [::1], "http://localhost:82/", "Mozilla/5.0 (Windows NT 10.0; Win64; x64) AppleWebKit/537.36 (KHTML, like Gecko) Chrome/87.0.4280.66 Safari/537.36"
2020-12-04 17:39:54.586 200 "GET http localhost:8200 /system/wf/flow/list?pageNum=1&pageSize=10 HTTP/1.1" 0.011, [::1], "http://localhost:82/", "Mozilla/5.0 (Windows NT 10.0; Win64; x64) AppleWebKit/537.36 (KHTML, like Gecko) Chrome/87.0.4280.66 Safari/537.36"
2020-12-04 17:40:25.420 200 "GET http localhost:8200 /system/config/dict/getDicts?dictType=sys_normal_disable HTTP/1.1" 0.002, [::1], "http://localhost:82/", "Mozilla/5.0 (Windows NT 10.0; Win64; x64) AppleWebKit/537.36 (KHTML, like Gecko) Chrome/87.0.4280.66 Safari/537.36"
2020-12-04 17:40:25.422 200 "GET http localhost:8200 /system/config/dict/getDicts?dictType=flow_type HTTP/1.1" 0.004, [::1], "http://localhost:82/", "Mozilla/5.0 (Windows NT 10.0; Win64; x64) AppleWebKit/537.36 (KHTML, like Gecko) Chrome/87.0.4280.66 Safari/537.36"
2020-12-04 17:40:25.448 200 "GET http localhost:8200 /system/wf/flow/list?pageNum=1&pageSize=10 HTTP/1.1" 0.030, [::1], "http://localhost:82/", "Mozilla/5.0 (Windows NT 10.0; Win64; x64) AppleWebKit/537.36 (KHTML, like Gecko) Chrome/87.0.4280.66 Safari/537.36"
2020-12-04 17:40:26.582 200 "GET http localhost:8200 /system/index/getInfo HTTP/1.1" 0.005, [::1], "http://localhost:82/", "Mozilla/5.0 (Windows NT 10.0; Win64; x64) AppleWebKit/537.36 (KHTML, like Gecko) Chrome/87.0.4280.66 Safari/537.36"
2020-12-04 17:40:26.600 200 "GET http localhost:8200 /system/index/getRouters HTTP/1.1" 0.009, [::1], "http://localhost:82/", "Mozilla/5.0 (Windows NT 10.0; Win64; x64) AppleWebKit/537.36 (KHTML, like Gecko) Chrome/87.0.4280.66 Safari/537.36"
2020-12-04 17:40:27.355 200 "GET http localhost:8200 /system/config/dict/getDicts?dictType=flow_type HTTP/1.1" 0.001, [::1], "http://localhost:82/", "Mozilla/5.0 (Windows NT 10.0; Win64; x64) AppleWebKit/537.36 (KHTML, like Gecko) Chrome/87.0.4280.66 Safari/537.36"
2020-12-04 17:40:27.355 200 "GET http localhost:8200 /system/config/dict/getDicts?dictType=sys_normal_disable HTTP/1.1" 0.001, [::1], "http://localhost:82/", "Mozilla/5.0 (Windows NT 10.0; Win64; x64) AppleWebKit/537.36 (KHTML, like Gecko) Chrome/87.0.4280.66 Safari/537.36"
2020-12-04 17:40:27.362 200 "GET http localhost:8200 /system/wf/flow/list?pageNum=1&pageSize=10 HTTP/1.1" 0.009, [::1], "http://localhost:82/", "Mozilla/5.0 (Windows NT 10.0; Win64; x64) AppleWebKit/537.36 (KHTML, like Gecko) Chrome/87.0.4280.66 Safari/537.36"
2020-12-04 17:40:31.541 200 "GET http localhost:8200 /system/config/dict/getDicts?dictType=flow_type HTTP/1.1" 0.003, [::1], "http://localhost:82/", "Mozilla/5.0 (Windows NT 10.0; Win64; x64) AppleWebKit/537.36 (KHTML, like Gecko) Chrome/87.0.4280.66 Safari/537.36"
2020-12-04 17:40:31.541 200 "GET http localhost:8200 /system/config/dict/getDicts?dictType=sys_normal_disable HTTP/1.1" 0.003, [::1], "http://localhost:82/", "Mozilla/5.0 (Windows NT 10.0; Win64; x64) AppleWebKit/537.36 (KHTML, like Gecko) Chrome/87.0.4280.66 Safari/537.36"
2020-12-04 17:40:31.549 200 "GET http localhost:8200 /system/wf/flow/list?pageNum=1&pageSize=10 HTTP/1.1" 0.011, [::1], "http://localhost:82/", "Mozilla/5.0 (Windows NT 10.0; Win64; x64) AppleWebKit/537.36 (KHTML, like Gecko) Chrome/87.0.4280.66 Safari/537.36"
2020-12-04 17:41:03.297 200 "GET http localhost:8200 /system/config/dict/getDicts?dictType=flow_type HTTP/1.1" 0.002, [::1], "http://localhost:82/", "Mozilla/5.0 (Windows NT 10.0; Win64; x64) AppleWebKit/537.36 (KHTML, like Gecko) Chrome/87.0.4280.66 Safari/537.36"
2020-12-04 17:41:03.298 200 "GET http localhost:8200 /system/config/dict/getDicts?dictType=sys_normal_disable HTTP/1.1" 0.003, [::1], "http://localhost:82/", "Mozilla/5.0 (Windows NT 10.0; Win64; x64) AppleWebKit/537.36 (KHTML, like Gecko) Chrome/87.0.4280.66 Safari/537.36"
2020-12-04 17:41:03.305 200 "GET http localhost:8200 /system/wf/flow/list?pageNum=1&pageSize=10 HTTP/1.1" 0.010, [::1], "http://localhost:82/", "Mozilla/5.0 (Windows NT 10.0; Win64; x64) AppleWebKit/537.36 (KHTML, like Gecko) Chrome/87.0.4280.66 Safari/537.36"
2020-12-04 17:41:09.673 200 "GET http localhost:8200 /system/index/getInfo HTTP/1.1" 0.005, [::1], "http://localhost:82/", "Mozilla/5.0 (Windows NT 10.0; Win64; x64) AppleWebKit/537.36 (KHTML, like Gecko) Chrome/87.0.4280.66 Safari/537.36"
2020-12-04 17:41:09.692 200 "GET http localhost:8200 /system/index/getRouters HTTP/1.1" 0.010, [::1], "http://localhost:82/", "Mozilla/5.0 (Windows NT 10.0; Win64; x64) AppleWebKit/537.36 (KHTML, like Gecko) Chrome/87.0.4280.66 Safari/537.36"
2020-12-04 17:41:10.157 200 "GET http localhost:8200 /system/config/dict/getDicts?dictType=flow_type HTTP/1.1" 0.002, [::1], "http://localhost:82/", "Mozilla/5.0 (Windows NT 10.0; Win64; x64) AppleWebKit/537.36 (KHTML, like Gecko) Chrome/87.0.4280.66 Safari/537.36"
2020-12-04 17:41:10.157 200 "GET http localhost:8200 /system/config/dict/getDicts?dictType=sys_normal_disable HTTP/1.1" 0.002, [::1], "http://localhost:82/", "Mozilla/5.0 (Windows NT 10.0; Win64; x64) AppleWebKit/537.36 (KHTML, like Gecko) Chrome/87.0.4280.66 Safari/537.36"
2020-12-04 17:41:10.163 200 "GET http localhost:8200 /system/wf/flow/list?pageNum=1&pageSize=10 HTTP/1.1" 0.008, [::1], "http://localhost:82/", "Mozilla/5.0 (Windows NT 10.0; Win64; x64) AppleWebKit/537.36 (KHTML, like Gecko) Chrome/87.0.4280.66 Safari/537.36"
2020-12-04 17:41:13.548 200 "GET http localhost:8200 /system/config/dict/getDicts?dictType=flow_type HTTP/1.1" 0.002, [::1], "http://localhost:82/", "Mozilla/5.0 (Windows NT 10.0; Win64; x64) AppleWebKit/537.36 (KHTML, like Gecko) Chrome/87.0.4280.66 Safari/537.36"
2020-12-04 17:41:13.549 200 "GET http localhost:8200 /system/config/dict/getDicts?dictType=sys_normal_disable HTTP/1.1" 0.001, [::1], "http://localhost:82/", "Mozilla/5.0 (Windows NT 10.0; Win64; x64) AppleWebKit/537.36 (KHTML, like Gecko) Chrome/87.0.4280.66 Safari/537.36"
2020-12-04 17:41:13.552 200 "GET http localhost:8200 /system/wf/flow/list?pageNum=1&pageSize=10 HTTP/1.1" 0.006, [::1], "http://localhost:82/", "Mozilla/5.0 (Windows NT 10.0; Win64; x64) AppleWebKit/537.36 (KHTML, like Gecko) Chrome/87.0.4280.66 Safari/537.36"
2020-12-04 17:41:34.334 200 "OPTIONS http localhost:8200 /system/config/params/list?pageNum=1&pageSize=10&beginTime=&endTime= HTTP/1.1" 0.001, [::1], "http://localhost:82/", "Mozilla/5.0 (Windows NT 10.0; Win64; x64) AppleWebKit/537.36 (KHTML, like Gecko) Chrome/87.0.4280.66 Safari/537.36"
2020-12-04 17:41:34.365 200 "GET http localhost:8200 /system/config/params/list?pageNum=1&pageSize=10&beginTime=&endTime= HTTP/1.1" 0.030, [::1], "http://localhost:82/", "Mozilla/5.0 (Windows NT 10.0; Win64; x64) AppleWebKit/537.36 (KHTML, like Gecko) Chrome/87.0.4280.66 Safari/537.36"
2020-12-04 17:41:36.052 200 "GET http localhost:8200 /system/auth/menuList HTTP/1.1" 0.028, [::1], "http://localhost:82/", "Mozilla/5.0 (Windows NT 10.0; Win64; x64) AppleWebKit/537.36 (KHTML, like Gecko) Chrome/87.0.4280.66 Safari/537.36"
2020-12-04 17:41:49.113 200 "GET http localhost:8200 /system/auth/editMenu?menuId=109 HTTP/1.1" 0.006, [::1], "http://localhost:82/", "Mozilla/5.0 (Windows NT 10.0; Win64; x64) AppleWebKit/537.36 (KHTML, like Gecko) Chrome/87.0.4280.66 Safari/537.36"
2020-12-04 17:41:52.319 200 "OPTIONS http localhost:8200 /system/auth/editMenu HTTP/1.1" 0.000, [::1], "http://localhost:82/", "Mozilla/5.0 (Windows NT 10.0; Win64; x64) AppleWebKit/537.36 (KHTML, like Gecko) Chrome/87.0.4280.66 Safari/537.36"
2020-12-04 17:41:52.340 200 "POST http localhost:8200 /system/auth/editMenu HTTP/1.1" 0.019, [::1], "http://localhost:82/", "Mozilla/5.0 (Windows NT 10.0; Win64; x64) AppleWebKit/537.36 (KHTML, like Gecko) Chrome/87.0.4280.66 Safari/537.36"
2020-12-04 17:41:52.368 200 "GET http localhost:8200 /system/auth/menuList HTTP/1.1" 0.006, [::1], "http://localhost:82/", "Mozilla/5.0 (Windows NT 10.0; Win64; x64) AppleWebKit/537.36 (KHTML, like Gecko) Chrome/87.0.4280.66 Safari/537.36"
2020-12-04 17:41:56.883 200 "GET http localhost:8200 /system/config/dict/getDicts?dictType=flow_type HTTP/1.1" 0.003, [::1], "http://localhost:82/", "Mozilla/5.0 (Windows NT 10.0; Win64; x64) AppleWebKit/537.36 (KHTML, like Gecko) Chrome/87.0.4280.66 Safari/537.36"
2020-12-04 17:41:56.883 200 "GET http localhost:8200 /system/config/dict/getDicts?dictType=sys_normal_disable HTTP/1.1" 0.002, [::1], "http://localhost:82/", "Mozilla/5.0 (Windows NT 10.0; Win64; x64) AppleWebKit/537.36 (KHTML, like Gecko) Chrome/87.0.4280.66 Safari/537.36"
2020-12-04 17:41:56.887 200 "GET http localhost:8200 /system/wf/flow/list?pageNum=1&pageSize=10 HTTP/1.1" 0.007, [::1], "http://localhost:82/", "Mozilla/5.0 (Windows NT 10.0; Win64; x64) AppleWebKit/537.36 (KHTML, like Gecko) Chrome/87.0.4280.66 Safari/537.36"
2020-12-04 17:43:48.112 200 "GET http localhost:8200 /system/index/getInfo HTTP/1.1" 0.007, [::1], "http://localhost:82/", "Mozilla/5.0 (Windows NT 10.0; Win64; x64) AppleWebKit/537.36 (KHTML, like Gecko) Chrome/87.0.4280.66 Safari/537.36"
2020-12-04 17:43:48.130 200 "GET http localhost:8200 /system/index/getRouters HTTP/1.1" 0.007, [::1], "http://localhost:82/", "Mozilla/5.0 (Windows NT 10.0; Win64; x64) AppleWebKit/537.36 (KHTML, like Gecko) Chrome/87.0.4280.66 Safari/537.36"
2020-12-04 17:43:51.565 200 "GET http localhost:8200 /system/config/dict/getDicts?dictType=flow_type HTTP/1.1" 0.001, [::1], "http://localhost:82/", "Mozilla/5.0 (Windows NT 10.0; Win64; x64) AppleWebKit/537.36 (KHTML, like Gecko) Chrome/87.0.4280.66 Safari/537.36"
2020-12-04 17:43:51.566 200 "GET http localhost:8200 /system/config/dict/getDicts?dictType=sys_normal_disable HTTP/1.1" 0.003, [::1], "http://localhost:82/", "Mozilla/5.0 (Windows NT 10.0; Win64; x64) AppleWebKit/537.36 (KHTML, like Gecko) Chrome/87.0.4280.66 Safari/537.36"
2020-12-04 17:43:51.570 200 "GET http localhost:8200 /system/wf/flow/list?pageNum=1&pageSize=10 HTTP/1.1" 0.008, [::1], "http://localhost:82/", "Mozilla/5.0 (Windows NT 10.0; Win64; x64) AppleWebKit/537.36 (KHTML, like Gecko) Chrome/87.0.4280.66 Safari/537.36"
2020-12-04 17:43:53.683 200 "OPTIONS http localhost:8200 /system/wf/flow/designFlow?id=3 HTTP/1.1" 0.001, [::1], "http://localhost:82/", "Mozilla/5.0 (Windows NT 10.0; Win64; x64) AppleWebKit/537.36 (KHTML, like Gecko) Chrome/87.0.4280.66 Safari/537.36"
2020-12-04 17:43:53.702 200 "GET http localhost:8200 /system/wf/flow/designFlow?id=3 HTTP/1.1" 0.018, [::1], "http://localhost:82/", "Mozilla/5.0 (Windows NT 10.0; Win64; x64) AppleWebKit/537.36 (KHTML, like Gecko) Chrome/87.0.4280.66 Safari/537.36"
2020-12-04 17:44:12.213 200 "GET http localhost:8200 /system/config/dict/getDicts?dictType=sys_normal_disable HTTP/1.1" 0.003, [::1], "http://localhost:82/", "Mozilla/5.0 (Windows NT 10.0; Win64; x64) AppleWebKit/537.36 (KHTML, like Gecko) Chrome/87.0.4280.66 Safari/537.36"
2020-12-04 17:44:12.213 200 "GET http localhost:8200 /system/config/dict/getDicts?dictType=flow_type HTTP/1.1" 0.003, [::1], "http://localhost:82/", "Mozilla/5.0 (Windows NT 10.0; Win64; x64) AppleWebKit/537.36 (KHTML, like Gecko) Chrome/87.0.4280.66 Safari/537.36"
2020-12-04 17:44:12.220 200 "GET http localhost:8200 /system/wf/flow/list?pageNum=1&pageSize=10 HTTP/1.1" 0.010, [::1], "http://localhost:82/", "Mozilla/5.0 (Windows NT 10.0; Win64; x64) AppleWebKit/537.36 (KHTML, like Gecko) Chrome/87.0.4280.66 Safari/537.36"
2020-12-04 17:44:15.418 200 "OPTIONS http localhost:8200 /system/wf/flow/designFlow?id=1 HTTP/1.1" 0.001, [::1], "http://localhost:82/", "Mozilla/5.0 (Windows NT 10.0; Win64; x64) AppleWebKit/537.36 (KHTML, like Gecko) Chrome/87.0.4280.66 Safari/537.36"
2020-12-04 17:44:15.437 200 "GET http localhost:8200 /system/wf/flow/designFlow?id=1 HTTP/1.1" 0.018, [::1], "http://localhost:82/", "Mozilla/5.0 (Windows NT 10.0; Win64; x64) AppleWebKit/537.36 (KHTML, like Gecko) Chrome/87.0.4280.66 Safari/537.36"
2020-12-04 17:47:37.004 200 "OPTIONS http localhost:8200 /system/wf/flow/saveAttr HTTP/1.1" 0.000, [::1], "http://localhost:82/", "Mozilla/5.0 (Windows NT 10.0; Win64; x64) AppleWebKit/537.36 (KHTML, like Gecko) Chrome/87.0.4280.66 Safari/537.36"
2020-12-04 17:48:12.935 200 "POST http localhost:8200 /system/wf/flow/saveAttr HTTP/1.1" 35.929, [::1], "http://localhost:82/", "Mozilla/5.0 (Windows NT 10.0; Win64; x64) AppleWebKit/537.36 (KHTML, like Gecko) Chrome/87.0.4280.66 Safari/537.36"
2020-12-04 17:49:03.205 200 "POST http localhost:8200 /system/wf/flow/saveAttr HTTP/1.1" 33.284, [::1], "http://localhost:82/", "Mozilla/5.0 (Windows NT 10.0; Win64; x64) AppleWebKit/537.36 (KHTML, like Gecko) Chrome/87.0.4280.66 Safari/537.36"
2020-12-04 17:49:27.095 200 "POST http localhost:8200 /system/wf/flow/saveAttr HTTP/1.1" 0.040, [::1], "http://localhost:82/", "Mozilla/5.0 (Windows NT 10.0; Win64; x64) AppleWebKit/537.36 (KHTML, like Gecko) Chrome/87.0.4280.66 Safari/537.36"
2020-12-04 17:49:27.134 200 "GET http localhost:8200 /system/wf/flow/designFlow?id=1 HTTP/1.1" 0.016, [::1], "http://localhost:82/", "Mozilla/5.0 (Windows NT 10.0; Win64; x64) AppleWebKit/537.36 (KHTML, like Gecko) Chrome/87.0.4280.66 Safari/537.36"
2020-12-04 17:50:16.904 200 "POST http localhost:8200 /system/wf/flow/saveAttr HTTP/1.1" 0.007, [::1], "http://localhost:82/", "Mozilla/5.0 (Windows NT 10.0; Win64; x64) AppleWebKit/537.36 (KHTML, like Gecko) Chrome/87.0.4280.66 Safari/537.36"
2020-12-04 17:50:16.939 200 "GET http localhost:8200 /system/wf/flow/designFlow?id=1 HTTP/1.1" 0.016, [::1], "http://localhost:82/", "Mozilla/5.0 (Windows NT 10.0; Win64; x64) AppleWebKit/537.36 (KHTML, like Gecko) Chrome/87.0.4280.66 Safari/537.36"
2020-12-04 17:50:40.305 200 "POST http localhost:8200 /system/wf/flow/saveAttr HTTP/1.1" 0.027, [::1], "http://localhost:82/", "Mozilla/5.0 (Windows NT 10.0; Win64; x64) AppleWebKit/537.36 (KHTML, like Gecko) Chrome/87.0.4280.66 Safari/537.36"
2020-12-04 17:56:15.049 200 "POST http localhost:8200 /system/wf/flow/saveAttr HTTP/1.1" 0.002, [::1], "http://localhost:82/", "Mozilla/5.0 (Windows NT 10.0; Win64; x64) AppleWebKit/537.36 (KHTML, like Gecko) Chrome/87.0.4280.66 Safari/537.36"
2020-12-04 17:56:20.873 200 "GET http localhost:8200 /system/config/dict/getDicts?dictType=flow_status HTTP/1.1" 0.022, [::1], "http://localhost:82/", "Mozilla/5.0 (Windows NT 10.0; Win64; x64) AppleWebKit/537.36 (KHTML, like Gecko) Chrome/87.0.4280.66 Safari/537.36"
2020-12-04 17:56:20.873 200 "GET http localhost:8200 /system/config/dict/getDicts?dictType=flow_level HTTP/1.1" 0.021, [::1], "http://localhost:82/", "Mozilla/5.0 (Windows NT 10.0; Win64; x64) AppleWebKit/537.36 (KHTML, like Gecko) Chrome/87.0.4280.66 Safari/537.36"
2020-12-04 17:56:20.907 200 "GET http localhost:8200 /system/wf/news/list?pageNum=1&pageSize=10 HTTP/1.1" 0.056, [::1], "http://localhost:82/", "Mozilla/5.0 (Windows NT 10.0; Win64; x64) AppleWebKit/537.36 (KHTML, like Gecko) Chrome/87.0.4280.66 Safari/537.36"
2020-12-04 17:57:50.002 200 "GET http localhost:8200 /system/config/dict/getDicts?dictType=flow_type HTTP/1.1" 0.008, [::1], "http://localhost:82/", "Mozilla/5.0 (Windows NT 10.0; Win64; x64) AppleWebKit/537.36 (KHTML, like Gecko) Chrome/87.0.4280.66 Safari/537.36"
2020-12-04 17:57:50.003 200 "GET http localhost:8200 /system/config/dict/getDicts?dictType=sys_normal_disable HTTP/1.1" 0.009, [::1], "http://localhost:82/", "Mozilla/5.0 (Windows NT 10.0; Win64; x64) AppleWebKit/537.36 (KHTML, like Gecko) Chrome/87.0.4280.66 Safari/537.36"
2020-12-04 17:57:50.005 200 "GET http localhost:8200 /system/wf/flow/list?pageNum=1&pageSize=10 HTTP/1.1" 0.012, [::1], "http://localhost:82/", "Mozilla/5.0 (Windows NT 10.0; Win64; x64) AppleWebKit/537.36 (KHTML, like Gecko) Chrome/87.0.4280.66 Safari/537.36"
2020-12-04 17:57:52.049 200 "GET http localhost:8200 /system/config/dict/getDicts?dictType=flow_status HTTP/1.1" 0.002, [::1], "http://localhost:82/", "Mozilla/5.0 (Windows NT 10.0; Win64; x64) AppleWebKit/537.36 (KHTML, like Gecko) Chrome/87.0.4280.66 Safari/537.36"
2020-12-04 17:57:52.051 200 "GET http localhost:8200 /system/config/dict/getDicts?dictType=flow_level HTTP/1.1" 0.003, [::1], "http://localhost:82/", "Mozilla/5.0 (Windows NT 10.0; Win64; x64) AppleWebKit/537.36 (KHTML, like Gecko) Chrome/87.0.4280.66 Safari/537.36"
2020-12-04 17:57:52.076 200 "GET http localhost:8200 /system/wf/news/list?pageNum=1&pageSize=10 HTTP/1.1" 0.029, [::1], "http://localhost:82/", "Mozilla/5.0 (Windows NT 10.0; Win64; x64) AppleWebKit/537.36 (KHTML, like Gecko) Chrome/87.0.4280.66 Safari/537.36"
2020-12-04 17:57:55.484 200 "GET http localhost:8200 /system/config/dict/getDicts?dictType=sys_normal_disable HTTP/1.1" 0.002, [::1], "http://localhost:82/", "Mozilla/5.0 (Windows NT 10.0; Win64; x64) AppleWebKit/537.36 (KHTML, like Gecko) Chrome/87.0.4280.66 Safari/537.36"
2020-12-04 17:57:55.484 200 "GET http localhost:8200 /system/config/dict/getDicts?dictType=flow_type HTTP/1.1" 0.002, [::1], "http://localhost:82/", "Mozilla/5.0 (Windows NT 10.0; Win64; x64) AppleWebKit/537.36 (KHTML, like Gecko) Chrome/87.0.4280.66 Safari/537.36"
2020-12-04 17:57:55.489 200 "GET http localhost:8200 /system/wf/flow/list?pageNum=1&pageSize=10 HTTP/1.1" 0.007, [::1], "http://localhost:82/", "Mozilla/5.0 (Windows NT 10.0; Win64; x64) AppleWebKit/537.36 (KHTML, like Gecko) Chrome/87.0.4280.66 Safari/537.36"
2020-12-04 17:58:21.411 200 "OPTIONS http localhost:8200 /system/wf/flow/add HTTP/1.1" 0.001, [::1], "http://localhost:82/", "Mozilla/5.0 (Windows NT 10.0; Win64; x64) AppleWebKit/537.36 (KHTML, like Gecko) Chrome/87.0.4280.66 Safari/537.36"
2020-12-04 17:58:21.447 200 "POST http localhost:8200 /system/wf/flow/add HTTP/1.1" 0.035, [::1], "http://localhost:82/", "Mozilla/5.0 (Windows NT 10.0; Win64; x64) AppleWebKit/537.36 (KHTML, like Gecko) Chrome/87.0.4280.66 Safari/537.36"
2020-12-04 17:58:21.468 200 "GET http localhost:8200 /system/wf/flow/list?pageNum=1&pageSize=10 HTTP/1.1" 0.005, [::1], "http://localhost:82/", "Mozilla/5.0 (Windows NT 10.0; Win64; x64) AppleWebKit/537.36 (KHTML, like Gecko) Chrome/87.0.4280.66 Safari/537.36"
2020-12-04 17:58:23.747 200 "OPTIONS http localhost:8200 /system/wf/flow/designFlow?id=8 HTTP/1.1" 0.001, [::1], "http://localhost:82/", "Mozilla/5.0 (Windows NT 10.0; Win64; x64) AppleWebKit/537.36 (KHTML, like Gecko) Chrome/87.0.4280.66 Safari/537.36"
2020-12-04 17:58:23.766 200 "GET http localhost:8200 /system/wf/flow/designFlow?id=8 HTTP/1.1" 0.018, [::1], "http://localhost:82/", "Mozilla/5.0 (Windows NT 10.0; Win64; x64) AppleWebKit/537.36 (KHTML, like Gecko) Chrome/87.0.4280.66 Safari/537.36"
2020-12-04 17:58:26.008 200 "OPTIONS http localhost:8200 /system/wf/flow/addProcess HTTP/1.1" 0.001, [::1], "http://localhost:82/", "Mozilla/5.0 (Windows NT 10.0; Win64; x64) AppleWebKit/537.36 (KHTML, like Gecko) Chrome/87.0.4280.66 Safari/537.36"
2020-12-04 17:58:26.049 200 "POST http localhost:8200 /system/wf/flow/addProcess HTTP/1.1" 0.040, [::1], "http://localhost:82/", "Mozilla/5.0 (Windows NT 10.0; Win64; x64) AppleWebKit/537.36 (KHTML, like Gecko) Chrome/87.0.4280.66 Safari/537.36"
2020-12-04 17:58:26.076 200 "GET http localhost:8200 /system/wf/flow/designFlow?id=8 HTTP/1.1" 0.014, [::1], "http://localhost:82/", "Mozilla/5.0 (Windows NT 10.0; Win64; x64) AppleWebKit/537.36 (KHTML, like Gecko) Chrome/87.0.4280.66 Safari/537.36"
2020-12-04 17:58:40.768 200 "OPTIONS http localhost:8200 /system/wf/flow/getManager HTTP/1.1" 0.000, [::1], "http://localhost:82/", "Mozilla/5.0 (Windows NT 10.0; Win64; x64) AppleWebKit/537.36 (KHTML, like Gecko) Chrome/87.0.4280.66 Safari/537.36"
2020-12-04 17:58:40.801 200 "POST http localhost:8200 /system/wf/flow/getManager HTTP/1.1" 0.032, [::1], "http://localhost:82/", "Mozilla/5.0 (Windows NT 10.0; Win64; x64) AppleWebKit/537.36 (KHTML, like Gecko) Chrome/87.0.4280.66 Safari/537.36"
2020-12-04 17:58:57.649 200 "GET http localhost:8200 /system/config/dict/getDicts?dictType=flow_type HTTP/1.1" 0.002, [::1], "http://localhost:82/", "Mozilla/5.0 (Windows NT 10.0; Win64; x64) AppleWebKit/537.36 (KHTML, like Gecko) Chrome/87.0.4280.66 Safari/537.36"
2020-12-04 17:58:57.649 200 "GET http localhost:8200 /system/config/dict/getDicts?dictType=sys_normal_disable HTTP/1.1" 0.002, [::1], "http://localhost:82/", "Mozilla/5.0 (Windows NT 10.0; Win64; x64) AppleWebKit/537.36 (KHTML, like Gecko) Chrome/87.0.4280.66 Safari/537.36"
2020-12-04 17:58:57.657 200 "GET http localhost:8200 /system/wf/flow/list?pageNum=1&pageSize=10 HTTP/1.1" 0.011, [::1], "http://localhost:82/", "Mozilla/5.0 (Windows NT 10.0; Win64; x64) AppleWebKit/537.36 (KHTML, like Gecko) Chrome/87.0.4280.66 Safari/537.36"
2020-12-04 17:58:59.975 200 "GET http localhost:8200 /system/wf/flow/designFlow?id=1 HTTP/1.1" 0.020, [::1], "http://localhost:82/", "Mozilla/5.0 (Windows NT 10.0; Win64; x64) AppleWebKit/537.36 (KHTML, like Gecko) Chrome/87.0.4280.66 Safari/537.36"
2020-12-04 17:59:08.369 200 "POST http localhost:8200 /system/wf/flow/saveAttr HTTP/1.1" 0.007, [::1], "http://localhost:82/", "Mozilla/5.0 (Windows NT 10.0; Win64; x64) AppleWebKit/537.36 (KHTML, like Gecko) Chrome/87.0.4280.66 Safari/537.36"
2020-12-04 17:59:08.411 200 "GET http localhost:8200 /system/wf/flow/designFlow?id=1 HTTP/1.1" 0.016, [::1], "http://localhost:82/", "Mozilla/5.0 (Windows NT 10.0; Win64; x64) AppleWebKit/537.36 (KHTML, like Gecko) Chrome/87.0.4280.66 Safari/537.36"
2020-12-04 17:59:28.073 200 "GET http localhost:8200 /system/config/dict/getDicts?dictType=flow_status HTTP/1.1" 0.003, [::1], "http://localhost:82/", "Mozilla/5.0 (Windows NT 10.0; Win64; x64) AppleWebKit/537.36 (KHTML, like Gecko) Chrome/87.0.4280.66 Safari/537.36"
2020-12-04 17:59:28.073 200 "GET http localhost:8200 /system/config/dict/getDicts?dictType=flow_level HTTP/1.1" 0.001, [::1], "http://localhost:82/", "Mozilla/5.0 (Windows NT 10.0; Win64; x64) AppleWebKit/537.36 (KHTML, like Gecko) Chrome/87.0.4280.66 Safari/537.36"
2020-12-04 17:59:28.097 200 "GET http localhost:8200 /system/wf/news/list?pageNum=1&pageSize=10 HTTP/1.1" 0.026, [::1], "http://localhost:82/", "Mozilla/5.0 (Windows NT 10.0; Win64; x64) AppleWebKit/537.36 (KHTML, like Gecko) Chrome/87.0.4280.66 Safari/537.36"
2020-12-04 17:59:32.389 200 "OPTIONS http localhost:8200 /system/wf/flow/wfStart?wf_type=wf_news&wf_title=2&wf_status_field=status&wf_fid=3 HTTP/1.1" 0.000, [::1], "http://localhost:82/", "Mozilla/5.0 (Windows NT 10.0; Win64; x64) AppleWebKit/537.36 (KHTML, like Gecko) Chrome/87.0.4280.66 Safari/537.36"
2020-12-04 17:59:32.394 200 "GET http localhost:8200 /system/wf/flow/wfStart?wf_type=wf_news&wf_title=2&wf_status_field=status&wf_fid=3 HTTP/1.1" 0.004, [::1], "http://localhost:82/", "Mozilla/5.0 (Windows NT 10.0; Win64; x64) AppleWebKit/537.36 (KHTML, like Gecko) Chrome/87.0.4280.66 Safari/537.36"
2020-12-04 17:59:36.377 200 "GET http localhost:8200 /system/config/dict/getDicts?dictType=flow_type HTTP/1.1" 0.002, [::1], "http://localhost:82/", "Mozilla/5.0 (Windows NT 10.0; Win64; x64) AppleWebKit/537.36 (KHTML, like Gecko) Chrome/87.0.4280.66 Safari/537.36"
2020-12-04 17:59:36.378 200 "GET http localhost:8200 /system/config/dict/getDicts?dictType=sys_normal_disable HTTP/1.1" 0.003, [::1], "http://localhost:82/", "Mozilla/5.0 (Windows NT 10.0; Win64; x64) AppleWebKit/537.36 (KHTML, like Gecko) Chrome/87.0.4280.66 Safari/537.36"
2020-12-04 17:59:36.385 200 "GET http localhost:8200 /system/wf/flow/list?pageNum=1&pageSize=10 HTTP/1.1" 0.010, [::1], "http://localhost:82/", "Mozilla/5.0 (Windows NT 10.0; Win64; x64) AppleWebKit/537.36 (KHTML, like Gecko) Chrome/87.0.4280.66 Safari/537.36"
2020-12-04 17:59:40.664 200 "GET http localhost:8200 /system/config/dict/getDicts?dictType=flow_level HTTP/1.1" 0.002, [::1], "http://localhost:82/", "Mozilla/5.0 (Windows NT 10.0; Win64; x64) AppleWebKit/537.36 (KHTML, like Gecko) Chrome/87.0.4280.66 Safari/537.36"
2020-12-04 17:59:40.672 200 "GET http localhost:8200 /system/wf/flow/monitoring HTTP/1.1" 0.011, [::1], "http://localhost:82/", "Mozilla/5.0 (Windows NT 10.0; Win64; x64) AppleWebKit/537.36 (KHTML, like Gecko) Chrome/87.0.4280.66 Safari/537.36"
2020-12-04 17:59:44.364 200 "GET http localhost:8200 /system/config/dict/getDicts?dictType=flow_status HTTP/1.1" 0.003, [::1], "http://localhost:82/", "Mozilla/5.0 (Windows NT 10.0; Win64; x64) AppleWebKit/537.36 (KHTML, like Gecko) Chrome/87.0.4280.66 Safari/537.36"
2020-12-04 17:59:44.365 200 "GET http localhost:8200 /system/config/dict/getDicts?dictType=flow_level HTTP/1.1" 0.002, [::1], "http://localhost:82/", "Mozilla/5.0 (Windows NT 10.0; Win64; x64) AppleWebKit/537.36 (KHTML, like Gecko) Chrome/87.0.4280.66 Safari/537.36"
2020-12-04 17:59:44.386 200 "GET http localhost:8200 /system/wf/news/list?pageNum=1&pageSize=10 HTTP/1.1" 0.025, [::1], "http://localhost:82/", "Mozilla/5.0 (Windows NT 10.0; Win64; x64) AppleWebKit/537.36 (KHTML, like Gecko) Chrome/87.0.4280.66 Safari/537.36"
2020-12-04 17:59:51.717 200 "OPTIONS http localhost:8200 /sysLogin/logout HTTP/1.1" 0.000, [::1], "http://localhost:82/", "Mozilla/5.0 (Windows NT 10.0; Win64; x64) AppleWebKit/537.36 (KHTML, like Gecko) Chrome/87.0.4280.66 Safari/537.36"
2020-12-04 17:59:51.732 200 "POST http localhost:8200 /sysLogin/logout HTTP/1.1" 0.013, [::1], "http://localhost:82/", "Mozilla/5.0 (Windows NT 10.0; Win64; x64) AppleWebKit/537.36 (KHTML, like Gecko) Chrome/87.0.4280.66 Safari/537.36"
2020-12-04 17:59:52.397 200 "POST http localhost:8200 /captcha/get/img HTTP/1.1" 0.038, [::1], "http://localhost:82/", "Mozilla/5.0 (Windows NT 10.0; Win64; x64) AppleWebKit/537.36 (KHTML, like Gecko) Chrome/87.0.4280.66 Safari/537.36"
2020-12-04 18:00:02.040 200 "OPTIONS http localhost:8200 /sysLogin/login HTTP/1.1" 0.000, [::1], "http://localhost:82/", "Mozilla/5.0 (Windows NT 10.0; Win64; x64) AppleWebKit/537.36 (KHTML, like Gecko) Chrome/87.0.4280.66 Safari/537.36"
2020-12-04 18:00:02.055 200 "POST http localhost:8200 /sysLogin/login HTTP/1.1" 0.009, [::1], "http://localhost:82/", "Mozilla/5.0 (Windows NT 10.0; Win64; x64) AppleWebKit/537.36 (KHTML, like Gecko) Chrome/87.0.4280.66 Safari/537.36"
2020-12-04 18:00:02.098 200 "POST http localhost:8200 /captcha/get/img HTTP/1.1" 0.029, [::1], "http://localhost:82/", "Mozilla/5.0 (Windows NT 10.0; Win64; x64) AppleWebKit/537.36 (KHTML, like Gecko) Chrome/87.0.4280.66 Safari/537.36"
2020-12-04 18:00:09.094 200 "POST http localhost:8200 /sysLogin/login HTTP/1.1" 0.050, [::1], "http://localhost:82/", "Mozilla/5.0 (Windows NT 10.0; Win64; x64) AppleWebKit/537.36 (KHTML, like Gecko) Chrome/87.0.4280.66 Safari/537.36"
2020-12-04 18:00:09.204 200 "GET http localhost:8200 /system/index/getInfo HTTP/1.1" 0.094, [::1], "http://localhost:82/", "Mozilla/5.0 (Windows NT 10.0; Win64; x64) AppleWebKit/537.36 (KHTML, like Gecko) Chrome/87.0.4280.66 Safari/537.36"
2020-12-04 18:00:09.220 200 "GET http localhost:8200 /system/index/getRouters HTTP/1.1" 0.007, [::1], "http://localhost:82/", "Mozilla/5.0 (Windows NT 10.0; Win64; x64) AppleWebKit/537.36 (KHTML, like Gecko) Chrome/87.0.4280.66 Safari/537.36"
2020-12-04 18:00:14.692 200 "GET http localhost:8200 /system/index/getInfo HTTP/1.1" 0.003, [::1], "http://localhost:82/", "Mozilla/5.0 (Windows NT 10.0; Win64; x64) AppleWebKit/537.36 (KHTML, like Gecko) Chrome/87.0.4280.66 Safari/537.36"
2020-12-04 18:00:14.731 200 "GET http localhost:8200 /system/index/getRouters HTTP/1.1" 0.004, [::1], "http://localhost:82/", "Mozilla/5.0 (Windows NT 10.0; Win64; x64) AppleWebKit/537.36 (KHTML, like Gecko) Chrome/87.0.4280.66 Safari/537.36"
2020-12-04 18:01:08.532 200 "GET http localhost:8200 /system/index/getInfo HTTP/1.1" 0.144, [::1], "http://localhost:82/", "Mozilla/5.0 (Windows NT 10.0; Win64; x64) AppleWebKit/537.36 (KHTML, like Gecko) Chrome/87.0.4280.66 Safari/537.36"
2020-12-04 18:01:08.547 200 "GET http localhost:8200 /system/index/getRouters HTTP/1.1" 0.006, [::1], "http://localhost:82/", "Mozilla/5.0 (Windows NT 10.0; Win64; x64) AppleWebKit/537.36 (KHTML, like Gecko) Chrome/87.0.4280.66 Safari/537.36"
2020-12-04 18:01:12.109 200 "GET http localhost:8200 /system/config/dict/getDicts?dictType=flow_type HTTP/1.1" 0.022, [::1], "http://localhost:82/", "Mozilla/5.0 (Windows NT 10.0; Win64; x64) AppleWebKit/537.36 (KHTML, like Gecko) Chrome/87.0.4280.66 Safari/537.36"
2020-12-04 18:01:12.109 200 "GET http localhost:8200 /system/wf/flow/list?pageNum=1&pageSize=10 HTTP/1.1" 0.022, [::1], "http://localhost:82/", "Mozilla/5.0 (Windows NT 10.0; Win64; x64) AppleWebKit/537.36 (KHTML, like Gecko) Chrome/87.0.4280.66 Safari/537.36"
2020-12-04 18:01:12.111 200 "GET http localhost:8200 /system/config/dict/getDicts?dictType=sys_normal_disable HTTP/1.1" 0.023, [::1], "http://localhost:82/", "Mozilla/5.0 (Windows NT 10.0; Win64; x64) AppleWebKit/537.36 (KHTML, like Gecko) Chrome/87.0.4280.66 Safari/537.36"
2020-12-04 18:01:14.835 200 "GET http localhost:8200 /system/config/dict/getDicts?dictType=flow_status HTTP/1.1" 0.009, [::1], "http://localhost:82/", "Mozilla/5.0 (Windows NT 10.0; Win64; x64) AppleWebKit/537.36 (KHTML, like Gecko) Chrome/87.0.4280.66 Safari/537.36"
2020-12-04 18:01:14.839 200 "GET http localhost:8200 /system/config/dict/getDicts?dictType=flow_level HTTP/1.1" 0.010, [::1], "http://localhost:82/", "Mozilla/5.0 (Windows NT 10.0; Win64; x64) AppleWebKit/537.36 (KHTML, like Gecko) Chrome/87.0.4280.66 Safari/537.36"
2020-12-04 18:01:14.867 200 "GET http localhost:8200 /system/wf/news/list?pageNum=1&pageSize=10 HTTP/1.1" 0.041, [::1], "http://localhost:82/", "Mozilla/5.0 (Windows NT 10.0; Win64; x64) AppleWebKit/537.36 (KHTML, like Gecko) Chrome/87.0.4280.66 Safari/537.36"
2020-12-04 18:01:16.449 200 "GET http localhost:8200 /system/wf/flow/wfCheck?wf_type=wf_news&wf_title=2&wf_status_field=status&wf_fid=1 HTTP/1.1" 0.030, [::1], "http://localhost:82/", "Mozilla/5.0 (Windows NT 10.0; Win64; x64) AppleWebKit/537.36 (KHTML, like Gecko) Chrome/87.0.4280.66 Safari/537.36"
2020-12-04 18:02:50.054 200 "OPTIONS http localhost:8200 /system/wf/flow/getBackTodo?backId=52&runId=85 HTTP/1.1" 0.002, [::1], "http://localhost:82/", "Mozilla/5.0 (Windows NT 10.0; Win64; x64) AppleWebKit/537.36 (KHTML, like Gecko) Chrome/87.0.4280.66 Safari/537.36"
2020-12-04 18:02:50.066 200 "GET http localhost:8200 /system/wf/flow/getBackTodo?backId=52&runId=85 HTTP/1.1" 0.009, [::1], "http://localhost:82/", "Mozilla/5.0 (Windows NT 10.0; Win64; x64) AppleWebKit/537.36 (KHTML, like Gecko) Chrome/87.0.4280.66 Safari/537.36"
2020-12-04 18:02:52.833 200 "OPTIONS http localhost:8200 /system/wf/flow/checkSave HTTP/1.1" 0.001, [::1], "http://localhost:82/", "Mozilla/5.0 (Windows NT 10.0; Win64; x64) AppleWebKit/537.36 (KHTML, like Gecko) Chrome/87.0.4280.66 Safari/537.36"
2020-12-04 18:02:53.017 200 "POST http localhost:8200 /system/wf/flow/checkSave HTTP/1.1" 0.183, [::1], "http://localhost:82/", "Mozilla/5.0 (Windows NT 10.0; Win64; x64) AppleWebKit/537.36 (KHTML, like Gecko) Chrome/87.0.4280.66 Safari/537.36"
2020-12-04 18:02:53.067 200 "GET http localhost:8200 /system/wf/news/list?pageNum=1&pageSize=10 HTTP/1.1" 0.020, [::1], "http://localhost:82/", "Mozilla/5.0 (Windows NT 10.0; Win64; x64) AppleWebKit/537.36 (KHTML, like Gecko) Chrome/87.0.4280.66 Safari/537.36"
2020-12-04 18:03:20.224 200 "GET http localhost:8200 /system/wf/flow/wfCheck?wf_type=wf_news&wf_title=2&wf_status_field=status&wf_fid=1 HTTP/1.1" 0.183, [::1], "http://localhost:82/", "Mozilla/5.0 (Windows NT 10.0; Win64; x64) AppleWebKit/537.36 (KHTML, like Gecko) Chrome/87.0.4280.66 Safari/537.36"
2020-12-04 18:03:26.791 200 "OPTIONS http localhost:8200 /system/wf/flow/getBackTodo?backId=7&runId=85 HTTP/1.1" 0.000, [::1], "http://localhost:82/", "Mozilla/5.0 (Windows NT 10.0; Win64; x64) AppleWebKit/537.36 (KHTML, like Gecko) Chrome/87.0.4280.66 Safari/537.36"
2020-12-04 18:03:26.797 200 "GET http localhost:8200 /system/wf/flow/getBackTodo?backId=7&runId=85 HTTP/1.1" 0.004, [::1], "http://localhost:82/", "Mozilla/5.0 (Windows NT 10.0; Win64; x64) AppleWebKit/537.36 (KHTML, like Gecko) Chrome/87.0.4280.66 Safari/537.36"
2020-12-04 18:03:27.858 200 "POST http localhost:8200 /system/wf/flow/checkSave HTTP/1.1" 0.009, [::1], "http://localhost:82/", "Mozilla/5.0 (Windows NT 10.0; Win64; x64) AppleWebKit/537.36 (KHTML, like Gecko) Chrome/87.0.4280.66 Safari/537.36"
2020-12-04 18:03:30.505 200 "POST http localhost:8200 /system/wf/flow/checkSave HTTP/1.1" 0.006, [::1], "http://localhost:82/", "Mozilla/5.0 (Windows NT 10.0; Win64; x64) AppleWebKit/537.36 (KHTML, like Gecko) Chrome/87.0.4280.66 Safari/537.36"
2020-12-04 18:03:34.810 200 "GET http localhost:8200 /system/wf/flow/wfCheck?wf_type=wf_news&wf_title=2&wf_status_field=status&wf_fid=1 HTTP/1.1" 0.022, [::1], "http://localhost:82/", "Mozilla/5.0 (Windows NT 10.0; Win64; x64) AppleWebKit/537.36 (KHTML, like Gecko) Chrome/87.0.4280.66 Safari/537.36"
2020-12-04 18:04:54.531 200 "POST http localhost:8200 /system/wf/flow/getManager HTTP/1.1" 0.010, [::1], "http://localhost:82/", "Mozilla/5.0 (Windows NT 10.0; Win64; x64) AppleWebKit/537.36 (KHTML, like Gecko) Chrome/87.0.4280.66 Safari/537.36"
2020-12-04 18:04:57.042 200 "POST http localhost:8200 /system/wf/flow/getManager HTTP/1.1" 0.011, [::1], "http://localhost:82/", "Mozilla/5.0 (Windows NT 10.0; Win64; x64) AppleWebKit/537.36 (KHTML, like Gecko) Chrome/87.0.4280.66 Safari/537.36"
2020-12-04 18:05:00.857 200 "POST http localhost:8200 /system/wf/flow/checkSave HTTP/1.1" 0.104, [::1], "http://localhost:82/", "Mozilla/5.0 (Windows NT 10.0; Win64; x64) AppleWebKit/537.36 (KHTML, like Gecko) Chrome/87.0.4280.66 Safari/537.36"
2020-12-04 18:05:00.934 200 "GET http localhost:8200 /system/wf/news/list?pageNum=1&pageSize=10 HTTP/1.1" 0.033, [::1], "http://localhost:82/", "Mozilla/5.0 (Windows NT 10.0; Win64; x64) AppleWebKit/537.36 (KHTML, like Gecko) Chrome/87.0.4280.66 Safari/537.36"
2020-12-04 18:05:25.475 200 "GET http localhost:8200 /system/wf/flow/wfCheck?wf_type=wf_news&wf_title=2&wf_status_field=status&wf_fid=1 HTTP/1.1" 0.096, [::1], "http://localhost:82/", "Mozilla/5.0 (Windows NT 10.0; Win64; x64) AppleWebKit/537.36 (KHTML, like Gecko) Chrome/87.0.4280.66 Safari/537.36"
2020-12-04 18:05:32.095 200 "POST http localhost:8200 /system/wf/flow/checkSave HTTP/1.1" 0.003, [::1], "http://localhost:82/", "Mozilla/5.0 (Windows NT 10.0; Win64; x64) AppleWebKit/537.36 (KHTML, like Gecko) Chrome/87.0.4280.66 Safari/537.36"
2020-12-04 18:05:39.503 200 "POST http localhost:8200 /system/wf/flow/checkSave HTTP/1.1" 0.005, [::1], "http://localhost:82/", "Mozilla/5.0 (Windows NT 10.0; Win64; x64) AppleWebKit/537.36 (KHTML, like Gecko) Chrome/87.0.4280.66 Safari/537.36"
2020-12-04 18:05:43.781 200 "GET http localhost:8200 /system/wf/flow/wfCheck?wf_type=wf_news&wf_title=2&wf_status_field=status&wf_fid=1 HTTP/1.1" 0.028, [::1], "http://localhost:82/", "Mozilla/5.0 (Windows NT 10.0; Win64; x64) AppleWebKit/537.36 (KHTML, like Gecko) Chrome/87.0.4280.66 Safari/537.36"
2020-12-04 18:05:50.800 200 "OPTIONS http localhost:8200 /system/wf/news/edit?id=2 HTTP/1.1" 0.000, [::1], "http://localhost:82/", "Mozilla/5.0 (Windows NT 10.0; Win64; x64) AppleWebKit/537.36 (KHTML, like Gecko) Chrome/87.0.4280.66 Safari/537.36"
2020-12-04 18:05:50.805 200 "GET http localhost:8200 /system/wf/news/edit?id=2 HTTP/1.1" 0.003, [::1], "http://localhost:82/", "Mozilla/5.0 (Windows NT 10.0; Win64; x64) AppleWebKit/537.36 (KHTML, like Gecko) Chrome/87.0.4280.66 Safari/537.36"
2020-12-04 18:05:52.762 200 "OPTIONS http localhost:8200 /system/wf/news/edit HTTP/1.1" 0.001, [::1], "http://localhost:82/", "Mozilla/5.0 (Windows NT 10.0; Win64; x64) AppleWebKit/537.36 (KHTML, like Gecko) Chrome/87.0.4280.66 Safari/537.36"
2020-12-04 18:05:52.797 200 "POST http localhost:8200 /system/wf/news/edit HTTP/1.1" 0.034, [::1], "http://localhost:82/", "Mozilla/5.0 (Windows NT 10.0; Win64; x64) AppleWebKit/537.36 (KHTML, like Gecko) Chrome/87.0.4280.66 Safari/537.36"
2020-12-04 18:05:52.856 200 "GET http localhost:8200 /system/wf/news/list?pageNum=1&pageSize=10 HTTP/1.1" 0.042, [::1], "http://localhost:82/", "Mozilla/5.0 (Windows NT 10.0; Win64; x64) AppleWebKit/537.36 (KHTML, like Gecko) Chrome/87.0.4280.66 Safari/537.36"
2020-12-04 18:05:55.749 200 "GET http localhost:8200 /system/wf/flow/wfStart?wf_type=wf_news&wf_title=2&wf_status_field=status&wf_fid=3 HTTP/1.1" 0.006, [::1], "http://localhost:82/", "Mozilla/5.0 (Windows NT 10.0; Win64; x64) AppleWebKit/537.36 (KHTML, like Gecko) Chrome/87.0.4280.66 Safari/537.36"
2020-12-04 18:06:01.810 200 "OPTIONS http localhost:8200 /system/wf/flow/saveStartWf?wfType=wf_news&wfStatusField=status&wfFid=3&wfId=1&newType=0&checkCon=666 HTTP/1.1" 0.000, [::1], "http://localhost:82/", "Mozilla/5.0 (Windows NT 10.0; Win64; x64) AppleWebKit/537.36 (KHTML, like Gecko) Chrome/87.0.4280.66 Safari/537.36"
2020-12-04 18:06:01.957 200 "POST http localhost:8200 /system/wf/flow/saveStartWf?wfType=wf_news&wfStatusField=status&wfFid=3&wfId=1&newType=0&checkCon=666 HTTP/1.1" 0.146, [::1], "http://localhost:82/", "Mozilla/5.0 (Windows NT 10.0; Win64; x64) AppleWebKit/537.36 (KHTML, like Gecko) Chrome/87.0.4280.66 Safari/537.36"
2020-12-04 18:06:02.016 200 "GET http localhost:8200 /system/wf/news/list?pageNum=1&pageSize=10 HTTP/1.1" 0.039, [::1], "http://localhost:82/", "Mozilla/5.0 (Windows NT 10.0; Win64; x64) AppleWebKit/537.36 (KHTML, like Gecko) Chrome/87.0.4280.66 Safari/537.36"
2020-12-04 18:06:03.946 200 "OPTIONS http localhost:8200 /system/wf/flow/wfCheck?wf_type=wf_news&wf_title=2&wf_status_field=status&wf_fid=3 HTTP/1.1" 0.000, [::1], "http://localhost:82/", "Mozilla/5.0 (Windows NT 10.0; Win64; x64) AppleWebKit/537.36 (KHTML, like Gecko) Chrome/87.0.4280.66 Safari/537.36"
2020-12-04 18:06:03.965 200 "GET http localhost:8200 /system/wf/flow/wfCheck?wf_type=wf_news&wf_title=2&wf_status_field=status&wf_fid=3 HTTP/1.1" 0.018, [::1], "http://localhost:82/", "Mozilla/5.0 (Windows NT 10.0; Win64; x64) AppleWebKit/537.36 (KHTML, like Gecko) Chrome/87.0.4280.66 Safari/537.36"
2020-12-04 18:06:08.762 200 "POST http localhost:8200 /system/wf/flow/checkSave HTTP/1.1" 0.071, [::1], "http://localhost:82/", "Mozilla/5.0 (Windows NT 10.0; Win64; x64) AppleWebKit/537.36 (KHTML, like Gecko) Chrome/87.0.4280.66 Safari/537.36"
2020-12-04 18:06:08.843 200 "GET http localhost:8200 /system/wf/news/list?pageNum=1&pageSize=10 HTTP/1.1" 0.061, [::1], "http://localhost:82/", "Mozilla/5.0 (Windows NT 10.0; Win64; x64) AppleWebKit/537.36 (KHTML, like Gecko) Chrome/87.0.4280.66 Safari/537.36"
2020-12-04 18:06:10.487 200 "GET http localhost:8200 /system/wf/flow/wfCheck?wf_type=wf_news&wf_title=2&wf_status_field=status&wf_fid=3 HTTP/1.1" 0.022, [::1], "http://localhost:82/", "Mozilla/5.0 (Windows NT 10.0; Win64; x64) AppleWebKit/537.36 (KHTML, like Gecko) Chrome/87.0.4280.66 Safari/537.36"
2020-12-04 18:06:24.572 200 "GET http localhost:8200 /system/wf/flow/monitoring HTTP/1.1" 0.020, [::1], "http://localhost:82/", "Mozilla/5.0 (Windows NT 10.0; Win64; x64) AppleWebKit/537.36 (KHTML, like Gecko) Chrome/87.0.4280.66 Safari/537.36"
2020-12-04 18:06:24.577 200 "GET http localhost:8200 /system/config/dict/getDicts?dictType=flow_level HTTP/1.1" 0.025, [::1], "http://localhost:82/", "Mozilla/5.0 (Windows NT 10.0; Win64; x64) AppleWebKit/537.36 (KHTML, like Gecko) Chrome/87.0.4280.66 Safari/537.36"
2020-12-04 18:06:27.886 200 "GET http localhost:8200 /system/wf/flow/wfCheck?wf_type=wf_news&wf_title=2&wf_status_field=status&wf_fid=3 HTTP/1.1" 0.020, [::1], "http://localhost:82/", "Mozilla/5.0 (Windows NT 10.0; Win64; x64) AppleWebKit/537.36 (KHTML, like Gecko) Chrome/87.0.4280.66 Safari/537.36"
2020-12-04 18:06:40.247 200 "GET http localhost:8200 /system/wf/flow/wfCheck?wf_type=wf_news&wf_title=2&wf_status_field=status&wf_fid=3 HTTP/1.1" 0.021, [::1], "http://localhost:82/", "Mozilla/5.0 (Windows NT 10.0; Win64; x64) AppleWebKit/537.36 (KHTML, like Gecko) Chrome/87.0.4280.66 Safari/537.36"
2020-12-04 18:07:24.696 200 "GET http localhost:8200 /system/config/dict/getDicts?dictType=flow_level HTTP/1.1" 0.003, [::1], "http://localhost:82/", "Mozilla/5.0 (Windows NT 10.0; Win64; x64) AppleWebKit/537.36 (KHTML, like Gecko) Chrome/87.0.4280.66 Safari/537.36"
2020-12-04 18:07:24.703 200 "GET http localhost:8200 /system/config/dict/getDicts?dictType=flow_status HTTP/1.1" 0.011, [::1], "http://localhost:82/", "Mozilla/5.0 (Windows NT 10.0; Win64; x64) AppleWebKit/537.36 (KHTML, like Gecko) Chrome/87.0.4280.66 Safari/537.36"
2020-12-04 18:07:24.732 200 "GET http localhost:8200 /system/wf/news/list?pageNum=1&pageSize=10 HTTP/1.1" 0.040, [::1], "http://localhost:82/", "Mozilla/5.0 (Windows NT 10.0; Win64; x64) AppleWebKit/537.36 (KHTML, like Gecko) Chrome/87.0.4280.66 Safari/537.36"
2020-12-04 18:08:41.757 200 "OPTIONS http localhost:8200 /system/wf/flow/wfStart?wf_type=wf_news&wf_title=2&wf_status_field=status&wf_fid=4 HTTP/1.1" 0.000, [::1], "http://localhost:82/", "Mozilla/5.0 (Windows NT 10.0; Win64; x64) AppleWebKit/537.36 (KHTML, like Gecko) Chrome/87.0.4280.66 Safari/537.36"
2020-12-04 18:08:41.763 200 "GET http localhost:8200 /system/wf/flow/wfStart?wf_type=wf_news&wf_title=2&wf_status_field=status&wf_fid=4 HTTP/1.1" 0.004, [::1], "http://localhost:82/", "Mozilla/5.0 (Windows NT 10.0; Win64; x64) AppleWebKit/537.36 (KHTML, like Gecko) Chrome/87.0.4280.66 Safari/537.36"
2020-12-04 18:08:44.406 200 "GET http localhost:8200 /system/wf/flow/wfCheck?wf_type=wf_news&wf_title=2&wf_status_field=status&wf_fid=3 HTTP/1.1" 0.017, [::1], "http://localhost:82/", "Mozilla/5.0 (Windows NT 10.0; Win64; x64) AppleWebKit/537.36 (KHTML, like Gecko) Chrome/87.0.4280.66 Safari/537.36"
2020-12-04 18:08:48.222 200 "OPTIONS http localhost:8200 /system/wf/flow/getBackTodo?backId=1&runId=87 HTTP/1.1" 0.000, [::1], "http://localhost:82/", "Mozilla/5.0 (Windows NT 10.0; Win64; x64) AppleWebKit/537.36 (KHTML, like Gecko) Chrome/87.0.4280.66 Safari/537.36"
2020-12-04 18:08:48.227 200 "GET http localhost:8200 /system/wf/flow/getBackTodo?backId=1&runId=87 HTTP/1.1" 0.004, [::1], "http://localhost:82/", "Mozilla/5.0 (Windows NT 10.0; Win64; x64) AppleWebKit/537.36 (KHTML, like Gecko) Chrome/87.0.4280.66 Safari/537.36"
2020-12-04 18:08:49.571 200 "POST http localhost:8200 /system/wf/flow/checkSave HTTP/1.1" 0.004, [::1], "http://localhost:82/", "Mozilla/5.0 (Windows NT 10.0; Win64; x64) AppleWebKit/537.36 (KHTML, like Gecko) Chrome/87.0.4280.66 Safari/537.36"
2020-12-04 18:14:40.943 200 "GET http localhost:8200 /system/wf/flow/wfCheck?wf_type=wf_news&wf_title=2&wf_status_field=status&wf_fid=3 HTTP/1.1" 0.075, [::1], "http://localhost:82/", "Mozilla/5.0 (Windows NT 10.0; Win64; x64) AppleWebKit/537.36 (KHTML, like Gecko) Chrome/87.0.4280.66 Safari/537.36"
2020-12-04 18:14:44.130 200 "GET http localhost:8200 /system/wf/flow/getBackTodo?backId=1&runId=87 HTTP/1.1" 0.004, [::1], "http://localhost:82/", "Mozilla/5.0 (Windows NT 10.0; Win64; x64) AppleWebKit/537.36 (KHTML, like Gecko) Chrome/87.0.4280.66 Safari/537.36"
2020-12-04 18:14:45.403 200 "POST http localhost:8200 /system/wf/flow/checkSave HTTP/1.1" 0.004, [::1], "http://localhost:82/", "Mozilla/5.0 (Windows NT 10.0; Win64; x64) AppleWebKit/537.36 (KHTML, like Gecko) Chrome/87.0.4280.66 Safari/537.36"
2020-12-04 18:15:27.239 200 "OPTIONS http 192.168.0.212:8200 /system/index/getInfo HTTP/1.1" 0.001, 192.168.0.212, "http://localhost:82/", "Mozilla/5.0 (Windows NT 10.0; Win64; x64) AppleWebKit/537.36 (KHTML, like Gecko) Chrome/87.0.4280.66 Safari/537.36"
2020-12-04 18:15:27.372 200 "GET http 192.168.0.212:8200 /system/index/getInfo HTTP/1.1" 0.131, 192.168.0.212, "http://localhost:82/", "Mozilla/5.0 (Windows NT 10.0; Win64; x64) AppleWebKit/537.36 (KHTML, like Gecko) Chrome/87.0.4280.66 Safari/537.36"
2020-12-04 18:15:27.378 200 "OPTIONS http 192.168.0.212:8200 /system/index/getRouters HTTP/1.1" 0.000, 192.168.0.212, "http://localhost:82/", "Mozilla/5.0 (Windows NT 10.0; Win64; x64) AppleWebKit/537.36 (KHTML, like Gecko) Chrome/87.0.4280.66 Safari/537.36"
2020-12-04 18:15:27.395 200 "GET http 192.168.0.212:8200 /system/index/getRouters HTTP/1.1" 0.005, 192.168.0.212, "http://localhost:82/", "Mozilla/5.0 (Windows NT 10.0; Win64; x64) AppleWebKit/537.36 (KHTML, like Gecko) Chrome/87.0.4280.66 Safari/537.36"
2020-12-04 18:15:28.152 200 "OPTIONS http 192.168.0.212:8200 /system/wf/flow/list?pageNum=1&pageSize=10 HTTP/1.1" 0.001, 192.168.0.212, "http://localhost:82/", "Mozilla/5.0 (Windows NT 10.0; Win64; x64) AppleWebKit/537.36 (KHTML, like Gecko) Chrome/87.0.4280.66 Safari/537.36"
2020-12-04 18:15:28.152 200 "OPTIONS http 192.168.0.212:8200 /system/config/dict/getDicts?dictType=flow_type HTTP/1.1" 0.000, 192.168.0.212, "http://localhost:82/", "Mozilla/5.0 (Windows NT 10.0; Win64; x64) AppleWebKit/537.36 (KHTML, like Gecko) Chrome/87.0.4280.66 Safari/537.36"
2020-12-04 18:15:28.153 200 "OPTIONS http 192.168.0.212:8200 /system/config/dict/getDicts?dictType=sys_normal_disable HTTP/1.1" 0.000, 192.168.0.212, "http://localhost:82/", "Mozilla/5.0 (Windows NT 10.0; Win64; x64) AppleWebKit/537.36 (KHTML, like Gecko) Chrome/87.0.4280.66 Safari/537.36"
2020-12-04 18:15:28.184 200 "GET http 192.168.0.212:8200 /system/wf/flow/list?pageNum=1&pageSize=10 HTTP/1.1" 0.029, 192.168.0.212, "http://localhost:82/", "Mozilla/5.0 (Windows NT 10.0; Win64; x64) AppleWebKit/537.36 (KHTML, like Gecko) Chrome/87.0.4280.66 Safari/537.36"
2020-12-04 18:15:28.189 200 "GET http 192.168.0.212:8200 /system/config/dict/getDicts?dictType=flow_type HTTP/1.1" 0.034, 192.168.0.212, "http://localhost:82/", "Mozilla/5.0 (Windows NT 10.0; Win64; x64) AppleWebKit/537.36 (KHTML, like Gecko) Chrome/87.0.4280.66 Safari/537.36"
2020-12-04 18:15:28.193 200 "GET http 192.168.0.212:8200 /system/config/dict/getDicts?dictType=sys_normal_disable HTTP/1.1" 0.037, 192.168.0.212, "http://localhost:82/", "Mozilla/5.0 (Windows NT 10.0; Win64; x64) AppleWebKit/537.36 (KHTML, like Gecko) Chrome/87.0.4280.66 Safari/537.36"
2020-12-04 18:15:30.006 200 "OPTIONS http 192.168.0.212:8200 /system/wf/flow/designFlow?id=5 HTTP/1.1" 0.000, 192.168.0.212, "http://localhost:82/", "Mozilla/5.0 (Windows NT 10.0; Win64; x64) AppleWebKit/537.36 (KHTML, like Gecko) Chrome/87.0.4280.66 Safari/537.36"
2020-12-04 18:15:30.067 200 "GET http 192.168.0.212:8200 /system/wf/flow/designFlow?id=5 HTTP/1.1" 0.059, 192.168.0.212, "http://localhost:82/", "Mozilla/5.0 (Windows NT 10.0; Win64; x64) AppleWebKit/537.36 (KHTML, like Gecko) Chrome/87.0.4280.66 Safari/537.36"
2020-12-04 18:15:36.748 200 "OPTIONS http 192.168.0.212:8200 /system/wf/flow/saveAttr HTTP/1.1" 0.001, 192.168.0.212, "http://localhost:82/", "Mozilla/5.0 (Windows NT 10.0; Win64; x64) AppleWebKit/537.36 (KHTML, like Gecko) Chrome/87.0.4280.66 Safari/537.36"
2020-12-04 18:15:36.752 200 "POST http 192.168.0.212:8200 /system/wf/flow/saveAttr HTTP/1.1" 0.003, 192.168.0.212, "http://localhost:82/", "Mozilla/5.0 (Windows NT 10.0; Win64; x64) AppleWebKit/537.36 (KHTML, like Gecko) Chrome/87.0.4280.66 Safari/537.36"
