2020-11-20 08:48:04.905 200 "GET http localhost:8200 /cms HTTP/1.1" 0.225, [::1], "http://localhost:81/", "Mozilla/5.0 (Windows NT 10.0; Win64; x64) AppleWebKit/537.36 (KHTML, like Gecko) Chrome/86.0.4240.111 Safari/537.36"
2020-11-20 08:48:05.118 200 "GET http localhost:8200 /cms/css/qxkj.css HTTP/1.1" 0.196, [::1], "http://localhost:8200/cms", "Mozilla/5.0 (Windows NT 10.0; Win64; x64) AppleWebKit/537.36 (KHTML, like Gecko) Chrome/86.0.4240.111 Safari/537.36"
2020-11-20 08:48:05.120 200 "GET http localhost:8200 /cms/css/public.css HTTP/1.1" 0.191, [::1], "http://localhost:8200/cms", "Mozilla/5.0 (Windows NT 10.0; Win64; x64) AppleWebKit/537.36 (KHTML, like Gecko) Chrome/86.0.4240.111 Safari/537.36"
2020-11-20 08:48:05.187 200 "GET http localhost:8200 /cms/css/font-awesome-4.7.0/css/font-awesome.min.css HTTP/1.1" 0.261, [::1], "http://localhost:8200/cms", "Mozilla/5.0 (Windows NT 10.0; Win64; x64) AppleWebKit/537.36 (KHTML, like Gecko) Chrome/86.0.4240.111 Safari/537.36"
2020-11-20 08:48:05.215 200 "GET http localhost:8200 /js/jquery1.9.1/jquery.min.js HTTP/1.1" 0.289, [::1], "http://localhost:8200/cms", "Mozilla/5.0 (Windows NT 10.0; Win64; x64) AppleWebKit/537.36 (KHTML, like Gecko) Chrome/86.0.4240.111 Safari/537.36"
2020-11-20 08:48:05.227 200 "GET http localhost:8200 /js/swiper-6.1.1/swiper-bundle.min.js HTTP/1.1" 0.299, [::1], "http://localhost:8200/cms", "Mozilla/5.0 (Windows NT 10.0; Win64; x64) AppleWebKit/537.36 (KHTML, like Gecko) Chrome/86.0.4240.111 Safari/537.36"
2020-11-20 08:48:05.230 200 "GET http localhost:8200 /css/swiper-6.1.1/swiper-bundle.min.css HTTP/1.1" 0.304, [::1], "http://localhost:8200/cms", "Mozilla/5.0 (Windows NT 10.0; Win64; x64) AppleWebKit/537.36 (KHTML, like Gecko) Chrome/86.0.4240.111 Safari/537.36"
2020-11-20 08:48:05.233 404 "GET http localhost:8200 /pub_upload/2020-10-30/c6pwy5wn1398e93sjy.jpg HTTP/1.1" 0.000, [::1], "http://localhost:8200/cms", "Mozilla/5.0 (Windows NT 10.0; Win64; x64) AppleWebKit/537.36 (KHTML, like Gecko) Chrome/86.0.4240.111 Safari/537.36"
2020-11-20 08:48:05.242 200 "GET http localhost:8200 /cms/images/logo.png HTTP/1.1" 0.012, [::1], "http://localhost:8200/cms", "Mozilla/5.0 (Windows NT 10.0; Win64; x64) AppleWebKit/537.36 (KHTML, like Gecko) Chrome/86.0.4240.111 Safari/537.36"
2020-11-20 08:48:05.250 404 "GET http localhost:8200 /pub_upload/2020-10-30/c6pwvdddc9kolqpyvu.jpg HTTP/1.1" 0.001, [::1], "http://localhost:8200/cms", "Mozilla/5.0 (Windows NT 10.0; Win64; x64) AppleWebKit/537.36 (KHTML, like Gecko) Chrome/86.0.4240.111 Safari/537.36"
2020-11-20 08:48:05.251 404 "GET http localhost:8200 /pub_upload/2020-10-29/c6p8uohyl7kg6caoxf.jpg HTTP/1.1" 0.001, [::1], "http://localhost:8200/cms", "Mozilla/5.0 (Windows NT 10.0; Win64; x64) AppleWebKit/537.36 (KHTML, like Gecko) Chrome/86.0.4240.111 Safari/537.36"
2020-11-20 08:48:05.251 404 "GET http localhost:8200 /pub_upload/2020-10-29/c6p8za2ovxxgp3vejs.jpg HTTP/1.1" 0.000, [::1], "http://localhost:8200/cms", "Mozilla/5.0 (Windows NT 10.0; Win64; x64) AppleWebKit/537.36 (KHTML, like Gecko) Chrome/86.0.4240.111 Safari/537.36"
2020-11-20 08:48:05.251 404 "GET http localhost:8200 /pub_upload/2020-10-30/c6pww9dkku60m8yrpv.jpg HTTP/1.1" 0.000, [::1], "http://localhost:8200/cms", "Mozilla/5.0 (Windows NT 10.0; Win64; x64) AppleWebKit/537.36 (KHTML, like Gecko) Chrome/86.0.4240.111 Safari/537.36"
2020-11-20 08:48:05.252 404 "GET http localhost:8200 /pub_upload/2020-10-30/c6pwzxde4qkkciir2g.jpeg HTTP/1.1" 0.001, [::1], "http://localhost:8200/cms", "Mozilla/5.0 (Windows NT 10.0; Win64; x64) AppleWebKit/537.36 (KHTML, like Gecko) Chrome/86.0.4240.111 Safari/537.36"
2020-11-20 08:48:05.253 404 "GET http localhost:8200 /pub_upload/2020-10-30/c6pwrxducjwol7kb2q.jpeg HTTP/1.1" 0.002, [::1], "http://localhost:8200/cms", "Mozilla/5.0 (Windows NT 10.0; Win64; x64) AppleWebKit/537.36 (KHTML, like Gecko) Chrome/86.0.4240.111 Safari/537.36"
2020-11-20 08:48:05.254 404 "GET http localhost:8200 /pub_upload/2020-10-30/c6pwuapknpacaljqm5.jpg HTTP/1.1" 0.000, [::1], "http://localhost:8200/cms", "Mozilla/5.0 (Windows NT 10.0; Win64; x64) AppleWebKit/537.36 (KHTML, like Gecko) Chrome/86.0.4240.111 Safari/537.36"
2020-11-20 08:48:05.255 404 "GET http localhost:8200 /pub_upload/2020-10-30/c6pwsqcu6mi85nxf0g.png HTTP/1.1" 0.001, [::1], "http://localhost:8200/cms", "Mozilla/5.0 (Windows NT 10.0; Win64; x64) AppleWebKit/537.36 (KHTML, like Gecko) Chrome/86.0.4240.111 Safari/537.36"
2020-11-20 08:48:05.258 404 "GET http localhost:8200 /pub_upload/2020-10-27/c6niwywhjvjcjgde1s.jpeg HTTP/1.1" 0.001, [::1], "http://localhost:8200/cms", "Mozilla/5.0 (Windows NT 10.0; Win64; x64) AppleWebKit/537.36 (KHTML, like Gecko) Chrome/86.0.4240.111 Safari/537.36"
2020-11-20 08:48:05.259 404 "GET http localhost:8200 /pub_upload/2020-10-29/c6p0haeubqqsnlhejw.jpg HTTP/1.1" 0.001, [::1], "http://localhost:8200/cms", "Mozilla/5.0 (Windows NT 10.0; Win64; x64) AppleWebKit/537.36 (KHTML, like Gecko) Chrome/86.0.4240.111 Safari/537.36"
2020-11-20 08:48:05.259 404 "GET http localhost:8200 /pub_upload/2020-10-28/c6oegkcicda8ecbjfl.jpg HTTP/1.1" 0.000, [::1], "http://localhost:8200/cms", "Mozilla/5.0 (Windows NT 10.0; Win64; x64) AppleWebKit/537.36 (KHTML, like Gecko) Chrome/86.0.4240.111 Safari/537.36"
2020-11-20 08:48:05.272 200 "GET http localhost:8200 /cms/images/ay.jpg HTTP/1.1" 0.016, [::1], "http://localhost:8200/cms", "Mozilla/5.0 (Windows NT 10.0; Win64; x64) AppleWebKit/537.36 (KHTML, like Gecko) Chrome/86.0.4240.111 Safari/537.36"
2020-11-20 08:48:05.308 200 "GET http localhost:8200 /cms/images/aliyun.jpg HTTP/1.1" 0.052, [::1], "http://localhost:8200/cms", "Mozilla/5.0 (Windows NT 10.0; Win64; x64) AppleWebKit/537.36 (KHTML, like Gecko) Chrome/86.0.4240.111 Safari/537.36"
2020-11-20 08:48:05.493 404 "GET http localhost:8200 /pub_upload/2020-10-30/c6pwy5wn1398e93sjy.jpg HTTP/1.1" 0.001, [::1], "http://localhost:8200/cms", "Mozilla/5.0 (Windows NT 10.0; Win64; x64) AppleWebKit/537.36 (KHTML, like Gecko) Chrome/86.0.4240.111 Safari/537.36"
2020-11-20 08:48:05.581 200 "GET http localhost:8200 /image/favicon.ico HTTP/1.1" 0.027, [::1], "http://localhost:8200/cms", "Mozilla/5.0 (Windows NT 10.0; Win64; x64) AppleWebKit/537.36 (KHTML, like Gecko) Chrome/86.0.4240.111 Safari/537.36"
2020-11-20 08:48:05.809 200 "GET http localhost:8200 /cms/css/font-awesome-4.7.0/fonts/fontawesome-webfont.woff2?v=4.7.0 HTTP/1.1" 0.030, [::1], "http://localhost:8200/cms/css/font-awesome-4.7.0/css/font-awesome.min.css", "Mozilla/5.0 (Windows NT 10.0; Win64; x64) AppleWebKit/537.36 (KHTML, like Gecko) Chrome/86.0.4240.111 Safari/537.36"
2020-11-20 08:48:28.106 200 "OPTIONS http localhost:8200 /system/model/category/all HTTP/1.1" 0.000, [::1], "http://localhost:81/", "Mozilla/5.0 (Windows NT 10.0; Win64; x64) AppleWebKit/537.36 (KHTML, like Gecko) Chrome/86.0.4240.111 Safari/537.36"
2020-11-20 08:48:28.107 200 "OPTIONS http localhost:8200 /system/model/info/list?pageNum=1&pageSize=10 HTTP/1.1" 0.001, [::1], "http://localhost:81/", "Mozilla/5.0 (Windows NT 10.0; Win64; x64) AppleWebKit/537.36 (KHTML, like Gecko) Chrome/86.0.4240.111 Safari/537.36"
2020-11-20 08:48:28.107 200 "OPTIONS http localhost:8200 /system/config/dict/getDicts?dictType=sys_normal_disable HTTP/1.1" 0.001, [::1], "http://localhost:81/", "Mozilla/5.0 (Windows NT 10.0; Win64; x64) AppleWebKit/537.36 (KHTML, like Gecko) Chrome/86.0.4240.111 Safari/537.36"
2020-11-20 08:48:28.150 200 "GET http localhost:8200 /system/model/category/all HTTP/1.1" 0.041, [::1], "http://localhost:81/", "Mozilla/5.0 (Windows NT 10.0; Win64; x64) AppleWebKit/537.36 (KHTML, like Gecko) Chrome/86.0.4240.111 Safari/537.36"
2020-11-20 08:48:28.153 200 "GET http localhost:8200 /system/config/dict/getDicts?dictType=sys_normal_disable HTTP/1.1" 0.044, [::1], "http://localhost:81/", "Mozilla/5.0 (Windows NT 10.0; Win64; x64) AppleWebKit/537.36 (KHTML, like Gecko) Chrome/86.0.4240.111 Safari/537.36"
2020-11-20 08:48:28.168 200 "GET http localhost:8200 /system/model/info/list?pageNum=1&pageSize=10 HTTP/1.1" 0.059, [::1], "http://localhost:81/", "Mozilla/5.0 (Windows NT 10.0; Win64; x64) AppleWebKit/537.36 (KHTML, like Gecko) Chrome/86.0.4240.111 Safari/537.36"
2020-11-20 14:18:36.204 200 "OPTIONS http localhost:8200 /system/index/getInfo HTTP/1.1" 0.001, [::1], "http://localhost:81/", "Mozilla/5.0 (Windows NT 10.0; Win64; x64) AppleWebKit/537.36 (KHTML, like Gecko) Chrome/86.0.4240.111 Safari/537.36"
2020-11-20 14:18:36.297 200 "GET http localhost:8200 /system/index/getInfo HTTP/1.1" 0.089, [::1], "http://localhost:81/", "Mozilla/5.0 (Windows NT 10.0; Win64; x64) AppleWebKit/537.36 (KHTML, like Gecko) Chrome/86.0.4240.111 Safari/537.36"
2020-11-20 14:18:36.303 200 "OPTIONS http localhost:8200 /system/index/getRouters HTTP/1.1" 0.000, [::1], "http://localhost:81/", "Mozilla/5.0 (Windows NT 10.0; Win64; x64) AppleWebKit/537.36 (KHTML, like Gecko) Chrome/86.0.4240.111 Safari/537.36"
2020-11-20 14:18:36.308 200 "GET http localhost:8200 /system/index/getRouters HTTP/1.1" 0.004, [::1], "http://localhost:81/", "Mozilla/5.0 (Windows NT 10.0; Win64; x64) AppleWebKit/537.36 (KHTML, like Gecko) Chrome/86.0.4240.111 Safari/537.36"
2020-11-20 14:18:36.788 200 "OPTIONS http localhost:8200 /system/auth/menuList HTTP/1.1" 0.001, [::1], "http://localhost:81/", "Mozilla/5.0 (Windows NT 10.0; Win64; x64) AppleWebKit/537.36 (KHTML, like Gecko) Chrome/86.0.4240.111 Safari/537.36"
2020-11-20 14:18:36.819 200 "GET http localhost:8200 /system/auth/menuList HTTP/1.1" 0.030, [::1], "http://localhost:81/", "Mozilla/5.0 (Windows NT 10.0; Win64; x64) AppleWebKit/537.36 (KHTML, like Gecko) Chrome/86.0.4240.111 Safari/537.36"
2020-11-20 14:18:43.473 200 "OPTIONS http localhost:8200 /system/auth/editMenu?menuId=78 HTTP/1.1" 0.000, [::1], "http://localhost:81/", "Mozilla/5.0 (Windows NT 10.0; Win64; x64) AppleWebKit/537.36 (KHTML, like Gecko) Chrome/86.0.4240.111 Safari/537.36"
2020-11-20 14:18:43.480 200 "GET http localhost:8200 /system/auth/editMenu?menuId=78 HTTP/1.1" 0.006, [::1], "http://localhost:81/", "Mozilla/5.0 (Windows NT 10.0; Win64; x64) AppleWebKit/537.36 (KHTML, like Gecko) Chrome/86.0.4240.111 Safari/537.36"
2020-11-20 14:18:47.822 200 "OPTIONS http localhost:8200 /system/auth/editMenu HTTP/1.1" 0.001, [::1], "http://localhost:81/", "Mozilla/5.0 (Windows NT 10.0; Win64; x64) AppleWebKit/537.36 (KHTML, like Gecko) Chrome/86.0.4240.111 Safari/537.36"
2020-11-20 14:18:47.843 200 "POST http localhost:8200 /system/auth/editMenu HTTP/1.1" 0.020, [::1], "http://localhost:81/", "Mozilla/5.0 (Windows NT 10.0; Win64; x64) AppleWebKit/537.36 (KHTML, like Gecko) Chrome/86.0.4240.111 Safari/537.36"
2020-11-20 14:18:47.880 200 "GET http localhost:8200 /system/auth/menuList HTTP/1.1" 0.008, [::1], "http://localhost:81/", "Mozilla/5.0 (Windows NT 10.0; Win64; x64) AppleWebKit/537.36 (KHTML, like Gecko) Chrome/86.0.4240.111 Safari/537.36"
2020-11-20 14:18:50.755 200 "GET http localhost:8200 /system/auth/editMenu?menuId=78 HTTP/1.1" 0.005, [::1], "http://localhost:81/", "Mozilla/5.0 (Windows NT 10.0; Win64; x64) AppleWebKit/537.36 (KHTML, like Gecko) Chrome/86.0.4240.111 Safari/537.36"
2020-11-20 14:18:54.150 200 "POST http localhost:8200 /system/auth/editMenu HTTP/1.1" 0.020, [::1], "http://localhost:81/", "Mozilla/5.0 (Windows NT 10.0; Win64; x64) AppleWebKit/537.36 (KHTML, like Gecko) Chrome/86.0.4240.111 Safari/537.36"
2020-11-20 14:18:54.175 200 "GET http localhost:8200 /system/auth/menuList HTTP/1.1" 0.007, [::1], "http://localhost:81/", "Mozilla/5.0 (Windows NT 10.0; Win64; x64) AppleWebKit/537.36 (KHTML, like Gecko) Chrome/86.0.4240.111 Safari/537.36"
2020-11-20 14:19:24.300 200 "OPTIONS http localhost:8200 /system/auth/editMenu?menuId=1 HTTP/1.1" 0.000, [::1], "http://localhost:81/", "Mozilla/5.0 (Windows NT 10.0; Win64; x64) AppleWebKit/537.36 (KHTML, like Gecko) Chrome/86.0.4240.111 Safari/537.36"
2020-11-20 14:19:24.309 200 "GET http localhost:8200 /system/auth/editMenu?menuId=1 HTTP/1.1" 0.007, [::1], "http://localhost:81/", "Mozilla/5.0 (Windows NT 10.0; Win64; x64) AppleWebKit/537.36 (KHTML, like Gecko) Chrome/86.0.4240.111 Safari/537.36"
2020-11-20 15:38:30.104 200 "OPTIONS http localhost:8200 /system/index/getInfo HTTP/1.1" 0.001, [::1], "http://localhost:8300/", "Mozilla/5.0 (Windows NT 10.0; Win64; x64) AppleWebKit/537.36 (KHTML, like Gecko) Chrome/86.0.4240.111 Safari/537.36"
2020-11-20 15:38:30.116 200 "GET http localhost:8200 /system/index/getInfo HTTP/1.1" 0.010, [::1], "http://localhost:8300/", "Mozilla/5.0 (Windows NT 10.0; Win64; x64) AppleWebKit/537.36 (KHTML, like Gecko) Chrome/86.0.4240.111 Safari/537.36"
2020-11-20 15:38:30.138 200 "OPTIONS http localhost:8200 /system/index/getRouters HTTP/1.1" 0.000, [::1], "http://localhost:8300/", "Mozilla/5.0 (Windows NT 10.0; Win64; x64) AppleWebKit/537.36 (KHTML, like Gecko) Chrome/86.0.4240.111 Safari/537.36"
2020-11-20 15:38:30.160 200 "GET http localhost:8200 /system/index/getRouters HTTP/1.1" 0.020, [::1], "http://localhost:8300/", "Mozilla/5.0 (Windows NT 10.0; Win64; x64) AppleWebKit/537.36 (KHTML, like Gecko) Chrome/86.0.4240.111 Safari/537.36"
2020-11-20 15:38:34.449 200 "GET http localhost:8200 /system/index/getInfo HTTP/1.1" 0.003, [::1], "http://localhost:8300/", "Mozilla/5.0 (Windows NT 10.0; Win64; x64) AppleWebKit/537.36 (KHTML, like Gecko) Chrome/86.0.4240.111 Safari/537.36"
2020-11-20 15:38:34.482 200 "GET http localhost:8200 /system/index/getRouters HTTP/1.1" 0.005, [::1], "http://localhost:8300/", "Mozilla/5.0 (Windows NT 10.0; Win64; x64) AppleWebKit/537.36 (KHTML, like Gecko) Chrome/86.0.4240.111 Safari/537.36"
2020-11-20 15:38:42.068 200 "OPTIONS http localhost:8200 /system/user/profile HTTP/1.1" 0.001, [::1], "http://localhost:8300/", "Mozilla/5.0 (Windows NT 10.0; Win64; x64) AppleWebKit/537.36 (KHTML, like Gecko) Chrome/86.0.4240.111 Safari/537.36"
2020-11-20 15:38:42.097 200 "GET http localhost:8200 /system/user/profile HTTP/1.1" 0.028, [::1], "http://localhost:8300/", "Mozilla/5.0 (Windows NT 10.0; Win64; x64) AppleWebKit/537.36 (KHTML, like Gecko) Chrome/86.0.4240.111 Safari/537.36"
2020-11-20 15:38:46.348 200 "OPTIONS http localhost:8200 /system/cms/news/list?pageNum=1&pageSize=10&keyWords= HTTP/1.1" 0.000, [::1], "http://localhost:8300/", "Mozilla/5.0 (Windows NT 10.0; Win64; x64) AppleWebKit/537.36 (KHTML, like Gecko) Chrome/86.0.4240.111 Safari/537.36"
2020-11-20 15:38:46.399 200 "GET http localhost:8200 /system/cms/news/list?pageNum=1&pageSize=10&keyWords= HTTP/1.1" 0.050, [::1], "http://localhost:8300/", "Mozilla/5.0 (Windows NT 10.0; Win64; x64) AppleWebKit/537.36 (KHTML, like Gecko) Chrome/86.0.4240.111 Safari/537.36"
2020-11-20 15:38:46.447 404 "GET http localhost:8200 /pub_upload/2020-10-30/c6pwzxde4qkkciir2g.jpeg HTTP/1.1" 0.001, [::1], "http://localhost:8300/", "Mozilla/5.0 (Windows NT 10.0; Win64; x64) AppleWebKit/537.36 (KHTML, like Gecko) Chrome/86.0.4240.111 Safari/537.36"
2020-11-20 15:38:46.449 404 "GET http localhost:8200 /pub_upload/2020-10-30/c6pwy5wn1398e93sjy.jpg HTTP/1.1" 0.001, [::1], "http://localhost:8300/", "Mozilla/5.0 (Windows NT 10.0; Win64; x64) AppleWebKit/537.36 (KHTML, like Gecko) Chrome/86.0.4240.111 Safari/537.36"
2020-11-20 15:38:46.449 404 "GET http localhost:8200 /pub_upload/2020-10-30/c6pww9dkku60m8yrpv.jpg HTTP/1.1" 0.000, [::1], "http://localhost:8300/", "Mozilla/5.0 (Windows NT 10.0; Win64; x64) AppleWebKit/537.36 (KHTML, like Gecko) Chrome/86.0.4240.111 Safari/537.36"
2020-11-20 15:38:46.449 404 "GET http localhost:8200 /pub_upload/2020-10-30/c6pwvdddc9kolqpyvu.jpg HTTP/1.1" 0.000, [::1], "http://localhost:8300/", "Mozilla/5.0 (Windows NT 10.0; Win64; x64) AppleWebKit/537.36 (KHTML, like Gecko) Chrome/86.0.4240.111 Safari/537.36"
2020-11-20 15:38:46.450 404 "GET http localhost:8200 /pub_upload/2020-10-30/c6pwsqcu6mi85nxf0g.png HTTP/1.1" 0.000, [::1], "http://localhost:8300/", "Mozilla/5.0 (Windows NT 10.0; Win64; x64) AppleWebKit/537.36 (KHTML, like Gecko) Chrome/86.0.4240.111 Safari/537.36"
2020-11-20 15:38:46.450 404 "GET http localhost:8200 /pub_upload/2020-10-30/c6pwuapknpacaljqm5.jpg HTTP/1.1" 0.000, [::1], "http://localhost:8300/", "Mozilla/5.0 (Windows NT 10.0; Win64; x64) AppleWebKit/537.36 (KHTML, like Gecko) Chrome/86.0.4240.111 Safari/537.36"
2020-11-20 15:38:46.451 404 "GET http localhost:8200 /pub_upload/2020-10-30/c6pwrxducjwol7kb2q.jpeg HTTP/1.1" 0.001, [::1], "http://localhost:8300/", "Mozilla/5.0 (Windows NT 10.0; Win64; x64) AppleWebKit/537.36 (KHTML, like Gecko) Chrome/86.0.4240.111 Safari/537.36"
2020-11-20 15:38:46.453 404 "GET http localhost:8200 /pub_upload/2020-10-30/c6pwqm121lnoncnkvs.jpg HTTP/1.1" 0.001, [::1], "http://localhost:8300/", "Mozilla/5.0 (Windows NT 10.0; Win64; x64) AppleWebKit/537.36 (KHTML, like Gecko) Chrome/86.0.4240.111 Safari/537.36"
2020-11-20 15:38:46.454 404 "GET http localhost:8200 /pub_upload/2020-10-30/c6pwno8goau0ukjg3q.jpg HTTP/1.1" 0.001, [::1], "http://localhost:8300/", "Mozilla/5.0 (Windows NT 10.0; Win64; x64) AppleWebKit/537.36 (KHTML, like Gecko) Chrome/86.0.4240.111 Safari/537.36"
2020-11-20 16:41:08.893 200 "GET http localhost:8200 / HTTP/1.1" 0.199, [::1], "", "Mozilla/5.0 (Windows NT 10.0; Win64; x64) AppleWebKit/537.36 (KHTML, like Gecko) Chrome/86.0.4240.111 Safari/537.36"
2020-11-20 16:41:08.938 200 "GET http localhost:8200 /static/css/chunk-libs.da13e127.css HTTP/1.1" 0.028, [::1], "http://localhost:8200/", "Mozilla/5.0 (Windows NT 10.0; Win64; x64) AppleWebKit/537.36 (KHTML, like Gecko) Chrome/86.0.4240.111 Safari/537.36"
2020-11-20 16:41:08.946 200 "GET http localhost:8200 /static/css/app.f8955b3b.css HTTP/1.1" 0.035, [::1], "http://localhost:8200/", "Mozilla/5.0 (Windows NT 10.0; Win64; x64) AppleWebKit/537.36 (KHTML, like Gecko) Chrome/86.0.4240.111 Safari/537.36"
2020-11-20 16:41:08.962 200 "GET http localhost:8200 /static/js/app.2e3e4140.js HTTP/1.1" 0.051, [::1], "http://localhost:8200/", "Mozilla/5.0 (Windows NT 10.0; Win64; x64) AppleWebKit/537.36 (KHTML, like Gecko) Chrome/86.0.4240.111 Safari/537.36"
2020-11-20 16:41:08.968 200 "GET http localhost:8200 /static/js/chunk-libs.c93a6cdc.js HTTP/1.1" 0.057, [::1], "http://localhost:8200/", "Mozilla/5.0 (Windows NT 10.0; Win64; x64) AppleWebKit/537.36 (KHTML, like Gecko) Chrome/86.0.4240.111 Safari/537.36"
2020-11-20 16:41:08.974 200 "GET http localhost:8200 /static/js/chunk-elementUI.560cf399.js HTTP/1.1" 0.063, [::1], "http://localhost:8200/", "Mozilla/5.0 (Windows NT 10.0; Win64; x64) AppleWebKit/537.36 (KHTML, like Gecko) Chrome/86.0.4240.111 Safari/537.36"
2020-11-20 16:41:09.321 200 "GET http localhost:8200 /system/index/getInfo HTTP/1.1" 0.186, [::1], "http://localhost:8200/", "Mozilla/5.0 (Windows NT 10.0; Win64; x64) AppleWebKit/537.36 (KHTML, like Gecko) Chrome/86.0.4240.111 Safari/537.36"
2020-11-20 16:41:09.335 200 "GET http localhost:8200 /system/index/getRouters HTTP/1.1" 0.008, [::1], "http://localhost:8200/", "Mozilla/5.0 (Windows NT 10.0; Win64; x64) AppleWebKit/537.36 (KHTML, like Gecko) Chrome/86.0.4240.111 Safari/537.36"
2020-11-20 16:41:09.374 200 "GET http localhost:8200 /static/js/chunk-2eaa84fb.a81d69aa.js HTTP/1.1" 0.014, [::1], "http://localhost:8200/", "Mozilla/5.0 (Windows NT 10.0; Win64; x64) AppleWebKit/537.36 (KHTML, like Gecko) Chrome/86.0.4240.111 Safari/537.36"
2020-11-20 16:41:09.386 200 "GET http localhost:8200 /static/css/chunk-2eaa84fb.16d8ef2f.css HTTP/1.1" 0.026, [::1], "http://localhost:8200/", "Mozilla/5.0 (Windows NT 10.0; Win64; x64) AppleWebKit/537.36 (KHTML, like Gecko) Chrome/86.0.4240.111 Safari/537.36"
2020-11-20 16:41:09.400 200 "GET http localhost:8200 /static/js/chunk-4b90662e.2b4e57e7.js HTTP/1.1" 0.040, [::1], "http://localhost:8200/", "Mozilla/5.0 (Windows NT 10.0; Win64; x64) AppleWebKit/537.36 (KHTML, like Gecko) Chrome/86.0.4240.111 Safari/537.36"
2020-11-20 16:41:09.704 200 "GET http localhost:8200 /images/jz.jpg HTTP/1.1" 0.013, [::1], "http://localhost:8200/", "Mozilla/5.0 (Windows NT 10.0; Win64; x64) AppleWebKit/537.36 (KHTML, like Gecko) Chrome/86.0.4240.111 Safari/537.36"
2020-11-20 16:41:09.896 200 "GET http localhost:8200 /static/fonts/element-icons.535877f5.woff HTTP/1.1" 0.008, [::1], "http://localhost:8200/static/css/app.f8955b3b.css", "Mozilla/5.0 (Windows NT 10.0; Win64; x64) AppleWebKit/537.36 (KHTML, like Gecko) Chrome/86.0.4240.111 Safari/537.36"
2020-11-20 16:41:12.434 200 "GET http localhost:8200 /static/js/chunk-2d0c84d3.4db0f43b.js HTTP/1.1" 0.029, [::1], "http://localhost:8200/", "Mozilla/5.0 (Windows NT 10.0; Win64; x64) AppleWebKit/537.36 (KHTML, like Gecko) Chrome/86.0.4240.111 Safari/537.36"
2020-11-20 16:41:12.440 200 "GET http localhost:8200 /static/js/chunk-2d0d6345.609cfcf0.js HTTP/1.1" 0.035, [::1], "http://localhost:8200/", "Mozilla/5.0 (Windows NT 10.0; Win64; x64) AppleWebKit/537.36 (KHTML, like Gecko) Chrome/86.0.4240.111 Safari/537.36"
2020-11-20 16:41:12.454 200 "GET http localhost:8200 /static/css/chunk-09e67496.b96a7ec7.css HTTP/1.1" 0.048, [::1], "http://localhost:8200/", "Mozilla/5.0 (Windows NT 10.0; Win64; x64) AppleWebKit/537.36 (KHTML, like Gecko) Chrome/86.0.4240.111 Safari/537.36"
2020-11-20 16:41:12.467 200 "GET http localhost:8200 /static/js/chunk-2d0e2366.6ae05f67.js HTTP/1.1" 0.061, [::1], "http://localhost:8200/", "Mozilla/5.0 (Windows NT 10.0; Win64; x64) AppleWebKit/537.36 (KHTML, like Gecko) Chrome/86.0.4240.111 Safari/537.36"
2020-11-20 16:41:12.499 200 "GET http localhost:8200 /static/js/chunk-09e67496.61ab67cc.js HTTP/1.1" 0.093, [::1], "http://localhost:8200/", "Mozilla/5.0 (Windows NT 10.0; Win64; x64) AppleWebKit/537.36 (KHTML, like Gecko) Chrome/86.0.4240.111 Safari/537.36"
2020-11-20 16:41:13.272 200 "GET http localhost:8200 /system/auth/menuList HTTP/1.1" 0.025, [::1], "http://localhost:8200/", "Mozilla/5.0 (Windows NT 10.0; Win64; x64) AppleWebKit/537.36 (KHTML, like Gecko) Chrome/86.0.4240.111 Safari/537.36"
2020-11-20 16:41:15.422 200 "GET http localhost:8200 /system/auth/editMenu?menuId=78 HTTP/1.1" 0.005, [::1], "http://localhost:8200/", "Mozilla/5.0 (Windows NT 10.0; Win64; x64) AppleWebKit/537.36 (KHTML, like Gecko) Chrome/86.0.4240.111 Safari/537.36"
2020-11-20 16:41:18.637 200 "POST http localhost:8200 /system/auth/editMenu HTTP/1.1" 0.019, [::1], "http://localhost:8200/", "Mozilla/5.0 (Windows NT 10.0; Win64; x64) AppleWebKit/537.36 (KHTML, like Gecko) Chrome/86.0.4240.111 Safari/537.36"
2020-11-20 16:41:18.665 200 "GET http localhost:8200 /system/auth/menuList HTTP/1.1" 0.007, [::1], "http://localhost:8200/", "Mozilla/5.0 (Windows NT 10.0; Win64; x64) AppleWebKit/537.36 (KHTML, like Gecko) Chrome/86.0.4240.111 Safari/537.36"
2020-11-20 16:41:39.505 200 "GET http localhost:8200 / HTTP/1.1" 0.000, [::1], "", "Mozilla/5.0 (Windows NT 10.0; Win64; x64) AppleWebKit/537.36 (KHTML, like Gecko) Chrome/86.0.4240.111 Safari/537.36"
2020-11-20 16:41:39.695 200 "GET http localhost:8200 /system/index/getInfo HTTP/1.1" 0.011, [::1], "http://localhost:8200/", "Mozilla/5.0 (Windows NT 10.0; Win64; x64) AppleWebKit/537.36 (KHTML, like Gecko) Chrome/86.0.4240.111 Safari/537.36"
2020-11-20 16:41:39.707 200 "GET http localhost:8200 /system/index/getRouters HTTP/1.1" 0.005, [::1], "http://localhost:8200/", "Mozilla/5.0 (Windows NT 10.0; Win64; x64) AppleWebKit/537.36 (KHTML, like Gecko) Chrome/86.0.4240.111 Safari/537.36"
2020-11-20 16:41:39.958 200 "GET http localhost:8200 /system/auth/menuList HTTP/1.1" 0.009, [::1], "http://localhost:8200/", "Mozilla/5.0 (Windows NT 10.0; Win64; x64) AppleWebKit/537.36 (KHTML, like Gecko) Chrome/86.0.4240.111 Safari/537.36"
2020-11-20 16:41:49.337 200 "GET http localhost:8200 / HTTP/1.1" 0.001, [::1], "", "Mozilla/5.0 (Windows NT 10.0; Win64; x64) AppleWebKit/537.36 (KHTML, like Gecko) Chrome/86.0.4240.111 Safari/537.36"
2020-11-20 16:41:49.484 200 "GET http localhost:8200 /system/index/getInfo HTTP/1.1" 0.005, [::1], "http://localhost:8200/", "Mozilla/5.0 (Windows NT 10.0; Win64; x64) AppleWebKit/537.36 (KHTML, like Gecko) Chrome/86.0.4240.111 Safari/537.36"
2020-11-20 16:41:49.504 200 "GET http localhost:8200 /system/index/getRouters HTTP/1.1" 0.005, [::1], "http://localhost:8200/", "Mozilla/5.0 (Windows NT 10.0; Win64; x64) AppleWebKit/537.36 (KHTML, like Gecko) Chrome/86.0.4240.111 Safari/537.36"
2020-11-20 16:41:49.740 200 "GET http localhost:8200 /system/auth/menuList HTTP/1.1" 0.007, [::1], "http://localhost:8200/", "Mozilla/5.0 (Windows NT 10.0; Win64; x64) AppleWebKit/537.36 (KHTML, like Gecko) Chrome/86.0.4240.111 Safari/537.36"
2020-11-20 16:41:58.500 200 "GET http localhost:8200 /system/user/profile HTTP/1.1" 0.022, [::1], "http://localhost:8200/", "Mozilla/5.0 (Windows NT 10.0; Win64; x64) AppleWebKit/537.36 (KHTML, like Gecko) Chrome/86.0.4240.111 Safari/537.36"
2020-11-20 16:41:58.519 200 "GET http localhost:8200 /pub_upload/2020-09-03/c5disauti1wogasemy.jpeg?v=0.472116412420313 HTTP/1.1" 0.001, [::1], "http://localhost:8200/", "Mozilla/5.0 (Windows NT 10.0; Win64; x64) AppleWebKit/537.36 (KHTML, like Gecko) Chrome/86.0.4240.111 Safari/537.36"
2020-11-20 16:42:10.268 200 "GET http localhost:8200 /system/auth/menuList HTTP/1.1" 0.009, [::1], "http://localhost:8200/", "Mozilla/5.0 (Windows NT 10.0; Win64; x64) AppleWebKit/537.36 (KHTML, like Gecko) Chrome/86.0.4240.111 Safari/537.36"
2020-11-20 16:42:12.623 200 "GET http localhost:8200 /system/auth/editMenu?menuId=78 HTTP/1.1" 0.005, [::1], "http://localhost:8200/", "Mozilla/5.0 (Windows NT 10.0; Win64; x64) AppleWebKit/537.36 (KHTML, like Gecko) Chrome/86.0.4240.111 Safari/537.36"
2020-11-20 16:42:18.273 200 "POST http localhost:8200 /system/auth/editMenu HTTP/1.1" 0.021, [::1], "http://localhost:8200/", "Mozilla/5.0 (Windows NT 10.0; Win64; x64) AppleWebKit/537.36 (KHTML, like Gecko) Chrome/86.0.4240.111 Safari/537.36"
2020-11-20 16:42:18.301 200 "GET http localhost:8200 /system/auth/menuList HTTP/1.1" 0.006, [::1], "http://localhost:8200/", "Mozilla/5.0 (Windows NT 10.0; Win64; x64) AppleWebKit/537.36 (KHTML, like Gecko) Chrome/86.0.4240.111 Safari/537.36"
2020-11-20 16:42:20.571 200 "GET http localhost:8200 / HTTP/1.1" 0.002, [::1], "", "Mozilla/5.0 (Windows NT 10.0; Win64; x64) AppleWebKit/537.36 (KHTML, like Gecko) Chrome/86.0.4240.111 Safari/537.36"
2020-11-20 16:42:20.729 200 "GET http localhost:8200 /system/index/getInfo HTTP/1.1" 0.007, [::1], "http://localhost:8200/", "Mozilla/5.0 (Windows NT 10.0; Win64; x64) AppleWebKit/537.36 (KHTML, like Gecko) Chrome/86.0.4240.111 Safari/537.36"
2020-11-20 16:42:20.742 200 "GET http localhost:8200 /system/index/getRouters HTTP/1.1" 0.005, [::1], "http://localhost:8200/", "Mozilla/5.0 (Windows NT 10.0; Win64; x64) AppleWebKit/537.36 (KHTML, like Gecko) Chrome/86.0.4240.111 Safari/537.36"
2020-11-20 16:42:20.960 200 "GET http localhost:8200 /system/auth/menuList HTTP/1.1" 0.008, [::1], "http://localhost:8200/", "Mozilla/5.0 (Windows NT 10.0; Win64; x64) AppleWebKit/537.36 (KHTML, like Gecko) Chrome/86.0.4240.111 Safari/537.36"
2020-11-20 16:44:25.889 200 "POST http localhost:8200 /captcha/get/img HTTP/1.1" 0.028, [::1], "http://192.168.0.212:81/", "Mozilla/5.0 (Windows NT 10.0; Win64; x64) AppleWebKit/537.36 (KHTML, like Gecko) Chrome/86.0.4240.111 Safari/537.36"
2020-11-20 16:44:29.935 200 "OPTIONS http localhost:8200 /sysLogin/login HTTP/1.1" 0.001, [::1], "http://192.168.0.212:81/", "Mozilla/5.0 (Windows NT 10.0; Win64; x64) AppleWebKit/537.36 (KHTML, like Gecko) Chrome/86.0.4240.111 Safari/537.36"
2020-11-20 16:44:30.002 200 "POST http localhost:8200 /sysLogin/login HTTP/1.1" 0.063, [::1], "http://192.168.0.212:81/", "Mozilla/5.0 (Windows NT 10.0; Win64; x64) AppleWebKit/537.36 (KHTML, like Gecko) Chrome/86.0.4240.111 Safari/537.36"
2020-11-20 16:44:30.013 200 "OPTIONS http localhost:8200 /system/index/getInfo HTTP/1.1" 0.000, [::1], "http://192.168.0.212:81/", "Mozilla/5.0 (Windows NT 10.0; Win64; x64) AppleWebKit/537.36 (KHTML, like Gecko) Chrome/86.0.4240.111 Safari/537.36"
2020-11-20 16:44:30.018 200 "GET http localhost:8200 /system/index/getInfo HTTP/1.1" 0.003, [::1], "http://192.168.0.212:81/", "Mozilla/5.0 (Windows NT 10.0; Win64; x64) AppleWebKit/537.36 (KHTML, like Gecko) Chrome/86.0.4240.111 Safari/537.36"
2020-11-20 16:44:30.023 200 "OPTIONS http localhost:8200 /system/index/getRouters HTTP/1.1" 0.000, [::1], "http://192.168.0.212:81/", "Mozilla/5.0 (Windows NT 10.0; Win64; x64) AppleWebKit/537.36 (KHTML, like Gecko) Chrome/86.0.4240.111 Safari/537.36"
2020-11-20 16:44:30.030 200 "GET http localhost:8200 /system/index/getRouters HTTP/1.1" 0.005, [::1], "http://192.168.0.212:81/", "Mozilla/5.0 (Windows NT 10.0; Win64; x64) AppleWebKit/537.36 (KHTML, like Gecko) Chrome/86.0.4240.111 Safari/537.36"
2020-11-20 16:44:30.511 200 "GET http localhost:8200 /pub_upload/2020-07-06/c3z4ly6gknispnpjea.jpeg HTTP/1.1" 0.024, [::1], "http://192.168.0.212:81/", "Mozilla/5.0 (Windows NT 10.0; Win64; x64) AppleWebKit/537.36 (KHTML, like Gecko) Chrome/86.0.4240.111 Safari/537.36"
2020-11-20 16:44:35.929 200 "OPTIONS http localhost:8200 /system/auth/menuList HTTP/1.1" 0.000, [::1], "http://192.168.0.212:81/", "Mozilla/5.0 (Windows NT 10.0; Win64; x64) AppleWebKit/537.36 (KHTML, like Gecko) Chrome/86.0.4240.111 Safari/537.36"
2020-11-20 16:44:35.940 200 "GET http localhost:8200 /system/auth/menuList HTTP/1.1" 0.009, [::1], "http://192.168.0.212:81/", "Mozilla/5.0 (Windows NT 10.0; Win64; x64) AppleWebKit/537.36 (KHTML, like Gecko) Chrome/86.0.4240.111 Safari/537.36"
2020-11-20 16:44:38.191 200 "OPTIONS http localhost:8200 /system/auth/editMenu?menuId=78 HTTP/1.1" 0.000, [::1], "http://192.168.0.212:81/", "Mozilla/5.0 (Windows NT 10.0; Win64; x64) AppleWebKit/537.36 (KHTML, like Gecko) Chrome/86.0.4240.111 Safari/537.36"
2020-11-20 16:44:38.197 200 "GET http localhost:8200 /system/auth/editMenu?menuId=78 HTTP/1.1" 0.005, [::1], "http://192.168.0.212:81/", "Mozilla/5.0 (Windows NT 10.0; Win64; x64) AppleWebKit/537.36 (KHTML, like Gecko) Chrome/86.0.4240.111 Safari/537.36"
2020-11-20 16:46:42.606 200 "GET http localhost:8200 /system/auth/editMenu?menuId=78 HTTP/1.1" 0.008, [::1], "http://192.168.0.212:81/", "Mozilla/5.0 (Windows NT 10.0; Win64; x64) AppleWebKit/537.36 (KHTML, like Gecko) Chrome/86.0.4240.111 Safari/537.36"
2020-11-20 16:46:45.310 200 "OPTIONS http localhost:8200 /system/auth/editMenu HTTP/1.1" 0.000, [::1], "http://192.168.0.212:81/", "Mozilla/5.0 (Windows NT 10.0; Win64; x64) AppleWebKit/537.36 (KHTML, like Gecko) Chrome/86.0.4240.111 Safari/537.36"
2020-11-20 16:46:45.332 200 "POST http localhost:8200 /system/auth/editMenu HTTP/1.1" 0.020, [::1], "http://192.168.0.212:81/", "Mozilla/5.0 (Windows NT 10.0; Win64; x64) AppleWebKit/537.36 (KHTML, like Gecko) Chrome/86.0.4240.111 Safari/537.36"
2020-11-20 16:46:45.364 200 "GET http localhost:8200 /system/auth/menuList HTTP/1.1" 0.009, [::1], "http://192.168.0.212:81/", "Mozilla/5.0 (Windows NT 10.0; Win64; x64) AppleWebKit/537.36 (KHTML, like Gecko) Chrome/86.0.4240.111 Safari/537.36"
2020-11-20 16:46:53.761 200 "GET http localhost:8200 / HTTP/1.1" 0.001, [::1], "", "Mozilla/5.0 (Windows NT 10.0; Win64; x64) AppleWebKit/537.36 (KHTML, like Gecko) Chrome/86.0.4240.111 Safari/537.36"
2020-11-20 16:46:53.945 200 "GET http localhost:8200 /system/index/getInfo HTTP/1.1" 0.006, [::1], "http://localhost:8200/", "Mozilla/5.0 (Windows NT 10.0; Win64; x64) AppleWebKit/537.36 (KHTML, like Gecko) Chrome/86.0.4240.111 Safari/537.36"
2020-11-20 16:46:53.959 200 "GET http localhost:8200 /system/index/getRouters HTTP/1.1" 0.006, [::1], "http://localhost:8200/", "Mozilla/5.0 (Windows NT 10.0; Win64; x64) AppleWebKit/537.36 (KHTML, like Gecko) Chrome/86.0.4240.111 Safari/537.36"
2020-11-20 16:46:54.199 200 "GET http localhost:8200 /system/auth/menuList HTTP/1.1" 0.008, [::1], "http://localhost:8200/", "Mozilla/5.0 (Windows NT 10.0; Win64; x64) AppleWebKit/537.36 (KHTML, like Gecko) Chrome/86.0.4240.111 Safari/537.36"
2020-11-20 16:50:22.926 200 "GET http localhost:8200 / HTTP/1.1" 0.002, [::1], "", "Mozilla/5.0 (Windows NT 10.0; Win64; x64) AppleWebKit/537.36 (KHTML, like Gecko) Chrome/86.0.4240.111 Safari/537.36"
2020-11-20 16:50:22.961 404 "GET http localhost:8200 /static/js/app.0af133c8.js HTTP/1.1" 0.002, [::1], "http://localhost:8200/", "Mozilla/5.0 (Windows NT 10.0; Win64; x64) AppleWebKit/537.36 (KHTML, like Gecko) Chrome/86.0.4240.111 Safari/537.36"
2020-11-20 16:50:23.001 404 "GET http localhost:8200 /static/js/app.0af133c8.js HTTP/1.1" 0.001, [::1], "http://localhost:8200/", "Mozilla/5.0 (Windows NT 10.0; Win64; x64) AppleWebKit/537.36 (KHTML, like Gecko) Chrome/86.0.4240.111 Safari/537.36"
2020-11-20 16:50:40.423 404 "GET http localhost:8200 /static/js/app.0af133c8.js HTTP/1.1" 0.001, [::1], "http://localhost:8200/", "Mozilla/5.0 (Windows NT 10.0; Win64; x64) AppleWebKit/537.36 (KHTML, like Gecko) Chrome/86.0.4240.111 Safari/537.36"
2020-11-20 16:50:40.464 404 "GET http localhost:8200 /static/js/app.0af133c8.js HTTP/1.1" 0.000, [::1], "http://localhost:8200/", "Mozilla/5.0 (Windows NT 10.0; Win64; x64) AppleWebKit/537.36 (KHTML, like Gecko) Chrome/86.0.4240.111 Safari/537.36"
2020-11-20 16:50:42.798 200 "GET http localhost:8200 / HTTP/1.1" 0.001, [::1], "", "Mozilla/5.0 (Windows NT 10.0; Win64; x64) AppleWebKit/537.36 (KHTML, like Gecko) Chrome/86.0.4240.111 Safari/537.36"
2020-11-20 16:50:42.824 200 "GET http localhost:8200 /static/css/chunk-libs.da13e127.css HTTP/1.1" 0.001, [::1], "http://localhost:8200/", "Mozilla/5.0 (Windows NT 10.0; Win64; x64) AppleWebKit/537.36 (KHTML, like Gecko) Chrome/86.0.4240.111 Safari/537.36"
2020-11-20 16:50:42.825 404 "GET http localhost:8200 /static/js/app.0af133c8.js HTTP/1.1" 0.000, [::1], "http://localhost:8200/", "Mozilla/5.0 (Windows NT 10.0; Win64; x64) AppleWebKit/537.36 (KHTML, like Gecko) Chrome/86.0.4240.111 Safari/537.36"
2020-11-20 16:50:42.826 200 "GET http localhost:8200 /static/css/app.f8955b3b.css HTTP/1.1" 0.003, [::1], "http://localhost:8200/", "Mozilla/5.0 (Windows NT 10.0; Win64; x64) AppleWebKit/537.36 (KHTML, like Gecko) Chrome/86.0.4240.111 Safari/537.36"
2020-11-20 16:50:42.825 404 "GET http localhost:8200 /static/js/chunk-elementUI.560cf399.js HTTP/1.1" 0.000, [::1], "http://localhost:8200/", "Mozilla/5.0 (Windows NT 10.0; Win64; x64) AppleWebKit/537.36 (KHTML, like Gecko) Chrome/86.0.4240.111 Safari/537.36"
2020-11-20 16:50:42.826 404 "GET http localhost:8200 /static/js/chunk-libs.c93a6cdc.js HTTP/1.1" 0.000, [::1], "http://localhost:8200/", "Mozilla/5.0 (Windows NT 10.0; Win64; x64) AppleWebKit/537.36 (KHTML, like Gecko) Chrome/86.0.4240.111 Safari/537.36"
2020-11-20 16:50:42.838 404 "GET http localhost:8200 /static/js/app.0af133c8.js HTTP/1.1" 0.000, [::1], "http://localhost:8200/", "Mozilla/5.0 (Windows NT 10.0; Win64; x64) AppleWebKit/537.36 (KHTML, like Gecko) Chrome/86.0.4240.111 Safari/537.36"
2020-11-20 16:50:42.864 200 "GET http localhost:8200 /favicon.ico HTTP/1.1" 0.013, [::1], "http://localhost:8200/", "Mozilla/5.0 (Windows NT 10.0; Win64; x64) AppleWebKit/537.36 (KHTML, like Gecko) Chrome/86.0.4240.111 Safari/537.36"
2020-11-20 16:51:05.376 200 "GET http localhost:8200 / HTTP/1.1" 0.002, [::1], "", "Mozilla/5.0 (Windows NT 10.0; Win64; x64) AppleWebKit/537.36 (KHTML, like Gecko) Chrome/86.0.4240.111 Safari/537.36"
2020-11-20 16:51:05.409 404 "GET http localhost:8200 /static/js/chunk-libs.c93a6cdc.js HTTP/1.1" 0.000, [::1], "http://localhost:8200/", "Mozilla/5.0 (Windows NT 10.0; Win64; x64) AppleWebKit/537.36 (KHTML, like Gecko) Chrome/86.0.4240.111 Safari/537.36"
2020-11-20 16:51:05.410 404 "GET http localhost:8200 /static/js/chunk-elementUI.560cf399.js HTTP/1.1" 0.001, [::1], "http://localhost:8200/", "Mozilla/5.0 (Windows NT 10.0; Win64; x64) AppleWebKit/537.36 (KHTML, like Gecko) Chrome/86.0.4240.111 Safari/537.36"
2020-11-20 16:51:05.410 200 "GET http localhost:8200 /static/css/chunk-libs.da13e127.css HTTP/1.1" 0.000, [::1], "http://localhost:8200/", "Mozilla/5.0 (Windows NT 10.0; Win64; x64) AppleWebKit/537.36 (KHTML, like Gecko) Chrome/86.0.4240.111 Safari/537.36"
2020-11-20 16:51:05.410 404 "GET http localhost:8200 /static/js/app.0af133c8.js HTTP/1.1" 0.000, [::1], "http://localhost:8200/", "Mozilla/5.0 (Windows NT 10.0; Win64; x64) AppleWebKit/537.36 (KHTML, like Gecko) Chrome/86.0.4240.111 Safari/537.36"
2020-11-20 16:51:05.411 200 "GET http localhost:8200 /static/css/app.f8955b3b.css HTTP/1.1" 0.002, [::1], "http://localhost:8200/", "Mozilla/5.0 (Windows NT 10.0; Win64; x64) AppleWebKit/537.36 (KHTML, like Gecko) Chrome/86.0.4240.111 Safari/537.36"
2020-11-20 16:51:05.425 404 "GET http localhost:8200 /static/js/chunk-libs.c93a6cdc.js HTTP/1.1" 0.000, [::1], "http://localhost:8200/", "Mozilla/5.0 (Windows NT 10.0; Win64; x64) AppleWebKit/537.36 (KHTML, like Gecko) Chrome/86.0.4240.111 Safari/537.36"
2020-11-20 16:51:05.431 404 "GET http localhost:8200 /static/js/app.0af133c8.js HTTP/1.1" 0.000, [::1], "http://localhost:8200/", "Mozilla/5.0 (Windows NT 10.0; Win64; x64) AppleWebKit/537.36 (KHTML, like Gecko) Chrome/86.0.4240.111 Safari/537.36"
2020-11-20 16:51:05.469 200 "GET http localhost:8200 /favicon.ico HTTP/1.1" 0.000, [::1], "http://localhost:8200/", "Mozilla/5.0 (Windows NT 10.0; Win64; x64) AppleWebKit/537.36 (KHTML, like Gecko) Chrome/86.0.4240.111 Safari/537.36"
2020-11-20 16:51:54.059 200 "GET http localhost:8200 / HTTP/1.1" 0.002, [::1], "", "Mozilla/5.0 (Windows NT 10.0; Win64; x64) AppleWebKit/537.36 (KHTML, like Gecko) Chrome/86.0.4240.111 Safari/537.36"
2020-11-20 16:51:54.094 200 "GET http localhost:8200 /static/css/chunk-libs.da13e127.css HTTP/1.1" 0.003, [::1], "http://localhost:8200/", "Mozilla/5.0 (Windows NT 10.0; Win64; x64) AppleWebKit/537.36 (KHTML, like Gecko) Chrome/86.0.4240.111 Safari/537.36"
2020-11-20 16:51:54.098 200 "GET http localhost:8200 /static/js/chunk-libs.c93a6cdc.js HTTP/1.1" 0.005, [::1], "http://localhost:8200/", "Mozilla/5.0 (Windows NT 10.0; Win64; x64) AppleWebKit/537.36 (KHTML, like Gecko) Chrome/86.0.4240.111 Safari/537.36"
2020-11-20 16:51:54.101 200 "GET http localhost:8200 /static/css/app.f8955b3b.css HTTP/1.1" 0.008, [::1], "http://localhost:8200/", "Mozilla/5.0 (Windows NT 10.0; Win64; x64) AppleWebKit/537.36 (KHTML, like Gecko) Chrome/86.0.4240.111 Safari/537.36"
2020-11-20 16:51:54.102 200 "GET http localhost:8200 /static/js/app.0af133c8.js HTTP/1.1" 0.009, [::1], "http://localhost:8200/", "Mozilla/5.0 (Windows NT 10.0; Win64; x64) AppleWebKit/537.36 (KHTML, like Gecko) Chrome/86.0.4240.111 Safari/537.36"
2020-11-20 16:51:54.105 200 "GET http localhost:8200 /static/js/chunk-elementUI.560cf399.js HTTP/1.1" 0.012, [::1], "http://localhost:8200/", "Mozilla/5.0 (Windows NT 10.0; Win64; x64) AppleWebKit/537.36 (KHTML, like Gecko) Chrome/86.0.4240.111 Safari/537.36"
2020-11-20 16:51:54.312 200 "GET http localhost:8200 /system/index/getInfo HTTP/1.1" 0.015, [::1], "http://localhost:8200/", "Mozilla/5.0 (Windows NT 10.0; Win64; x64) AppleWebKit/537.36 (KHTML, like Gecko) Chrome/86.0.4240.111 Safari/537.36"
2020-11-20 16:51:54.327 200 "GET http localhost:8200 /system/index/getRouters HTTP/1.1" 0.005, [::1], "http://localhost:8200/", "Mozilla/5.0 (Windows NT 10.0; Win64; x64) AppleWebKit/537.36 (KHTML, like Gecko) Chrome/86.0.4240.111 Safari/537.36"
2020-11-20 16:51:54.547 200 "GET http localhost:8200 /static/fonts/element-icons.535877f5.woff HTTP/1.1" 0.000, [::1], "http://localhost:8200/static/css/app.f8955b3b.css", "Mozilla/5.0 (Windows NT 10.0; Win64; x64) AppleWebKit/537.36 (KHTML, like Gecko) Chrome/86.0.4240.111 Safari/537.36"
2020-11-20 16:52:10.171 200 "GET http localhost:8200 /static/css/chunk-09e67496.98638719.css HTTP/1.1" 0.002, [::1], "http://localhost:8200/", "Mozilla/5.0 (Windows NT 10.0; Win64; x64) AppleWebKit/537.36 (KHTML, like Gecko) Chrome/86.0.4240.111 Safari/537.36"
2020-11-20 16:52:10.180 200 "GET http localhost:8200 /static/js/chunk-09e67496.3d5711de.js HTTP/1.1" 0.008, [::1], "http://localhost:8200/", "Mozilla/5.0 (Windows NT 10.0; Win64; x64) AppleWebKit/537.36 (KHTML, like Gecko) Chrome/86.0.4240.111 Safari/537.36"
2020-11-20 16:52:10.884 200 "GET http localhost:8200 /system/auth/menuList HTTP/1.1" 0.009, [::1], "http://localhost:8200/", "Mozilla/5.0 (Windows NT 10.0; Win64; x64) AppleWebKit/537.36 (KHTML, like Gecko) Chrome/86.0.4240.111 Safari/537.36"
2020-11-20 16:52:15.293 200 "GET http localhost:8200 /system/auth/editMenu?menuId=78 HTTP/1.1" 0.005, [::1], "http://localhost:8200/", "Mozilla/5.0 (Windows NT 10.0; Win64; x64) AppleWebKit/537.36 (KHTML, like Gecko) Chrome/86.0.4240.111 Safari/537.36"
