2020-08-07 12:03:57.241 500 "GET http localhost:8200 /system/config/webSet/getInfo HTTP/1.1" 0.006, [::1], "http://192.168.0.212:81/", "Mozilla/5.0 (Windows NT 10.0; Win64; x64) AppleWebKit/537.36 (KHTML, like Gecko) Chrome/83.0.4103.61 Safari/537.36"
Stack:
1. runtime error: invalid memory address or nil pointer dereference
   1).  gfast/app/controller/admin.(*WebSet).GetInfo
    	D:/goProject/p2020/gfast_open/app/controller/admin/web_set.go:47
   2).  github.com/gogf/gf/net/ghttp.(*Middleware).Next.func1.6
    	D:/goPath/pkg/mod/github.com/gogf/gf@v1.13.1/net/ghttp/ghttp_request_middleware.go:95
   3).  github.com/gogf/gf/net/ghttp.niceCallFunc
    	D:/goPath/pkg/mod/github.com/gogf/gf@v1.13.1/net/ghttp/ghttp_func.go:75
   4).  github.com/gogf/gf/net/ghttp.(*Middleware).Next.func1
    	D:/goPath/pkg/mod/github.com/gogf/gf@v1.13.1/net/ghttp/ghttp_request_middleware.go:94
   5).  github.com/gogf/gf/util/gutil.TryCatch
    	D:/goPath/pkg/mod/github.com/gogf/gf@v1.13.1/util/gutil/gutil.go:26
   6).  github.com/gogf/gf/net/ghttp.(*Middleware).Next
    	D:/goPath/pkg/mod/github.com/gogf/gf@v1.13.1/net/ghttp/ghttp_request_middleware.go:47
   7).  gfast/middleWare.Auth
    	D:/goProject/p2020/gfast_open/middleWare/middleware.go:32
   8).  github.com/gogf/gf/net/ghttp.(*Middleware).Next.func1.1
    	D:/goPath/pkg/mod/github.com/gogf/gf@v1.13.1/net/ghttp/ghttp_request_middleware.go:53
   9).  github.com/gogf/gf/net/ghttp.niceCallFunc
    	D:/goPath/pkg/mod/github.com/gogf/gf@v1.13.1/net/ghttp/ghttp_func.go:75
   10). github.com/gogf/gf/net/ghttp.(*Middleware).Next.func1
    	D:/goPath/pkg/mod/github.com/gogf/gf@v1.13.1/net/ghttp/ghttp_request_middleware.go:52
   11). github.com/gogf/gf/util/gutil.TryCatch
    	D:/goPath/pkg/mod/github.com/gogf/gf@v1.13.1/util/gutil/gutil.go:26
   12). github.com/gogf/gf/net/ghttp.(*Middleware).Next
    	D:/goPath/pkg/mod/github.com/gogf/gf@v1.13.1/net/ghttp/ghttp_request_middleware.go:47
   13). gfast/middleWare.CORS
    	D:/goProject/p2020/gfast_open/middleWare/middleware.go:19
   14). github.com/gogf/gf/net/ghttp.(*Middleware).Next.func1.9
    	D:/goPath/pkg/mod/github.com/gogf/gf@v1.13.1/net/ghttp/ghttp_request_middleware.go:117
   15). github.com/gogf/gf/net/ghttp.niceCallFunc
    	D:/goPath/pkg/mod/github.com/gogf/gf@v1.13.1/net/ghttp/ghttp_func.go:75
   16). github.com/gogf/gf/net/ghttp.(*Middleware).Next.func1
    	D:/goPath/pkg/mod/github.com/gogf/gf@v1.13.1/net/ghttp/ghttp_request_middleware.go:116
   17). github.com/gogf/gf/util/gutil.TryCatch
    	D:/goPath/pkg/mod/github.com/gogf/gf@v1.13.1/util/gutil/gutil.go:26
   18). github.com/gogf/gf/net/ghttp.(*Middleware).Next
    	D:/goPath/pkg/mod/github.com/gogf/gf@v1.13.1/net/ghttp/ghttp_request_middleware.go:47
   19). gfast/library/service.AuthAfterFunc
    	D:/goProject/p2020/gfast_open/library/service/service.go:105
   20). github.com/goflyfox/gtoken/gtoken.(*GfToken).AuthMiddleware
    	D:/goPath/pkg/mod/github.com/goflyfox/gtoken@v1.3.17/gtoken/gtoken.go:294
   21). github.com/gogf/gf/net/ghttp.(*Middleware).Next.func1.9
    	D:/goPath/pkg/mod/github.com/gogf/gf@v1.13.1/net/ghttp/ghttp_request_middleware.go:117
   22). github.com/gogf/gf/net/ghttp.niceCallFunc
    	D:/goPath/pkg/mod/github.com/gogf/gf@v1.13.1/net/ghttp/ghttp_func.go:75
   23). github.com/gogf/gf/net/ghttp.(*Middleware).Next.func1
    	D:/goPath/pkg/mod/github.com/gogf/gf@v1.13.1/net/ghttp/ghttp_request_middleware.go:116
   24). github.com/gogf/gf/util/gutil.TryCatch
    	D:/goPath/pkg/mod/github.com/gogf/gf@v1.13.1/util/gutil/gutil.go:26
   25). github.com/gogf/gf/net/ghttp.(*Middleware).Next
    	D:/goPath/pkg/mod/github.com/gogf/gf@v1.13.1/net/ghttp/ghttp_request_middleware.go:47
   26). github.com/gogf/gf/net/ghttp.(*Server).ServeHTTP
    	D:/goPath/pkg/mod/github.com/gogf/gf@v1.13.1/net/ghttp/ghttp_server_handler.go:111

2020-08-07 12:04:04.359 500 "GET http localhost:8200 /system/config/webSet/getInfo HTTP/1.1" 0.024, [::1], "http://192.168.0.212:81/", "Mozilla/5.0 (Windows NT 10.0; Win64; x64) AppleWebKit/537.36 (KHTML, like Gecko) Chrome/83.0.4103.61 Safari/537.36"
Stack:
1. runtime error: invalid memory address or nil pointer dereference
   1).  gfast/app/controller/admin.(*WebSet).GetInfo
    	D:/goProject/p2020/gfast_open/app/controller/admin/web_set.go:47
   2).  github.com/gogf/gf/net/ghttp.(*Middleware).Next.func1.6
    	D:/goPath/pkg/mod/github.com/gogf/gf@v1.13.1/net/ghttp/ghttp_request_middleware.go:95
   3).  github.com/gogf/gf/net/ghttp.niceCallFunc
    	D:/goPath/pkg/mod/github.com/gogf/gf@v1.13.1/net/ghttp/ghttp_func.go:75
   4).  github.com/gogf/gf/net/ghttp.(*Middleware).Next.func1
    	D:/goPath/pkg/mod/github.com/gogf/gf@v1.13.1/net/ghttp/ghttp_request_middleware.go:94
   5).  github.com/gogf/gf/util/gutil.TryCatch
    	D:/goPath/pkg/mod/github.com/gogf/gf@v1.13.1/util/gutil/gutil.go:26
   6).  github.com/gogf/gf/net/ghttp.(*Middleware).Next
    	D:/goPath/pkg/mod/github.com/gogf/gf@v1.13.1/net/ghttp/ghttp_request_middleware.go:47
   7).  gfast/middleWare.Auth
    	D:/goProject/p2020/gfast_open/middleWare/middleware.go:32
   8).  github.com/gogf/gf/net/ghttp.(*Middleware).Next.func1.1
    	D:/goPath/pkg/mod/github.com/gogf/gf@v1.13.1/net/ghttp/ghttp_request_middleware.go:53
   9).  github.com/gogf/gf/net/ghttp.niceCallFunc
    	D:/goPath/pkg/mod/github.com/gogf/gf@v1.13.1/net/ghttp/ghttp_func.go:75
   10). github.com/gogf/gf/net/ghttp.(*Middleware).Next.func1
    	D:/goPath/pkg/mod/github.com/gogf/gf@v1.13.1/net/ghttp/ghttp_request_middleware.go:52
   11). github.com/gogf/gf/util/gutil.TryCatch
    	D:/goPath/pkg/mod/github.com/gogf/gf@v1.13.1/util/gutil/gutil.go:26
   12). github.com/gogf/gf/net/ghttp.(*Middleware).Next
    	D:/goPath/pkg/mod/github.com/gogf/gf@v1.13.1/net/ghttp/ghttp_request_middleware.go:47
   13). gfast/middleWare.CORS
    	D:/goProject/p2020/gfast_open/middleWare/middleware.go:19
   14). github.com/gogf/gf/net/ghttp.(*Middleware).Next.func1.9
    	D:/goPath/pkg/mod/github.com/gogf/gf@v1.13.1/net/ghttp/ghttp_request_middleware.go:117
   15). github.com/gogf/gf/net/ghttp.niceCallFunc
    	D:/goPath/pkg/mod/github.com/gogf/gf@v1.13.1/net/ghttp/ghttp_func.go:75
   16). github.com/gogf/gf/net/ghttp.(*Middleware).Next.func1
    	D:/goPath/pkg/mod/github.com/gogf/gf@v1.13.1/net/ghttp/ghttp_request_middleware.go:116
   17). github.com/gogf/gf/util/gutil.TryCatch
    	D:/goPath/pkg/mod/github.com/gogf/gf@v1.13.1/util/gutil/gutil.go:26
   18). github.com/gogf/gf/net/ghttp.(*Middleware).Next
    	D:/goPath/pkg/mod/github.com/gogf/gf@v1.13.1/net/ghttp/ghttp_request_middleware.go:47
   19). gfast/library/service.AuthAfterFunc
    	D:/goProject/p2020/gfast_open/library/service/service.go:105
   20). github.com/goflyfox/gtoken/gtoken.(*GfToken).AuthMiddleware
    	D:/goPath/pkg/mod/github.com/goflyfox/gtoken@v1.3.17/gtoken/gtoken.go:294
   21). github.com/gogf/gf/net/ghttp.(*Middleware).Next.func1.9
    	D:/goPath/pkg/mod/github.com/gogf/gf@v1.13.1/net/ghttp/ghttp_request_middleware.go:117
   22). github.com/gogf/gf/net/ghttp.niceCallFunc
    	D:/goPath/pkg/mod/github.com/gogf/gf@v1.13.1/net/ghttp/ghttp_func.go:75
   23). github.com/gogf/gf/net/ghttp.(*Middleware).Next.func1
    	D:/goPath/pkg/mod/github.com/gogf/gf@v1.13.1/net/ghttp/ghttp_request_middleware.go:116
   24). github.com/gogf/gf/util/gutil.TryCatch
    	D:/goPath/pkg/mod/github.com/gogf/gf@v1.13.1/util/gutil/gutil.go:26
   25). github.com/gogf/gf/net/ghttp.(*Middleware).Next
    	D:/goPath/pkg/mod/github.com/gogf/gf@v1.13.1/net/ghttp/ghttp_request_middleware.go:47
   26). github.com/gogf/gf/net/ghttp.(*Server).ServeHTTP
    	D:/goPath/pkg/mod/github.com/gogf/gf@v1.13.1/net/ghttp/ghttp_server_handler.go:111

