2020-11-19 15:14:49.831 500 "POST http localhost:8200 /system/monitor/job/edit HTTP/1.1" 0.006, [::1], "http://localhost:81/", "Mozilla/5.0 (Windows NT 10.0; Win64; x64) AppleWebKit/537.36 (KHTML, like Gecko) Chrome/86.0.4240.111 Safari/537.36"
Stack:
1. runtime error: invalid memory address or nil pointer dereference
   1).  github.com/gogf/gf/util/gutil.TryCatch.func1
    	D:/goPath/pkg/mod/github.com/gogf/gf@v1.14.4/util/gutil/gutil.go:39
   2).  github.com/gogf/gf/net/ghttp.niceCallFunc.func1
    	D:/goPath/pkg/mod/github.com/gogf/gf@v1.14.4/net/ghttp/ghttp_func.go:84
   3).  gfast/app/model/admin/sys_job.Edit
    	D:/goProject/p2020/gfast_open/app/model/admin/sys_job/sys_job.go:113
   4).  gfast/app/service/admin/monitor_service.EditJob
    	D:/goProject/p2020/gfast_open/app/service/admin/monitor_service/job.go:26
   5).  gfast/app/controller/admin.(*MonitorJob).Edit
    	D:/goProject/p2020/gfast_open/app/controller/admin/monitor_job.go:110
   6).  github.com/gogf/gf/net/ghttp.(*Middleware).Next.func1.6
    	D:/goPath/pkg/mod/github.com/gogf/gf@v1.14.4/net/ghttp/ghttp_request_middleware.go:95
   7).  github.com/gogf/gf/net/ghttp.niceCallFunc
    	D:/goPath/pkg/mod/github.com/gogf/gf@v1.14.4/net/ghttp/ghttp_func.go:89
   8).  github.com/gogf/gf/net/ghttp.(*Middleware).Next.func1
    	D:/goPath/pkg/mod/github.com/gogf/gf@v1.14.4/net/ghttp/ghttp_request_middleware.go:94
   9).  github.com/gogf/gf/util/gutil.TryCatch
    	D:/goPath/pkg/mod/github.com/gogf/gf@v1.14.4/util/gutil/gutil.go:42
   10). github.com/gogf/gf/net/ghttp.(*Middleware).Next
    	D:/goPath/pkg/mod/github.com/gogf/gf@v1.14.4/net/ghttp/ghttp_request_middleware.go:47
   11). gfast/middleWare.Auth
    	D:/goProject/p2020/gfast_open/middleWare/middleware.go:38
   12). github.com/gogf/gf/net/ghttp.(*Middleware).Next.func1.1
    	D:/goPath/pkg/mod/github.com/gogf/gf@v1.14.4/net/ghttp/ghttp_request_middleware.go:53
   13). github.com/gogf/gf/net/ghttp.niceCallFunc
    	D:/goPath/pkg/mod/github.com/gogf/gf@v1.14.4/net/ghttp/ghttp_func.go:89
   14). github.com/gogf/gf/net/ghttp.(*Middleware).Next.func1
    	D:/goPath/pkg/mod/github.com/gogf/gf@v1.14.4/net/ghttp/ghttp_request_middleware.go:52
   15). github.com/gogf/gf/util/gutil.TryCatch
    	D:/goPath/pkg/mod/github.com/gogf/gf@v1.14.4/util/gutil/gutil.go:42
   16). github.com/gogf/gf/net/ghttp.(*Middleware).Next
    	D:/goPath/pkg/mod/github.com/gogf/gf@v1.14.4/net/ghttp/ghttp_request_middleware.go:47
   17). gfast/middleWare.CORS
    	D:/goProject/p2020/gfast_open/middleWare/middleware.go:20
   18). github.com/gogf/gf/net/ghttp.(*Middleware).Next.func1.9
    	D:/goPath/pkg/mod/github.com/gogf/gf@v1.14.4/net/ghttp/ghttp_request_middleware.go:117
   19). github.com/gogf/gf/net/ghttp.niceCallFunc
    	D:/goPath/pkg/mod/github.com/gogf/gf@v1.14.4/net/ghttp/ghttp_func.go:89
   20). github.com/gogf/gf/net/ghttp.(*Middleware).Next.func1
    	D:/goPath/pkg/mod/github.com/gogf/gf@v1.14.4/net/ghttp/ghttp_request_middleware.go:116
   21). github.com/gogf/gf/util/gutil.TryCatch
    	D:/goPath/pkg/mod/github.com/gogf/gf@v1.14.4/util/gutil/gutil.go:42
   22). github.com/gogf/gf/net/ghttp.(*Middleware).Next
    	D:/goPath/pkg/mod/github.com/gogf/gf@v1.14.4/net/ghttp/ghttp_request_middleware.go:47
   23). gfast/library/service.AuthAfterFunc
    	D:/goProject/p2020/gfast_open/library/service/service.go:99
   24). github.com/goflyfox/gtoken/gtoken.(*GfToken).AuthMiddleware
    	D:/goPath/pkg/mod/github.com/goflyfox/gtoken@v1.3.21/gtoken/gtoken.go:294
   25). github.com/gogf/gf/net/ghttp.(*Middleware).Next.func1.9
    	D:/goPath/pkg/mod/github.com/gogf/gf@v1.14.4/net/ghttp/ghttp_request_middleware.go:117
   26). github.com/gogf/gf/net/ghttp.niceCallFunc
    	D:/goPath/pkg/mod/github.com/gogf/gf@v1.14.4/net/ghttp/ghttp_func.go:89

2020-11-19 15:14:59.917 500 "POST http localhost:8200 /system/monitor/job/edit HTTP/1.1" 0.005, [::1], "http://localhost:81/", "Mozilla/5.0 (Windows NT 10.0; Win64; x64) AppleWebKit/537.36 (KHTML, like Gecko) Chrome/86.0.4240.111 Safari/537.36"
Stack:
1. runtime error: invalid memory address or nil pointer dereference
   1).  github.com/gogf/gf/util/gutil.TryCatch.func1
    	D:/goPath/pkg/mod/github.com/gogf/gf@v1.14.4/util/gutil/gutil.go:39
   2).  github.com/gogf/gf/net/ghttp.niceCallFunc.func1
    	D:/goPath/pkg/mod/github.com/gogf/gf@v1.14.4/net/ghttp/ghttp_func.go:84
   3).  gfast/app/model/admin/sys_job.Edit
    	D:/goProject/p2020/gfast_open/app/model/admin/sys_job/sys_job.go:113
   4).  gfast/app/service/admin/monitor_service.EditJob
    	D:/goProject/p2020/gfast_open/app/service/admin/monitor_service/job.go:26
   5).  gfast/app/controller/admin.(*MonitorJob).Edit
    	D:/goProject/p2020/gfast_open/app/controller/admin/monitor_job.go:110
   6).  github.com/gogf/gf/net/ghttp.(*Middleware).Next.func1.6
    	D:/goPath/pkg/mod/github.com/gogf/gf@v1.14.4/net/ghttp/ghttp_request_middleware.go:95
   7).  github.com/gogf/gf/net/ghttp.niceCallFunc
    	D:/goPath/pkg/mod/github.com/gogf/gf@v1.14.4/net/ghttp/ghttp_func.go:89
   8).  github.com/gogf/gf/net/ghttp.(*Middleware).Next.func1
    	D:/goPath/pkg/mod/github.com/gogf/gf@v1.14.4/net/ghttp/ghttp_request_middleware.go:94
   9).  github.com/gogf/gf/util/gutil.TryCatch
    	D:/goPath/pkg/mod/github.com/gogf/gf@v1.14.4/util/gutil/gutil.go:42
   10). github.com/gogf/gf/net/ghttp.(*Middleware).Next
    	D:/goPath/pkg/mod/github.com/gogf/gf@v1.14.4/net/ghttp/ghttp_request_middleware.go:47
   11). gfast/middleWare.Auth
    	D:/goProject/p2020/gfast_open/middleWare/middleware.go:38
   12). github.com/gogf/gf/net/ghttp.(*Middleware).Next.func1.1
    	D:/goPath/pkg/mod/github.com/gogf/gf@v1.14.4/net/ghttp/ghttp_request_middleware.go:53
   13). github.com/gogf/gf/net/ghttp.niceCallFunc
    	D:/goPath/pkg/mod/github.com/gogf/gf@v1.14.4/net/ghttp/ghttp_func.go:89
   14). github.com/gogf/gf/net/ghttp.(*Middleware).Next.func1
    	D:/goPath/pkg/mod/github.com/gogf/gf@v1.14.4/net/ghttp/ghttp_request_middleware.go:52
   15). github.com/gogf/gf/util/gutil.TryCatch
    	D:/goPath/pkg/mod/github.com/gogf/gf@v1.14.4/util/gutil/gutil.go:42
   16). github.com/gogf/gf/net/ghttp.(*Middleware).Next
    	D:/goPath/pkg/mod/github.com/gogf/gf@v1.14.4/net/ghttp/ghttp_request_middleware.go:47
   17). gfast/middleWare.CORS
    	D:/goProject/p2020/gfast_open/middleWare/middleware.go:20
   18). github.com/gogf/gf/net/ghttp.(*Middleware).Next.func1.9
    	D:/goPath/pkg/mod/github.com/gogf/gf@v1.14.4/net/ghttp/ghttp_request_middleware.go:117
   19). github.com/gogf/gf/net/ghttp.niceCallFunc
    	D:/goPath/pkg/mod/github.com/gogf/gf@v1.14.4/net/ghttp/ghttp_func.go:89
   20). github.com/gogf/gf/net/ghttp.(*Middleware).Next.func1
    	D:/goPath/pkg/mod/github.com/gogf/gf@v1.14.4/net/ghttp/ghttp_request_middleware.go:116
   21). github.com/gogf/gf/util/gutil.TryCatch
    	D:/goPath/pkg/mod/github.com/gogf/gf@v1.14.4/util/gutil/gutil.go:42
   22). github.com/gogf/gf/net/ghttp.(*Middleware).Next
    	D:/goPath/pkg/mod/github.com/gogf/gf@v1.14.4/net/ghttp/ghttp_request_middleware.go:47
   23). gfast/library/service.AuthAfterFunc
    	D:/goProject/p2020/gfast_open/library/service/service.go:99
   24). github.com/goflyfox/gtoken/gtoken.(*GfToken).AuthMiddleware
    	D:/goPath/pkg/mod/github.com/goflyfox/gtoken@v1.3.21/gtoken/gtoken.go:294
   25). github.com/gogf/gf/net/ghttp.(*Middleware).Next.func1.9
    	D:/goPath/pkg/mod/github.com/gogf/gf@v1.14.4/net/ghttp/ghttp_request_middleware.go:117
   26). github.com/gogf/gf/net/ghttp.niceCallFunc
    	D:/goPath/pkg/mod/github.com/gogf/gf@v1.14.4/net/ghttp/ghttp_func.go:89

