2021-09-11 08:11:16.034 [DEBU] [ 14 ms] [default] SHOW FULL COLUMNS FROM `sys_job` 
2021-09-11 08:11:16.049 [DEBU] [ 14 ms] [default] SELECT `job_id`,`job_name`,`job_params`,`job_group`,`invoke_target`,`cron_expression`,`misfire_policy`,`concurrent`,`status`,`create_by`,`update_by`,`remark`,`created_at`,`updated_at`,`deleted_at` FROM `sys_job` WHERE (`status`=0) AND `deleted_at` IS NULL 
2021-09-11 08:11:16.056 [DEBU] [  6 ms] [default] UPDATE `sys_job` SET `status`=0 WHERE `job_id`=8 
2021-09-11 08:11:53.272 [DEBU] [ 18 ms] [default] SHOW FULL COLUMNS FROM `sys_user` 
2021-09-11 08:11:53.280 [DEBU] [  7 ms] [default] SELECT `id`,`user_name`,`user_nickname`,`user_password`,`user_salt`,`user_status`,`is_admin`,`avatar`,`dept_id` FROM `sys_user` WHERE (`user_name`='demo') AND `deleted_at` IS NULL LIMIT 1 
2021-09-11 08:11:53.292 [DEBU] [ 12 ms] [default] UPDATE `sys_user` SET `last_login_ip`='[::1]',`last_login_time`='2021-09-11 08:11:53' WHERE `id`=31 
2021-09-11 08:11:53.311 [DEBU] [ 18 ms] [default] SHOW FULL COLUMNS FROM `sys_user_online` 
2021-09-11 08:11:53.322 [DEBU] [ 10 ms] [default] SHOW FULL COLUMNS FROM `sys_login_log` 
2021-09-11 08:11:53.339 [DEBU] [ 16 ms] [default] SELECT `id` FROM `sys_user_online` WHERE `token`='oqvgpXlo+yd79rXmKL2otwfhEkHseCvwM5m6FA4zk6QJqJq2IWi6ZsRlgU3j9+ZrXU5HcYR3La2Lg4N4u0+lv/yGio7yvc+QyTvz49y3+y8KKdRi8RcbrmB9mWv3FxHiZNNlGZJqcRXAgv4pFKCAAg==' LIMIT 1 
2021-09-11 08:11:53.344 [DEBU] [ 22 ms] [default] SHOW FULL COLUMNS FROM `sys_role` 
2021-09-11 08:11:53.347 [DEBU] [  3 ms] [default] SELECT * FROM `sys_role` ORDER BY `list_order` asc,`id` asc 
2021-09-11 08:11:53.357 [DEBU] [  6 ms] [default] SHOW FULL COLUMNS FROM `casbin_rule` 
2021-09-11 08:11:53.362 [DEBU] [  4 ms] [default] SELECT `ptype`,`v0`,`v1`,`v2`,`v3`,`v4`,`v5` FROM `casbin_rule` 
2021-09-11 08:11:53.365 [DEBU] [ 43 ms] [default] INSERT INTO `sys_login_log`(`login_location`,`browser`,`status`,`msg`,`module`,`info_id`,`login_name`,`ipaddr`,`os`,`login_time`) VALUES('内网IP','Chrome',1,'登录成功','系统后台',0,'demo','[::1]','Intel Mac OS X 11_2_3','2021-09-11 08:11:53')  
2021-09-11 08:11:53.367 [DEBU] [ 23 ms] [default] INSERT INTO `sys_user_online`(`uuid`,`token`,`create_time`,`user_name`,`ip`,`explorer`,`os`) VALUES('ad35cb48293cb8fb4442ab0d3aabcf26','oqvgpXlo+yd79rXmKL2otwfhEkHseCvwM5m6FA4zk6QJqJq2IWi6ZsRlgU3j9+ZrXU5HcYR3La2Lg4N4u0+lv/yGio7yvc+QyTvz49y3+y8KKdRi8RcbrmB9mWv3FxHiZNNlGZJqcRXAgv4pFKCAAg==','2021-09-11 08:11:53','demo','[::1]','Chrome','Intel Mac OS X 11_2_3')  
2021-09-11 08:11:53.376 [DEBU] [  7 ms] [default] SHOW FULL COLUMNS FROM `sys_auth_rule` 
2021-09-11 08:11:53.386 [DEBU] [ 10 ms] [default] SELECT `id`,`pid`,`name`,`title`,`icon`,`condition`,`remark`,`menu_type`,`weigh`,`status`,`always_show`,`path`,`jump_path`,`component`,`is_frame`,`module_type`,`model_id` FROM `sys_auth_rule` WHERE `deleted_at` IS NULL ORDER BY `weigh` desc,`id` asc 
2021-09-11 08:11:53.397 [DEBU] [  5 ms] [default] SHOW FULL COLUMNS FROM `sys_dept` 
2021-09-11 08:11:53.405 [DEBU] [  3 ms] [default] SELECT * FROM `sys_role` ORDER BY `list_order` asc,`id` asc 
2021-09-11 08:11:53.407 [DEBU] [  8 ms] [default] SELECT `dept_id`,`dept_name` FROM `sys_dept` WHERE (`dept_id`=109) AND `deleted_at` IS NULL LIMIT 1 
2021-09-11 08:11:53.413 [DEBU] [  6 ms] [default] SHOW FULL COLUMNS FROM `sys_oper_log` 
2021-09-11 08:11:53.420 [DEBU] [  7 ms] [default] SELECT `id`,`pid`,`name`,`title`,`icon`,`condition`,`remark`,`menu_type`,`weigh`,`status`,`always_show`,`path`,`jump_path`,`component`,`is_frame`,`module_type`,`model_id` FROM `sys_auth_rule` WHERE `deleted_at` IS NULL ORDER BY `weigh` desc,`id` asc 
2021-09-11 08:11:53.438 [DEBU] [ 25 ms] [default] INSERT INTO `sys_oper_log`(`method`,`json_result`,`request_method`,`oper_location`,`oper_time`,`oper_url`,`status`,`title`,`operator_type`,`oper_ip`,`oper_param`,`oper_name`,`dept_name`) VALUES('/system/user/getInfo','{"code":0,"msg":"success"}','GET','内网IP','2021-09-11 08:11:53','/system/user/getInfo',1,'',1,'[::1]','{}','demo','财务部门')  
2021-09-11 08:11:53.439 [DEBU] [ 11 ms] [default] SELECT `id`,`pid`,`name`,`title`,`icon`,`condition`,`remark`,`menu_type`,`weigh`,`status`,`always_show`,`path`,`jump_path`,`component`,`is_frame`,`module_type`,`model_id` FROM `sys_auth_rule` WHERE `deleted_at` IS NULL ORDER BY `weigh` desc,`id` asc 
2021-09-11 08:11:53.451 [DEBU] [  6 ms] [default] SELECT `dept_id`,`dept_name` FROM `sys_dept` WHERE (`dept_id`=109) AND `deleted_at` IS NULL LIMIT 1 
2021-09-11 08:11:53.464 [DEBU] [ 13 ms] [default] INSERT INTO `sys_oper_log`(`oper_name`,`request_method`,`oper_time`,`oper_url`,`oper_param`,`title`,`method`,`status`,`dept_name`,`oper_location`,`json_result`,`operator_type`,`oper_ip`) VALUES('demo','GET','2021-09-11 08:11:53','/system/user/getRouters','{}','','/system/user/getRouters',1,'财务部门','内网IP','{"code":0,"msg":"success"}',1,'[::1]')  
2021-09-11 08:12:12.704 [DEBU] [  7 ms] [default] SHOW FULL COLUMNS FROM `sys_dict_type` 
2021-09-11 08:12:12.709 [DEBU] [  5 ms] [default] SELECT COUNT(1) FROM `sys_dict_type` WHERE `deleted_at` IS NULL 
2021-09-11 08:12:12.712 [DEBU] [  3 ms] [default] SELECT `dict_id`,`dict_name`,`dict_type`,`status`,`remark`,`created_at` FROM `sys_dict_type` WHERE `deleted_at` IS NULL ORDER BY `dict_id` asc LIMIT 0,10 
2021-09-11 08:12:12.712 [DEBU] [  7 ms] [default] SELECT `dict_name`,`remark` FROM `sys_dict_type` WHERE ((`dict_type`='sys_normal_disable') AND (`status`=1)) AND `deleted_at` IS NULL LIMIT 1 
2021-09-11 08:12:12.718 [DEBU] [  6 ms] [default] SHOW FULL COLUMNS FROM `sys_dict_data` 
2021-09-11 08:12:12.724 [DEBU] [  4 ms] [default] SELECT `id`,`pid`,`name`,`title`,`icon`,`condition`,`remark`,`menu_type`,`weigh`,`status`,`always_show`,`path`,`jump_path`,`component`,`is_frame`,`module_type`,`model_id` FROM `sys_auth_rule` WHERE `deleted_at` IS NULL ORDER BY `weigh` desc,`id` asc 
2021-09-11 08:12:12.728 [DEBU] [  9 ms] [default] SELECT `dict_value`,`dict_label`,`is_default`,`remark` FROM `sys_dict_data` WHERE (`dict_type`='sys_normal_disable') AND `deleted_at` IS NULL ORDER BY `dict_sort` asc,`dict_code` asc 
2021-09-11 08:12:12.735 [DEBU] [  5 ms] [default] SELECT `id`,`pid`,`name`,`title`,`icon`,`condition`,`remark`,`menu_type`,`weigh`,`status`,`always_show`,`path`,`jump_path`,`component`,`is_frame`,`module_type`,`model_id` FROM `sys_auth_rule` WHERE `deleted_at` IS NULL ORDER BY `weigh` desc,`id` asc 
2021-09-11 08:12:12.745 [DEBU] [ 13 ms] [default] SELECT `dept_id`,`dept_name` FROM `sys_dept` WHERE (`dept_id`=109) AND `deleted_at` IS NULL LIMIT 1 
2021-09-11 08:12:12.758 [DEBU] [ 11 ms] [default] SELECT `dept_id`,`dept_name` FROM `sys_dept` WHERE (`dept_id`=109) AND `deleted_at` IS NULL LIMIT 1 
2021-09-11 08:12:12.765 [DEBU] [ 19 ms] [default] INSERT INTO `sys_oper_log`(`request_method`,`dept_name`,`oper_location`,`operator_type`,`oper_url`,`oper_ip`,`oper_time`,`title`,`method`,`oper_name`,`status`,`json_result`,`oper_param`) VALUES('GET','财务部门','内网IP',1,'/system/config/dict/type/list?pageNum=1&pageSize=10&beginTime=&endTime=','[::1]','2021-09-11 08:12:12','字典管理','/system/config/dict/type/list','demo',1,'{"code":0,"msg":"success"}','{"beginTime":"","endTime":"","pageNum":"1","pageSize":"10"}')  
2021-09-11 08:12:12.773 [DEBU] [ 14 ms] [default] INSERT INTO `sys_oper_log`(`oper_ip`,`oper_location`,`method`,`request_method`,`title`,`oper_name`,`oper_url`,`json_result`,`operator_type`,`oper_param`,`status`,`dept_name`,`oper_time`) VALUES('[::1]','内网IP','/system/config/dict/data/GetDictData','GET','','demo','/system/config/dict/data/GetDictData?dictType=sys_normal_disable&defaultValue=','{"code":0,"msg":"success"}',1,'{"defaultValue":"","dictType":"sys_normal_disable"}',1,'财务部门','2021-09-11 08:12:12')  
2021-09-11 08:12:18.274 [DEBU] [  9 ms] [default] SHOW FULL COLUMNS FROM `sys_config` 
2021-09-11 08:12:18.283 [DEBU] [  8 ms] [default] SELECT `dict_name`,`remark` FROM `sys_dict_type` WHERE ((`dict_type`='sys_yes_no') AND (`status`=1)) AND `deleted_at` IS NULL LIMIT 1 
2021-09-11 08:12:18.315 [DEBU] [ 32 ms] [default] SELECT `dict_value`,`dict_label`,`is_default`,`remark` FROM `sys_dict_data` WHERE (`dict_type`='sys_yes_no') AND `deleted_at` IS NULL ORDER BY `dict_sort` asc,`dict_code` asc 
2021-09-11 08:12:18.320 [DEBU] [ 45 ms] [default] SELECT COUNT(1) FROM `sys_config` WHERE `deleted_at` IS NULL 
2021-09-11 08:12:18.331 [DEBU] [ 14 ms] [default] SELECT `id`,`pid`,`name`,`title`,`icon`,`condition`,`remark`,`menu_type`,`weigh`,`status`,`always_show`,`path`,`jump_path`,`component`,`is_frame`,`module_type`,`model_id` FROM `sys_auth_rule` WHERE `deleted_at` IS NULL ORDER BY `weigh` desc,`id` asc 
2021-09-11 08:12:18.342 [DEBU] [ 22 ms] [default] SELECT `config_id`,`config_name`,`config_key`,`config_value`,`config_type`,`create_by`,`update_by`,`remark`,`created_at`,`updated_at`,`deleted_at` FROM `sys_config` WHERE `deleted_at` IS NULL ORDER BY `config_id` asc LIMIT 0,10 
2021-09-11 08:12:18.352 [DEBU] [  9 ms] [default] SELECT `dept_id`,`dept_name` FROM `sys_dept` WHERE (`dept_id`=109) AND `deleted_at` IS NULL LIMIT 1 
2021-09-11 08:12:18.352 [DEBU] [  8 ms] [default] SELECT `id`,`pid`,`name`,`title`,`icon`,`condition`,`remark`,`menu_type`,`weigh`,`status`,`always_show`,`path`,`jump_path`,`component`,`is_frame`,`module_type`,`model_id` FROM `sys_auth_rule` WHERE `deleted_at` IS NULL ORDER BY `weigh` desc,`id` asc 
2021-09-11 08:12:18.374 [DEBU] [ 10 ms] [default] SELECT `dept_id`,`dept_name` FROM `sys_dept` WHERE (`dept_id`=109) AND `deleted_at` IS NULL LIMIT 1 
2021-09-11 08:12:18.383 [DEBU] [ 30 ms] [default] INSERT INTO `sys_oper_log`(`json_result`,`title`,`operator_type`,`method`,`request_method`,`oper_time`,`oper_ip`,`oper_location`,`oper_url`,`status`,`oper_param`,`oper_name`,`dept_name`) VALUES('{"code":0,"msg":"success"}','',1,'/system/config/dict/data/GetDictData','GET','2021-09-11 08:12:18','[::1]','内网IP','/system/config/dict/data/GetDictData?dictType=sys_yes_no&defaultValue=',1,'{"defaultValue":"","dictType":"sys_yes_no"}','demo','财务部门')  
2021-09-11 08:12:18.392 [DEBU] [ 17 ms] [default] INSERT INTO `sys_oper_log`(`oper_time`,`oper_location`,`oper_param`,`operator_type`,`oper_name`,`json_result`,`request_method`,`oper_ip`,`oper_url`,`status`,`title`,`method`,`dept_name`) VALUES('2021-09-11 08:12:18','内网IP','{"beginTime":"","endTime":"","pageNum":"1","pageSize":"10"}',1,'demo','{"code":0,"msg":"success"}','GET','[::1]','/system/config/sysConfig/list?pageNum=1&pageSize=10&beginTime=&endTime=',1,'参数管理','/system/config/sysConfig/list','财务部门')  
2021-09-11 08:12:23.880 [DEBU] [ 23 ms] [default] SELECT `dict_name`,`remark` FROM `sys_dict_type` WHERE ((`dict_type`='sys_normal_disable') AND (`status`=1)) AND `deleted_at` IS NULL LIMIT 1 
2021-09-11 08:12:23.886 [DEBU] [ 23 ms] [default] SELECT `dict_name`,`remark` FROM `sys_dict_type` WHERE ((`dict_type`='sys_show_hide') AND (`status`=1)) AND `deleted_at` IS NULL LIMIT 1 
2021-09-11 08:12:23.887 [DEBU] [ 23 ms] [default] SELECT `id`,`pid`,`name`,`title`,`icon`,`condition`,`remark`,`menu_type`,`weigh`,`status`,`always_show`,`path`,`jump_path`,`component`,`is_frame`,`module_type`,`model_id` FROM `sys_auth_rule` WHERE `deleted_at` IS NULL ORDER BY `weigh` desc,`id` asc 
2021-09-11 08:12:23.887 [DEBU] [  7 ms] [default] SELECT `dict_value`,`dict_label`,`is_default`,`remark` FROM `sys_dict_data` WHERE (`dict_type`='sys_normal_disable') AND `deleted_at` IS NULL ORDER BY `dict_sort` asc,`dict_code` asc 
2021-09-11 08:12:23.890 [DEBU] [ 25 ms] [default] SELECT `dict_name`,`remark` FROM `sys_dict_type` WHERE ((`dict_type`='menu_module_type') AND (`status`=1)) AND `deleted_at` IS NULL LIMIT 1 
2021-09-11 08:12:23.903 [DEBU] [ 16 ms] [default] SELECT `dict_value`,`dict_label`,`is_default`,`remark` FROM `sys_dict_data` WHERE (`dict_type`='sys_show_hide') AND `deleted_at` IS NULL ORDER BY `dict_sort` asc,`dict_code` asc 
2021-09-11 08:12:23.906 [DEBU] [ 15 ms] [default] SELECT `id`,`pid`,`name`,`title`,`icon`,`condition`,`remark`,`menu_type`,`weigh`,`status`,`always_show`,`path`,`jump_path`,`component`,`is_frame`,`module_type`,`model_id` FROM `sys_auth_rule` WHERE `deleted_at` IS NULL ORDER BY `weigh` desc,`id` asc 
2021-09-11 08:12:23.912 [DEBU] [ 15 ms] [default] SELECT `id`,`pid`,`name`,`title`,`icon`,`condition`,`remark`,`menu_type`,`weigh`,`status`,`always_show`,`path`,`jump_path`,`component`,`is_frame`,`module_type`,`model_id` FROM `sys_auth_rule` WHERE `deleted_at` IS NULL ORDER BY `weigh` desc,`id` asc 
2021-09-11 08:12:23.912 [DEBU] [ 17 ms] [default] SELECT `dict_value`,`dict_label`,`is_default`,`remark` FROM `sys_dict_data` WHERE (`dict_type`='menu_module_type') AND `deleted_at` IS NULL ORDER BY `dict_sort` asc,`dict_code` asc 
2021-09-11 08:12:23.920 [DEBU] [ 15 ms] [default] SELECT `id`,`pid`,`name`,`title`,`icon`,`condition`,`remark`,`menu_type`,`weigh`,`status`,`always_show`,`path`,`jump_path`,`component`,`is_frame`,`module_type`,`model_id` FROM `sys_auth_rule` WHERE `deleted_at` IS NULL ORDER BY `weigh` desc,`id` asc 
2021-09-11 08:12:23.924 [DEBU] [  9 ms] [default] SELECT `id`,`pid`,`name`,`title`,`icon`,`condition`,`remark`,`menu_type`,`weigh`,`status`,`always_show`,`path`,`jump_path`,`component`,`is_frame`,`module_type`,`model_id` FROM `sys_auth_rule` WHERE `deleted_at` IS NULL ORDER BY `weigh` desc,`id` asc 
2021-09-11 08:12:23.943 [DEBU] [ 20 ms] [default] SELECT `dept_id`,`dept_name` FROM `sys_dept` WHERE (`dept_id`=109) AND `deleted_at` IS NULL LIMIT 1 
2021-09-11 08:12:23.943 [DEBU] [ 16 ms] [default] SELECT `dept_id`,`dept_name` FROM `sys_dept` WHERE (`dept_id`=109) AND `deleted_at` IS NULL LIMIT 1 
2021-09-11 08:12:23.949 [DEBU] [ 15 ms] [default] SELECT `dept_id`,`dept_name` FROM `sys_dept` WHERE (`dept_id`=109) AND `deleted_at` IS NULL LIMIT 1 
2021-09-11 08:12:23.953 [DEBU] [ 11 ms] [default] SELECT `dept_id`,`dept_name` FROM `sys_dept` WHERE (`dept_id`=109) AND `deleted_at` IS NULL LIMIT 1 
2021-09-11 08:12:23.967 [DEBU] [ 22 ms] [default] INSERT INTO `sys_oper_log`(`operator_type`,`oper_location`,`dept_name`,`oper_time`,`oper_url`,`request_method`,`oper_param`,`oper_ip`,`oper_name`,`status`,`title`,`method`,`json_result`) VALUES(1,'内网IP','财务部门','2021-09-11 08:12:23','/system/auth/menuList','GET','{}','[::1]','demo',1,'菜单管理','/system/auth/menuList','{"code":0,"msg":"success"}')  
2021-09-11 08:12:23.972 [DEBU] [ 22 ms] [default] INSERT INTO `sys_oper_log`(`method`,`dept_name`,`oper_name`,`oper_url`,`status`,`oper_time`,`request_method`,`operator_type`,`oper_ip`,`oper_param`,`json_result`,`title`,`oper_location`) VALUES('/system/config/dict/data/GetDictData','财务部门','demo','/system/config/dict/data/GetDictData?dictType=sys_show_hide&defaultValue=',1,'2021-09-11 08:12:23','GET',1,'[::1]','{"defaultValue":"","dictType":"sys_show_hide"}','{"code":0,"msg":"success"}','','内网IP')  
2021-09-11 08:12:23.977 [DEBU] [ 24 ms] [default] INSERT INTO `sys_oper_log`(`oper_name`,`oper_ip`,`oper_param`,`json_result`,`oper_url`,`title`,`method`,`request_method`,`operator_type`,`dept_name`,`oper_time`,`status`,`oper_location`) VALUES('demo','[::1]','{"defaultValue":"","dictType":"menu_module_type"}','{"code":0,"msg":"success"}','/system/config/dict/data/GetDictData?dictType=menu_module_type&defaultValue=','','/system/config/dict/data/GetDictData','GET',1,'财务部门','2021-09-11 08:12:23',1,'内网IP')  
2021-09-11 08:12:23.981 [DEBU] [ 35 ms] [default] INSERT INTO `sys_oper_log`(`request_method`,`oper_name`,`oper_ip`,`oper_location`,`oper_url`,`title`,`operator_type`,`dept_name`,`status`,`method`,`json_result`,`oper_param`,`oper_time`) VALUES('GET','demo','[::1]','内网IP','/system/config/dict/data/GetDictData?dictType=sys_normal_disable&defaultValue=','',1,'财务部门',1,'/system/config/dict/data/GetDictData','{"code":0,"msg":"success"}','{"defaultValue":"","dictType":"sys_normal_disable"}','2021-09-11 08:12:23')  
2021-09-11 08:12:29.350 [DEBU] [  8 ms] [default] SELECT COUNT(1) FROM `sys_user_online` 
2021-09-11 08:12:29.358 [DEBU] [  7 ms] [default] SELECT `id`,`uuid`,`create_time`,`user_name`,`ip`,`explorer`,`os` FROM `sys_user_online` ORDER BY `create_time` DESC LIMIT 0,10 
2021-09-11 08:12:29.363 [DEBU] [  3 ms] [default] SELECT `id`,`pid`,`name`,`title`,`icon`,`condition`,`remark`,`menu_type`,`weigh`,`status`,`always_show`,`path`,`jump_path`,`component`,`is_frame`,`module_type`,`model_id` FROM `sys_auth_rule` WHERE `deleted_at` IS NULL ORDER BY `weigh` desc,`id` asc 
2021-09-11 08:12:29.375 [DEBU] [  7 ms] [default] SELECT `dept_id`,`dept_name` FROM `sys_dept` WHERE (`dept_id`=109) AND `deleted_at` IS NULL LIMIT 1 
2021-09-11 08:12:29.387 [DEBU] [ 11 ms] [default] INSERT INTO `sys_oper_log`(`title`,`request_method`,`oper_url`,`oper_time`,`operator_type`,`dept_name`,`oper_ip`,`oper_name`,`status`,`method`,`oper_location`,`json_result`,`oper_param`) VALUES('在线用户','GET','/system/monitor/online/list?pageNum=1&pageSize=10','2021-09-11 08:12:29',1,'财务部门','[::1]','demo',1,'/system/monitor/online/list','内网IP','{"code":0,"msg":"success"}','{"pageNum":"1","pageSize":"10"}')  
2021-09-11 08:12:42.427 [DEBU] [  8 ms] [default] SHOW FULL COLUMNS FROM `tools_gen_table` 
2021-09-11 08:12:42.433 [DEBU] [  4 ms] [default] SELECT COUNT(1) FROM `tools_gen_table` 
2021-09-11 08:12:42.435 [DEBU] [  2 ms] [default] SELECT `table_id`,`table_name`,`table_comment`,`class_name`,`tpl_category`,`package_name`,`module_name`,`business_name`,`function_name`,`function_author`,`options`,`create_time`,`update_time`,`remark` FROM `tools_gen_table` ORDER BY `table_id` asc LIMIT 0,10 
2021-09-11 08:12:42.438 [DEBU] [  2 ms] [default] SELECT `id`,`pid`,`name`,`title`,`icon`,`condition`,`remark`,`menu_type`,`weigh`,`status`,`always_show`,`path`,`jump_path`,`component`,`is_frame`,`module_type`,`model_id` FROM `sys_auth_rule` WHERE `deleted_at` IS NULL ORDER BY `weigh` desc,`id` asc 
2021-09-11 08:12:42.451 [DEBU] [  5 ms] [default] SELECT `dept_id`,`dept_name` FROM `sys_dept` WHERE (`dept_id`=109) AND `deleted_at` IS NULL LIMIT 1 
2021-09-11 08:12:42.468 [DEBU] [ 17 ms] [default] INSERT INTO `sys_oper_log`(`operator_type`,`oper_name`,`status`,`json_result`,`method`,`oper_time`,`oper_url`,`oper_param`,`title`,`dept_name`,`oper_ip`,`request_method`,`oper_location`) VALUES(1,'demo',1,'{"code":0,"msg":"success"}','/system/tools/gen/tableList','2021-09-11 08:12:42','/system/tools/gen/tableList?pageNum=1&pageSize=10&beginTime=&endTime=','{"beginTime":"","endTime":"","pageNum":"1","pageSize":"10"}','代码生成','财务部门','[::1]','GET','内网IP')  
2021-09-11 08:13:36.203 [DEBU] [ 32 ms] [default] SHOW FULL COLUMNS FROM `tools_gen_table_column` 
2021-09-11 08:13:36.209 [DEBU] [  5 ms] [default] SELECT COUNT(1) FROM `tools_gen_table` 
2021-09-11 08:13:36.216 [DEBU] [  6 ms] [default] SELECT `table_id`,`table_name`,`table_comment`,`class_name`,`tpl_category`,`package_name`,`module_name`,`business_name`,`function_name`,`function_author`,`options`,`create_time`,`update_time`,`remark` FROM `tools_gen_table` ORDER BY `table_id` asc LIMIT 0,1000 
2021-09-11 08:13:36.220 [DEBU] [ 16 ms] [default] SELECT `dict_id`,`dict_name`,`dict_type`,`status`,`create_by`,`update_by`,`remark`,`created_at`,`updated_at`,`deleted_at` FROM `sys_dict_type` WHERE (`status`=1) AND `deleted_at` IS NULL ORDER BY `dict_id` ASC 
2021-09-11 08:13:36.227 [DEBU] [ 10 ms] [default] SELECT `column_id`,`table_id`,`column_name`,`column_comment`,`column_type`,`go_type`,`go_field`,`html_field`,`is_pk`,`is_increment`,`is_required`,`is_insert`,`is_edit`,`is_list`,`is_query`,`query_type`,`html_type`,`dict_type`,`sort`,`link_table_name`,`link_table_class`,`link_table_package`,`link_label_id`,`link_label_name` FROM `tools_gen_table_column` ORDER BY `sort` asc,`column_id` asc 
2021-09-11 08:13:36.236 [DEBU] [ 32 ms] [default] SELECT `column_id`,`table_id`,`column_name`,`column_comment`,`column_type`,`go_type`,`go_field`,`html_field`,`is_pk`,`is_increment`,`is_required`,`is_insert`,`is_edit`,`is_list`,`is_query`,`query_type`,`html_type`,`dict_type`,`sort`,`link_table_name`,`link_table_class`,`link_table_package`,`link_label_id`,`link_label_name` FROM `tools_gen_table_column` WHERE `table_id`=68 ORDER BY `sort` asc,`column_id` asc 
2021-09-11 08:13:36.239 [DEBU] [ 15 ms] [default] SELECT `id`,`pid`,`name`,`title`,`icon`,`condition`,`remark`,`menu_type`,`weigh`,`status`,`always_show`,`path`,`jump_path`,`component`,`is_frame`,`module_type`,`model_id` FROM `sys_auth_rule` WHERE `deleted_at` IS NULL ORDER BY `weigh` desc,`id` asc 
2021-09-11 08:13:36.245 [DEBU] [ 13 ms] [default] SELECT `id`,`pid`,`name`,`title`,`icon`,`condition`,`remark`,`menu_type`,`weigh`,`status`,`always_show`,`path`,`jump_path`,`component`,`is_frame`,`module_type`,`model_id` FROM `sys_auth_rule` WHERE `deleted_at` IS NULL ORDER BY `weigh` desc,`id` asc 
2021-09-11 08:13:36.252 [DEBU] [ 13 ms] [default] SELECT `table_id`,`table_name`,`table_comment`,`class_name`,`tpl_category`,`package_name`,`module_name`,`business_name`,`function_name`,`function_author`,`options`,`create_time`,`update_time`,`remark` FROM `tools_gen_table` WHERE `table_id`=68 LIMIT 1 
2021-09-11 08:13:36.262 [DEBU] [ 13 ms] [default] SELECT `dept_id`,`dept_name` FROM `sys_dept` WHERE (`dept_id`=109) AND `deleted_at` IS NULL LIMIT 1 
2021-09-11 08:13:36.263 [DEBU] [  8 ms] [default] SELECT `id`,`pid`,`name`,`title`,`icon`,`condition`,`remark`,`menu_type`,`weigh`,`status`,`always_show`,`path`,`jump_path`,`component`,`is_frame`,`module_type`,`model_id` FROM `sys_auth_rule` WHERE `deleted_at` IS NULL ORDER BY `weigh` desc,`id` asc 
2021-09-11 08:13:36.263 [DEBU] [  8 ms] [default] SELECT `dept_id`,`dept_name` FROM `sys_dept` WHERE (`dept_id`=109) AND `deleted_at` IS NULL LIMIT 1 
2021-09-11 08:13:36.290 [DEBU] [ 17 ms] [default] SELECT `dept_id`,`dept_name` FROM `sys_dept` WHERE (`dept_id`=109) AND `deleted_at` IS NULL LIMIT 1 
2021-09-11 08:13:36.299 [DEBU] [ 36 ms] [default] INSERT INTO `sys_oper_log`(`oper_name`,`oper_location`,`json_result`,`oper_param`,`request_method`,`dept_name`,`oper_url`,`title`,`method`,`oper_ip`,`status`,`operator_type`,`oper_time`) VALUES('demo','内网IP','{"code":0,"msg":"success"}','{}','GET','财务部门','/system/tools/gen/relationTable','','/system/tools/gen/relationTable','[::1]',1,1,'2021-09-11 08:13:36')  
2021-09-11 08:13:36.304 [DEBU] [ 41 ms] [default] INSERT INTO `sys_oper_log`(`oper_location`,`status`,`oper_param`,`method`,`oper_url`,`oper_ip`,`title`,`dept_name`,`json_result`,`oper_name`,`request_method`,`operator_type`,`oper_time`) VALUES('内网IP',1,'{}','/system/config/dict/type/optionSelect','/system/config/dict/type/optionSelect','[::1]','','财务部门','{"code":0,"msg":"success"}','demo','GET',1,'2021-09-11 08:13:36')  
2021-09-11 08:13:36.313 [DEBU] [ 23 ms] [default] INSERT INTO `sys_oper_log`(`oper_time`,`oper_url`,`status`,`title`,`oper_name`,`oper_location`,`operator_type`,`dept_name`,`json_result`,`oper_param`,`method`,`request_method`,`oper_ip`) VALUES('2021-09-11 08:13:36','/system/tools/gen/columnList?tableId=68',1,'','demo','内网IP',1,'财务部门','{"code":0,"msg":"success"}','{"tableId":"68"}','/system/tools/gen/columnList','GET','[::1]')  
2021-09-11 08:14:33.345 [DEBU] [ 10 ms] [default] SELECT * FROM `sys_role` ORDER BY `list_order` asc,`id` asc 
2021-09-11 08:14:33.353 [DEBU] [  5 ms] [default] SELECT `id`,`pid`,`name`,`title`,`icon`,`condition`,`remark`,`menu_type`,`weigh`,`status`,`always_show`,`path`,`jump_path`,`component`,`is_frame`,`module_type`,`model_id` FROM `sys_auth_rule` WHERE `deleted_at` IS NULL ORDER BY `weigh` desc,`id` asc 
2021-09-11 08:14:33.364 [DEBU] [  4 ms] [default] SELECT `dept_id`,`dept_name` FROM `sys_dept` WHERE (`dept_id`=109) AND `deleted_at` IS NULL LIMIT 1 
2021-09-11 08:14:33.379 [DEBU] [ 15 ms] [default] INSERT INTO `sys_oper_log`(`request_method`,`oper_ip`,`json_result`,`method`,`operator_type`,`oper_location`,`oper_param`,`title`,`status`,`oper_name`,`dept_name`,`oper_url`,`oper_time`) VALUES('GET','[::1]','{"code":0,"msg":"success"}','/system/user/getInfo',1,'内网IP','{}','',1,'demo','财务部门','/system/user/getInfo','2021-09-11 08:14:33')  
2021-09-11 08:14:33.404 [DEBU] [  4 ms] [default] SELECT * FROM `sys_role` ORDER BY `list_order` asc,`id` asc 
2021-09-11 08:14:33.412 [DEBU] [  6 ms] [default] SELECT `id`,`pid`,`name`,`title`,`icon`,`condition`,`remark`,`menu_type`,`weigh`,`status`,`always_show`,`path`,`jump_path`,`component`,`is_frame`,`module_type`,`model_id` FROM `sys_auth_rule` WHERE `deleted_at` IS NULL ORDER BY `weigh` desc,`id` asc 
2021-09-11 08:14:33.422 [DEBU] [  4 ms] [default] SELECT `id`,`pid`,`name`,`title`,`icon`,`condition`,`remark`,`menu_type`,`weigh`,`status`,`always_show`,`path`,`jump_path`,`component`,`is_frame`,`module_type`,`model_id` FROM `sys_auth_rule` WHERE `deleted_at` IS NULL ORDER BY `weigh` desc,`id` asc 
2021-09-11 08:14:33.435 [DEBU] [  5 ms] [default] SELECT `dept_id`,`dept_name` FROM `sys_dept` WHERE (`dept_id`=109) AND `deleted_at` IS NULL LIMIT 1 
2021-09-11 08:14:33.447 [DEBU] [ 12 ms] [default] INSERT INTO `sys_oper_log`(`oper_location`,`status`,`oper_name`,`oper_time`,`oper_url`,`operator_type`,`dept_name`,`oper_param`,`method`,`request_method`,`oper_ip`,`json_result`,`title`) VALUES('内网IP',1,'demo','2021-09-11 08:14:33','/system/user/getRouters',1,'财务部门','{}','/system/user/getRouters','GET','[::1]','{"code":0,"msg":"success"}','')  
2021-09-11 08:14:33.880 [DEBU] [ 23 ms] [default] SELECT `column_id`,`table_id`,`column_name`,`column_comment`,`column_type`,`go_type`,`go_field`,`html_field`,`is_pk`,`is_increment`,`is_required`,`is_insert`,`is_edit`,`is_list`,`is_query`,`query_type`,`html_type`,`dict_type`,`sort`,`link_table_name`,`link_table_class`,`link_table_package`,`link_label_id`,`link_label_name` FROM `tools_gen_table_column` WHERE `table_id`=68 ORDER BY `sort` asc,`column_id` asc 
2021-09-11 08:14:33.894 [DEBU] [ 35 ms] [default] SELECT COUNT(1) FROM `tools_gen_table` 
2021-09-11 08:14:33.899 [DEBU] [  4 ms] [default] SELECT `table_id`,`table_name`,`table_comment`,`class_name`,`tpl_category`,`package_name`,`module_name`,`business_name`,`function_name`,`function_author`,`options`,`create_time`,`update_time`,`remark` FROM `tools_gen_table` ORDER BY `table_id` asc LIMIT 0,1000 
2021-09-11 08:14:33.900 [DEBU] [ 40 ms] [default] SELECT `dict_id`,`dict_name`,`dict_type`,`status`,`create_by`,`update_by`,`remark`,`created_at`,`updated_at`,`deleted_at` FROM `sys_dict_type` WHERE (`status`=1) AND `deleted_at` IS NULL ORDER BY `dict_id` ASC 
2021-09-11 08:14:33.901 [DEBU] [ 18 ms] [default] SELECT `table_id`,`table_name`,`table_comment`,`class_name`,`tpl_category`,`package_name`,`module_name`,`business_name`,`function_name`,`function_author`,`options`,`create_time`,`update_time`,`remark` FROM `tools_gen_table` WHERE `table_id`=68 LIMIT 1 
2021-09-11 08:14:33.908 [DEBU] [  8 ms] [default] SELECT `column_id`,`table_id`,`column_name`,`column_comment`,`column_type`,`go_type`,`go_field`,`html_field`,`is_pk`,`is_increment`,`is_required`,`is_insert`,`is_edit`,`is_list`,`is_query`,`query_type`,`html_type`,`dict_type`,`sort`,`link_table_name`,`link_table_class`,`link_table_package`,`link_label_id`,`link_label_name` FROM `tools_gen_table_column` ORDER BY `sort` asc,`column_id` asc 
2021-09-11 08:14:33.912 [DEBU] [  8 ms] [default] SELECT `id`,`pid`,`name`,`title`,`icon`,`condition`,`remark`,`menu_type`,`weigh`,`status`,`always_show`,`path`,`jump_path`,`component`,`is_frame`,`module_type`,`model_id` FROM `sys_auth_rule` WHERE `deleted_at` IS NULL ORDER BY `weigh` desc,`id` asc 
2021-09-11 08:14:33.912 [DEBU] [ 10 ms] [default] SELECT `id`,`pid`,`name`,`title`,`icon`,`condition`,`remark`,`menu_type`,`weigh`,`status`,`always_show`,`path`,`jump_path`,`component`,`is_frame`,`module_type`,`model_id` FROM `sys_auth_rule` WHERE `deleted_at` IS NULL ORDER BY `weigh` desc,`id` asc 
2021-09-11 08:14:33.921 [DEBU] [  7 ms] [default] SELECT `id`,`pid`,`name`,`title`,`icon`,`condition`,`remark`,`menu_type`,`weigh`,`status`,`always_show`,`path`,`jump_path`,`component`,`is_frame`,`module_type`,`model_id` FROM `sys_auth_rule` WHERE `deleted_at` IS NULL ORDER BY `weigh` desc,`id` asc 
2021-09-11 08:14:33.929 [DEBU] [  8 ms] [default] SELECT `dept_id`,`dept_name` FROM `sys_dept` WHERE (`dept_id`=109) AND `deleted_at` IS NULL LIMIT 1 
2021-09-11 08:14:33.930 [DEBU] [  8 ms] [default] SELECT `dept_id`,`dept_name` FROM `sys_dept` WHERE (`dept_id`=109) AND `deleted_at` IS NULL LIMIT 1 
2021-09-11 08:14:33.941 [DEBU] [ 10 ms] [default] SELECT `dept_id`,`dept_name` FROM `sys_dept` WHERE (`dept_id`=109) AND `deleted_at` IS NULL LIMIT 1 
2021-09-11 08:14:33.961 [DEBU] [ 31 ms] [default] INSERT INTO `sys_oper_log`(`oper_name`,`dept_name`,`status`,`oper_time`,`oper_location`,`oper_url`,`method`,`operator_type`,`json_result`,`title`,`request_method`,`oper_ip`,`oper_param`) VALUES('demo','财务部门',1,'2021-09-11 08:14:33','内网IP','/system/config/dict/type/optionSelect','/system/config/dict/type/optionSelect',1,'{"code":0,"msg":"success"}','','GET','[::1]','{}')  
2021-09-11 08:14:33.985 [DEBU] [ 54 ms] [default] INSERT INTO `sys_oper_log`(`operator_type`,`oper_ip`,`oper_url`,`title`,`oper_param`,`dept_name`,`request_method`,`oper_name`,`status`,`method`,`oper_location`,`oper_time`,`json_result`) VALUES(1,'[::1]','/system/tools/gen/columnList?tableId=68','','{"tableId":"68"}','财务部门','GET','demo',1,'/system/tools/gen/columnList','内网IP','2021-09-11 08:14:33','{"code":0,"msg":"success"}')  
2021-09-11 08:14:33.993 [DEBU] [ 51 ms] [default] INSERT INTO `sys_oper_log`(`title`,`operator_type`,`dept_name`,`status`,`oper_param`,`method`,`oper_url`,`request_method`,`oper_name`,`oper_location`,`json_result`,`oper_ip`,`oper_time`) VALUES('',1,'财务部门',1,'{}','/system/tools/gen/relationTable','/system/tools/gen/relationTable','GET','demo','内网IP','{"code":0,"msg":"success"}','[::1]','2021-09-11 08:14:33')  
